{"timestamp":"2026-04-26T00:00:25.542986Z","level":"info","event":"Filling up the DagBag from /home/airflow/.local/lib/python3.13/site-packages/airflow/example_dags/example_outlet_event_extra.py","logger":"airflow.dag_processing.dagbag.BundleDagBag","filename":"dagbag.py","lineno":469}
{"timestamp":"2026-04-26T00:00:56.952375Z","level":"info","event":"Filling up the DagBag from /home/airflow/.local/lib/python3.13/site-packages/airflow/example_dags/example_outlet_event_extra.py","logger":"airflow.dag_processing.dagbag.BundleDagBag","filename":"dagbag.py","lineno":469}
{"timestamp":"2026-04-26T00:01:28.523891Z","level":"info","event":"Filling up the DagBag from /home/airflow/.local/lib/python3.13/site-packages/airflow/example_dags/example_outlet_event_extra.py","logger":"airflow.dag_processing.dagbag.BundleDagBag","filename":"dagbag.py","lineno":469}
{"timestamp":"2026-04-26T00:02:00.777777Z","level":"info","event":"Filling up the DagBag from /home/airflow/.local/lib/python3.13/site-packages/airflow/example_dags/example_outlet_event_extra.py","logger":"airflow.dag_processing.dagbag.BundleDagBag","filename":"dagbag.py","lineno":469}
{"timestamp":"2026-04-26T00:02:32.463756Z","level":"info","event":"Filling up the DagBag from /home/airflow/.local/lib/python3.13/site-packages/airflow/example_dags/example_outlet_event_extra.py","logger":"airflow.dag_processing.dagbag.BundleDagBag","filename":"dagbag.py","lineno":469}
{"timestamp":"2026-04-26T00:03:03.834082Z","level":"info","event":"Filling up the DagBag from /home/airflow/.local/lib/python3.13/site-packages/airflow/example_dags/example_outlet_event_extra.py","logger":"airflow.dag_processing.dagbag.BundleDagBag","filename":"dagbag.py","lineno":469}
{"timestamp":"2026-04-26T00:03:35.752927Z","level":"info","event":"Filling up the DagBag from /home/airflow/.local/lib/python3.13/site-packages/airflow/example_dags/example_outlet_event_extra.py","logger":"airflow.dag_processing.dagbag.BundleDagBag","filename":"dagbag.py","lineno":469}
{"timestamp":"2026-04-26T00:04:06.826530Z","level":"info","event":"Filling up the DagBag from /home/airflow/.local/lib/python3.13/site-packages/airflow/example_dags/example_outlet_event_extra.py","logger":"airflow.dag_processing.dagbag.BundleDagBag","filename":"dagbag.py","lineno":469}
{"timestamp":"2026-04-26T00:04:38.711152Z","level":"info","event":"Filling up the DagBag from /home/airflow/.local/lib/python3.13/site-packages/airflow/example_dags/example_outlet_event_extra.py","logger":"airflow.dag_processing.dagbag.BundleDagBag","filename":"dagbag.py","lineno":469}
{"timestamp":"2026-04-26T00:05:12.062495Z","level":"info","event":"Filling up the DagBag from /home/airflow/.local/lib/python3.13/site-packages/airflow/example_dags/example_outlet_event_extra.py","logger":"airflow.dag_processing.dagbag.BundleDagBag","filename":"dagbag.py","lineno":469}
{"timestamp":"2026-04-26T00:05:43.884387Z","level":"info","event":"Filling up the DagBag from /home/airflow/.local/lib/python3.13/site-packages/airflow/example_dags/example_outlet_event_extra.py","logger":"airflow.dag_processing.dagbag.BundleDagBag","filename":"dagbag.py","lineno":469}
{"timestamp":"2026-04-26T00:06:16.776360Z","level":"info","event":"Filling up the DagBag from /home/airflow/.local/lib/python3.13/site-packages/airflow/example_dags/example_outlet_event_extra.py","logger":"airflow.dag_processing.dagbag.BundleDagBag","filename":"dagbag.py","lineno":469}
{"timestamp":"2026-04-26T00:06:51.451973Z","level":"info","event":"Filling up the DagBag from /home/airflow/.local/lib/python3.13/site-packages/airflow/example_dags/example_outlet_event_extra.py","logger":"airflow.dag_processing.dagbag.BundleDagBag","filename":"dagbag.py","lineno":469}
{"timestamp":"2026-04-26T00:07:23.115162Z","level":"info","event":"Filling up the DagBag from /home/airflow/.local/lib/python3.13/site-packages/airflow/example_dags/example_outlet_event_extra.py","logger":"airflow.dag_processing.dagbag.BundleDagBag","filename":"dagbag.py","lineno":469}
{"timestamp":"2026-04-26T00:07:57.457915Z","level":"info","event":"Filling up the DagBag from /home/airflow/.local/lib/python3.13/site-packages/airflow/example_dags/example_outlet_event_extra.py","logger":"airflow.dag_processing.dagbag.BundleDagBag","filename":"dagbag.py","lineno":469}
{"timestamp":"2026-04-26T00:08:29.270835Z","level":"info","event":"Filling up the DagBag from /home/airflow/.local/lib/python3.13/site-packages/airflow/example_dags/example_outlet_event_extra.py","logger":"airflow.dag_processing.dagbag.BundleDagBag","filename":"dagbag.py","lineno":469}
{"timestamp":"2026-04-26T00:09:00.792415Z","level":"info","event":"Filling up the DagBag from /home/airflow/.local/lib/python3.13/site-packages/airflow/example_dags/example_outlet_event_extra.py","logger":"airflow.dag_processing.dagbag.BundleDagBag","filename":"dagbag.py","lineno":469}
{"timestamp":"2026-04-26T00:09:32.687228Z","level":"info","event":"Filling up the DagBag from /home/airflow/.local/lib/python3.13/site-packages/airflow/example_dags/example_outlet_event_extra.py","logger":"airflow.dag_processing.dagbag.BundleDagBag","filename":"dagbag.py","lineno":469}
{"timestamp":"2026-04-26T00:10:03.997746Z","level":"info","event":"Filling up the DagBag from /home/airflow/.local/lib/python3.13/site-packages/airflow/example_dags/example_outlet_event_extra.py","logger":"airflow.dag_processing.dagbag.BundleDagBag","filename":"dagbag.py","lineno":469}
{"timestamp":"2026-04-26T00:10:35.824467Z","level":"info","event":"Filling up the DagBag from /home/airflow/.local/lib/python3.13/site-packages/airflow/example_dags/example_outlet_event_extra.py","logger":"airflow.dag_processing.dagbag.BundleDagBag","filename":"dagbag.py","lineno":469}
{"timestamp":"2026-04-26T00:11:06.856630Z","level":"info","event":"Filling up the DagBag from /home/airflow/.local/lib/python3.13/site-packages/airflow/example_dags/example_outlet_event_extra.py","logger":"airflow.dag_processing.dagbag.BundleDagBag","filename":"dagbag.py","lineno":469}
{"timestamp":"2026-04-26T00:11:38.951506Z","level":"info","event":"Filling up the DagBag from /home/airflow/.local/lib/python3.13/site-packages/airflow/example_dags/example_outlet_event_extra.py","logger":"airflow.dag_processing.dagbag.BundleDagBag","filename":"dagbag.py","lineno":469}
{"timestamp":"2026-04-26T00:12:10.062037Z","level":"info","event":"Filling up the DagBag from /home/airflow/.local/lib/python3.13/site-packages/airflow/example_dags/example_outlet_event_extra.py","logger":"airflow.dag_processing.dagbag.BundleDagBag","filename":"dagbag.py","lineno":469}
{"timestamp":"2026-04-26T00:12:43.620076Z","level":"info","event":"Filling up the DagBag from /home/airflow/.local/lib/python3.13/site-packages/airflow/example_dags/example_outlet_event_extra.py","logger":"airflow.dag_processing.dagbag.BundleDagBag","filename":"dagbag.py","lineno":469}
{"timestamp":"2026-04-26T00:13:15.514351Z","level":"info","event":"Filling up the DagBag from /home/airflow/.local/lib/python3.13/site-packages/airflow/example_dags/example_outlet_event_extra.py","logger":"airflow.dag_processing.dagbag.BundleDagBag","filename":"dagbag.py","lineno":469}
{"timestamp":"2026-04-26T00:13:47.304474Z","level":"info","event":"Filling up the DagBag from /home/airflow/.local/lib/python3.13/site-packages/airflow/example_dags/example_outlet_event_extra.py","logger":"airflow.dag_processing.dagbag.BundleDagBag","filename":"dagbag.py","lineno":469}
{"timestamp":"2026-04-26T00:14:19.161001Z","level":"info","event":"Filling up the DagBag from /home/airflow/.local/lib/python3.13/site-packages/airflow/example_dags/example_outlet_event_extra.py","logger":"airflow.dag_processing.dagbag.BundleDagBag","filename":"dagbag.py","lineno":469}
{"timestamp":"2026-04-26T00:14:50.712482Z","level":"info","event":"Filling up the DagBag from /home/airflow/.local/lib/python3.13/site-packages/airflow/example_dags/example_outlet_event_extra.py","logger":"airflow.dag_processing.dagbag.BundleDagBag","filename":"dagbag.py","lineno":469}
{"timestamp":"2026-04-26T00:15:22.806449Z","level":"info","event":"Filling up the DagBag from /home/airflow/.local/lib/python3.13/site-packages/airflow/example_dags/example_outlet_event_extra.py","logger":"airflow.dag_processing.dagbag.BundleDagBag","filename":"dagbag.py","lineno":469}
{"timestamp":"2026-04-26T00:15:54.807560Z","level":"info","event":"Filling up the DagBag from /home/airflow/.local/lib/python3.13/site-packages/airflow/example_dags/example_outlet_event_extra.py","logger":"airflow.dag_processing.dagbag.BundleDagBag","filename":"dagbag.py","lineno":469}
{"timestamp":"2026-04-26T00:16:28.423586Z","level":"info","event":"Filling up the DagBag from /home/airflow/.local/lib/python3.13/site-packages/airflow/example_dags/example_outlet_event_extra.py","logger":"airflow.dag_processing.dagbag.BundleDagBag","filename":"dagbag.py","lineno":469}
{"timestamp":"2026-04-26T00:17:00.537439Z","level":"info","event":"Filling up the DagBag from /home/airflow/.local/lib/python3.13/site-packages/airflow/example_dags/example_outlet_event_extra.py","logger":"airflow.dag_processing.dagbag.BundleDagBag","filename":"dagbag.py","lineno":469}
{"timestamp":"2026-04-26T00:17:32.563641Z","level":"info","event":"Filling up the DagBag from /home/airflow/.local/lib/python3.13/site-packages/airflow/example_dags/example_outlet_event_extra.py","logger":"airflow.dag_processing.dagbag.BundleDagBag","filename":"dagbag.py","lineno":469}
{"timestamp":"2026-04-26T00:18:04.294051Z","level":"info","event":"Filling up the DagBag from /home/airflow/.local/lib/python3.13/site-packages/airflow/example_dags/example_outlet_event_extra.py","logger":"airflow.dag_processing.dagbag.BundleDagBag","filename":"dagbag.py","lineno":469}
{"timestamp":"2026-04-26T00:18:35.804976Z","level":"info","event":"Filling up the DagBag from /home/airflow/.local/lib/python3.13/site-packages/airflow/example_dags/example_outlet_event_extra.py","logger":"airflow.dag_processing.dagbag.BundleDagBag","filename":"dagbag.py","lineno":469}
{"timestamp":"2026-04-26T00:19:07.158622Z","level":"info","event":"Filling up the DagBag from /home/airflow/.local/lib/python3.13/site-packages/airflow/example_dags/example_outlet_event_extra.py","logger":"airflow.dag_processing.dagbag.BundleDagBag","filename":"dagbag.py","lineno":469}
{"timestamp":"2026-04-26T00:19:39.075470Z","level":"info","event":"Filling up the DagBag from /home/airflow/.local/lib/python3.13/site-packages/airflow/example_dags/example_outlet_event_extra.py","logger":"airflow.dag_processing.dagbag.BundleDagBag","filename":"dagbag.py","lineno":469}
{"timestamp":"2026-04-26T00:20:11.379714Z","level":"info","event":"Filling up the DagBag from /home/airflow/.local/lib/python3.13/site-packages/airflow/example_dags/example_outlet_event_extra.py","logger":"airflow.dag_processing.dagbag.BundleDagBag","filename":"dagbag.py","lineno":469}
{"timestamp":"2026-04-26T00:20:42.919405Z","level":"info","event":"Filling up the DagBag from /home/airflow/.local/lib/python3.13/site-packages/airflow/example_dags/example_outlet_event_extra.py","logger":"airflow.dag_processing.dagbag.BundleDagBag","filename":"dagbag.py","lineno":469}
{"timestamp":"2026-04-26T00:21:13.757293Z","level":"info","event":"Filling up the DagBag from /home/airflow/.local/lib/python3.13/site-packages/airflow/example_dags/example_outlet_event_extra.py","logger":"airflow.dag_processing.dagbag.BundleDagBag","filename":"dagbag.py","lineno":469}
{"timestamp":"2026-04-26T00:21:45.400908Z","level":"info","event":"Filling up the DagBag from /home/airflow/.local/lib/python3.13/site-packages/airflow/example_dags/example_outlet_event_extra.py","logger":"airflow.dag_processing.dagbag.BundleDagBag","filename":"dagbag.py","lineno":469}
{"timestamp":"2026-04-26T00:22:17.204280Z","level":"info","event":"Filling up the DagBag from /home/airflow/.local/lib/python3.13/site-packages/airflow/example_dags/example_outlet_event_extra.py","logger":"airflow.dag_processing.dagbag.BundleDagBag","filename":"dagbag.py","lineno":469}
{"timestamp":"2026-04-26T00:22:49.132254Z","level":"info","event":"Filling up the DagBag from /home/airflow/.local/lib/python3.13/site-packages/airflow/example_dags/example_outlet_event_extra.py","logger":"airflow.dag_processing.dagbag.BundleDagBag","filename":"dagbag.py","lineno":469}
{"timestamp":"2026-04-26T00:23:20.095600Z","level":"info","event":"Filling up the DagBag from /home/airflow/.local/lib/python3.13/site-packages/airflow/example_dags/example_outlet_event_extra.py","logger":"airflow.dag_processing.dagbag.BundleDagBag","filename":"dagbag.py","lineno":469}
{"timestamp":"2026-04-26T00:23:51.702750Z","level":"info","event":"Filling up the DagBag from /home/airflow/.local/lib/python3.13/site-packages/airflow/example_dags/example_outlet_event_extra.py","logger":"airflow.dag_processing.dagbag.BundleDagBag","filename":"dagbag.py","lineno":469}
{"timestamp":"2026-04-26T00:24:23.365646Z","level":"info","event":"Filling up the DagBag from /home/airflow/.local/lib/python3.13/site-packages/airflow/example_dags/example_outlet_event_extra.py","logger":"airflow.dag_processing.dagbag.BundleDagBag","filename":"dagbag.py","lineno":469}
{"timestamp":"2026-04-26T00:24:54.320843Z","level":"info","event":"Filling up the DagBag from /home/airflow/.local/lib/python3.13/site-packages/airflow/example_dags/example_outlet_event_extra.py","logger":"airflow.dag_processing.dagbag.BundleDagBag","filename":"dagbag.py","lineno":469}
{"timestamp":"2026-04-26T00:25:25.377127Z","level":"info","event":"Filling up the DagBag from /home/airflow/.local/lib/python3.13/site-packages/airflow/example_dags/example_outlet_event_extra.py","logger":"airflow.dag_processing.dagbag.BundleDagBag","filename":"dagbag.py","lineno":469}
{"timestamp":"2026-04-26T00:25:56.261009Z","level":"info","event":"Filling up the DagBag from /home/airflow/.local/lib/python3.13/site-packages/airflow/example_dags/example_outlet_event_extra.py","logger":"airflow.dag_processing.dagbag.BundleDagBag","filename":"dagbag.py","lineno":469}
{"timestamp":"2026-04-26T00:26:27.768809Z","level":"info","event":"Filling up the DagBag from /home/airflow/.local/lib/python3.13/site-packages/airflow/example_dags/example_outlet_event_extra.py","logger":"airflow.dag_processing.dagbag.BundleDagBag","filename":"dagbag.py","lineno":469}
{"timestamp":"2026-04-26T00:26:58.897621Z","level":"info","event":"Filling up the DagBag from /home/airflow/.local/lib/python3.13/site-packages/airflow/example_dags/example_outlet_event_extra.py","logger":"airflow.dag_processing.dagbag.BundleDagBag","filename":"dagbag.py","lineno":469}
{"timestamp":"2026-04-26T00:27:30.265980Z","level":"info","event":"Filling up the DagBag from /home/airflow/.local/lib/python3.13/site-packages/airflow/example_dags/example_outlet_event_extra.py","logger":"airflow.dag_processing.dagbag.BundleDagBag","filename":"dagbag.py","lineno":469}
{"timestamp":"2026-04-26T00:28:02.649158Z","level":"info","event":"Filling up the DagBag from /home/airflow/.local/lib/python3.13/site-packages/airflow/example_dags/example_outlet_event_extra.py","logger":"airflow.dag_processing.dagbag.BundleDagBag","filename":"dagbag.py","lineno":469}
{"timestamp":"2026-04-26T00:28:34.445536Z","level":"info","event":"Filling up the DagBag from /home/airflow/.local/lib/python3.13/site-packages/airflow/example_dags/example_outlet_event_extra.py","logger":"airflow.dag_processing.dagbag.BundleDagBag","filename":"dagbag.py","lineno":469}
{"timestamp":"2026-04-26T00:29:06.876147Z","level":"info","event":"Filling up the DagBag from /home/airflow/.local/lib/python3.13/site-packages/airflow/example_dags/example_outlet_event_extra.py","logger":"airflow.dag_processing.dagbag.BundleDagBag","filename":"dagbag.py","lineno":469}
{"timestamp":"2026-04-26T00:29:45.376028Z","level":"info","event":"Filling up the DagBag from /home/airflow/.local/lib/python3.13/site-packages/airflow/example_dags/example_outlet_event_extra.py","logger":"airflow.dag_processing.dagbag.BundleDagBag","filename":"dagbag.py","lineno":469}
{"timestamp":"2026-04-26T00:30:39.955448Z","level":"info","event":"Filling up the DagBag from /home/airflow/.local/lib/python3.13/site-packages/airflow/example_dags/example_outlet_event_extra.py","logger":"airflow.dag_processing.dagbag.BundleDagBag","filename":"dagbag.py","lineno":469}
{"timestamp":"2026-04-26T00:31:16.246462Z","level":"info","event":"Filling up the DagBag from /home/airflow/.local/lib/python3.13/site-packages/airflow/example_dags/example_outlet_event_extra.py","logger":"airflow.dag_processing.dagbag.BundleDagBag","filename":"dagbag.py","lineno":469}
{"timestamp":"2026-04-26T00:31:48.952631Z","level":"info","event":"Filling up the DagBag from /home/airflow/.local/lib/python3.13/site-packages/airflow/example_dags/example_outlet_event_extra.py","logger":"airflow.dag_processing.dagbag.BundleDagBag","filename":"dagbag.py","lineno":469}
{"timestamp":"2026-04-26T00:32:20.984481Z","level":"info","event":"Filling up the DagBag from /home/airflow/.local/lib/python3.13/site-packages/airflow/example_dags/example_outlet_event_extra.py","logger":"airflow.dag_processing.dagbag.BundleDagBag","filename":"dagbag.py","lineno":469}
{"timestamp":"2026-04-26T00:32:52.838240Z","level":"info","event":"Filling up the DagBag from /home/airflow/.local/lib/python3.13/site-packages/airflow/example_dags/example_outlet_event_extra.py","logger":"airflow.dag_processing.dagbag.BundleDagBag","filename":"dagbag.py","lineno":469}
{"timestamp":"2026-04-26T00:33:26.506094Z","level":"info","event":"Filling up the DagBag from /home/airflow/.local/lib/python3.13/site-packages/airflow/example_dags/example_outlet_event_extra.py","logger":"airflow.dag_processing.dagbag.BundleDagBag","filename":"dagbag.py","lineno":469}
{"timestamp":"2026-04-26T00:33:59.186138Z","level":"info","event":"Filling up the DagBag from /home/airflow/.local/lib/python3.13/site-packages/airflow/example_dags/example_outlet_event_extra.py","logger":"airflow.dag_processing.dagbag.BundleDagBag","filename":"dagbag.py","lineno":469}
{"timestamp":"2026-04-26T00:34:31.212878Z","level":"info","event":"Filling up the DagBag from /home/airflow/.local/lib/python3.13/site-packages/airflow/example_dags/example_outlet_event_extra.py","logger":"airflow.dag_processing.dagbag.BundleDagBag","filename":"dagbag.py","lineno":469}
{"timestamp":"2026-04-26T00:35:02.853826Z","level":"info","event":"Filling up the DagBag from /home/airflow/.local/lib/python3.13/site-packages/airflow/example_dags/example_outlet_event_extra.py","logger":"airflow.dag_processing.dagbag.BundleDagBag","filename":"dagbag.py","lineno":469}
{"timestamp":"2026-04-26T00:35:36.095785Z","level":"info","event":"Filling up the DagBag from /home/airflow/.local/lib/python3.13/site-packages/airflow/example_dags/example_outlet_event_extra.py","logger":"airflow.dag_processing.dagbag.BundleDagBag","filename":"dagbag.py","lineno":469}
{"timestamp":"2026-04-26T00:36:09.494146Z","level":"info","event":"Filling up the DagBag from /home/airflow/.local/lib/python3.13/site-packages/airflow/example_dags/example_outlet_event_extra.py","logger":"airflow.dag_processing.dagbag.BundleDagBag","filename":"dagbag.py","lineno":469}
{"timestamp":"2026-04-26T00:36:41.248460Z","level":"info","event":"Filling up the DagBag from /home/airflow/.local/lib/python3.13/site-packages/airflow/example_dags/example_outlet_event_extra.py","logger":"airflow.dag_processing.dagbag.BundleDagBag","filename":"dagbag.py","lineno":469}
{"timestamp":"2026-04-26T00:37:12.711165Z","level":"info","event":"Filling up the DagBag from /home/airflow/.local/lib/python3.13/site-packages/airflow/example_dags/example_outlet_event_extra.py","logger":"airflow.dag_processing.dagbag.BundleDagBag","filename":"dagbag.py","lineno":469}
{"timestamp":"2026-04-26T00:37:44.660755Z","level":"info","event":"Filling up the DagBag from /home/airflow/.local/lib/python3.13/site-packages/airflow/example_dags/example_outlet_event_extra.py","logger":"airflow.dag_processing.dagbag.BundleDagBag","filename":"dagbag.py","lineno":469}
{"timestamp":"2026-04-26T00:38:17.104717Z","level":"info","event":"Filling up the DagBag from /home/airflow/.local/lib/python3.13/site-packages/airflow/example_dags/example_outlet_event_extra.py","logger":"airflow.dag_processing.dagbag.BundleDagBag","filename":"dagbag.py","lineno":469}
{"timestamp":"2026-04-26T00:38:48.798527Z","level":"info","event":"Filling up the DagBag from /home/airflow/.local/lib/python3.13/site-packages/airflow/example_dags/example_outlet_event_extra.py","logger":"airflow.dag_processing.dagbag.BundleDagBag","filename":"dagbag.py","lineno":469}
{"timestamp":"2026-04-26T00:39:21.011550Z","level":"info","event":"Filling up the DagBag from /home/airflow/.local/lib/python3.13/site-packages/airflow/example_dags/example_outlet_event_extra.py","logger":"airflow.dag_processing.dagbag.BundleDagBag","filename":"dagbag.py","lineno":469}
{"timestamp":"2026-04-26T00:39:52.683441Z","level":"info","event":"Filling up the DagBag from /home/airflow/.local/lib/python3.13/site-packages/airflow/example_dags/example_outlet_event_extra.py","logger":"airflow.dag_processing.dagbag.BundleDagBag","filename":"dagbag.py","lineno":469}
{"timestamp":"2026-04-26T00:40:25.268948Z","level":"info","event":"Filling up the DagBag from /home/airflow/.local/lib/python3.13/site-packages/airflow/example_dags/example_outlet_event_extra.py","logger":"airflow.dag_processing.dagbag.BundleDagBag","filename":"dagbag.py","lineno":469}
{"timestamp":"2026-04-26T00:40:56.295051Z","level":"info","event":"Filling up the DagBag from /home/airflow/.local/lib/python3.13/site-packages/airflow/example_dags/example_outlet_event_extra.py","logger":"airflow.dag_processing.dagbag.BundleDagBag","filename":"dagbag.py","lineno":469}
{"timestamp":"2026-04-26T00:41:28.390339Z","level":"info","event":"Filling up the DagBag from /home/airflow/.local/lib/python3.13/site-packages/airflow/example_dags/example_outlet_event_extra.py","logger":"airflow.dag_processing.dagbag.BundleDagBag","filename":"dagbag.py","lineno":469}
{"timestamp":"2026-04-26T00:42:00.490596Z","level":"info","event":"Filling up the DagBag from /home/airflow/.local/lib/python3.13/site-packages/airflow/example_dags/example_outlet_event_extra.py","logger":"airflow.dag_processing.dagbag.BundleDagBag","filename":"dagbag.py","lineno":469}
{"timestamp":"2026-04-26T00:42:31.627628Z","level":"info","event":"Filling up the DagBag from /home/airflow/.local/lib/python3.13/site-packages/airflow/example_dags/example_outlet_event_extra.py","logger":"airflow.dag_processing.dagbag.BundleDagBag","filename":"dagbag.py","lineno":469}
{"timestamp":"2026-04-26T00:43:03.779060Z","level":"info","event":"Filling up the DagBag from /home/airflow/.local/lib/python3.13/site-packages/airflow/example_dags/example_outlet_event_extra.py","logger":"airflow.dag_processing.dagbag.BundleDagBag","filename":"dagbag.py","lineno":469}
{"timestamp":"2026-04-26T00:43:36.887601Z","level":"info","event":"Filling up the DagBag from /home/airflow/.local/lib/python3.13/site-packages/airflow/example_dags/example_outlet_event_extra.py","logger":"airflow.dag_processing.dagbag.BundleDagBag","filename":"dagbag.py","lineno":469}
{"timestamp":"2026-04-26T00:44:08.804767Z","level":"info","event":"Filling up the DagBag from /home/airflow/.local/lib/python3.13/site-packages/airflow/example_dags/example_outlet_event_extra.py","logger":"airflow.dag_processing.dagbag.BundleDagBag","filename":"dagbag.py","lineno":469}
{"timestamp":"2026-04-26T00:44:40.867488Z","level":"info","event":"Filling up the DagBag from /home/airflow/.local/lib/python3.13/site-packages/airflow/example_dags/example_outlet_event_extra.py","logger":"airflow.dag_processing.dagbag.BundleDagBag","filename":"dagbag.py","lineno":469}
{"timestamp":"2026-04-26T00:45:12.837450Z","level":"info","event":"Filling up the DagBag from /home/airflow/.local/lib/python3.13/site-packages/airflow/example_dags/example_outlet_event_extra.py","logger":"airflow.dag_processing.dagbag.BundleDagBag","filename":"dagbag.py","lineno":469}
{"timestamp":"2026-04-26T00:45:46.770833Z","level":"info","event":"Filling up the DagBag from /home/airflow/.local/lib/python3.13/site-packages/airflow/example_dags/example_outlet_event_extra.py","logger":"airflow.dag_processing.dagbag.BundleDagBag","filename":"dagbag.py","lineno":469}
{"timestamp":"2026-04-26T00:46:18.203060Z","level":"info","event":"Filling up the DagBag from /home/airflow/.local/lib/python3.13/site-packages/airflow/example_dags/example_outlet_event_extra.py","logger":"airflow.dag_processing.dagbag.BundleDagBag","filename":"dagbag.py","lineno":469}
{"timestamp":"2026-04-26T00:46:50.617241Z","level":"info","event":"Filling up the DagBag from /home/airflow/.local/lib/python3.13/site-packages/airflow/example_dags/example_outlet_event_extra.py","logger":"airflow.dag_processing.dagbag.BundleDagBag","filename":"dagbag.py","lineno":469}
{"timestamp":"2026-04-26T00:47:22.222085Z","level":"info","event":"Filling up the DagBag from /home/airflow/.local/lib/python3.13/site-packages/airflow/example_dags/example_outlet_event_extra.py","logger":"airflow.dag_processing.dagbag.BundleDagBag","filename":"dagbag.py","lineno":469}
{"timestamp":"2026-04-26T00:47:54.006006Z","level":"info","event":"Filling up the DagBag from /home/airflow/.local/lib/python3.13/site-packages/airflow/example_dags/example_outlet_event_extra.py","logger":"airflow.dag_processing.dagbag.BundleDagBag","filename":"dagbag.py","lineno":469}
{"timestamp":"2026-04-26T00:48:29.855060Z","level":"info","event":"Filling up the DagBag from /home/airflow/.local/lib/python3.13/site-packages/airflow/example_dags/example_outlet_event_extra.py","logger":"airflow.dag_processing.dagbag.BundleDagBag","filename":"dagbag.py","lineno":469}
{"timestamp":"2026-04-26T00:49:04.061344Z","level":"info","event":"Filling up the DagBag from /home/airflow/.local/lib/python3.13/site-packages/airflow/example_dags/example_outlet_event_extra.py","logger":"airflow.dag_processing.dagbag.BundleDagBag","filename":"dagbag.py","lineno":469}
{"timestamp":"2026-04-26T00:49:37.695795Z","level":"info","event":"Filling up the DagBag from /home/airflow/.local/lib/python3.13/site-packages/airflow/example_dags/example_outlet_event_extra.py","logger":"airflow.dag_processing.dagbag.BundleDagBag","filename":"dagbag.py","lineno":469}
{"timestamp":"2026-04-26T00:50:12.202960Z","level":"error","event":"Process timed out, PID: 54275","logger":"airflow.dag_processing.importers.python_importer","filename":"python_importer.py","lineno":62}
{"timestamp":"2026-04-26T00:50:12.422594Z","level":"error","event":"Exception ignored in: <function _collection_gced at 0x7369fe977600>","logger":"task.stderr"}
{"timestamp":"2026-04-26T00:50:12.424694Z","level":"error","event":"Traceback (most recent call last):","logger":"task.stderr"}
{"timestamp":"2026-04-26T00:50:12.426024Z","level":"error","event":"  File \"/home/airflow/.local/lib/python3.13/site-packages/sqlalchemy/event/registry.py\", line 103, in _collection_gced","logger":"task.stderr"}
{"timestamp":"2026-04-26T00:50:12.427120Z","level":"error","event":"    def _collection_gced(ref: weakref.ref[Any]) -> None:","logger":"task.stderr"}
{"timestamp":"2026-04-26T00:50:12.428920Z","level":"error","event":"  File \"/home/airflow/.local/lib/python3.13/site-packages/airflow/dag_processing/importers/python_importer.py\", line 65, in handle_timeout","logger":"task.stderr"}
{"timestamp":"2026-04-26T00:50:12.430008Z","level":"error","event":"    raise AirflowTaskTimeout(error_message)","logger":"task.stderr"}
{"timestamp":"2026-04-26T00:50:12.431353Z","level":"error","event":"airflow.sdk.exceptions.AirflowTaskTimeout: DagBag import timeout for /home/airflow/.local/lib/python3.13/site-packages/airflow/example_dags/example_outlet_event_extra.py after 30.0s.","logger":"task.stderr"}
{"timestamp":"2026-04-26T00:50:12.432623Z","level":"error","event":"Please take a look at these docs to improve your DAG import time:","logger":"task.stderr"}
{"timestamp":"2026-04-26T00:50:12.434064Z","level":"error","event":"* https://airflow.apache.org/docs/apache-airflow/3.2.1/best-practices.html#top-level-python-code","logger":"task.stderr"}
{"timestamp":"2026-04-26T00:50:12.439044Z","level":"error","event":"* https://airflow.apache.org/docs/apache-airflow/3.2.1/best-practices.html#reducing-dag-complexity, PID: 54275","logger":"task.stderr"}
{"timestamp":"2026-04-26T00:52:18.603813Z","level":"info","event":"Filling up the DagBag from /home/airflow/.local/lib/python3.13/site-packages/airflow/example_dags/example_outlet_event_extra.py","logger":"airflow.dag_processing.dagbag.BundleDagBag","filename":"dagbag.py","lineno":469}
{"timestamp":"2026-04-26T00:52:50.953840Z","level":"info","event":"Filling up the DagBag from /home/airflow/.local/lib/python3.13/site-packages/airflow/example_dags/example_outlet_event_extra.py","logger":"airflow.dag_processing.dagbag.BundleDagBag","filename":"dagbag.py","lineno":469}
{"timestamp":"2026-04-26T00:53:22.841112Z","level":"info","event":"Filling up the DagBag from /home/airflow/.local/lib/python3.13/site-packages/airflow/example_dags/example_outlet_event_extra.py","logger":"airflow.dag_processing.dagbag.BundleDagBag","filename":"dagbag.py","lineno":469}
{"timestamp":"2026-04-26T00:53:53.617589Z","level":"info","event":"Filling up the DagBag from /home/airflow/.local/lib/python3.13/site-packages/airflow/example_dags/example_outlet_event_extra.py","logger":"airflow.dag_processing.dagbag.BundleDagBag","filename":"dagbag.py","lineno":469}
{"timestamp":"2026-04-26T00:54:40.831446Z","level":"info","event":"Filling up the DagBag from /home/airflow/.local/lib/python3.13/site-packages/airflow/example_dags/example_outlet_event_extra.py","logger":"airflow.dag_processing.dagbag.BundleDagBag","filename":"dagbag.py","lineno":469}
{"timestamp":"2026-04-26T00:55:14.695530Z","level":"info","event":"Filling up the DagBag from /home/airflow/.local/lib/python3.13/site-packages/airflow/example_dags/example_outlet_event_extra.py","logger":"airflow.dag_processing.dagbag.BundleDagBag","filename":"dagbag.py","lineno":469}
{"timestamp":"2026-04-26T00:55:47.395318Z","level":"info","event":"Filling up the DagBag from /home/airflow/.local/lib/python3.13/site-packages/airflow/example_dags/example_outlet_event_extra.py","logger":"airflow.dag_processing.dagbag.BundleDagBag","filename":"dagbag.py","lineno":469}
{"timestamp":"2026-04-26T00:56:18.914170Z","level":"info","event":"Filling up the DagBag from /home/airflow/.local/lib/python3.13/site-packages/airflow/example_dags/example_outlet_event_extra.py","logger":"airflow.dag_processing.dagbag.BundleDagBag","filename":"dagbag.py","lineno":469}
{"timestamp":"2026-04-26T00:56:50.335646Z","level":"info","event":"Filling up the DagBag from /home/airflow/.local/lib/python3.13/site-packages/airflow/example_dags/example_outlet_event_extra.py","logger":"airflow.dag_processing.dagbag.BundleDagBag","filename":"dagbag.py","lineno":469}
{"timestamp":"2026-04-26T00:57:22.181769Z","level":"info","event":"Filling up the DagBag from /home/airflow/.local/lib/python3.13/site-packages/airflow/example_dags/example_outlet_event_extra.py","logger":"airflow.dag_processing.dagbag.BundleDagBag","filename":"dagbag.py","lineno":469}
{"timestamp":"2026-04-26T00:57:54.849810Z","level":"info","event":"Filling up the DagBag from /home/airflow/.local/lib/python3.13/site-packages/airflow/example_dags/example_outlet_event_extra.py","logger":"airflow.dag_processing.dagbag.BundleDagBag","filename":"dagbag.py","lineno":469}
{"timestamp":"2026-04-26T00:58:25.848702Z","level":"info","event":"Filling up the DagBag from /home/airflow/.local/lib/python3.13/site-packages/airflow/example_dags/example_outlet_event_extra.py","logger":"airflow.dag_processing.dagbag.BundleDagBag","filename":"dagbag.py","lineno":469}
{"timestamp":"2026-04-26T00:58:57.322513Z","level":"info","event":"Filling up the DagBag from /home/airflow/.local/lib/python3.13/site-packages/airflow/example_dags/example_outlet_event_extra.py","logger":"airflow.dag_processing.dagbag.BundleDagBag","filename":"dagbag.py","lineno":469}
{"timestamp":"2026-04-26T00:59:28.595664Z","level":"info","event":"Filling up the DagBag from /home/airflow/.local/lib/python3.13/site-packages/airflow/example_dags/example_outlet_event_extra.py","logger":"airflow.dag_processing.dagbag.BundleDagBag","filename":"dagbag.py","lineno":469}
{"timestamp":"2026-04-26T01:00:00.744583Z","level":"info","event":"Filling up the DagBag from /home/airflow/.local/lib/python3.13/site-packages/airflow/example_dags/example_outlet_event_extra.py","logger":"airflow.dag_processing.dagbag.BundleDagBag","filename":"dagbag.py","lineno":469}
{"timestamp":"2026-04-26T01:00:32.080827Z","level":"info","event":"Filling up the DagBag from /home/airflow/.local/lib/python3.13/site-packages/airflow/example_dags/example_outlet_event_extra.py","logger":"airflow.dag_processing.dagbag.BundleDagBag","filename":"dagbag.py","lineno":469}
{"timestamp":"2026-04-26T01:01:04.471250Z","level":"info","event":"Filling up the DagBag from /home/airflow/.local/lib/python3.13/site-packages/airflow/example_dags/example_outlet_event_extra.py","logger":"airflow.dag_processing.dagbag.BundleDagBag","filename":"dagbag.py","lineno":469}
{"timestamp":"2026-04-26T01:01:35.938325Z","level":"info","event":"Filling up the DagBag from /home/airflow/.local/lib/python3.13/site-packages/airflow/example_dags/example_outlet_event_extra.py","logger":"airflow.dag_processing.dagbag.BundleDagBag","filename":"dagbag.py","lineno":469}
{"timestamp":"2026-04-26T01:02:08.016888Z","level":"info","event":"Filling up the DagBag from /home/airflow/.local/lib/python3.13/site-packages/airflow/example_dags/example_outlet_event_extra.py","logger":"airflow.dag_processing.dagbag.BundleDagBag","filename":"dagbag.py","lineno":469}
{"timestamp":"2026-04-26T01:02:39.821371Z","level":"info","event":"Filling up the DagBag from /home/airflow/.local/lib/python3.13/site-packages/airflow/example_dags/example_outlet_event_extra.py","logger":"airflow.dag_processing.dagbag.BundleDagBag","filename":"dagbag.py","lineno":469}
{"timestamp":"2026-04-26T01:03:11.606258Z","level":"info","event":"Filling up the DagBag from /home/airflow/.local/lib/python3.13/site-packages/airflow/example_dags/example_outlet_event_extra.py","logger":"airflow.dag_processing.dagbag.BundleDagBag","filename":"dagbag.py","lineno":469}
{"timestamp":"2026-04-26T01:03:43.182030Z","level":"info","event":"Filling up the DagBag from /home/airflow/.local/lib/python3.13/site-packages/airflow/example_dags/example_outlet_event_extra.py","logger":"airflow.dag_processing.dagbag.BundleDagBag","filename":"dagbag.py","lineno":469}
{"timestamp":"2026-04-26T01:04:14.489178Z","level":"info","event":"Filling up the DagBag from /home/airflow/.local/lib/python3.13/site-packages/airflow/example_dags/example_outlet_event_extra.py","logger":"airflow.dag_processing.dagbag.BundleDagBag","filename":"dagbag.py","lineno":469}
{"timestamp":"2026-04-26T01:04:46.371333Z","level":"info","event":"Filling up the DagBag from /home/airflow/.local/lib/python3.13/site-packages/airflow/example_dags/example_outlet_event_extra.py","logger":"airflow.dag_processing.dagbag.BundleDagBag","filename":"dagbag.py","lineno":469}
{"timestamp":"2026-04-26T01:05:18.172566Z","level":"info","event":"Filling up the DagBag from /home/airflow/.local/lib/python3.13/site-packages/airflow/example_dags/example_outlet_event_extra.py","logger":"airflow.dag_processing.dagbag.BundleDagBag","filename":"dagbag.py","lineno":469}
{"timestamp":"2026-04-26T01:05:50.160025Z","level":"info","event":"Filling up the DagBag from /home/airflow/.local/lib/python3.13/site-packages/airflow/example_dags/example_outlet_event_extra.py","logger":"airflow.dag_processing.dagbag.BundleDagBag","filename":"dagbag.py","lineno":469}
{"timestamp":"2026-04-26T01:06:22.247485Z","level":"info","event":"Filling up the DagBag from /home/airflow/.local/lib/python3.13/site-packages/airflow/example_dags/example_outlet_event_extra.py","logger":"airflow.dag_processing.dagbag.BundleDagBag","filename":"dagbag.py","lineno":469}
{"timestamp":"2026-04-26T01:06:54.056900Z","level":"info","event":"Filling up the DagBag from /home/airflow/.local/lib/python3.13/site-packages/airflow/example_dags/example_outlet_event_extra.py","logger":"airflow.dag_processing.dagbag.BundleDagBag","filename":"dagbag.py","lineno":469}
{"timestamp":"2026-04-26T01:07:25.396264Z","level":"info","event":"Filling up the DagBag from /home/airflow/.local/lib/python3.13/site-packages/airflow/example_dags/example_outlet_event_extra.py","logger":"airflow.dag_processing.dagbag.BundleDagBag","filename":"dagbag.py","lineno":469}
{"timestamp":"2026-04-26T01:07:57.095341Z","level":"info","event":"Filling up the DagBag from /home/airflow/.local/lib/python3.13/site-packages/airflow/example_dags/example_outlet_event_extra.py","logger":"airflow.dag_processing.dagbag.BundleDagBag","filename":"dagbag.py","lineno":469}
{"timestamp":"2026-04-26T01:08:28.866919Z","level":"info","event":"Filling up the DagBag from /home/airflow/.local/lib/python3.13/site-packages/airflow/example_dags/example_outlet_event_extra.py","logger":"airflow.dag_processing.dagbag.BundleDagBag","filename":"dagbag.py","lineno":469}
{"timestamp":"2026-04-26T01:08:59.669778Z","level":"info","event":"Filling up the DagBag from /home/airflow/.local/lib/python3.13/site-packages/airflow/example_dags/example_outlet_event_extra.py","logger":"airflow.dag_processing.dagbag.BundleDagBag","filename":"dagbag.py","lineno":469}
{"timestamp":"2026-04-26T01:09:31.172247Z","level":"info","event":"Filling up the DagBag from /home/airflow/.local/lib/python3.13/site-packages/airflow/example_dags/example_outlet_event_extra.py","logger":"airflow.dag_processing.dagbag.BundleDagBag","filename":"dagbag.py","lineno":469}
{"timestamp":"2026-04-26T01:10:02.160337Z","level":"info","event":"Filling up the DagBag from /home/airflow/.local/lib/python3.13/site-packages/airflow/example_dags/example_outlet_event_extra.py","logger":"airflow.dag_processing.dagbag.BundleDagBag","filename":"dagbag.py","lineno":469}
{"timestamp":"2026-04-26T01:10:33.121813Z","level":"info","event":"Filling up the DagBag from /home/airflow/.local/lib/python3.13/site-packages/airflow/example_dags/example_outlet_event_extra.py","logger":"airflow.dag_processing.dagbag.BundleDagBag","filename":"dagbag.py","lineno":469}
{"timestamp":"2026-04-26T01:11:04.309749Z","level":"info","event":"Filling up the DagBag from /home/airflow/.local/lib/python3.13/site-packages/airflow/example_dags/example_outlet_event_extra.py","logger":"airflow.dag_processing.dagbag.BundleDagBag","filename":"dagbag.py","lineno":469}
{"timestamp":"2026-04-26T01:11:35.271891Z","level":"info","event":"Filling up the DagBag from /home/airflow/.local/lib/python3.13/site-packages/airflow/example_dags/example_outlet_event_extra.py","logger":"airflow.dag_processing.dagbag.BundleDagBag","filename":"dagbag.py","lineno":469}
{"timestamp":"2026-04-26T01:12:06.911688Z","level":"info","event":"Filling up the DagBag from /home/airflow/.local/lib/python3.13/site-packages/airflow/example_dags/example_outlet_event_extra.py","logger":"airflow.dag_processing.dagbag.BundleDagBag","filename":"dagbag.py","lineno":469}
{"timestamp":"2026-04-26T01:12:38.497892Z","level":"info","event":"Filling up the DagBag from /home/airflow/.local/lib/python3.13/site-packages/airflow/example_dags/example_outlet_event_extra.py","logger":"airflow.dag_processing.dagbag.BundleDagBag","filename":"dagbag.py","lineno":469}
{"timestamp":"2026-04-26T01:13:10.361692Z","level":"info","event":"Filling up the DagBag from /home/airflow/.local/lib/python3.13/site-packages/airflow/example_dags/example_outlet_event_extra.py","logger":"airflow.dag_processing.dagbag.BundleDagBag","filename":"dagbag.py","lineno":469}
{"timestamp":"2026-04-26T01:13:41.873164Z","level":"info","event":"Filling up the DagBag from /home/airflow/.local/lib/python3.13/site-packages/airflow/example_dags/example_outlet_event_extra.py","logger":"airflow.dag_processing.dagbag.BundleDagBag","filename":"dagbag.py","lineno":469}
{"timestamp":"2026-04-26T01:14:14.377845Z","level":"info","event":"Filling up the DagBag from /home/airflow/.local/lib/python3.13/site-packages/airflow/example_dags/example_outlet_event_extra.py","logger":"airflow.dag_processing.dagbag.BundleDagBag","filename":"dagbag.py","lineno":469}
{"timestamp":"2026-04-26T01:14:46.299125Z","level":"info","event":"Filling up the DagBag from /home/airflow/.local/lib/python3.13/site-packages/airflow/example_dags/example_outlet_event_extra.py","logger":"airflow.dag_processing.dagbag.BundleDagBag","filename":"dagbag.py","lineno":469}
{"timestamp":"2026-04-26T01:15:17.987025Z","level":"info","event":"Filling up the DagBag from /home/airflow/.local/lib/python3.13/site-packages/airflow/example_dags/example_outlet_event_extra.py","logger":"airflow.dag_processing.dagbag.BundleDagBag","filename":"dagbag.py","lineno":469}
{"timestamp":"2026-04-26T01:15:49.277488Z","level":"info","event":"Filling up the DagBag from /home/airflow/.local/lib/python3.13/site-packages/airflow/example_dags/example_outlet_event_extra.py","logger":"airflow.dag_processing.dagbag.BundleDagBag","filename":"dagbag.py","lineno":469}
{"timestamp":"2026-04-26T01:16:20.521327Z","level":"info","event":"Filling up the DagBag from /home/airflow/.local/lib/python3.13/site-packages/airflow/example_dags/example_outlet_event_extra.py","logger":"airflow.dag_processing.dagbag.BundleDagBag","filename":"dagbag.py","lineno":469}
{"timestamp":"2026-04-26T01:16:55.266029Z","level":"info","event":"Filling up the DagBag from /home/airflow/.local/lib/python3.13/site-packages/airflow/example_dags/example_outlet_event_extra.py","logger":"airflow.dag_processing.dagbag.BundleDagBag","filename":"dagbag.py","lineno":469}
{"timestamp":"2026-04-26T01:17:28.000307Z","level":"info","event":"Filling up the DagBag from /home/airflow/.local/lib/python3.13/site-packages/airflow/example_dags/example_outlet_event_extra.py","logger":"airflow.dag_processing.dagbag.BundleDagBag","filename":"dagbag.py","lineno":469}
{"timestamp":"2026-04-26T01:17:59.112003Z","level":"info","event":"Filling up the DagBag from /home/airflow/.local/lib/python3.13/site-packages/airflow/example_dags/example_outlet_event_extra.py","logger":"airflow.dag_processing.dagbag.BundleDagBag","filename":"dagbag.py","lineno":469}
{"timestamp":"2026-04-26T01:18:30.907808Z","level":"info","event":"Filling up the DagBag from /home/airflow/.local/lib/python3.13/site-packages/airflow/example_dags/example_outlet_event_extra.py","logger":"airflow.dag_processing.dagbag.BundleDagBag","filename":"dagbag.py","lineno":469}
{"timestamp":"2026-04-26T01:19:02.176005Z","level":"info","event":"Filling up the DagBag from /home/airflow/.local/lib/python3.13/site-packages/airflow/example_dags/example_outlet_event_extra.py","logger":"airflow.dag_processing.dagbag.BundleDagBag","filename":"dagbag.py","lineno":469}
{"timestamp":"2026-04-26T01:19:33.528715Z","level":"info","event":"Filling up the DagBag from /home/airflow/.local/lib/python3.13/site-packages/airflow/example_dags/example_outlet_event_extra.py","logger":"airflow.dag_processing.dagbag.BundleDagBag","filename":"dagbag.py","lineno":469}
{"timestamp":"2026-04-26T01:20:05.034530Z","level":"info","event":"Filling up the DagBag from /home/airflow/.local/lib/python3.13/site-packages/airflow/example_dags/example_outlet_event_extra.py","logger":"airflow.dag_processing.dagbag.BundleDagBag","filename":"dagbag.py","lineno":469}
{"timestamp":"2026-04-26T01:20:36.337972Z","level":"info","event":"Filling up the DagBag from /home/airflow/.local/lib/python3.13/site-packages/airflow/example_dags/example_outlet_event_extra.py","logger":"airflow.dag_processing.dagbag.BundleDagBag","filename":"dagbag.py","lineno":469}
{"timestamp":"2026-04-26T01:21:07.657230Z","level":"info","event":"Filling up the DagBag from /home/airflow/.local/lib/python3.13/site-packages/airflow/example_dags/example_outlet_event_extra.py","logger":"airflow.dag_processing.dagbag.BundleDagBag","filename":"dagbag.py","lineno":469}
{"timestamp":"2026-04-26T01:21:39.044064Z","level":"info","event":"Filling up the DagBag from /home/airflow/.local/lib/python3.13/site-packages/airflow/example_dags/example_outlet_event_extra.py","logger":"airflow.dag_processing.dagbag.BundleDagBag","filename":"dagbag.py","lineno":469}
{"timestamp":"2026-04-26T01:22:10.646019Z","level":"info","event":"Filling up the DagBag from /home/airflow/.local/lib/python3.13/site-packages/airflow/example_dags/example_outlet_event_extra.py","logger":"airflow.dag_processing.dagbag.BundleDagBag","filename":"dagbag.py","lineno":469}
{"timestamp":"2026-04-26T01:22:41.600583Z","level":"info","event":"Filling up the DagBag from /home/airflow/.local/lib/python3.13/site-packages/airflow/example_dags/example_outlet_event_extra.py","logger":"airflow.dag_processing.dagbag.BundleDagBag","filename":"dagbag.py","lineno":469}
{"timestamp":"2026-04-26T01:23:12.435887Z","level":"info","event":"Filling up the DagBag from /home/airflow/.local/lib/python3.13/site-packages/airflow/example_dags/example_outlet_event_extra.py","logger":"airflow.dag_processing.dagbag.BundleDagBag","filename":"dagbag.py","lineno":469}
{"timestamp":"2026-04-26T01:23:43.260877Z","level":"info","event":"Filling up the DagBag from /home/airflow/.local/lib/python3.13/site-packages/airflow/example_dags/example_outlet_event_extra.py","logger":"airflow.dag_processing.dagbag.BundleDagBag","filename":"dagbag.py","lineno":469}
{"timestamp":"2026-04-26T01:24:14.096066Z","level":"info","event":"Filling up the DagBag from /home/airflow/.local/lib/python3.13/site-packages/airflow/example_dags/example_outlet_event_extra.py","logger":"airflow.dag_processing.dagbag.BundleDagBag","filename":"dagbag.py","lineno":469}
{"timestamp":"2026-04-26T01:24:45.509400Z","level":"info","event":"Filling up the DagBag from /home/airflow/.local/lib/python3.13/site-packages/airflow/example_dags/example_outlet_event_extra.py","logger":"airflow.dag_processing.dagbag.BundleDagBag","filename":"dagbag.py","lineno":469}
{"timestamp":"2026-04-26T01:25:16.777183Z","level":"info","event":"Filling up the DagBag from /home/airflow/.local/lib/python3.13/site-packages/airflow/example_dags/example_outlet_event_extra.py","logger":"airflow.dag_processing.dagbag.BundleDagBag","filename":"dagbag.py","lineno":469}
{"timestamp":"2026-04-26T01:25:48.088129Z","level":"info","event":"Filling up the DagBag from /home/airflow/.local/lib/python3.13/site-packages/airflow/example_dags/example_outlet_event_extra.py","logger":"airflow.dag_processing.dagbag.BundleDagBag","filename":"dagbag.py","lineno":469}
{"timestamp":"2026-04-26T01:26:19.143725Z","level":"info","event":"Filling up the DagBag from /home/airflow/.local/lib/python3.13/site-packages/airflow/example_dags/example_outlet_event_extra.py","logger":"airflow.dag_processing.dagbag.BundleDagBag","filename":"dagbag.py","lineno":469}
{"timestamp":"2026-04-26T01:26:50.660978Z","level":"info","event":"Filling up the DagBag from /home/airflow/.local/lib/python3.13/site-packages/airflow/example_dags/example_outlet_event_extra.py","logger":"airflow.dag_processing.dagbag.BundleDagBag","filename":"dagbag.py","lineno":469}
{"timestamp":"2026-04-26T01:27:22.474973Z","level":"info","event":"Filling up the DagBag from /home/airflow/.local/lib/python3.13/site-packages/airflow/example_dags/example_outlet_event_extra.py","logger":"airflow.dag_processing.dagbag.BundleDagBag","filename":"dagbag.py","lineno":469}
{"timestamp":"2026-04-26T01:27:53.906875Z","level":"info","event":"Filling up the DagBag from /home/airflow/.local/lib/python3.13/site-packages/airflow/example_dags/example_outlet_event_extra.py","logger":"airflow.dag_processing.dagbag.BundleDagBag","filename":"dagbag.py","lineno":469}
{"timestamp":"2026-04-26T01:28:24.888876Z","level":"info","event":"Filling up the DagBag from /home/airflow/.local/lib/python3.13/site-packages/airflow/example_dags/example_outlet_event_extra.py","logger":"airflow.dag_processing.dagbag.BundleDagBag","filename":"dagbag.py","lineno":469}
{"timestamp":"2026-04-26T01:28:56.031782Z","level":"info","event":"Filling up the DagBag from /home/airflow/.local/lib/python3.13/site-packages/airflow/example_dags/example_outlet_event_extra.py","logger":"airflow.dag_processing.dagbag.BundleDagBag","filename":"dagbag.py","lineno":469}
{"timestamp":"2026-04-26T01:29:27.628223Z","level":"info","event":"Filling up the DagBag from /home/airflow/.local/lib/python3.13/site-packages/airflow/example_dags/example_outlet_event_extra.py","logger":"airflow.dag_processing.dagbag.BundleDagBag","filename":"dagbag.py","lineno":469}
{"timestamp":"2026-04-26T01:30:40.541008Z","level":"info","event":"Filling up the DagBag from /home/airflow/.local/lib/python3.13/site-packages/airflow/example_dags/example_outlet_event_extra.py","logger":"airflow.dag_processing.dagbag.BundleDagBag","filename":"dagbag.py","lineno":469}
{"timestamp":"2026-04-26T01:31:12.525141Z","level":"info","event":"Filling up the DagBag from /home/airflow/.local/lib/python3.13/site-packages/airflow/example_dags/example_outlet_event_extra.py","logger":"airflow.dag_processing.dagbag.BundleDagBag","filename":"dagbag.py","lineno":469}
{"timestamp":"2026-04-26T01:31:44.513523Z","level":"info","event":"Filling up the DagBag from /home/airflow/.local/lib/python3.13/site-packages/airflow/example_dags/example_outlet_event_extra.py","logger":"airflow.dag_processing.dagbag.BundleDagBag","filename":"dagbag.py","lineno":469}
{"timestamp":"2026-04-26T01:32:16.719308Z","level":"info","event":"Filling up the DagBag from /home/airflow/.local/lib/python3.13/site-packages/airflow/example_dags/example_outlet_event_extra.py","logger":"airflow.dag_processing.dagbag.BundleDagBag","filename":"dagbag.py","lineno":469}
{"timestamp":"2026-04-26T01:33:22.155711Z","level":"info","event":"Filling up the DagBag from /home/airflow/.local/lib/python3.13/site-packages/airflow/example_dags/example_outlet_event_extra.py","logger":"airflow.dag_processing.dagbag.BundleDagBag","filename":"dagbag.py","lineno":469}
{"timestamp":"2026-04-26T01:33:54.465777Z","level":"info","event":"Filling up the DagBag from /home/airflow/.local/lib/python3.13/site-packages/airflow/example_dags/example_outlet_event_extra.py","logger":"airflow.dag_processing.dagbag.BundleDagBag","filename":"dagbag.py","lineno":469}
{"timestamp":"2026-04-26T01:34:25.976190Z","level":"info","event":"Filling up the DagBag from /home/airflow/.local/lib/python3.13/site-packages/airflow/example_dags/example_outlet_event_extra.py","logger":"airflow.dag_processing.dagbag.BundleDagBag","filename":"dagbag.py","lineno":469}
{"timestamp":"2026-04-26T01:34:57.515774Z","level":"info","event":"Filling up the DagBag from /home/airflow/.local/lib/python3.13/site-packages/airflow/example_dags/example_outlet_event_extra.py","logger":"airflow.dag_processing.dagbag.BundleDagBag","filename":"dagbag.py","lineno":469}
{"timestamp":"2026-04-26T01:35:29.129805Z","level":"info","event":"Filling up the DagBag from /home/airflow/.local/lib/python3.13/site-packages/airflow/example_dags/example_outlet_event_extra.py","logger":"airflow.dag_processing.dagbag.BundleDagBag","filename":"dagbag.py","lineno":469}
{"timestamp":"2026-04-26T01:36:00.175929Z","level":"info","event":"Filling up the DagBag from /home/airflow/.local/lib/python3.13/site-packages/airflow/example_dags/example_outlet_event_extra.py","logger":"airflow.dag_processing.dagbag.BundleDagBag","filename":"dagbag.py","lineno":469}
{"timestamp":"2026-04-26T01:36:31.324595Z","level":"info","event":"Filling up the DagBag from /home/airflow/.local/lib/python3.13/site-packages/airflow/example_dags/example_outlet_event_extra.py","logger":"airflow.dag_processing.dagbag.BundleDagBag","filename":"dagbag.py","lineno":469}
{"timestamp":"2026-04-26T01:37:03.510431Z","level":"info","event":"Filling up the DagBag from /home/airflow/.local/lib/python3.13/site-packages/airflow/example_dags/example_outlet_event_extra.py","logger":"airflow.dag_processing.dagbag.BundleDagBag","filename":"dagbag.py","lineno":469}
{"timestamp":"2026-04-26T01:37:36.486694Z","level":"info","event":"Filling up the DagBag from /home/airflow/.local/lib/python3.13/site-packages/airflow/example_dags/example_outlet_event_extra.py","logger":"airflow.dag_processing.dagbag.BundleDagBag","filename":"dagbag.py","lineno":469}
{"timestamp":"2026-04-26T01:38:08.237538Z","level":"info","event":"Filling up the DagBag from /home/airflow/.local/lib/python3.13/site-packages/airflow/example_dags/example_outlet_event_extra.py","logger":"airflow.dag_processing.dagbag.BundleDagBag","filename":"dagbag.py","lineno":469}
{"timestamp":"2026-04-26T01:38:39.380075Z","level":"info","event":"Filling up the DagBag from /home/airflow/.local/lib/python3.13/site-packages/airflow/example_dags/example_outlet_event_extra.py","logger":"airflow.dag_processing.dagbag.BundleDagBag","filename":"dagbag.py","lineno":469}
{"timestamp":"2026-04-26T01:39:10.477914Z","level":"info","event":"Filling up the DagBag from /home/airflow/.local/lib/python3.13/site-packages/airflow/example_dags/example_outlet_event_extra.py","logger":"airflow.dag_processing.dagbag.BundleDagBag","filename":"dagbag.py","lineno":469}
{"timestamp":"2026-04-26T01:39:41.959475Z","level":"info","event":"Filling up the DagBag from /home/airflow/.local/lib/python3.13/site-packages/airflow/example_dags/example_outlet_event_extra.py","logger":"airflow.dag_processing.dagbag.BundleDagBag","filename":"dagbag.py","lineno":469}
{"timestamp":"2026-04-26T01:40:15.075191Z","level":"info","event":"Filling up the DagBag from /home/airflow/.local/lib/python3.13/site-packages/airflow/example_dags/example_outlet_event_extra.py","logger":"airflow.dag_processing.dagbag.BundleDagBag","filename":"dagbag.py","lineno":469}
{"timestamp":"2026-04-26T01:40:46.908027Z","level":"info","event":"Filling up the DagBag from /home/airflow/.local/lib/python3.13/site-packages/airflow/example_dags/example_outlet_event_extra.py","logger":"airflow.dag_processing.dagbag.BundleDagBag","filename":"dagbag.py","lineno":469}
{"timestamp":"2026-04-26T01:41:18.279858Z","level":"info","event":"Filling up the DagBag from /home/airflow/.local/lib/python3.13/site-packages/airflow/example_dags/example_outlet_event_extra.py","logger":"airflow.dag_processing.dagbag.BundleDagBag","filename":"dagbag.py","lineno":469}
{"timestamp":"2026-04-26T01:41:49.510033Z","level":"info","event":"Filling up the DagBag from /home/airflow/.local/lib/python3.13/site-packages/airflow/example_dags/example_outlet_event_extra.py","logger":"airflow.dag_processing.dagbag.BundleDagBag","filename":"dagbag.py","lineno":469}
{"timestamp":"2026-04-26T01:42:22.174234Z","level":"info","event":"Filling up the DagBag from /home/airflow/.local/lib/python3.13/site-packages/airflow/example_dags/example_outlet_event_extra.py","logger":"airflow.dag_processing.dagbag.BundleDagBag","filename":"dagbag.py","lineno":469}
{"timestamp":"2026-04-26T01:42:53.736654Z","level":"info","event":"Filling up the DagBag from /home/airflow/.local/lib/python3.13/site-packages/airflow/example_dags/example_outlet_event_extra.py","logger":"airflow.dag_processing.dagbag.BundleDagBag","filename":"dagbag.py","lineno":469}
{"timestamp":"2026-04-26T01:43:27.645098Z","level":"info","event":"Filling up the DagBag from /home/airflow/.local/lib/python3.13/site-packages/airflow/example_dags/example_outlet_event_extra.py","logger":"airflow.dag_processing.dagbag.BundleDagBag","filename":"dagbag.py","lineno":469}
{"timestamp":"2026-04-26T01:43:59.366822Z","level":"info","event":"Filling up the DagBag from /home/airflow/.local/lib/python3.13/site-packages/airflow/example_dags/example_outlet_event_extra.py","logger":"airflow.dag_processing.dagbag.BundleDagBag","filename":"dagbag.py","lineno":469}
{"timestamp":"2026-04-26T01:44:30.662162Z","level":"info","event":"Filling up the DagBag from /home/airflow/.local/lib/python3.13/site-packages/airflow/example_dags/example_outlet_event_extra.py","logger":"airflow.dag_processing.dagbag.BundleDagBag","filename":"dagbag.py","lineno":469}
{"timestamp":"2026-04-26T01:45:02.397863Z","level":"info","event":"Filling up the DagBag from /home/airflow/.local/lib/python3.13/site-packages/airflow/example_dags/example_outlet_event_extra.py","logger":"airflow.dag_processing.dagbag.BundleDagBag","filename":"dagbag.py","lineno":469}
{"timestamp":"2026-04-26T01:45:34.456627Z","level":"info","event":"Filling up the DagBag from /home/airflow/.local/lib/python3.13/site-packages/airflow/example_dags/example_outlet_event_extra.py","logger":"airflow.dag_processing.dagbag.BundleDagBag","filename":"dagbag.py","lineno":469}
{"timestamp":"2026-04-26T01:46:07.112459Z","level":"info","event":"Filling up the DagBag from /home/airflow/.local/lib/python3.13/site-packages/airflow/example_dags/example_outlet_event_extra.py","logger":"airflow.dag_processing.dagbag.BundleDagBag","filename":"dagbag.py","lineno":469}
{"timestamp":"2026-04-26T01:46:40.019929Z","level":"info","event":"Filling up the DagBag from /home/airflow/.local/lib/python3.13/site-packages/airflow/example_dags/example_outlet_event_extra.py","logger":"airflow.dag_processing.dagbag.BundleDagBag","filename":"dagbag.py","lineno":469}
{"timestamp":"2026-04-26T01:47:12.009779Z","level":"info","event":"Filling up the DagBag from /home/airflow/.local/lib/python3.13/site-packages/airflow/example_dags/example_outlet_event_extra.py","logger":"airflow.dag_processing.dagbag.BundleDagBag","filename":"dagbag.py","lineno":469}
{"timestamp":"2026-04-26T01:47:43.500831Z","level":"info","event":"Filling up the DagBag from /home/airflow/.local/lib/python3.13/site-packages/airflow/example_dags/example_outlet_event_extra.py","logger":"airflow.dag_processing.dagbag.BundleDagBag","filename":"dagbag.py","lineno":469}
{"timestamp":"2026-04-26T01:48:15.048610Z","level":"info","event":"Filling up the DagBag from /home/airflow/.local/lib/python3.13/site-packages/airflow/example_dags/example_outlet_event_extra.py","logger":"airflow.dag_processing.dagbag.BundleDagBag","filename":"dagbag.py","lineno":469}
{"timestamp":"2026-04-26T01:48:49.410952Z","level":"info","event":"Filling up the DagBag from /home/airflow/.local/lib/python3.13/site-packages/airflow/example_dags/example_outlet_event_extra.py","logger":"airflow.dag_processing.dagbag.BundleDagBag","filename":"dagbag.py","lineno":469}
{"timestamp":"2026-04-26T01:49:21.583862Z","level":"info","event":"Filling up the DagBag from /home/airflow/.local/lib/python3.13/site-packages/airflow/example_dags/example_outlet_event_extra.py","logger":"airflow.dag_processing.dagbag.BundleDagBag","filename":"dagbag.py","lineno":469}
{"timestamp":"2026-04-26T01:49:58.765246Z","level":"info","event":"Filling up the DagBag from /home/airflow/.local/lib/python3.13/site-packages/airflow/example_dags/example_outlet_event_extra.py","logger":"airflow.dag_processing.dagbag.BundleDagBag","filename":"dagbag.py","lineno":469}
{"timestamp":"2026-04-26T01:50:30.574734Z","level":"info","event":"Filling up the DagBag from /home/airflow/.local/lib/python3.13/site-packages/airflow/example_dags/example_outlet_event_extra.py","logger":"airflow.dag_processing.dagbag.BundleDagBag","filename":"dagbag.py","lineno":469}
{"timestamp":"2026-04-26T01:51:03.503710Z","level":"info","event":"Filling up the DagBag from /home/airflow/.local/lib/python3.13/site-packages/airflow/example_dags/example_outlet_event_extra.py","logger":"airflow.dag_processing.dagbag.BundleDagBag","filename":"dagbag.py","lineno":469}
{"timestamp":"2026-04-26T01:51:37.915650Z","level":"info","event":"Filling up the DagBag from /home/airflow/.local/lib/python3.13/site-packages/airflow/example_dags/example_outlet_event_extra.py","logger":"airflow.dag_processing.dagbag.BundleDagBag","filename":"dagbag.py","lineno":469}
{"timestamp":"2026-04-26T01:52:51.292643Z","level":"info","event":"Filling up the DagBag from /home/airflow/.local/lib/python3.13/site-packages/airflow/example_dags/example_outlet_event_extra.py","logger":"airflow.dag_processing.dagbag.BundleDagBag","filename":"dagbag.py","lineno":469}
{"timestamp":"2026-04-26T01:53:21.812458Z","level":"error","event":"Process timed out, PID: 62410","logger":"airflow.dag_processing.importers.python_importer","filename":"python_importer.py","lineno":62}
{"timestamp":"2026-04-26T01:53:21.931826Z","level":"error","event":"Failed to import: /home/airflow/.local/lib/python3.13/site-packages/airflow/example_dags/example_outlet_event_extra.py","logger":"airflow.dag_processing.importers.python_importer","filename":"python_importer.py","lineno":244,"error_detail":[{"exc_type":"AirflowTaskTimeout","exc_value":"DagBag import timeout for /home/airflow/.local/lib/python3.13/site-packages/airflow/example_dags/example_outlet_event_extra.py after 30.0s.\nPlease take a look at these docs to improve your DAG import time:\n* https://airflow.apache.org/docs/apache-airflow/3.2.1/best-practices.html#top-level-python-code\n* https://airflow.apache.org/docs/apache-airflow/3.2.1/best-practices.html#reducing-dag-complexity, PID: 62410","exc_notes":[],"syntax_error":null,"is_cause":false,"frames":[{"filename":"/home/airflow/.local/lib/python3.13/site-packages/airflow/dag_processing/importers/python_importer.py","lineno":238,"name":"parse"},{"filename":"<frozen importlib._bootstrap_external>","lineno":1023,"name":"exec_module"},{"filename":"<frozen importlib._bootstrap>","lineno":488,"name":"_call_with_frames_removed"},{"filename":"/home/airflow/.local/lib/python3.13/site-packages/airflow/example_dags/example_outlet_event_extra.py","lineno":31,"name":"<module>"},{"filename":"/home/airflow/.local/lib/python3.13/site-packages/airflow/sdk/definitions/asset/__init__.py","lineno":349,"name":"__init__"},{"filename":"<attrs generated methods airflow.sdk.definitions.asset.Asset>","lineno":19,"name":"__attrs_init__"},{"filename":"/home/airflow/.local/lib/python3.13/site-packages/airflow/sdk/definitions/asset/__init__.py","lineno":181,"name":"_sanitize_uri"},{"filename":"/home/airflow/.local/lib/python3.13/site-packages/airflow/sdk/definitions/asset/__init__.py","lineno":135,"name":"_get_uri_normalizer"},{"filename":"/home/airflow/.local/lib/python3.13/site-packages/airflow/sdk/providers_manager_runtime.py","lineno":598,"name":"asset_uri_handlers"},{"filename":"/home/airflow/.local/lib/python3.13/site-packages/airflow/sdk/_shared/providers_discovery/providers_discovery.py","lineno":286,"name":"wrapped_function"},{"filename":"/home/airflow/.local/lib/python3.13/site-packages/airflow/sdk/providers_manager_runtime.py","lineno":209,"name":"initialize_providers_asset_uri_resources"},{"filename":"/home/airflow/.local/lib/python3.13/site-packages/airflow/sdk/providers_manager_runtime.py","lineno":505,"name":"_discover_asset_uri_resources"},{"filename":"/home/airflow/.local/lib/python3.13/site-packages/airflow/sdk/providers_manager_runtime.py","lineno":493,"name":"_safe_register_resource"},{"filename":"/home/airflow/.local/lib/python3.13/site-packages/airflow/sdk/providers_manager_runtime.py","lineno":74,"name":"_correctness_check"},{"filename":"/home/airflow/.local/lib/python3.13/site-packages/airflow/sdk/_shared/module_loading/__init__.py","lineno":58,"name":"import_string"},{"filename":"/usr/python/lib/python3.13/importlib/__init__.py","lineno":88,"name":"import_module"},{"filename":"<frozen importlib._bootstrap>","lineno":1395,"name":"_gcd_import"},{"filename":"<frozen importlib._bootstrap>","lineno":1360,"name":"_find_and_load"},{"filename":"<frozen importlib._bootstrap>","lineno":1331,"name":"_find_and_load_unlocked"},{"filename":"<frozen importlib._bootstrap>","lineno":935,"name":"_load_unlocked"},{"filename":"<frozen importlib._bootstrap_external>","lineno":1023,"name":"exec_module"},{"filename":"<frozen importlib._bootstrap>","lineno":488,"name":"_call_with_frames_removed"},{"filename":"/home/airflow/.local/lib/python3.13/site-packages/airflow/providers/google/assets/gcs.py","lineno":22,"name":"<module>"},{"filename":"/home/airflow/.local/lib/python3.13/site-packages/airflow/providers/google/cloud/hooks/gcs.py","lineno":40,"name":"<module>"},{"filename":"/home/airflow/.local/lib/python3.13/site-packages/google/cloud/storage/__init__.py","lineno":35,"name":"<module>"},{"filename":"/home/airflow/.local/lib/python3.13/site-packages/google/cloud/storage/batch.py","lineno":42,"name":"<module>"},{"filename":"/home/airflow/.local/lib/python3.13/site-packages/google/cloud/_helpers/__init__.py","lineno":32,"name":"<module>"},{"filename":"/home/airflow/.local/lib/python3.13/site-packages/google/protobuf/duration_pb2.py","lineno":7,"name":"<module>"},{"filename":"/home/airflow/.local/lib/python3.13/site-packages/google/protobuf/descriptor.py","lineno":21,"name":"<module>"},{"filename":"/home/airflow/.local/lib/python3.13/site-packages/google/protobuf/internal/api_implementation.py","lineno":53,"name":"<module>"},{"filename":"/home/airflow/.local/lib/python3.13/site-packages/google/protobuf/internal/api_implementation.py","lineno":43,"name":"_CanImport"},{"filename":"/usr/python/lib/python3.13/importlib/__init__.py","lineno":88,"name":"import_module"},{"filename":"<frozen abc>","lineno":110,"name":"register"},{"filename":"/home/airflow/.local/lib/python3.13/site-packages/airflow/dag_processing/importers/python_importer.py","lineno":65,"name":"handle_timeout"}],"is_group":false,"exceptions":[]}]}
{"timestamp":"2026-04-26T01:53:22.174614Z","level":"error","event":"Error loading DAG from example_outlet_event_extra.py: DagBag import timeout for /home/airflow/.local/lib/python3.13/site-packages/airflow/example_dags/example_outlet_event_extra.py after 30.0s.\nPlease take a look at these docs to improve your DAG import time:\n* https://airflow.apache.org/docs/apache-airflow/3.2.1/best-practices.html#top-level-python-code\n* https://airflow.apache.org/docs/apache-airflow/3.2.1/best-practices.html#reducing-dag-complexity, PID: 62410","logger":"airflow.dag_processing.dagbag.BundleDagBag","filename":"dagbag.py","lineno":327}
{"timestamp":"2026-04-26T01:55:40.327783Z","level":"info","event":"Filling up the DagBag from /home/airflow/.local/lib/python3.13/site-packages/airflow/example_dags/example_outlet_event_extra.py","logger":"airflow.dag_processing.dagbag.BundleDagBag","filename":"dagbag.py","lineno":469}
{"timestamp":"2026-04-26T01:56:13.636122Z","level":"info","event":"Filling up the DagBag from /home/airflow/.local/lib/python3.13/site-packages/airflow/example_dags/example_outlet_event_extra.py","logger":"airflow.dag_processing.dagbag.BundleDagBag","filename":"dagbag.py","lineno":469}
{"timestamp":"2026-04-26T01:56:45.154416Z","level":"info","event":"Filling up the DagBag from /home/airflow/.local/lib/python3.13/site-packages/airflow/example_dags/example_outlet_event_extra.py","logger":"airflow.dag_processing.dagbag.BundleDagBag","filename":"dagbag.py","lineno":469}
{"timestamp":"2026-04-26T01:57:16.521874Z","level":"info","event":"Filling up the DagBag from /home/airflow/.local/lib/python3.13/site-packages/airflow/example_dags/example_outlet_event_extra.py","logger":"airflow.dag_processing.dagbag.BundleDagBag","filename":"dagbag.py","lineno":469}
{"timestamp":"2026-04-26T01:57:48.015144Z","level":"info","event":"Filling up the DagBag from /home/airflow/.local/lib/python3.13/site-packages/airflow/example_dags/example_outlet_event_extra.py","logger":"airflow.dag_processing.dagbag.BundleDagBag","filename":"dagbag.py","lineno":469}
{"timestamp":"2026-04-26T01:58:19.670008Z","level":"info","event":"Filling up the DagBag from /home/airflow/.local/lib/python3.13/site-packages/airflow/example_dags/example_outlet_event_extra.py","logger":"airflow.dag_processing.dagbag.BundleDagBag","filename":"dagbag.py","lineno":469}
{"timestamp":"2026-04-26T01:58:55.533565Z","level":"info","event":"Filling up the DagBag from /home/airflow/.local/lib/python3.13/site-packages/airflow/example_dags/example_outlet_event_extra.py","logger":"airflow.dag_processing.dagbag.BundleDagBag","filename":"dagbag.py","lineno":469}
{"timestamp":"2026-04-26T01:59:26.651146Z","level":"info","event":"Filling up the DagBag from /home/airflow/.local/lib/python3.13/site-packages/airflow/example_dags/example_outlet_event_extra.py","logger":"airflow.dag_processing.dagbag.BundleDagBag","filename":"dagbag.py","lineno":469}
{"timestamp":"2026-04-26T01:59:58.707936Z","level":"info","event":"Filling up the DagBag from /home/airflow/.local/lib/python3.13/site-packages/airflow/example_dags/example_outlet_event_extra.py","logger":"airflow.dag_processing.dagbag.BundleDagBag","filename":"dagbag.py","lineno":469}
{"timestamp":"2026-04-26T02:01:09.856902Z","level":"info","event":"Filling up the DagBag from /home/airflow/.local/lib/python3.13/site-packages/airflow/example_dags/example_outlet_event_extra.py","logger":"airflow.dag_processing.dagbag.BundleDagBag","filename":"dagbag.py","lineno":469}
{"timestamp":"2026-04-26T02:01:42.653262Z","level":"info","event":"Filling up the DagBag from /home/airflow/.local/lib/python3.13/site-packages/airflow/example_dags/example_outlet_event_extra.py","logger":"airflow.dag_processing.dagbag.BundleDagBag","filename":"dagbag.py","lineno":469}
{"timestamp":"2026-04-26T02:02:16.925173Z","level":"info","event":"Filling up the DagBag from /home/airflow/.local/lib/python3.13/site-packages/airflow/example_dags/example_outlet_event_extra.py","logger":"airflow.dag_processing.dagbag.BundleDagBag","filename":"dagbag.py","lineno":469}
{"timestamp":"2026-04-26T02:02:48.699096Z","level":"info","event":"Filling up the DagBag from /home/airflow/.local/lib/python3.13/site-packages/airflow/example_dags/example_outlet_event_extra.py","logger":"airflow.dag_processing.dagbag.BundleDagBag","filename":"dagbag.py","lineno":469}
{"timestamp":"2026-04-26T02:03:21.522637Z","level":"info","event":"Filling up the DagBag from /home/airflow/.local/lib/python3.13/site-packages/airflow/example_dags/example_outlet_event_extra.py","logger":"airflow.dag_processing.dagbag.BundleDagBag","filename":"dagbag.py","lineno":469}
{"timestamp":"2026-04-26T02:03:53.690113Z","level":"info","event":"Filling up the DagBag from /home/airflow/.local/lib/python3.13/site-packages/airflow/example_dags/example_outlet_event_extra.py","logger":"airflow.dag_processing.dagbag.BundleDagBag","filename":"dagbag.py","lineno":469}
{"timestamp":"2026-04-26T02:04:24.526367Z","level":"info","event":"Filling up the DagBag from /home/airflow/.local/lib/python3.13/site-packages/airflow/example_dags/example_outlet_event_extra.py","logger":"airflow.dag_processing.dagbag.BundleDagBag","filename":"dagbag.py","lineno":469}
{"timestamp":"2026-04-26T02:04:57.820285Z","level":"info","event":"Filling up the DagBag from /home/airflow/.local/lib/python3.13/site-packages/airflow/example_dags/example_outlet_event_extra.py","logger":"airflow.dag_processing.dagbag.BundleDagBag","filename":"dagbag.py","lineno":469}
{"timestamp":"2026-04-26T02:05:30.900885Z","level":"info","event":"Filling up the DagBag from /home/airflow/.local/lib/python3.13/site-packages/airflow/example_dags/example_outlet_event_extra.py","logger":"airflow.dag_processing.dagbag.BundleDagBag","filename":"dagbag.py","lineno":469}
{"timestamp":"2026-04-26T02:06:02.502558Z","level":"info","event":"Filling up the DagBag from /home/airflow/.local/lib/python3.13/site-packages/airflow/example_dags/example_outlet_event_extra.py","logger":"airflow.dag_processing.dagbag.BundleDagBag","filename":"dagbag.py","lineno":469}
{"timestamp":"2026-04-26T02:06:34.434805Z","level":"info","event":"Filling up the DagBag from /home/airflow/.local/lib/python3.13/site-packages/airflow/example_dags/example_outlet_event_extra.py","logger":"airflow.dag_processing.dagbag.BundleDagBag","filename":"dagbag.py","lineno":469}
{"timestamp":"2026-04-26T02:07:05.541506Z","level":"info","event":"Filling up the DagBag from /home/airflow/.local/lib/python3.13/site-packages/airflow/example_dags/example_outlet_event_extra.py","logger":"airflow.dag_processing.dagbag.BundleDagBag","filename":"dagbag.py","lineno":469}
{"timestamp":"2026-04-26T02:07:36.739708Z","level":"info","event":"Filling up the DagBag from /home/airflow/.local/lib/python3.13/site-packages/airflow/example_dags/example_outlet_event_extra.py","logger":"airflow.dag_processing.dagbag.BundleDagBag","filename":"dagbag.py","lineno":469}
{"timestamp":"2026-04-26T02:08:08.267912Z","level":"info","event":"Filling up the DagBag from /home/airflow/.local/lib/python3.13/site-packages/airflow/example_dags/example_outlet_event_extra.py","logger":"airflow.dag_processing.dagbag.BundleDagBag","filename":"dagbag.py","lineno":469}
{"timestamp":"2026-04-26T02:08:40.983823Z","level":"info","event":"Filling up the DagBag from /home/airflow/.local/lib/python3.13/site-packages/airflow/example_dags/example_outlet_event_extra.py","logger":"airflow.dag_processing.dagbag.BundleDagBag","filename":"dagbag.py","lineno":469}
{"timestamp":"2026-04-26T02:09:13.250352Z","level":"info","event":"Filling up the DagBag from /home/airflow/.local/lib/python3.13/site-packages/airflow/example_dags/example_outlet_event_extra.py","logger":"airflow.dag_processing.dagbag.BundleDagBag","filename":"dagbag.py","lineno":469}
{"timestamp":"2026-04-26T02:09:45.488462Z","level":"info","event":"Filling up the DagBag from /home/airflow/.local/lib/python3.13/site-packages/airflow/example_dags/example_outlet_event_extra.py","logger":"airflow.dag_processing.dagbag.BundleDagBag","filename":"dagbag.py","lineno":469}
{"timestamp":"2026-04-26T02:10:17.307347Z","level":"info","event":"Filling up the DagBag from /home/airflow/.local/lib/python3.13/site-packages/airflow/example_dags/example_outlet_event_extra.py","logger":"airflow.dag_processing.dagbag.BundleDagBag","filename":"dagbag.py","lineno":469}
{"timestamp":"2026-04-26T02:10:48.549875Z","level":"info","event":"Filling up the DagBag from /home/airflow/.local/lib/python3.13/site-packages/airflow/example_dags/example_outlet_event_extra.py","logger":"airflow.dag_processing.dagbag.BundleDagBag","filename":"dagbag.py","lineno":469}
{"timestamp":"2026-04-26T02:11:20.744206Z","level":"info","event":"Filling up the DagBag from /home/airflow/.local/lib/python3.13/site-packages/airflow/example_dags/example_outlet_event_extra.py","logger":"airflow.dag_processing.dagbag.BundleDagBag","filename":"dagbag.py","lineno":469}
{"timestamp":"2026-04-26T02:11:52.468933Z","level":"info","event":"Filling up the DagBag from /home/airflow/.local/lib/python3.13/site-packages/airflow/example_dags/example_outlet_event_extra.py","logger":"airflow.dag_processing.dagbag.BundleDagBag","filename":"dagbag.py","lineno":469}
{"timestamp":"2026-04-26T02:12:24.047109Z","level":"info","event":"Filling up the DagBag from /home/airflow/.local/lib/python3.13/site-packages/airflow/example_dags/example_outlet_event_extra.py","logger":"airflow.dag_processing.dagbag.BundleDagBag","filename":"dagbag.py","lineno":469}
{"timestamp":"2026-04-26T02:12:56.367638Z","level":"info","event":"Filling up the DagBag from /home/airflow/.local/lib/python3.13/site-packages/airflow/example_dags/example_outlet_event_extra.py","logger":"airflow.dag_processing.dagbag.BundleDagBag","filename":"dagbag.py","lineno":469}
{"timestamp":"2026-04-26T02:13:28.780183Z","level":"info","event":"Filling up the DagBag from /home/airflow/.local/lib/python3.13/site-packages/airflow/example_dags/example_outlet_event_extra.py","logger":"airflow.dag_processing.dagbag.BundleDagBag","filename":"dagbag.py","lineno":469}
{"timestamp":"2026-04-26T02:14:00.901613Z","level":"info","event":"Filling up the DagBag from /home/airflow/.local/lib/python3.13/site-packages/airflow/example_dags/example_outlet_event_extra.py","logger":"airflow.dag_processing.dagbag.BundleDagBag","filename":"dagbag.py","lineno":469}
{"timestamp":"2026-04-26T02:14:32.342246Z","level":"info","event":"Filling up the DagBag from /home/airflow/.local/lib/python3.13/site-packages/airflow/example_dags/example_outlet_event_extra.py","logger":"airflow.dag_processing.dagbag.BundleDagBag","filename":"dagbag.py","lineno":469}
{"timestamp":"2026-04-26T02:15:03.905694Z","level":"info","event":"Filling up the DagBag from /home/airflow/.local/lib/python3.13/site-packages/airflow/example_dags/example_outlet_event_extra.py","logger":"airflow.dag_processing.dagbag.BundleDagBag","filename":"dagbag.py","lineno":469}
{"timestamp":"2026-04-26T02:15:35.048128Z","level":"info","event":"Filling up the DagBag from /home/airflow/.local/lib/python3.13/site-packages/airflow/example_dags/example_outlet_event_extra.py","logger":"airflow.dag_processing.dagbag.BundleDagBag","filename":"dagbag.py","lineno":469}
{"timestamp":"2026-04-26T02:16:06.895021Z","level":"info","event":"Filling up the DagBag from /home/airflow/.local/lib/python3.13/site-packages/airflow/example_dags/example_outlet_event_extra.py","logger":"airflow.dag_processing.dagbag.BundleDagBag","filename":"dagbag.py","lineno":469}
{"timestamp":"2026-04-26T02:16:41.489351Z","level":"info","event":"Filling up the DagBag from /home/airflow/.local/lib/python3.13/site-packages/airflow/example_dags/example_outlet_event_extra.py","logger":"airflow.dag_processing.dagbag.BundleDagBag","filename":"dagbag.py","lineno":469}
