{"timestamp":"2026-05-05T19:45:05.571057Z","level":"info","event":"DAG bundles loaded: dags-folder, example_dags","logger":"airflow.dag_processing.bundles.manager.DagBundlesManager","filename":"manager.py","lineno":209}
{"timestamp":"2026-05-05T19:45:05.609494Z","level":"info","event":"Filling up the DagBag from /opt/airflow/dags/dbt_pipeline.py","logger":"airflow.dag_processing.dagbag.BundleDagBag","filename":"dagbag.py","lineno":469}
{"timestamp":"2026-05-05T19:45:06.031337Z","level":"warning","event":"The `airflow.operators.bash.BashOperator` attribute is deprecated. Please use `'airflow.providers.standard.operators.bash.BashOperator'`.","category":"UserWarning","filename":"/opt/airflow/dags/dbt_pipeline.py","lineno":2,"logger":"py.warnings"}
{"timestamp":"2026-05-05T19:45:06.512076Z","level":"info","event":"Task instance is in running state","logger":"task.stdout"}
{"timestamp":"2026-05-05T19:45:06.513054Z","level":"info","event":" Previous state of the Task instance: TaskInstanceState.QUEUED","logger":"task.stdout"}
{"timestamp":"2026-05-05T19:45:06.516513Z","level":"info","event":"Current task name:dbt_run","logger":"task.stdout"}
{"timestamp":"2026-05-05T19:45:06.518574Z","level":"info","event":"Dag name:hgc_transformaciones_dbt","logger":"task.stdout"}
{"timestamp":"2026-05-05T19:45:06.522301Z","level":"info","event":"Tmp dir root location: /tmp","logger":"airflow.task.hooks.airflow.providers.standard.hooks.subprocess.SubprocessHook","filename":"subprocess.py","lineno":78}
{"timestamp":"2026-05-05T19:45:06.539606Z","level":"info","event":"Running command: ['/usr/bin/bash', '-c', \"cd '/opt/airflow/dbt' && dbt clean && dbt deps && dbt run --profiles-dir .\"]","logger":"airflow.task.hooks.airflow.providers.standard.hooks.subprocess.SubprocessHook","filename":"subprocess.py","lineno":80}
{"timestamp":"2026-05-05T19:45:06.548801Z","level":"info","event":"Output:","logger":"airflow.task.hooks.airflow.providers.standard.hooks.subprocess.SubprocessHook","filename":"subprocess.py","lineno":92}
{"timestamp":"2026-05-05T19:45:14.827548Z","level":"info","event":"\u001b[0m19:45:14  Running with dbt=1.11.8","logger":"airflow.task.hooks.airflow.providers.standard.hooks.subprocess.SubprocessHook","filename":"subprocess.py","lineno":99}
{"timestamp":"2026-05-05T19:45:15.450193Z","level":"info","event":"\u001b[0m19:45:15  Checking /opt/airflow/dbt/dbt_packages/*","logger":"airflow.task.hooks.airflow.providers.standard.hooks.subprocess.SubprocessHook","filename":"subprocess.py","lineno":99}
{"timestamp":"2026-05-05T19:45:17.241253Z","level":"info","event":"\u001b[0m19:45:17  Cleaned /opt/airflow/dbt/dbt_packages/*","logger":"airflow.task.hooks.airflow.providers.standard.hooks.subprocess.SubprocessHook","filename":"subprocess.py","lineno":99}
{"timestamp":"2026-05-05T19:45:17.241943Z","level":"info","event":"\u001b[0m19:45:17  Checking /opt/airflow/dbt/target/*","logger":"airflow.task.hooks.airflow.providers.standard.hooks.subprocess.SubprocessHook","filename":"subprocess.py","lineno":99}
{"timestamp":"2026-05-05T19:45:18.521289Z","level":"info","event":"\u001b[0m19:45:18  Cleaned /opt/airflow/dbt/target/*","logger":"airflow.task.hooks.airflow.providers.standard.hooks.subprocess.SubprocessHook","filename":"subprocess.py","lineno":99}
{"timestamp":"2026-05-05T19:45:18.521966Z","level":"info","event":"\u001b[0m19:45:18  Finished cleaning all paths.","logger":"airflow.task.hooks.airflow.providers.standard.hooks.subprocess.SubprocessHook","filename":"subprocess.py","lineno":99}
{"timestamp":"2026-05-05T19:45:24.762243Z","level":"info","event":"\u001b[0m19:45:24  Running with dbt=1.11.8","logger":"airflow.task.hooks.airflow.providers.standard.hooks.subprocess.SubprocessHook","filename":"subprocess.py","lineno":99}
{"timestamp":"2026-05-05T19:45:29.147945Z","level":"info","event":"\u001b[0m19:45:29  Installing dbt-labs/dbt_utils","logger":"airflow.task.hooks.airflow.providers.standard.hooks.subprocess.SubprocessHook","filename":"subprocess.py","lineno":99}
{"timestamp":"2026-05-05T19:45:35.775352Z","level":"info","event":"\u001b[0m19:45:35  Installed from version 1.1.0","logger":"airflow.task.hooks.airflow.providers.standard.hooks.subprocess.SubprocessHook","filename":"subprocess.py","lineno":99}
{"timestamp":"2026-05-05T19:45:35.777202Z","level":"info","event":"\u001b[0m19:45:35  Updated version available: 1.3.3","logger":"airflow.task.hooks.airflow.providers.standard.hooks.subprocess.SubprocessHook","filename":"subprocess.py","lineno":99}
{"timestamp":"2026-05-05T19:45:35.780364Z","level":"info","event":"\u001b[0m19:45:35","logger":"airflow.task.hooks.airflow.providers.standard.hooks.subprocess.SubprocessHook","filename":"subprocess.py","lineno":99}
{"timestamp":"2026-05-05T19:45:35.781969Z","level":"info","event":"\u001b[0m19:45:35  Updates available for packages: ['dbt-labs/dbt_utils']","logger":"airflow.task.hooks.airflow.providers.standard.hooks.subprocess.SubprocessHook","filename":"subprocess.py","lineno":99}
{"timestamp":"2026-05-05T19:45:35.782250Z","level":"info","event":"Update your versions in packages.yml, then run dbt deps","logger":"airflow.task.hooks.airflow.providers.standard.hooks.subprocess.SubprocessHook","filename":"subprocess.py","lineno":99}
{"timestamp":"2026-05-05T19:45:44.068374Z","level":"info","event":"\u001b[0m19:45:44  Running with dbt=1.11.8","logger":"airflow.task.hooks.airflow.providers.standard.hooks.subprocess.SubprocessHook","filename":"subprocess.py","lineno":99}
{"timestamp":"2026-05-05T19:45:47.327109Z","level":"info","event":"/home/airflow/.local/lib/python3.13/site-packages/snowflake/connector/vendored/requests/__init__.py:113: RequestsDependencyWarning: urllib3 (2.6.3) or chardet (6.0.0.post1)/charset_normalizer (3.4.7) doesn't match a supported version!","logger":"airflow.task.hooks.airflow.providers.standard.hooks.subprocess.SubprocessHook","filename":"subprocess.py","lineno":99}
{"timestamp":"2026-05-05T19:45:47.327424Z","level":"info","event":"  warnings.warn(","logger":"airflow.task.hooks.airflow.providers.standard.hooks.subprocess.SubprocessHook","filename":"subprocess.py","lineno":99}
{"timestamp":"2026-05-05T19:45:48.403957Z","level":"info","event":"\u001b[0m19:45:48  Registered adapter: snowflake=1.11.4","logger":"airflow.task.hooks.airflow.providers.standard.hooks.subprocess.SubprocessHook","filename":"subprocess.py","lineno":99}
{"timestamp":"2026-05-05T19:45:48.724322Z","level":"info","event":"\u001b[0m19:45:48  Encountered an error:","logger":"airflow.task.hooks.airflow.providers.standard.hooks.subprocess.SubprocessHook","filename":"subprocess.py","lineno":99}
{"timestamp":"2026-05-05T19:45:48.724545Z","level":"info","event":"Runtime Error","logger":"airflow.task.hooks.airflow.providers.standard.hooks.subprocess.SubprocessHook","filename":"subprocess.py","lineno":99}
{"timestamp":"2026-05-05T19:45:48.724622Z","level":"info","event":"  Failed to read package: Runtime Error","logger":"airflow.task.hooks.airflow.providers.standard.hooks.subprocess.SubprocessHook","filename":"subprocess.py","lineno":99}
{"timestamp":"2026-05-05T19:45:48.724681Z","level":"info","event":"    No dbt_project.yml found at expected path /opt/airflow/dbt/dbt_packages/dbt_utils/dbt_project.yml","logger":"airflow.task.hooks.airflow.providers.standard.hooks.subprocess.SubprocessHook","filename":"subprocess.py","lineno":99}
{"timestamp":"2026-05-05T19:45:48.724772Z","level":"info","event":"    Verify that each entry within packages.yml (and their transitive dependencies) contains a file named dbt_project.yml","logger":"airflow.task.hooks.airflow.providers.standard.hooks.subprocess.SubprocessHook","filename":"subprocess.py","lineno":99}
{"timestamp":"2026-05-05T19:45:48.724873Z","level":"info","event":"","logger":"airflow.task.hooks.airflow.providers.standard.hooks.subprocess.SubprocessHook","filename":"subprocess.py","lineno":99}
{"timestamp":"2026-05-05T19:45:48.724966Z","level":"info","event":"","logger":"airflow.task.hooks.airflow.providers.standard.hooks.subprocess.SubprocessHook","filename":"subprocess.py","lineno":99}
{"timestamp":"2026-05-05T19:45:48.725045Z","level":"info","event":"Error encountered in /opt/airflow/dbt/dbt_packages/dbt_utils","logger":"airflow.task.hooks.airflow.providers.standard.hooks.subprocess.SubprocessHook","filename":"subprocess.py","lineno":99}
{"timestamp":"2026-05-05T19:45:50.311838Z","level":"info","event":"Command exited with return code 2","logger":"airflow.task.hooks.airflow.providers.standard.hooks.subprocess.SubprocessHook","filename":"subprocess.py","lineno":103}
{"timestamp":"2026-05-05T19:45:50.316759Z","level":"error","event":"Task failed with exception","logger":"task","filename":"task_runner.py","lineno":1325,"error_detail":[{"exc_type":"AirflowException","exc_value":"Bash command failed. The command returned a non-zero exit code 2.","exc_notes":[],"syntax_error":null,"is_cause":false,"frames":[{"filename":"/home/airflow/.local/lib/python3.13/site-packages/airflow/sdk/execution_time/task_runner.py","lineno":1263,"name":"run"},{"filename":"/home/airflow/.local/lib/python3.13/site-packages/airflow/sdk/execution_time/task_runner.py","lineno":1678,"name":"_execute_task"},{"filename":"/home/airflow/.local/lib/python3.13/site-packages/airflow/sdk/bases/operator.py","lineno":443,"name":"wrapper"},{"filename":"/home/airflow/.local/lib/python3.13/site-packages/airflow/providers/standard/operators/bash.py","lineno":226,"name":"execute"}],"is_group":false,"exceptions":[]}]}
{"timestamp":"2026-05-05T19:45:50.912723Z","level":"info","event":"Task instance in failure state","logger":"task.stdout"}
{"timestamp":"2026-05-05T19:45:50.914335Z","level":"info","event":"Task start","logger":"task.stdout"}
{"timestamp":"2026-05-05T19:45:50.915376Z","level":"info","event":"Task:<Task(BashOperator): dbt_run>","logger":"task.stdout"}
{"timestamp":"2026-05-05T19:45:50.916275Z","level":"info","event":"Failure caused by Bash command failed. The command returned a non-zero exit code 2.","logger":"task.stdout"}
