{"timestamp":"2026-05-11T17:08:30.191439Z","level":"info","event":"DAG bundles loaded: dags-folder, example_dags","logger":"airflow.dag_processing.bundles.manager.DagBundlesManager","filename":"manager.py","lineno":209}
{"timestamp":"2026-05-11T17:08:30.210899Z","level":"info","event":"Filling up the DagBag from /opt/airflow/dags/dbt_pipeline.py","logger":"airflow.dag_processing.dagbag.BundleDagBag","filename":"dagbag.py","lineno":469}
{"timestamp":"2026-05-11T17:08:30.608730Z","level":"warning","event":"The `airflow.operators.bash.BashOperator` attribute is deprecated. Please use `'airflow.providers.standard.operators.bash.BashOperator'`.","category":"UserWarning","filename":"/opt/airflow/dags/dbt_pipeline.py","lineno":2,"logger":"py.warnings"}
{"timestamp":"2026-05-11T17:08:30.992111Z","level":"info","event":"Task instance is in running state","logger":"task.stdout"}
{"timestamp":"2026-05-11T17:08:30.993426Z","level":"info","event":" Previous state of the Task instance: TaskInstanceState.QUEUED","logger":"task.stdout"}
{"timestamp":"2026-05-11T17:08:30.994917Z","level":"info","event":"Current task name:dbt_run","logger":"task.stdout"}
{"timestamp":"2026-05-11T17:08:30.996224Z","level":"info","event":"Dag name:hgc_transformaciones_dbt","logger":"task.stdout"}
{"timestamp":"2026-05-11T17:08:31.005756Z","level":"info","event":"Tmp dir root location: /tmp","logger":"airflow.task.hooks.airflow.providers.standard.hooks.subprocess.SubprocessHook","filename":"subprocess.py","lineno":78}
{"timestamp":"2026-05-11T17:08:31.014296Z","level":"info","event":"Running command: ['/usr/bin/bash', '-c', \"cd '/opt/airflow/dbt' && dbt clean && dbt deps && dbt run --profiles-dir .\"]","logger":"airflow.task.hooks.airflow.providers.standard.hooks.subprocess.SubprocessHook","filename":"subprocess.py","lineno":80}
{"timestamp":"2026-05-11T17:08:31.022361Z","level":"info","event":"Output:","logger":"airflow.task.hooks.airflow.providers.standard.hooks.subprocess.SubprocessHook","filename":"subprocess.py","lineno":92}
{"timestamp":"2026-05-11T17:08:37.620700Z","level":"info","event":"\u001b[0m17:08:37  Running with dbt=1.11.8","logger":"airflow.task.hooks.airflow.providers.standard.hooks.subprocess.SubprocessHook","filename":"subprocess.py","lineno":99}
{"timestamp":"2026-05-11T17:08:38.645547Z","level":"info","event":"\u001b[0m17:08:38  Checking /opt/airflow/dbt/dbt_packages/*","logger":"airflow.task.hooks.airflow.providers.standard.hooks.subprocess.SubprocessHook","filename":"subprocess.py","lineno":99}
{"timestamp":"2026-05-11T17:08:38.806224Z","level":"info","event":"\u001b[0m17:08:38  Cleaned /opt/airflow/dbt/dbt_packages/*","logger":"airflow.task.hooks.airflow.providers.standard.hooks.subprocess.SubprocessHook","filename":"subprocess.py","lineno":99}
{"timestamp":"2026-05-11T17:08:38.807728Z","level":"info","event":"\u001b[0m17:08:38  Checking /opt/airflow/dbt/target/*","logger":"airflow.task.hooks.airflow.providers.standard.hooks.subprocess.SubprocessHook","filename":"subprocess.py","lineno":99}
{"timestamp":"2026-05-11T17:08:38.809936Z","level":"info","event":"\u001b[0m17:08:38  Cleaned /opt/airflow/dbt/target/*","logger":"airflow.task.hooks.airflow.providers.standard.hooks.subprocess.SubprocessHook","filename":"subprocess.py","lineno":99}
{"timestamp":"2026-05-11T17:08:38.811658Z","level":"info","event":"\u001b[0m17:08:38  Finished cleaning all paths.","logger":"airflow.task.hooks.airflow.providers.standard.hooks.subprocess.SubprocessHook","filename":"subprocess.py","lineno":99}
{"timestamp":"2026-05-11T17:08:47.329874Z","level":"info","event":"\u001b[0m17:08:47  Running with dbt=1.11.8","logger":"airflow.task.hooks.airflow.providers.standard.hooks.subprocess.SubprocessHook","filename":"subprocess.py","lineno":99}
{"timestamp":"2026-05-11T17:08:50.039093Z","level":"info","event":"\u001b[0m17:08:50  Installing dbt-labs/dbt_utils","logger":"airflow.task.hooks.airflow.providers.standard.hooks.subprocess.SubprocessHook","filename":"subprocess.py","lineno":99}
{"timestamp":"2026-05-11T17:09:12.615004Z","level":"info","event":"\u001b[0m17:09:12  Installed from version 1.1.0","logger":"airflow.task.hooks.airflow.providers.standard.hooks.subprocess.SubprocessHook","filename":"subprocess.py","lineno":99}
{"timestamp":"2026-05-11T17:09:12.635182Z","level":"info","event":"\u001b[0m17:09:12  Updated version available: 1.3.3","logger":"airflow.task.hooks.airflow.providers.standard.hooks.subprocess.SubprocessHook","filename":"subprocess.py","lineno":99}
{"timestamp":"2026-05-11T17:09:12.646217Z","level":"info","event":"\u001b[0m17:09:12","logger":"airflow.task.hooks.airflow.providers.standard.hooks.subprocess.SubprocessHook","filename":"subprocess.py","lineno":99}
{"timestamp":"2026-05-11T17:09:12.651961Z","level":"info","event":"\u001b[0m17:09:12  Updates available for packages: ['dbt-labs/dbt_utils']","logger":"airflow.task.hooks.airflow.providers.standard.hooks.subprocess.SubprocessHook","filename":"subprocess.py","lineno":99}
{"timestamp":"2026-05-11T17:09:12.653122Z","level":"info","event":"Update your versions in packages.yml, then run dbt deps","logger":"airflow.task.hooks.airflow.providers.standard.hooks.subprocess.SubprocessHook","filename":"subprocess.py","lineno":99}
{"timestamp":"2026-05-11T17:09:43.110611Z","level":"info","event":"\u001b[0m17:09:43  Running with dbt=1.11.8","logger":"airflow.task.hooks.airflow.providers.standard.hooks.subprocess.SubprocessHook","filename":"subprocess.py","lineno":99}
{"timestamp":"2026-05-11T17:09:48.073475Z","level":"info","event":"/home/airflow/.local/lib/python3.13/site-packages/snowflake/connector/vendored/requests/__init__.py:113: RequestsDependencyWarning: urllib3 (2.6.3) or chardet (6.0.0.post1)/charset_normalizer (3.4.7) doesn't match a supported version!","logger":"airflow.task.hooks.airflow.providers.standard.hooks.subprocess.SubprocessHook","filename":"subprocess.py","lineno":99}
{"timestamp":"2026-05-11T17:09:48.075959Z","level":"info","event":"  warnings.warn(","logger":"airflow.task.hooks.airflow.providers.standard.hooks.subprocess.SubprocessHook","filename":"subprocess.py","lineno":99}
{"timestamp":"2026-05-11T17:09:49.517803Z","level":"info","event":"\u001b[0m17:09:49  Registered adapter: snowflake=1.11.4","logger":"airflow.task.hooks.airflow.providers.standard.hooks.subprocess.SubprocessHook","filename":"subprocess.py","lineno":99}
{"timestamp":"2026-05-11T17:09:49.956549Z","level":"info","event":"\u001b[0m17:09:49  Unable to do partial parsing because saved manifest not found. Starting full parse.","logger":"airflow.task.hooks.airflow.providers.standard.hooks.subprocess.SubprocessHook","filename":"subprocess.py","lineno":99}
{"timestamp":"2026-05-11T17:10:03.882207Z","level":"info","event":"\u001b[0m17:10:03  Found 94 models, 5 snapshots, 36 sources, 638 macros","logger":"airflow.task.hooks.airflow.providers.standard.hooks.subprocess.SubprocessHook","filename":"subprocess.py","lineno":99}
{"timestamp":"2026-05-11T17:10:03.909505Z","level":"info","event":"\u001b[0m17:10:03","logger":"airflow.task.hooks.airflow.providers.standard.hooks.subprocess.SubprocessHook","filename":"subprocess.py","lineno":99}
{"timestamp":"2026-05-11T17:10:03.913064Z","level":"info","event":"\u001b[0m17:10:03  Concurrency: 4 threads (target='dev')","logger":"airflow.task.hooks.airflow.providers.standard.hooks.subprocess.SubprocessHook","filename":"subprocess.py","lineno":99}
{"timestamp":"2026-05-11T17:10:03.915076Z","level":"info","event":"\u001b[0m17:10:03","logger":"airflow.task.hooks.airflow.providers.standard.hooks.subprocess.SubprocessHook","filename":"subprocess.py","lineno":99}
{"timestamp":"2026-05-11T17:10:12.901649Z","level":"info","event":"\u001b[0m17:10:12  1 of 94 START sql table model training_datasets.OBT_CHURN_SNOWFLAKE_DIRECTO .... [RUN]","logger":"airflow.task.hooks.airflow.providers.standard.hooks.subprocess.SubprocessHook","filename":"subprocess.py","lineno":99}
{"timestamp":"2026-05-11T17:10:12.906907Z","level":"info","event":"\u001b[0m17:10:12  2 of 94 START sql table model training_datasets.OBT_CLV_SNOWFLAKE_DIRECTO ...... [RUN]","logger":"airflow.task.hooks.airflow.providers.standard.hooks.subprocess.SubprocessHook","filename":"subprocess.py","lineno":99}
{"timestamp":"2026-05-11T17:10:12.910378Z","level":"info","event":"\u001b[0m17:10:12  3 of 94 START sql table model GOLD.dim_hora .................................... [RUN]","logger":"airflow.task.hooks.airflow.providers.standard.hooks.subprocess.SubprocessHook","filename":"subprocess.py","lineno":99}
{"timestamp":"2026-05-11T17:10:12.914432Z","level":"info","event":"\u001b[0m17:10:12  4 of 94 START sql view model SILVER.stg_csv__calendario ........................ [RUN]","logger":"airflow.task.hooks.airflow.providers.standard.hooks.subprocess.SubprocessHook","filename":"subprocess.py","lineno":99}
{"timestamp":"2026-05-11T17:10:13.709308Z","level":"info","event":"\u001b[0m17:10:13  2 of 94 ERROR creating sql table model training_datasets.OBT_CLV_SNOWFLAKE_DIRECTO  [\u001b[31mERROR\u001b[0m in 0.78s]","logger":"airflow.task.hooks.airflow.providers.standard.hooks.subprocess.SubprocessHook","filename":"subprocess.py","lineno":99}
{"timestamp":"2026-05-11T17:10:13.711850Z","level":"info","event":"\u001b[0m17:10:13  1 of 94 ERROR creating sql table model training_datasets.OBT_CHURN_SNOWFLAKE_DIRECTO  [\u001b[31mERROR\u001b[0m in 0.78s]","logger":"airflow.task.hooks.airflow.providers.standard.hooks.subprocess.SubprocessHook","filename":"subprocess.py","lineno":99}
{"timestamp":"2026-05-11T17:10:13.727793Z","level":"info","event":"\u001b[0m17:10:13  5 of 94 START sql view model SILVER.stg_csv__sucursales ........................ [RUN]","logger":"airflow.task.hooks.airflow.providers.standard.hooks.subprocess.SubprocessHook","filename":"subprocess.py","lineno":99}
{"timestamp":"2026-05-11T17:10:13.736162Z","level":"info","event":"\u001b[0m17:10:13  6 of 94 START sql view model SILVER.stg_mariadb__costos_operativos ............. [RUN]","logger":"airflow.task.hooks.airflow.providers.standard.hooks.subprocess.SubprocessHook","filename":"subprocess.py","lineno":99}
{"timestamp":"2026-05-11T17:10:14.105250Z","level":"info","event":"\u001b[0m17:10:14  4 of 94 OK created sql view model SILVER.stg_csv__calendario ................... [\u001b[32mSUCCESS 1\u001b[0m in 1.15s]","logger":"airflow.task.hooks.airflow.providers.standard.hooks.subprocess.SubprocessHook","filename":"subprocess.py","lineno":99}
{"timestamp":"2026-05-11T17:10:14.121963Z","level":"info","event":"\u001b[0m17:10:14  7 of 94 START sql view model SILVER.stg_mariadb__facturas ...................... [RUN]","logger":"airflow.task.hooks.airflow.providers.standard.hooks.subprocess.SubprocessHook","filename":"subprocess.py","lineno":99}
{"timestamp":"2026-05-11T17:10:14.255644Z","level":"info","event":"\u001b[0m17:10:14  5 of 94 OK created sql view model SILVER.stg_csv__sucursales ................... [\u001b[32mSUCCESS 1\u001b[0m in 0.51s]","logger":"airflow.task.hooks.airflow.providers.standard.hooks.subprocess.SubprocessHook","filename":"subprocess.py","lineno":99}
{"timestamp":"2026-05-11T17:10:14.266590Z","level":"info","event":"\u001b[0m17:10:14  8 of 94 START sql view model SILVER.stg_mariadb__metodos_pago .................. [RUN]","logger":"airflow.task.hooks.airflow.providers.standard.hooks.subprocess.SubprocessHook","filename":"subprocess.py","lineno":99}
{"timestamp":"2026-05-11T17:10:14.430267Z","level":"info","event":"\u001b[0m17:10:14  6 of 94 OK created sql view model SILVER.stg_mariadb__costos_operativos ........ [\u001b[32mSUCCESS 1\u001b[0m in 0.67s]","logger":"airflow.task.hooks.airflow.providers.standard.hooks.subprocess.SubprocessHook","filename":"subprocess.py","lineno":99}
{"timestamp":"2026-05-11T17:10:14.447560Z","level":"info","event":"\u001b[0m17:10:14  9 of 94 START sql view model SILVER.stg_mariadb__transacciones_pago ............ [RUN]","logger":"airflow.task.hooks.airflow.providers.standard.hooks.subprocess.SubprocessHook","filename":"subprocess.py","lineno":99}
{"timestamp":"2026-05-11T17:10:14.753424Z","level":"info","event":"\u001b[0m17:10:14  7 of 94 OK created sql view model SILVER.stg_mariadb__facturas ................. [\u001b[32mSUCCESS 1\u001b[0m in 0.62s]","logger":"airflow.task.hooks.airflow.providers.standard.hooks.subprocess.SubprocessHook","filename":"subprocess.py","lineno":99}
{"timestamp":"2026-05-11T17:10:14.775111Z","level":"info","event":"\u001b[0m17:10:14  10 of 94 START sql view model SILVER.stg_mongodb__campanas ..................... [RUN]","logger":"airflow.task.hooks.airflow.providers.standard.hooks.subprocess.SubprocessHook","filename":"subprocess.py","lineno":99}
{"timestamp":"2026-05-11T17:10:14.873721Z","level":"info","event":"\u001b[0m17:10:14  8 of 94 OK created sql view model SILVER.stg_mariadb__metodos_pago ............. [\u001b[32mSUCCESS 1\u001b[0m in 0.59s]","logger":"airflow.task.hooks.airflow.providers.standard.hooks.subprocess.SubprocessHook","filename":"subprocess.py","lineno":99}
{"timestamp":"2026-05-11T17:10:14.886643Z","level":"info","event":"\u001b[0m17:10:14  11 of 94 START sql view model SILVER.stg_mongodb__clientes ..................... [RUN]","logger":"airflow.task.hooks.airflow.providers.standard.hooks.subprocess.SubprocessHook","filename":"subprocess.py","lineno":99}
{"timestamp":"2026-05-11T17:10:14.961484Z","level":"info","event":"\u001b[0m17:10:14  9 of 94 OK created sql view model SILVER.stg_mariadb__transacciones_pago ....... [\u001b[32mSUCCESS 1\u001b[0m in 0.49s]","logger":"airflow.task.hooks.airflow.providers.standard.hooks.subprocess.SubprocessHook","filename":"subprocess.py","lineno":99}
{"timestamp":"2026-05-11T17:10:14.987583Z","level":"info","event":"\u001b[0m17:10:14  12 of 94 START sql view model SILVER.stg_mongodb__cupones ...................... [RUN]","logger":"airflow.task.hooks.airflow.providers.standard.hooks.subprocess.SubprocessHook","filename":"subprocess.py","lineno":99}
{"timestamp":"2026-05-11T17:10:15.104038Z","level":"info","event":"\u001b[0m17:10:15  3 of 94 OK created sql table model GOLD.dim_hora ............................... [\u001b[32mSUCCESS 1440\u001b[0m in 2.16s]","logger":"airflow.task.hooks.airflow.providers.standard.hooks.subprocess.SubprocessHook","filename":"subprocess.py","lineno":99}
{"timestamp":"2026-05-11T17:10:15.122153Z","level":"info","event":"\u001b[0m17:10:15  13 of 94 START sql view model SILVER.stg_mongodb__cupones_redimidos ............ [RUN]","logger":"airflow.task.hooks.airflow.providers.standard.hooks.subprocess.SubprocessHook","filename":"subprocess.py","lineno":99}
{"timestamp":"2026-05-11T17:10:15.433442Z","level":"info","event":"\u001b[0m17:10:15  10 of 94 OK created sql view model SILVER.stg_mongodb__campanas ................ [\u001b[32mSUCCESS 1\u001b[0m in 0.65s]","logger":"airflow.task.hooks.airflow.providers.standard.hooks.subprocess.SubprocessHook","filename":"subprocess.py","lineno":99}
{"timestamp":"2026-05-11T17:10:15.452249Z","level":"info","event":"\u001b[0m17:10:15  14 of 94 START sql view model SILVER.stg_mongodb__programa_lealtad ............. [RUN]","logger":"airflow.task.hooks.airflow.providers.standard.hooks.subprocess.SubprocessHook","filename":"subprocess.py","lineno":99}
{"timestamp":"2026-05-11T17:10:15.567029Z","level":"info","event":"\u001b[0m17:10:15  12 of 94 OK created sql view model SILVER.stg_mongodb__cupones ................. [\u001b[32mSUCCESS 1\u001b[0m in 0.55s]","logger":"airflow.task.hooks.airflow.providers.standard.hooks.subprocess.SubprocessHook","filename":"subprocess.py","lineno":99}
{"timestamp":"2026-05-11T17:10:15.583786Z","level":"info","event":"\u001b[0m17:10:15  11 of 94 OK created sql view model SILVER.stg_mongodb__clientes ................ [\u001b[32mSUCCESS 1\u001b[0m in 0.65s]","logger":"airflow.task.hooks.airflow.providers.standard.hooks.subprocess.SubprocessHook","filename":"subprocess.py","lineno":99}
{"timestamp":"2026-05-11T17:10:15.610702Z","level":"info","event":"\u001b[0m17:10:15  15 of 94 START sql view model SILVER.stg_mysql__almacenes ...................... [RUN]","logger":"airflow.task.hooks.airflow.providers.standard.hooks.subprocess.SubprocessHook","filename":"subprocess.py","lineno":99}
{"timestamp":"2026-05-11T17:10:15.623794Z","level":"info","event":"\u001b[0m17:10:15  16 of 94 START sql view model SILVER.stg_mysql__detalle_oc ..................... [RUN]","logger":"airflow.task.hooks.airflow.providers.standard.hooks.subprocess.SubprocessHook","filename":"subprocess.py","lineno":99}
{"timestamp":"2026-05-11T17:10:15.726258Z","level":"info","event":"\u001b[0m17:10:15  13 of 94 OK created sql view model SILVER.stg_mongodb__cupones_redimidos ....... [\u001b[32mSUCCESS 1\u001b[0m in 0.58s]","logger":"airflow.task.hooks.airflow.providers.standard.hooks.subprocess.SubprocessHook","filename":"subprocess.py","lineno":99}
{"timestamp":"2026-05-11T17:10:15.763457Z","level":"info","event":"\u001b[0m17:10:15  17 of 94 START sql view model SILVER.stg_mysql__insumos ........................ [RUN]","logger":"airflow.task.hooks.airflow.providers.standard.hooks.subprocess.SubprocessHook","filename":"subprocess.py","lineno":99}
{"timestamp":"2026-05-11T17:10:16.173040Z","level":"info","event":"\u001b[0m17:10:16  14 of 94 OK created sql view model SILVER.stg_mongodb__programa_lealtad ........ [\u001b[32mSUCCESS 1\u001b[0m in 0.71s]","logger":"airflow.task.hooks.airflow.providers.standard.hooks.subprocess.SubprocessHook","filename":"subprocess.py","lineno":99}
{"timestamp":"2026-05-11T17:10:16.185929Z","level":"info","event":"\u001b[0m17:10:16  18 of 94 START sql view model SILVER.stg_mysql__movimientos_inventario ......... [RUN]","logger":"airflow.task.hooks.airflow.providers.standard.hooks.subprocess.SubprocessHook","filename":"subprocess.py","lineno":99}
{"timestamp":"2026-05-11T17:10:16.233555Z","level":"info","event":"\u001b[0m17:10:16  16 of 94 OK created sql view model SILVER.stg_mysql__detalle_oc ................ [\u001b[32mSUCCESS 1\u001b[0m in 0.57s]","logger":"airflow.task.hooks.airflow.providers.standard.hooks.subprocess.SubprocessHook","filename":"subprocess.py","lineno":99}
{"timestamp":"2026-05-11T17:10:16.251842Z","level":"info","event":"\u001b[0m17:10:16  19 of 94 START sql view model SILVER.stg_mysql__ordenes_compra ................. [RUN]","logger":"airflow.task.hooks.airflow.providers.standard.hooks.subprocess.SubprocessHook","filename":"subprocess.py","lineno":99}
{"timestamp":"2026-05-11T17:10:16.323350Z","level":"info","event":"\u001b[0m17:10:16  15 of 94 OK created sql view model SILVER.stg_mysql__almacenes ................. [\u001b[32mSUCCESS 1\u001b[0m in 0.69s]","logger":"airflow.task.hooks.airflow.providers.standard.hooks.subprocess.SubprocessHook","filename":"subprocess.py","lineno":99}
{"timestamp":"2026-05-11T17:10:16.334454Z","level":"info","event":"\u001b[0m17:10:16  20 of 94 START sql view model SILVER.stg_mysql__proveedores .................... [RUN]","logger":"airflow.task.hooks.airflow.providers.standard.hooks.subprocess.SubprocessHook","filename":"subprocess.py","lineno":99}
{"timestamp":"2026-05-11T17:10:16.372029Z","level":"info","event":"\u001b[0m17:10:16  17 of 94 OK created sql view model SILVER.stg_mysql__insumos ................... [\u001b[32mSUCCESS 1\u001b[0m in 0.59s]","logger":"airflow.task.hooks.airflow.providers.standard.hooks.subprocess.SubprocessHook","filename":"subprocess.py","lineno":99}
{"timestamp":"2026-05-11T17:10:16.389751Z","level":"info","event":"\u001b[0m17:10:16  21 of 94 START sql view model SILVER.stg_mysql__recetas_bom .................... [RUN]","logger":"airflow.task.hooks.airflow.providers.standard.hooks.subprocess.SubprocessHook","filename":"subprocess.py","lineno":99}
{"timestamp":"2026-05-11T17:10:16.634447Z","level":"info","event":"\u001b[0m17:10:16  18 of 94 OK created sql view model SILVER.stg_mysql__movimientos_inventario .... [\u001b[32mSUCCESS 1\u001b[0m in 0.42s]","logger":"airflow.task.hooks.airflow.providers.standard.hooks.subprocess.SubprocessHook","filename":"subprocess.py","lineno":99}
{"timestamp":"2026-05-11T17:10:16.667098Z","level":"info","event":"\u001b[0m17:10:16  22 of 94 START sql view model SILVER.stg_mysql__stock .......................... [RUN]","logger":"airflow.task.hooks.airflow.providers.standard.hooks.subprocess.SubprocessHook","filename":"subprocess.py","lineno":99}
{"timestamp":"2026-05-11T17:10:16.753750Z","level":"info","event":"\u001b[0m17:10:16  19 of 94 OK created sql view model SILVER.stg_mysql__ordenes_compra ............ [\u001b[32mSUCCESS 1\u001b[0m in 0.49s]","logger":"airflow.task.hooks.airflow.providers.standard.hooks.subprocess.SubprocessHook","filename":"subprocess.py","lineno":99}
{"timestamp":"2026-05-11T17:10:16.774300Z","level":"info","event":"\u001b[0m17:10:16  23 of 94 START sql view model SILVER.stg_postgres__canales_venta ............... [RUN]","logger":"airflow.task.hooks.airflow.providers.standard.hooks.subprocess.SubprocessHook","filename":"subprocess.py","lineno":99}
{"timestamp":"2026-05-11T17:10:16.865364Z","level":"info","event":"\u001b[0m17:10:16  20 of 94 OK created sql view model SILVER.stg_mysql__proveedores ............... [\u001b[32mSUCCESS 1\u001b[0m in 0.50s]","logger":"airflow.task.hooks.airflow.providers.standard.hooks.subprocess.SubprocessHook","filename":"subprocess.py","lineno":99}
{"timestamp":"2026-05-11T17:10:16.900261Z","level":"info","event":"\u001b[0m17:10:16  24 of 94 START sql view model SILVER.stg_postgres__categorias_producto ......... [RUN]","logger":"airflow.task.hooks.airflow.providers.standard.hooks.subprocess.SubprocessHook","filename":"subprocess.py","lineno":99}
{"timestamp":"2026-05-11T17:10:16.921750Z","level":"info","event":"\u001b[0m17:10:16  21 of 94 OK created sql view model SILVER.stg_mysql__recetas_bom ............... [\u001b[32mSUCCESS 1\u001b[0m in 0.51s]","logger":"airflow.task.hooks.airflow.providers.standard.hooks.subprocess.SubprocessHook","filename":"subprocess.py","lineno":99}
{"timestamp":"2026-05-11T17:10:17.001510Z","level":"info","event":"\u001b[0m17:10:17  25 of 94 START sql view model SILVER.stg_postgres__combo_detalle ............... [RUN]","logger":"airflow.task.hooks.airflow.providers.standard.hooks.subprocess.SubprocessHook","filename":"subprocess.py","lineno":99}
{"timestamp":"2026-05-11T17:10:18.473760Z","level":"info","event":"\u001b[0m17:10:18  24 of 94 OK created sql view model SILVER.stg_postgres__categorias_producto .... [\u001b[32mSUCCESS 1\u001b[0m in 0.49s]","logger":"airflow.task.hooks.airflow.providers.standard.hooks.subprocess.SubprocessHook","filename":"subprocess.py","lineno":99}
{"timestamp":"2026-05-11T17:10:18.478898Z","level":"info","event":"\u001b[0m17:10:18  23 of 94 OK created sql view model SILVER.stg_postgres__canales_venta .......... [\u001b[32mSUCCESS 1\u001b[0m in 0.65s]","logger":"airflow.task.hooks.airflow.providers.standard.hooks.subprocess.SubprocessHook","filename":"subprocess.py","lineno":99}
{"timestamp":"2026-05-11T17:10:18.486648Z","level":"info","event":"\u001b[0m17:10:18  22 of 94 OK created sql view model SILVER.stg_mysql__stock ..................... [\u001b[32mSUCCESS 1\u001b[0m in 0.63s]","logger":"airflow.task.hooks.airflow.providers.standard.hooks.subprocess.SubprocessHook","filename":"subprocess.py","lineno":99}
{"timestamp":"2026-05-11T17:10:18.489875Z","level":"info","event":"\u001b[0m17:10:18  25 of 94 OK created sql view model SILVER.stg_postgres__combo_detalle .......... [\u001b[32mSUCCESS 1\u001b[0m in 0.56s]","logger":"airflow.task.hooks.airflow.providers.standard.hooks.subprocess.SubprocessHook","filename":"subprocess.py","lineno":99}
{"timestamp":"2026-05-11T17:10:18.507192Z","level":"info","event":"\u001b[0m17:10:18  26 of 94 START sql view model SILVER.stg_postgres__delivery_orden .............. [RUN]","logger":"airflow.task.hooks.airflow.providers.standard.hooks.subprocess.SubprocessHook","filename":"subprocess.py","lineno":99}
{"timestamp":"2026-05-11T17:10:18.515631Z","level":"info","event":"\u001b[0m17:10:18  27 of 94 START sql view model SILVER.stg_postgres__detalle_pedido .............. [RUN]","logger":"airflow.task.hooks.airflow.providers.standard.hooks.subprocess.SubprocessHook","filename":"subprocess.py","lineno":99}
{"timestamp":"2026-05-11T17:10:18.521080Z","level":"info","event":"\u001b[0m17:10:18  28 of 94 START sql view model SILVER.stg_postgres__estados_pedido .............. [RUN]","logger":"airflow.task.hooks.airflow.providers.standard.hooks.subprocess.SubprocessHook","filename":"subprocess.py","lineno":99}
{"timestamp":"2026-05-11T17:10:18.523488Z","level":"info","event":"\u001b[0m17:10:18  29 of 94 START sql view model SILVER.stg_postgres__pedido_cupon ................ [RUN]","logger":"airflow.task.hooks.airflow.providers.standard.hooks.subprocess.SubprocessHook","filename":"subprocess.py","lineno":99}
{"timestamp":"2026-05-11T17:10:18.980518Z","level":"info","event":"\u001b[0m17:10:18  26 of 94 OK created sql view model SILVER.stg_postgres__delivery_orden ......... [\u001b[32mSUCCESS 1\u001b[0m in 0.45s]","logger":"airflow.task.hooks.airflow.providers.standard.hooks.subprocess.SubprocessHook","filename":"subprocess.py","lineno":99}
{"timestamp":"2026-05-11T17:10:18.983594Z","level":"info","event":"\u001b[0m17:10:18  28 of 94 OK created sql view model SILVER.stg_postgres__estados_pedido ......... [\u001b[32mSUCCESS 1\u001b[0m in 0.44s]","logger":"airflow.task.hooks.airflow.providers.standard.hooks.subprocess.SubprocessHook","filename":"subprocess.py","lineno":99}
{"timestamp":"2026-05-11T17:10:18.999342Z","level":"info","event":"\u001b[0m17:10:18  30 of 94 START sql view model SILVER.stg_postgres__pedidos ..................... [RUN]","logger":"airflow.task.hooks.airflow.providers.standard.hooks.subprocess.SubprocessHook","filename":"subprocess.py","lineno":99}
{"timestamp":"2026-05-11T17:10:19.002237Z","level":"info","event":"\u001b[0m17:10:19  31 of 94 START sql view model SILVER.stg_postgres__plataformas_delivery ........ [RUN]","logger":"airflow.task.hooks.airflow.providers.standard.hooks.subprocess.SubprocessHook","filename":"subprocess.py","lineno":99}
{"timestamp":"2026-05-11T17:10:19.079242Z","level":"info","event":"\u001b[0m17:10:19  27 of 94 OK created sql view model SILVER.stg_postgres__detalle_pedido ......... [\u001b[32mSUCCESS 1\u001b[0m in 0.54s]","logger":"airflow.task.hooks.airflow.providers.standard.hooks.subprocess.SubprocessHook","filename":"subprocess.py","lineno":99}
{"timestamp":"2026-05-11T17:10:19.102999Z","level":"info","event":"\u001b[0m17:10:19  29 of 94 OK created sql view model SILVER.stg_postgres__pedido_cupon ........... [\u001b[32mSUCCESS 1\u001b[0m in 0.53s]","logger":"airflow.task.hooks.airflow.providers.standard.hooks.subprocess.SubprocessHook","filename":"subprocess.py","lineno":99}
{"timestamp":"2026-05-11T17:10:19.117369Z","level":"info","event":"\u001b[0m17:10:19  32 of 94 START sql view model SILVER.stg_postgres__productos ................... [RUN]","logger":"airflow.task.hooks.airflow.providers.standard.hooks.subprocess.SubprocessHook","filename":"subprocess.py","lineno":99}
{"timestamp":"2026-05-11T17:10:19.182092Z","level":"info","event":"\u001b[0m17:10:19  33 of 94 START sql view model SILVER.stg_sqlserver__asignacion_turnos .......... [RUN]","logger":"airflow.task.hooks.airflow.providers.standard.hooks.subprocess.SubprocessHook","filename":"subprocess.py","lineno":99}
{"timestamp":"2026-05-11T17:10:19.519616Z","level":"info","event":"\u001b[0m17:10:19  31 of 94 OK created sql view model SILVER.stg_postgres__plataformas_delivery ... [\u001b[32mSUCCESS 1\u001b[0m in 0.51s]","logger":"airflow.task.hooks.airflow.providers.standard.hooks.subprocess.SubprocessHook","filename":"subprocess.py","lineno":99}
{"timestamp":"2026-05-11T17:10:19.526158Z","level":"info","event":"\u001b[0m17:10:19  34 of 94 START sql view model SILVER.stg_sqlserver__asistencia ................. [RUN]","logger":"airflow.task.hooks.airflow.providers.standard.hooks.subprocess.SubprocessHook","filename":"subprocess.py","lineno":99}
{"timestamp":"2026-05-11T17:10:19.553683Z","level":"info","event":"\u001b[0m17:10:19  30 of 94 OK created sql view model SILVER.stg_postgres__pedidos ................ [\u001b[32mSUCCESS 1\u001b[0m in 0.55s]","logger":"airflow.task.hooks.airflow.providers.standard.hooks.subprocess.SubprocessHook","filename":"subprocess.py","lineno":99}
{"timestamp":"2026-05-11T17:10:19.567533Z","level":"info","event":"\u001b[0m17:10:19  35 of 94 START sql view model SILVER.stg_sqlserver__cargos ..................... [RUN]","logger":"airflow.task.hooks.airflow.providers.standard.hooks.subprocess.SubprocessHook","filename":"subprocess.py","lineno":99}
{"timestamp":"2026-05-11T17:10:19.660119Z","level":"info","event":"\u001b[0m17:10:19  32 of 94 OK created sql view model SILVER.stg_postgres__productos .............. [\u001b[32mSUCCESS 1\u001b[0m in 0.49s]","logger":"airflow.task.hooks.airflow.providers.standard.hooks.subprocess.SubprocessHook","filename":"subprocess.py","lineno":99}
{"timestamp":"2026-05-11T17:10:19.690683Z","level":"info","event":"\u001b[0m17:10:19  33 of 94 OK created sql view model SILVER.stg_sqlserver__asignacion_turnos ..... [\u001b[32mSUCCESS 1\u001b[0m in 0.48s]","logger":"airflow.task.hooks.airflow.providers.standard.hooks.subprocess.SubprocessHook","filename":"subprocess.py","lineno":99}
{"timestamp":"2026-05-11T17:10:19.705728Z","level":"info","event":"\u001b[0m17:10:19  36 of 94 START sql view model SILVER.stg_sqlserver__departamentos .............. [RUN]","logger":"airflow.task.hooks.airflow.providers.standard.hooks.subprocess.SubprocessHook","filename":"subprocess.py","lineno":99}
{"timestamp":"2026-05-11T17:10:19.718103Z","level":"info","event":"\u001b[0m17:10:19  37 of 94 START sql view model SILVER.stg_sqlserver__empleados .................. [RUN]","logger":"airflow.task.hooks.airflow.providers.standard.hooks.subprocess.SubprocessHook","filename":"subprocess.py","lineno":99}
{"timestamp":"2026-05-11T17:10:20.006167Z","level":"info","event":"\u001b[0m17:10:20  35 of 94 OK created sql view model SILVER.stg_sqlserver__cargos ................ [\u001b[32mSUCCESS 1\u001b[0m in 0.43s]","logger":"airflow.task.hooks.airflow.providers.standard.hooks.subprocess.SubprocessHook","filename":"subprocess.py","lineno":99}
{"timestamp":"2026-05-11T17:10:20.020610Z","level":"info","event":"\u001b[0m17:10:20  34 of 94 OK created sql view model SILVER.stg_sqlserver__asistencia ............ [\u001b[32mSUCCESS 1\u001b[0m in 0.49s]","logger":"airflow.task.hooks.airflow.providers.standard.hooks.subprocess.SubprocessHook","filename":"subprocess.py","lineno":99}
{"timestamp":"2026-05-11T17:10:20.022677Z","level":"info","event":"\u001b[0m17:10:20  38 of 94 START sql view model SILVER.stg_sqlserver__evaluacion_desempeno ....... [RUN]","logger":"airflow.task.hooks.airflow.providers.standard.hooks.subprocess.SubprocessHook","filename":"subprocess.py","lineno":99}
{"timestamp":"2026-05-11T17:10:20.034173Z","level":"info","event":"\u001b[0m17:10:20  39 of 94 START sql view model SILVER.stg_sqlserver__turnos ..................... [RUN]","logger":"airflow.task.hooks.airflow.providers.standard.hooks.subprocess.SubprocessHook","filename":"subprocess.py","lineno":99}
{"timestamp":"2026-05-11T17:10:20.189249Z","level":"info","event":"\u001b[0m17:10:20  36 of 94 OK created sql view model SILVER.stg_sqlserver__departamentos ......... [\u001b[32mSUCCESS 1\u001b[0m in 0.47s]","logger":"airflow.task.hooks.airflow.providers.standard.hooks.subprocess.SubprocessHook","filename":"subprocess.py","lineno":99}
{"timestamp":"2026-05-11T17:10:20.202081Z","level":"info","event":"\u001b[0m17:10:20  40 of 94 START sql table model GOLD.dim_tiempo ................................. [RUN]","logger":"airflow.task.hooks.airflow.providers.standard.hooks.subprocess.SubprocessHook","filename":"subprocess.py","lineno":99}
{"timestamp":"2026-05-11T17:10:20.218778Z","level":"info","event":"\u001b[0m17:10:20  37 of 94 OK created sql view model SILVER.stg_sqlserver__empleados ............. [\u001b[32mSUCCESS 1\u001b[0m in 0.49s]","logger":"airflow.task.hooks.airflow.providers.standard.hooks.subprocess.SubprocessHook","filename":"subprocess.py","lineno":99}
{"timestamp":"2026-05-11T17:10:20.241834Z","level":"info","event":"\u001b[0m17:10:20  41 of 94 START sql table model GOLD.dim_sucursal ............................... [RUN]","logger":"airflow.task.hooks.airflow.providers.standard.hooks.subprocess.SubprocessHook","filename":"subprocess.py","lineno":99}
{"timestamp":"2026-05-11T17:10:20.434206Z","level":"info","event":"\u001b[0m17:10:20  38 of 94 OK created sql view model SILVER.stg_sqlserver__evaluacion_desempeno .. [\u001b[32mSUCCESS 1\u001b[0m in 0.40s]","logger":"airflow.task.hooks.airflow.providers.standard.hooks.subprocess.SubprocessHook","filename":"subprocess.py","lineno":99}
{"timestamp":"2026-05-11T17:10:20.441327Z","level":"info","event":"\u001b[0m17:10:20  42 of 94 START sql table model GOLD.dim_categoriacosto ......................... [RUN]","logger":"airflow.task.hooks.airflow.providers.standard.hooks.subprocess.SubprocessHook","filename":"subprocess.py","lineno":99}
{"timestamp":"2026-05-11T17:10:20.490199Z","level":"info","event":"\u001b[0m17:10:20  39 of 94 OK created sql view model SILVER.stg_sqlserver__turnos ................ [\u001b[32mSUCCESS 1\u001b[0m in 0.44s]","logger":"airflow.task.hooks.airflow.providers.standard.hooks.subprocess.SubprocessHook","filename":"subprocess.py","lineno":99}
{"timestamp":"2026-05-11T17:10:20.510282Z","level":"info","event":"\u001b[0m17:10:20  43 of 94 START sql table model GOLD.dim_metodopago ............................. [RUN]","logger":"airflow.task.hooks.airflow.providers.standard.hooks.subprocess.SubprocessHook","filename":"subprocess.py","lineno":99}
{"timestamp":"2026-05-11T17:10:20.583839Z","level":"info","event":"\u001b[0m17:10:20  41 of 94 ERROR creating sql table model GOLD.dim_sucursal ...................... [\u001b[31mERROR\u001b[0m in 0.33s]","logger":"airflow.task.hooks.airflow.providers.standard.hooks.subprocess.SubprocessHook","filename":"subprocess.py","lineno":99}
{"timestamp":"2026-05-11T17:10:20.609897Z","level":"info","event":"\u001b[0m17:10:20  44 of 94 START sql table model GOLD.dim_cupon .................................. [RUN]","logger":"airflow.task.hooks.airflow.providers.standard.hooks.subprocess.SubprocessHook","filename":"subprocess.py","lineno":99}
{"timestamp":"2026-05-11T17:10:21.616394Z","level":"info","event":"\u001b[0m17:10:21  40 of 94 OK created sql table model GOLD.dim_tiempo ............................ [\u001b[32mSUCCESS 4249\u001b[0m in 1.40s]","logger":"airflow.task.hooks.airflow.providers.standard.hooks.subprocess.SubprocessHook","filename":"subprocess.py","lineno":99}
{"timestamp":"2026-05-11T17:10:21.627218Z","level":"info","event":"\u001b[0m17:10:21  45 of 94 START sql view model SILVER.int_clientes_enriquecidos ................. [RUN]","logger":"airflow.task.hooks.airflow.providers.standard.hooks.subprocess.SubprocessHook","filename":"subprocess.py","lineno":99}
{"timestamp":"2026-05-11T17:10:21.803204Z","level":"info","event":"\u001b[0m17:10:21  42 of 94 OK created sql table model GOLD.dim_categoriacosto .................... [\u001b[32mSUCCESS 2\u001b[0m in 1.32s]","logger":"airflow.task.hooks.airflow.providers.standard.hooks.subprocess.SubprocessHook","filename":"subprocess.py","lineno":99}
{"timestamp":"2026-05-11T17:10:21.812285Z","level":"info","event":"\u001b[0m17:10:21  43 of 94 OK created sql table model GOLD.dim_metodopago ........................ [\u001b[32mSUCCESS 4\u001b[0m in 1.29s]","logger":"airflow.task.hooks.airflow.providers.standard.hooks.subprocess.SubprocessHook","filename":"subprocess.py","lineno":99}
{"timestamp":"2026-05-11T17:10:21.823462Z","level":"info","event":"\u001b[0m17:10:21  46 of 94 START sql view model SILVER.int_almacenes_enriquecidos ................ [RUN]","logger":"airflow.task.hooks.airflow.providers.standard.hooks.subprocess.SubprocessHook","filename":"subprocess.py","lineno":99}
{"timestamp":"2026-05-11T17:10:21.836423Z","level":"info","event":"\u001b[0m17:10:21  47 of 94 START sql table model GOLD.dim_insumo ................................. [RUN]","logger":"airflow.task.hooks.airflow.providers.standard.hooks.subprocess.SubprocessHook","filename":"subprocess.py","lineno":99}
{"timestamp":"2026-05-11T17:10:22.015722Z","level":"info","event":"\u001b[0m17:10:22  45 of 94 ERROR creating sql view model SILVER.int_clientes_enriquecidos ........ [\u001b[31mERROR\u001b[0m in 0.38s]","logger":"airflow.task.hooks.airflow.providers.standard.hooks.subprocess.SubprocessHook","filename":"subprocess.py","lineno":99}
{"timestamp":"2026-05-11T17:10:22.021369Z","level":"info","event":"\u001b[0m17:10:22  48 of 94 START sql table model GOLD.dim_tipomovimiento ......................... [RUN]","logger":"airflow.task.hooks.airflow.providers.standard.hooks.subprocess.SubprocessHook","filename":"subprocess.py","lineno":99}
{"timestamp":"2026-05-11T17:10:22.122742Z","level":"info","event":"\u001b[0m17:10:22  47 of 94 ERROR creating sql table model GOLD.dim_insumo ........................ [\u001b[31mERROR\u001b[0m in 0.27s]","logger":"airflow.task.hooks.airflow.providers.standard.hooks.subprocess.SubprocessHook","filename":"subprocess.py","lineno":99}
{"timestamp":"2026-05-11T17:10:22.128462Z","level":"info","event":"\u001b[0m17:10:22  49 of 94 START sql table model GOLD.dim_proveedor .............................. [RUN]","logger":"airflow.task.hooks.airflow.providers.standard.hooks.subprocess.SubprocessHook","filename":"subprocess.py","lineno":99}
{"timestamp":"2026-05-11T17:10:22.434649Z","level":"info","event":"\u001b[0m17:10:22  46 of 94 OK created sql view model SILVER.int_almacenes_enriquecidos ........... [\u001b[32mSUCCESS 1\u001b[0m in 0.60s]","logger":"airflow.task.hooks.airflow.providers.standard.hooks.subprocess.SubprocessHook","filename":"subprocess.py","lineno":99}
{"timestamp":"2026-05-11T17:10:22.443614Z","level":"info","event":"\u001b[0m17:10:22  50 of 94 START sql table model GOLD.dim_canalventa ............................. [RUN]","logger":"airflow.task.hooks.airflow.providers.standard.hooks.subprocess.SubprocessHook","filename":"subprocess.py","lineno":99}
{"timestamp":"2026-05-11T17:10:22.757064Z","level":"info","event":"\u001b[0m17:10:22  44 of 94 OK created sql table model GOLD.dim_cupon ............................. [\u001b[32mSUCCESS 3\u001b[0m in 2.14s]","logger":"airflow.task.hooks.airflow.providers.standard.hooks.subprocess.SubprocessHook","filename":"subprocess.py","lineno":99}
{"timestamp":"2026-05-11T17:10:22.764555Z","level":"info","event":"\u001b[0m17:10:22  51 of 94 START sql view model SILVER.int_demanda_insumos ....................... [RUN]","logger":"airflow.task.hooks.airflow.providers.standard.hooks.subprocess.SubprocessHook","filename":"subprocess.py","lineno":99}
{"timestamp":"2026-05-11T17:10:23.420484Z","level":"info","event":"\u001b[0m17:10:23  48 of 94 OK created sql table model GOLD.dim_tipomovimiento .................... [\u001b[32mSUCCESS 2\u001b[0m in 1.39s]","logger":"airflow.task.hooks.airflow.providers.standard.hooks.subprocess.SubprocessHook","filename":"subprocess.py","lineno":99}
{"timestamp":"2026-05-11T17:10:23.426677Z","level":"info","event":"\u001b[0m17:10:23  52 of 94 START sql table model GOLD.dim_estadopedido ........................... [RUN]","logger":"airflow.task.hooks.airflow.providers.standard.hooks.subprocess.SubprocessHook","filename":"subprocess.py","lineno":99}
{"timestamp":"2026-05-11T17:10:23.485583Z","level":"info","event":"\u001b[0m17:10:23  49 of 94 OK created sql table model GOLD.dim_proveedor ......................... [\u001b[32mSUCCESS 10\u001b[0m in 1.35s]","logger":"airflow.task.hooks.airflow.providers.standard.hooks.subprocess.SubprocessHook","filename":"subprocess.py","lineno":99}
{"timestamp":"2026-05-11T17:10:23.503393Z","level":"info","event":"\u001b[0m17:10:23  51 of 94 OK created sql view model SILVER.int_demanda_insumos .................. [\u001b[32mSUCCESS 1\u001b[0m in 0.73s]","logger":"airflow.task.hooks.airflow.providers.standard.hooks.subprocess.SubprocessHook","filename":"subprocess.py","lineno":99}
{"timestamp":"2026-05-11T17:10:23.510730Z","level":"info","event":"\u001b[0m17:10:23  53 of 94 START sql table model GOLD.dim_plataformadelivery ..................... [RUN]","logger":"airflow.task.hooks.airflow.providers.standard.hooks.subprocess.SubprocessHook","filename":"subprocess.py","lineno":99}
{"timestamp":"2026-05-11T17:10:23.516620Z","level":"info","event":"\u001b[0m17:10:23  54 of 94 START sql view model SILVER.int_productos_enriquecidos ................ [RUN]","logger":"airflow.task.hooks.airflow.providers.standard.hooks.subprocess.SubprocessHook","filename":"subprocess.py","lineno":99}
{"timestamp":"2026-05-11T17:10:23.555522Z","level":"info","event":"\u001b[0m17:10:23  50 of 94 OK created sql table model GOLD.dim_canalventa ........................ [\u001b[32mSUCCESS 5\u001b[0m in 1.11s]","logger":"airflow.task.hooks.airflow.providers.standard.hooks.subprocess.SubprocessHook","filename":"subprocess.py","lineno":99}
{"timestamp":"2026-05-11T17:10:23.566636Z","level":"info","event":"\u001b[0m17:10:23  55 of 94 START sql view model SILVER.int_empleados_enriquecidos ................ [RUN]","logger":"airflow.task.hooks.airflow.providers.standard.hooks.subprocess.SubprocessHook","filename":"subprocess.py","lineno":99}
{"timestamp":"2026-05-11T17:10:24.650094Z","level":"info","event":"\u001b[0m17:10:24  54 of 94 ERROR creating sql view model SILVER.int_productos_enriquecidos ....... [\u001b[31mERROR\u001b[0m in 0.32s]","logger":"airflow.task.hooks.airflow.providers.standard.hooks.subprocess.SubprocessHook","filename":"subprocess.py","lineno":99}
{"timestamp":"2026-05-11T17:10:24.653687Z","level":"info","event":"\u001b[0m17:10:24  52 of 94 OK created sql table model GOLD.dim_estadopedido ...................... [\u001b[32mSUCCESS 4\u001b[0m in 0.92s]","logger":"airflow.task.hooks.airflow.providers.standard.hooks.subprocess.SubprocessHook","filename":"subprocess.py","lineno":99}
{"timestamp":"2026-05-11T17:10:24.660033Z","level":"info","event":"\u001b[0m17:10:24  53 of 94 OK created sql table model GOLD.dim_plataformadelivery ................ [\u001b[32mSUCCESS 3\u001b[0m in 1.00s]","logger":"airflow.task.hooks.airflow.providers.standard.hooks.subprocess.SubprocessHook","filename":"subprocess.py","lineno":99}
{"timestamp":"2026-05-11T17:10:24.660710Z","level":"info","event":"\u001b[0m17:10:24  55 of 94 ERROR creating sql view model SILVER.int_empleados_enriquecidos ....... [\u001b[31mERROR\u001b[0m in 0.25s]","logger":"airflow.task.hooks.airflow.providers.standard.hooks.subprocess.SubprocessHook","filename":"subprocess.py","lineno":99}
{"timestamp":"2026-05-11T17:10:24.675507Z","level":"info","event":"\u001b[0m17:10:24  56 of 94 START sql table model GOLD.dim_turno .................................. [RUN]","logger":"airflow.task.hooks.airflow.providers.standard.hooks.subprocess.SubprocessHook","filename":"subprocess.py","lineno":99}
{"timestamp":"2026-05-11T17:10:24.682886Z","level":"info","event":"\u001b[0m17:10:24  57 of 94 SKIP relation GOLD.fact_facturacion ................................... [\u001b[33mSKIP\u001b[0m]","logger":"airflow.task.hooks.airflow.providers.standard.hooks.subprocess.SubprocessHook","filename":"subprocess.py","lineno":99}
{"timestamp":"2026-05-11T17:10:24.692265Z","level":"info","event":"\u001b[0m17:10:24  58 of 94 SKIP relation GOLD.fact_costos_operativos ............................. [\u001b[33mSKIP\u001b[0m]","logger":"airflow.task.hooks.airflow.providers.standard.hooks.subprocess.SubprocessHook","filename":"subprocess.py","lineno":99}
{"timestamp":"2026-05-11T17:10:24.697471Z","level":"info","event":"\u001b[0m17:10:24  59 of 94 SKIP relation GOLD.fact_transacciones_pago ............................ [\u001b[33mSKIP\u001b[0m]","logger":"airflow.task.hooks.airflow.providers.standard.hooks.subprocess.SubprocessHook","filename":"subprocess.py","lineno":99}
{"timestamp":"2026-05-11T17:10:24.729275Z","level":"info","event":"\u001b[0m17:10:24  60 of 94 SKIP relation GOLD.dim_cliente ........................................ [\u001b[33mSKIP\u001b[0m]","logger":"airflow.task.hooks.airflow.providers.standard.hooks.subprocess.SubprocessHook","filename":"subprocess.py","lineno":99}
{"timestamp":"2026-05-11T17:10:24.734901Z","level":"info","event":"\u001b[0m17:10:24  61 of 94 START sql table model GOLD.dim_almacen ................................ [RUN]","logger":"airflow.task.hooks.airflow.providers.standard.hooks.subprocess.SubprocessHook","filename":"subprocess.py","lineno":99}
{"timestamp":"2026-05-11T17:10:24.739239Z","level":"info","event":"\u001b[0m17:10:24  62 of 94 SKIP relation GOLD.fact_compras_detalle ............................... [\u001b[33mSKIP\u001b[0m]","logger":"airflow.task.hooks.airflow.providers.standard.hooks.subprocess.SubprocessHook","filename":"subprocess.py","lineno":99}
{"timestamp":"2026-05-11T17:10:24.751965Z","level":"info","event":"\u001b[0m17:10:24  63 of 94 START sql table model features.feat_inventario_demanda ................ [RUN]","logger":"airflow.task.hooks.airflow.providers.standard.hooks.subprocess.SubprocessHook","filename":"subprocess.py","lineno":99}
{"timestamp":"2026-05-11T17:10:24.780761Z","level":"info","event":"\u001b[0m17:10:24  64 of 94 SKIP relation GOLD.dim_producto ....................................... [\u001b[33mSKIP\u001b[0m]","logger":"airflow.task.hooks.airflow.providers.standard.hooks.subprocess.SubprocessHook","filename":"subprocess.py","lineno":99}
{"timestamp":"2026-05-11T17:10:24.840124Z","level":"info","event":"\u001b[0m17:10:24  65 of 94 SKIP relation GOLD.dim_empleado ....................................... [\u001b[33mSKIP\u001b[0m]","logger":"airflow.task.hooks.airflow.providers.standard.hooks.subprocess.SubprocessHook","filename":"subprocess.py","lineno":99}
{"timestamp":"2026-05-11T17:10:24.862338Z","level":"info","event":"\u001b[0m17:10:24  66 of 94 SKIP relation GOLD.fact_delivery ...................................... [\u001b[33mSKIP\u001b[0m]","logger":"airflow.task.hooks.airflow.providers.standard.hooks.subprocess.SubprocessHook","filename":"subprocess.py","lineno":99}
{"timestamp":"2026-05-11T17:10:24.900624Z","level":"info","event":"\u001b[0m17:10:24  67 of 94 SKIP relation GOLD.fact_estado_lealtad_mensual ........................ [\u001b[33mSKIP\u001b[0m]","logger":"airflow.task.hooks.airflow.providers.standard.hooks.subprocess.SubprocessHook","filename":"subprocess.py","lineno":99}
{"timestamp":"2026-05-11T17:10:24.909563Z","level":"info","event":"\u001b[0m17:10:24  68 of 94 SKIP relation GOLD.fact_redencion_cupones ............................. [\u001b[33mSKIP\u001b[0m]","logger":"airflow.task.hooks.airflow.providers.standard.hooks.subprocess.SubprocessHook","filename":"subprocess.py","lineno":99}
{"timestamp":"2026-05-11T17:10:24.922192Z","level":"info","event":"\u001b[0m17:10:24  69 of 94 SKIP relation GOLD.fact_evaluacion_desempeno .......................... [\u001b[33mSKIP\u001b[0m]","logger":"airflow.task.hooks.airflow.providers.standard.hooks.subprocess.SubprocessHook","filename":"subprocess.py","lineno":99}
{"timestamp":"2026-05-11T17:10:24.938077Z","level":"info","event":"\u001b[0m17:10:24  70 of 94 SKIP relation GOLD.fact_ventas_detalle ................................ [\u001b[33mSKIP\u001b[0m]","logger":"airflow.task.hooks.airflow.providers.standard.hooks.subprocess.SubprocessHook","filename":"subprocess.py","lineno":99}
{"timestamp":"2026-05-11T17:10:24.975352Z","level":"info","event":"\u001b[0m17:10:24  71 of 94 SKIP relation features.feat_pedidos_entrega ........................... [\u001b[33mSKIP\u001b[0m]","logger":"airflow.task.hooks.airflow.providers.standard.hooks.subprocess.SubprocessHook","filename":"subprocess.py","lineno":99}
{"timestamp":"2026-05-11T17:10:24.988887Z","level":"info","event":"\u001b[0m17:10:24  72 of 94 SKIP relation features.feat_clientes_comportamiento ................... [\u001b[33mSKIP\u001b[0m]","logger":"airflow.task.hooks.airflow.providers.standard.hooks.subprocess.SubprocessHook","filename":"subprocess.py","lineno":99}
{"timestamp":"2026-05-11T17:10:24.997681Z","level":"info","event":"\u001b[0m17:10:24  73 of 94 SKIP relation SILVER.int_clv_segmentacion ............................. [\u001b[33mSKIP\u001b[0m]","logger":"airflow.task.hooks.airflow.providers.standard.hooks.subprocess.SubprocessHook","filename":"subprocess.py","lineno":99}
{"timestamp":"2026-05-11T17:10:25.007152Z","level":"info","event":"\u001b[0m17:10:25  74 of 94 SKIP relation SILVER.int_demanda_operativa ............................ [\u001b[33mSKIP\u001b[0m]","logger":"airflow.task.hooks.airflow.providers.standard.hooks.subprocess.SubprocessHook","filename":"subprocess.py","lineno":99}
{"timestamp":"2026-05-11T17:10:25.015922Z","level":"info","event":"\u001b[0m17:10:25  75 of 94 SKIP relation SILVER.int_ventas_precios_diarios ....................... [\u001b[33mSKIP\u001b[0m]","logger":"airflow.task.hooks.airflow.providers.standard.hooks.subprocess.SubprocessHook","filename":"subprocess.py","lineno":99}
{"timestamp":"2026-05-11T17:10:25.029928Z","level":"info","event":"\u001b[0m17:10:25  76 of 94 SKIP relation GOLD.mart_econometria_elasticidad_base .................. [\u001b[33mSKIP\u001b[0m]","logger":"airflow.task.hooks.airflow.providers.standard.hooks.subprocess.SubprocessHook","filename":"subprocess.py","lineno":99}
{"timestamp":"2026-05-11T17:10:25.043840Z","level":"info","event":"\u001b[0m17:10:25  77 of 94 SKIP relation training_datasets.obt_delivery_time_prediction .......... [\u001b[33mSKIP\u001b[0m]","logger":"airflow.task.hooks.airflow.providers.standard.hooks.subprocess.SubprocessHook","filename":"subprocess.py","lineno":99}
{"timestamp":"2026-05-11T17:10:25.068601Z","level":"info","event":"\u001b[0m17:10:25  78 of 94 SKIP relation training_datasets.obt_churn_prediction .................. [\u001b[33mSKIP\u001b[0m]","logger":"airflow.task.hooks.airflow.providers.standard.hooks.subprocess.SubprocessHook","filename":"subprocess.py","lineno":99}
{"timestamp":"2026-05-11T17:10:25.089613Z","level":"info","event":"\u001b[0m17:10:25  79 of 94 SKIP relation training_datasets.obt_customer_segmentation ............. [\u001b[33mSKIP\u001b[0m]","logger":"airflow.task.hooks.airflow.providers.standard.hooks.subprocess.SubprocessHook","filename":"subprocess.py","lineno":99}
{"timestamp":"2026-05-11T17:10:25.106273Z","level":"info","event":"\u001b[0m17:10:25  80 of 94 SKIP relation training_datasets.obt_customer_lifetime_value ........... [\u001b[33mSKIP\u001b[0m]","logger":"airflow.task.hooks.airflow.providers.standard.hooks.subprocess.SubprocessHook","filename":"subprocess.py","lineno":99}
{"timestamp":"2026-05-11T17:10:25.115177Z","level":"info","event":"\u001b[0m17:10:25  81 of 94 SKIP relation features.feat_demanda_operativa ......................... [\u001b[33mSKIP\u001b[0m]","logger":"airflow.task.hooks.airflow.providers.standard.hooks.subprocess.SubprocessHook","filename":"subprocess.py","lineno":99}
{"timestamp":"2026-05-11T17:10:25.123673Z","level":"info","event":"\u001b[0m17:10:25  82 of 94 SKIP relation features.feat_precio_elasticidad ........................ [\u001b[33mSKIP\u001b[0m]","logger":"airflow.task.hooks.airflow.providers.standard.hooks.subprocess.SubprocessHook","filename":"subprocess.py","lineno":99}
{"timestamp":"2026-05-11T17:10:25.131235Z","level":"info","event":"\u001b[0m17:10:25  83 of 94 SKIP relation training_datasets.obt_price_elasticity .................. [\u001b[33mSKIP\u001b[0m]","logger":"airflow.task.hooks.airflow.providers.standard.hooks.subprocess.SubprocessHook","filename":"subprocess.py","lineno":99}
{"timestamp":"2026-05-11T17:10:25.137808Z","level":"info","event":"\u001b[0m17:10:25  84 of 94 SKIP relation training_datasets.obt_operational_demand ................ [\u001b[33mSKIP\u001b[0m]","logger":"airflow.task.hooks.airflow.providers.standard.hooks.subprocess.SubprocessHook","filename":"subprocess.py","lineno":99}
{"timestamp":"2026-05-11T17:10:25.764013Z","level":"info","event":"\u001b[0m17:10:25  56 of 94 OK created sql table model GOLD.dim_turno ............................. [\u001b[32mSUCCESS 3\u001b[0m in 1.07s]","logger":"airflow.task.hooks.airflow.providers.standard.hooks.subprocess.SubprocessHook","filename":"subprocess.py","lineno":99}
{"timestamp":"2026-05-11T17:10:25.770869Z","level":"info","event":"\u001b[0m17:10:25  85 of 94 SKIP relation GOLD.fact_asistencia_diaria ............................. [\u001b[33mSKIP\u001b[0m]","logger":"airflow.task.hooks.airflow.providers.standard.hooks.subprocess.SubprocessHook","filename":"subprocess.py","lineno":99}
{"timestamp":"2026-05-11T17:10:25.777595Z","level":"info","event":"\u001b[0m17:10:25  86 of 94 SKIP relation features.feat_empleados_perfil .......................... [\u001b[33mSKIP\u001b[0m]","logger":"airflow.task.hooks.airflow.providers.standard.hooks.subprocess.SubprocessHook","filename":"subprocess.py","lineno":99}
{"timestamp":"2026-05-11T17:10:25.783339Z","level":"info","event":"\u001b[0m17:10:25  87 of 94 SKIP relation training_datasets.obt_employee_absenteeism .............. [\u001b[33mSKIP\u001b[0m]","logger":"airflow.task.hooks.airflow.providers.standard.hooks.subprocess.SubprocessHook","filename":"subprocess.py","lineno":99}
{"timestamp":"2026-05-11T17:10:26.527932Z","level":"info","event":"\u001b[0m17:10:26  61 of 94 OK created sql table model GOLD.dim_almacen ........................... [\u001b[32mSUCCESS 24\u001b[0m in 1.78s]","logger":"airflow.task.hooks.airflow.providers.standard.hooks.subprocess.SubprocessHook","filename":"subprocess.py","lineno":99}
{"timestamp":"2026-05-11T17:10:26.537845Z","level":"info","event":"\u001b[0m17:10:26  88 of 94 SKIP relation GOLD.fact_movimientos_inventario ........................ [\u001b[33mSKIP\u001b[0m]","logger":"airflow.task.hooks.airflow.providers.standard.hooks.subprocess.SubprocessHook","filename":"subprocess.py","lineno":99}
{"timestamp":"2026-05-11T17:10:26.540170Z","level":"info","event":"\u001b[0m17:10:26  89 of 94 SKIP relation GOLD.fact_stock_snapshot_diario ......................... [\u001b[33mSKIP\u001b[0m]","logger":"airflow.task.hooks.airflow.providers.standard.hooks.subprocess.SubprocessHook","filename":"subprocess.py","lineno":99}
{"timestamp":"2026-05-11T17:10:26.549560Z","level":"info","event":"\u001b[0m17:10:26  90 of 94 SKIP relation GOLD.mart_sucursales_consolidado ........................ [\u001b[33mSKIP\u001b[0m]","logger":"airflow.task.hooks.airflow.providers.standard.hooks.subprocess.SubprocessHook","filename":"subprocess.py","lineno":99}
{"timestamp":"2026-05-11T17:10:26.554950Z","level":"info","event":"\u001b[0m17:10:26  91 of 94 SKIP relation GOLD.mart_rentabilidad_diagnostica ...................... [\u001b[33mSKIP\u001b[0m]","logger":"airflow.task.hooks.airflow.providers.standard.hooks.subprocess.SubprocessHook","filename":"subprocess.py","lineno":99}
{"timestamp":"2026-05-11T17:10:26.561636Z","level":"info","event":"\u001b[0m17:10:26  92 of 94 SKIP relation GOLD.mart_ventas_historicas ............................. [\u001b[33mSKIP\u001b[0m]","logger":"airflow.task.hooks.airflow.providers.standard.hooks.subprocess.SubprocessHook","filename":"subprocess.py","lineno":99}
{"timestamp":"2026-05-11T17:10:26.567692Z","level":"info","event":"\u001b[0m17:10:26  93 of 94 SKIP relation GOLD.mart_econometria_eficiencia_operativa .............. [\u001b[33mSKIP\u001b[0m]","logger":"airflow.task.hooks.airflow.providers.standard.hooks.subprocess.SubprocessHook","filename":"subprocess.py","lineno":99}
{"timestamp":"2026-05-11T17:10:28.578074Z","level":"info","event":"\u001b[0m17:10:28  63 of 94 OK created sql table model features.feat_inventario_demanda ........... [\u001b[32mSUCCESS 24\u001b[0m in 3.80s]","logger":"airflow.task.hooks.airflow.providers.standard.hooks.subprocess.SubprocessHook","filename":"subprocess.py","lineno":99}
{"timestamp":"2026-05-11T17:10:28.586063Z","level":"info","event":"\u001b[0m17:10:28  94 of 94 START sql table model training_datasets.obt_inventory_optimization .... [RUN]","logger":"airflow.task.hooks.airflow.providers.standard.hooks.subprocess.SubprocessHook","filename":"subprocess.py","lineno":99}
{"timestamp":"2026-05-11T17:10:28.863399Z","level":"info","event":"\u001b[0m17:10:28  94 of 94 ERROR creating sql table model training_datasets.obt_inventory_optimization  [\u001b[31mERROR\u001b[0m in 0.27s]","logger":"airflow.task.hooks.airflow.providers.standard.hooks.subprocess.SubprocessHook","filename":"subprocess.py","lineno":99}
{"timestamp":"2026-05-11T17:10:29.789870Z","level":"info","event":"\u001b[0m17:10:29","logger":"airflow.task.hooks.airflow.providers.standard.hooks.subprocess.SubprocessHook","filename":"subprocess.py","lineno":99}
{"timestamp":"2026-05-11T17:10:29.791903Z","level":"info","event":"\u001b[0m17:10:29  Finished running 51 table models, 43 view models in 0 hours 0 minutes and 25.87 seconds (25.87s).","logger":"airflow.task.hooks.airflow.providers.standard.hooks.subprocess.SubprocessHook","filename":"subprocess.py","lineno":99}
{"timestamp":"2026-05-11T17:10:30.044582Z","level":"info","event":"\u001b[0m17:10:30","logger":"airflow.task.hooks.airflow.providers.standard.hooks.subprocess.SubprocessHook","filename":"subprocess.py","lineno":99}
{"timestamp":"2026-05-11T17:10:30.046114Z","level":"info","event":"\u001b[0m17:10:30  \u001b[31mCompleted with 8 errors, 0 partial successes, and 0 warnings:\u001b[0m","logger":"airflow.task.hooks.airflow.providers.standard.hooks.subprocess.SubprocessHook","filename":"subprocess.py","lineno":99}
{"timestamp":"2026-05-11T17:10:30.047565Z","level":"info","event":"\u001b[0m17:10:30","logger":"airflow.task.hooks.airflow.providers.standard.hooks.subprocess.SubprocessHook","filename":"subprocess.py","lineno":99}
{"timestamp":"2026-05-11T17:10:30.049503Z","level":"info","event":"\u001b[0m17:10:30  \u001b[31mFailure in model OBT_CLV_SNOWFLAKE_DIRECTO (models/ml/datasets/OBT_CLV_SNOWFLAKE_DIRECTO.sql)\u001b[0m","logger":"airflow.task.hooks.airflow.providers.standard.hooks.subprocess.SubprocessHook","filename":"subprocess.py","lineno":99}
{"timestamp":"2026-05-11T17:10:30.051319Z","level":"info","event":"\u001b[0m17:10:30    Database Error in model OBT_CLV_SNOWFLAKE_DIRECTO (models/ml/datasets/OBT_CLV_SNOWFLAKE_DIRECTO.sql)","logger":"airflow.task.hooks.airflow.providers.standard.hooks.subprocess.SubprocessHook","filename":"subprocess.py","lineno":99}
{"timestamp":"2026-05-11T17:10:30.051866Z","level":"info","event":"  001003 (42000): SQL compilation error:","logger":"airflow.task.hooks.airflow.providers.standard.hooks.subprocess.SubprocessHook","filename":"subprocess.py","lineno":99}
{"timestamp":"2026-05-11T17:10:30.053275Z","level":"info","event":"  syntax error line 21 at position 0 unexpected 'CREATE'.","logger":"airflow.task.hooks.airflow.providers.standard.hooks.subprocess.SubprocessHook","filename":"subprocess.py","lineno":99}
{"timestamp":"2026-05-11T17:10:30.053744Z","level":"info","event":"  syntax error line 29 at position 73 unexpected 'AS'.","logger":"airflow.task.hooks.airflow.providers.standard.hooks.subprocess.SubprocessHook","filename":"subprocess.py","lineno":99}
{"timestamp":"2026-05-11T17:10:30.054470Z","level":"info","event":"  compiled code at target/run/my_new_project/models/ml/datasets/OBT_CLV_SNOWFLAKE_DIRECTO.sql","logger":"airflow.task.hooks.airflow.providers.standard.hooks.subprocess.SubprocessHook","filename":"subprocess.py","lineno":99}
{"timestamp":"2026-05-11T17:10:30.056353Z","level":"info","event":"\u001b[0m17:10:30","logger":"airflow.task.hooks.airflow.providers.standard.hooks.subprocess.SubprocessHook","filename":"subprocess.py","lineno":99}
{"timestamp":"2026-05-11T17:10:30.056582Z","level":"info","event":"\u001b[0m17:10:30    compiled code at target/compiled/my_new_project/models/ml/datasets/OBT_CLV_SNOWFLAKE_DIRECTO.sql","logger":"airflow.task.hooks.airflow.providers.standard.hooks.subprocess.SubprocessHook","filename":"subprocess.py","lineno":99}
{"timestamp":"2026-05-11T17:10:30.056654Z","level":"info","event":"\u001b[0m17:10:30","logger":"airflow.task.hooks.airflow.providers.standard.hooks.subprocess.SubprocessHook","filename":"subprocess.py","lineno":99}
{"timestamp":"2026-05-11T17:10:30.058641Z","level":"info","event":"\u001b[0m17:10:30  \u001b[31mFailure in model OBT_CHURN_SNOWFLAKE_DIRECTO (models/ml/datasets/OBT_CHURN_SNOWFLAKE_DIRECTO.sql)\u001b[0m","logger":"airflow.task.hooks.airflow.providers.standard.hooks.subprocess.SubprocessHook","filename":"subprocess.py","lineno":99}
{"timestamp":"2026-05-11T17:10:30.060130Z","level":"info","event":"\u001b[0m17:10:30    Database Error in model OBT_CHURN_SNOWFLAKE_DIRECTO (models/ml/datasets/OBT_CHURN_SNOWFLAKE_DIRECTO.sql)","logger":"airflow.task.hooks.airflow.providers.standard.hooks.subprocess.SubprocessHook","filename":"subprocess.py","lineno":99}
{"timestamp":"2026-05-11T17:10:30.060367Z","level":"info","event":"  001003 (42000): SQL compilation error:","logger":"airflow.task.hooks.airflow.providers.standard.hooks.subprocess.SubprocessHook","filename":"subprocess.py","lineno":99}
{"timestamp":"2026-05-11T17:10:30.060473Z","level":"info","event":"  syntax error line 28 at position 0 unexpected 'CREATE'.","logger":"airflow.task.hooks.airflow.providers.standard.hooks.subprocess.SubprocessHook","filename":"subprocess.py","lineno":99}
{"timestamp":"2026-05-11T17:10:30.060538Z","level":"info","event":"  syntax error line 36 at position 74 unexpected 'AS'.","logger":"airflow.task.hooks.airflow.providers.standard.hooks.subprocess.SubprocessHook","filename":"subprocess.py","lineno":99}
{"timestamp":"2026-05-11T17:10:30.060585Z","level":"info","event":"  compiled code at target/run/my_new_project/models/ml/datasets/OBT_CHURN_SNOWFLAKE_DIRECTO.sql","logger":"airflow.task.hooks.airflow.providers.standard.hooks.subprocess.SubprocessHook","filename":"subprocess.py","lineno":99}
{"timestamp":"2026-05-11T17:10:30.061487Z","level":"info","event":"\u001b[0m17:10:30","logger":"airflow.task.hooks.airflow.providers.standard.hooks.subprocess.SubprocessHook","filename":"subprocess.py","lineno":99}
{"timestamp":"2026-05-11T17:10:30.062904Z","level":"info","event":"\u001b[0m17:10:30    compiled code at target/compiled/my_new_project/models/ml/datasets/OBT_CHURN_SNOWFLAKE_DIRECTO.sql","logger":"airflow.task.hooks.airflow.providers.standard.hooks.subprocess.SubprocessHook","filename":"subprocess.py","lineno":99}
{"timestamp":"2026-05-11T17:10:30.064350Z","level":"info","event":"\u001b[0m17:10:30","logger":"airflow.task.hooks.airflow.providers.standard.hooks.subprocess.SubprocessHook","filename":"subprocess.py","lineno":99}
{"timestamp":"2026-05-11T17:10:30.065579Z","level":"info","event":"\u001b[0m17:10:30  \u001b[31mFailure in model dim_sucursal (models/marts/core/dim_sucursal.sql)\u001b[0m","logger":"airflow.task.hooks.airflow.providers.standard.hooks.subprocess.SubprocessHook","filename":"subprocess.py","lineno":99}
{"timestamp":"2026-05-11T17:10:30.067020Z","level":"info","event":"\u001b[0m17:10:30    Database Error in model dim_sucursal (models/marts/core/dim_sucursal.sql)","logger":"airflow.task.hooks.airflow.providers.standard.hooks.subprocess.SubprocessHook","filename":"subprocess.py","lineno":99}
{"timestamp":"2026-05-11T17:10:30.067226Z","level":"info","event":"  002003 (42S02): SQL compilation error:","logger":"airflow.task.hooks.airflow.providers.standard.hooks.subprocess.SubprocessHook","filename":"subprocess.py","lineno":99}
{"timestamp":"2026-05-11T17:10:30.067307Z","level":"info","event":"  Object 'HGC_DW.SNAPSHOTS.SNP_SUCURSAL' does not exist or not authorized.","logger":"airflow.task.hooks.airflow.providers.standard.hooks.subprocess.SubprocessHook","filename":"subprocess.py","lineno":99}
{"timestamp":"2026-05-11T17:10:30.067360Z","level":"info","event":"  compiled code at target/run/my_new_project/models/marts/core/dim_sucursal.sql","logger":"airflow.task.hooks.airflow.providers.standard.hooks.subprocess.SubprocessHook","filename":"subprocess.py","lineno":99}
{"timestamp":"2026-05-11T17:10:30.068266Z","level":"info","event":"\u001b[0m17:10:30","logger":"airflow.task.hooks.airflow.providers.standard.hooks.subprocess.SubprocessHook","filename":"subprocess.py","lineno":99}
{"timestamp":"2026-05-11T17:10:30.069607Z","level":"info","event":"\u001b[0m17:10:30    compiled code at target/compiled/my_new_project/models/marts/core/dim_sucursal.sql","logger":"airflow.task.hooks.airflow.providers.standard.hooks.subprocess.SubprocessHook","filename":"subprocess.py","lineno":99}
{"timestamp":"2026-05-11T17:10:30.070736Z","level":"info","event":"\u001b[0m17:10:30","logger":"airflow.task.hooks.airflow.providers.standard.hooks.subprocess.SubprocessHook","filename":"subprocess.py","lineno":99}
{"timestamp":"2026-05-11T17:10:30.072011Z","level":"info","event":"\u001b[0m17:10:30  \u001b[31mFailure in model int_clientes_enriquecidos (models/intermediate/int_clientes_enriquecidos.sql)\u001b[0m","logger":"airflow.task.hooks.airflow.providers.standard.hooks.subprocess.SubprocessHook","filename":"subprocess.py","lineno":99}
{"timestamp":"2026-05-11T17:10:30.074279Z","level":"info","event":"\u001b[0m17:10:30    Database Error in model int_clientes_enriquecidos (models/intermediate/int_clientes_enriquecidos.sql)","logger":"airflow.task.hooks.airflow.providers.standard.hooks.subprocess.SubprocessHook","filename":"subprocess.py","lineno":99}
{"timestamp":"2026-05-11T17:10:30.074599Z","level":"info","event":"  002003 (42S02): SQL compilation error:","logger":"airflow.task.hooks.airflow.providers.standard.hooks.subprocess.SubprocessHook","filename":"subprocess.py","lineno":99}
{"timestamp":"2026-05-11T17:10:30.074735Z","level":"info","event":"  Object 'HGC_DW.SNAPSHOTS.SNP_CLIENTE' does not exist or not authorized.","logger":"airflow.task.hooks.airflow.providers.standard.hooks.subprocess.SubprocessHook","filename":"subprocess.py","lineno":99}
{"timestamp":"2026-05-11T17:10:30.074817Z","level":"info","event":"  compiled code at target/run/my_new_project/models/intermediate/int_clientes_enriquecidos.sql","logger":"airflow.task.hooks.airflow.providers.standard.hooks.subprocess.SubprocessHook","filename":"subprocess.py","lineno":99}
{"timestamp":"2026-05-11T17:10:30.075678Z","level":"info","event":"\u001b[0m17:10:30","logger":"airflow.task.hooks.airflow.providers.standard.hooks.subprocess.SubprocessHook","filename":"subprocess.py","lineno":99}
{"timestamp":"2026-05-11T17:10:30.077038Z","level":"info","event":"\u001b[0m17:10:30    compiled code at target/compiled/my_new_project/models/intermediate/int_clientes_enriquecidos.sql","logger":"airflow.task.hooks.airflow.providers.standard.hooks.subprocess.SubprocessHook","filename":"subprocess.py","lineno":99}
{"timestamp":"2026-05-11T17:10:30.078036Z","level":"info","event":"\u001b[0m17:10:30","logger":"airflow.task.hooks.airflow.providers.standard.hooks.subprocess.SubprocessHook","filename":"subprocess.py","lineno":99}
{"timestamp":"2026-05-11T17:10:30.079150Z","level":"info","event":"\u001b[0m17:10:30  \u001b[31mFailure in model dim_insumo (models/marts/core/dim_insumo.sql)\u001b[0m","logger":"airflow.task.hooks.airflow.providers.standard.hooks.subprocess.SubprocessHook","filename":"subprocess.py","lineno":99}
{"timestamp":"2026-05-11T17:10:30.080332Z","level":"info","event":"\u001b[0m17:10:30    Database Error in model dim_insumo (models/marts/core/dim_insumo.sql)","logger":"airflow.task.hooks.airflow.providers.standard.hooks.subprocess.SubprocessHook","filename":"subprocess.py","lineno":99}
{"timestamp":"2026-05-11T17:10:30.080529Z","level":"info","event":"  002003 (42S02): SQL compilation error:","logger":"airflow.task.hooks.airflow.providers.standard.hooks.subprocess.SubprocessHook","filename":"subprocess.py","lineno":99}
{"timestamp":"2026-05-11T17:10:30.080718Z","level":"info","event":"  Object 'HGC_DW.SNAPSHOTS.SNP_INSUMO' does not exist or not authorized.","logger":"airflow.task.hooks.airflow.providers.standard.hooks.subprocess.SubprocessHook","filename":"subprocess.py","lineno":99}
{"timestamp":"2026-05-11T17:10:30.080788Z","level":"info","event":"  compiled code at target/run/my_new_project/models/marts/core/dim_insumo.sql","logger":"airflow.task.hooks.airflow.providers.standard.hooks.subprocess.SubprocessHook","filename":"subprocess.py","lineno":99}
{"timestamp":"2026-05-11T17:10:30.081404Z","level":"info","event":"\u001b[0m17:10:30","logger":"airflow.task.hooks.airflow.providers.standard.hooks.subprocess.SubprocessHook","filename":"subprocess.py","lineno":99}
{"timestamp":"2026-05-11T17:10:30.082945Z","level":"info","event":"\u001b[0m17:10:30    compiled code at target/compiled/my_new_project/models/marts/core/dim_insumo.sql","logger":"airflow.task.hooks.airflow.providers.standard.hooks.subprocess.SubprocessHook","filename":"subprocess.py","lineno":99}
{"timestamp":"2026-05-11T17:10:30.083911Z","level":"info","event":"\u001b[0m17:10:30","logger":"airflow.task.hooks.airflow.providers.standard.hooks.subprocess.SubprocessHook","filename":"subprocess.py","lineno":99}
{"timestamp":"2026-05-11T17:10:30.084991Z","level":"info","event":"\u001b[0m17:10:30  \u001b[31mFailure in model int_productos_enriquecidos (models/intermediate/int_productos_enriquecidos.sql)\u001b[0m","logger":"airflow.task.hooks.airflow.providers.standard.hooks.subprocess.SubprocessHook","filename":"subprocess.py","lineno":99}
{"timestamp":"2026-05-11T17:10:30.086061Z","level":"info","event":"\u001b[0m17:10:30    Database Error in model int_productos_enriquecidos (models/intermediate/int_productos_enriquecidos.sql)","logger":"airflow.task.hooks.airflow.providers.standard.hooks.subprocess.SubprocessHook","filename":"subprocess.py","lineno":99}
{"timestamp":"2026-05-11T17:10:30.086282Z","level":"info","event":"  002003 (42S02): SQL compilation error:","logger":"airflow.task.hooks.airflow.providers.standard.hooks.subprocess.SubprocessHook","filename":"subprocess.py","lineno":99}
{"timestamp":"2026-05-11T17:10:30.086357Z","level":"info","event":"  Object 'HGC_DW.SNAPSHOTS.SNP_PRODUCTO' does not exist or not authorized.","logger":"airflow.task.hooks.airflow.providers.standard.hooks.subprocess.SubprocessHook","filename":"subprocess.py","lineno":99}
{"timestamp":"2026-05-11T17:10:30.086408Z","level":"info","event":"  compiled code at target/run/my_new_project/models/intermediate/int_productos_enriquecidos.sql","logger":"airflow.task.hooks.airflow.providers.standard.hooks.subprocess.SubprocessHook","filename":"subprocess.py","lineno":99}
{"timestamp":"2026-05-11T17:10:30.087158Z","level":"info","event":"\u001b[0m17:10:30","logger":"airflow.task.hooks.airflow.providers.standard.hooks.subprocess.SubprocessHook","filename":"subprocess.py","lineno":99}
{"timestamp":"2026-05-11T17:10:30.088169Z","level":"info","event":"\u001b[0m17:10:30    compiled code at target/compiled/my_new_project/models/intermediate/int_productos_enriquecidos.sql","logger":"airflow.task.hooks.airflow.providers.standard.hooks.subprocess.SubprocessHook","filename":"subprocess.py","lineno":99}
{"timestamp":"2026-05-11T17:10:30.090189Z","level":"info","event":"\u001b[0m17:10:30","logger":"airflow.task.hooks.airflow.providers.standard.hooks.subprocess.SubprocessHook","filename":"subprocess.py","lineno":99}
{"timestamp":"2026-05-11T17:10:30.091467Z","level":"info","event":"\u001b[0m17:10:30  \u001b[31mFailure in model int_empleados_enriquecidos (models/intermediate/int_empleados_enriquecidos.sql)\u001b[0m","logger":"airflow.task.hooks.airflow.providers.standard.hooks.subprocess.SubprocessHook","filename":"subprocess.py","lineno":99}
{"timestamp":"2026-05-11T17:10:30.092483Z","level":"info","event":"\u001b[0m17:10:30    Database Error in model int_empleados_enriquecidos (models/intermediate/int_empleados_enriquecidos.sql)","logger":"airflow.task.hooks.airflow.providers.standard.hooks.subprocess.SubprocessHook","filename":"subprocess.py","lineno":99}
{"timestamp":"2026-05-11T17:10:30.092678Z","level":"info","event":"  002003 (42S02): SQL compilation error:","logger":"airflow.task.hooks.airflow.providers.standard.hooks.subprocess.SubprocessHook","filename":"subprocess.py","lineno":99}
{"timestamp":"2026-05-11T17:10:30.092796Z","level":"info","event":"  Object 'HGC_DW.SNAPSHOTS.SNP_EMPLEADO' does not exist or not authorized.","logger":"airflow.task.hooks.airflow.providers.standard.hooks.subprocess.SubprocessHook","filename":"subprocess.py","lineno":99}
{"timestamp":"2026-05-11T17:10:30.092864Z","level":"info","event":"  compiled code at target/run/my_new_project/models/intermediate/int_empleados_enriquecidos.sql","logger":"airflow.task.hooks.airflow.providers.standard.hooks.subprocess.SubprocessHook","filename":"subprocess.py","lineno":99}
{"timestamp":"2026-05-11T17:10:30.093373Z","level":"info","event":"\u001b[0m17:10:30","logger":"airflow.task.hooks.airflow.providers.standard.hooks.subprocess.SubprocessHook","filename":"subprocess.py","lineno":99}
{"timestamp":"2026-05-11T17:10:30.094502Z","level":"info","event":"\u001b[0m17:10:30    compiled code at target/compiled/my_new_project/models/intermediate/int_empleados_enriquecidos.sql","logger":"airflow.task.hooks.airflow.providers.standard.hooks.subprocess.SubprocessHook","filename":"subprocess.py","lineno":99}
{"timestamp":"2026-05-11T17:10:30.095687Z","level":"info","event":"\u001b[0m17:10:30","logger":"airflow.task.hooks.airflow.providers.standard.hooks.subprocess.SubprocessHook","filename":"subprocess.py","lineno":99}
{"timestamp":"2026-05-11T17:10:30.097102Z","level":"info","event":"\u001b[0m17:10:30  \u001b[31mFailure in model obt_inventory_optimization (models/ml/datasets/obt_inventory_optimization.sql)\u001b[0m","logger":"airflow.task.hooks.airflow.providers.standard.hooks.subprocess.SubprocessHook","filename":"subprocess.py","lineno":99}
{"timestamp":"2026-05-11T17:10:30.098426Z","level":"info","event":"\u001b[0m17:10:30    Database Error in model obt_inventory_optimization (models/ml/datasets/obt_inventory_optimization.sql)","logger":"airflow.task.hooks.airflow.providers.standard.hooks.subprocess.SubprocessHook","filename":"subprocess.py","lineno":99}
{"timestamp":"2026-05-11T17:10:30.098637Z","level":"info","event":"  003001 (42501): SQL access control error:","logger":"airflow.task.hooks.airflow.providers.standard.hooks.subprocess.SubprocessHook","filename":"subprocess.py","lineno":99}
{"timestamp":"2026-05-11T17:10:30.098716Z","level":"info","event":"  Insufficient privileges to operate on schema 'TRAINING_DATASETS'.","logger":"airflow.task.hooks.airflow.providers.standard.hooks.subprocess.SubprocessHook","filename":"subprocess.py","lineno":99}
{"timestamp":"2026-05-11T17:10:30.098768Z","level":"info","event":"  compiled code at target/run/my_new_project/models/ml/datasets/obt_inventory_optimization.sql","logger":"airflow.task.hooks.airflow.providers.standard.hooks.subprocess.SubprocessHook","filename":"subprocess.py","lineno":99}
{"timestamp":"2026-05-11T17:10:30.099315Z","level":"info","event":"\u001b[0m17:10:30","logger":"airflow.task.hooks.airflow.providers.standard.hooks.subprocess.SubprocessHook","filename":"subprocess.py","lineno":99}
{"timestamp":"2026-05-11T17:10:30.100342Z","level":"info","event":"\u001b[0m17:10:30    compiled code at target/compiled/my_new_project/models/ml/datasets/obt_inventory_optimization.sql","logger":"airflow.task.hooks.airflow.providers.standard.hooks.subprocess.SubprocessHook","filename":"subprocess.py","lineno":99}
{"timestamp":"2026-05-11T17:10:30.101405Z","level":"info","event":"\u001b[0m17:10:30","logger":"airflow.task.hooks.airflow.providers.standard.hooks.subprocess.SubprocessHook","filename":"subprocess.py","lineno":99}
{"timestamp":"2026-05-11T17:10:30.102370Z","level":"info","event":"\u001b[0m17:10:30  Done. PASS=51 WARN=0 ERROR=8 SKIP=35 NO-OP=0 TOTAL=94","logger":"airflow.task.hooks.airflow.providers.standard.hooks.subprocess.SubprocessHook","filename":"subprocess.py","lineno":99}
{"timestamp":"2026-05-11T17:10:32.320717Z","level":"info","event":"Command exited with return code 1","logger":"airflow.task.hooks.airflow.providers.standard.hooks.subprocess.SubprocessHook","filename":"subprocess.py","lineno":103}
{"timestamp":"2026-05-11T17:10:32.418557Z","level":"error","event":"Task failed with exception","logger":"task","filename":"task_runner.py","lineno":1325,"error_detail":[{"exc_type":"AirflowException","exc_value":"Bash command failed. The command returned a non-zero exit code 1.","exc_notes":[],"syntax_error":null,"is_cause":false,"frames":[{"filename":"/home/airflow/.local/lib/python3.13/site-packages/airflow/sdk/execution_time/task_runner.py","lineno":1263,"name":"run"},{"filename":"/home/airflow/.local/lib/python3.13/site-packages/airflow/sdk/execution_time/task_runner.py","lineno":1678,"name":"_execute_task"},{"filename":"/home/airflow/.local/lib/python3.13/site-packages/airflow/sdk/bases/operator.py","lineno":443,"name":"wrapper"},{"filename":"/home/airflow/.local/lib/python3.13/site-packages/airflow/providers/standard/operators/bash.py","lineno":226,"name":"execute"}],"is_group":false,"exceptions":[]}]}
{"timestamp":"2026-05-11T17:10:32.574732Z","level":"info","event":"Task instance in failure state","logger":"task.stdout"}
{"timestamp":"2026-05-11T17:10:32.676039Z","level":"info","event":"Task start","logger":"task.stdout"}
{"timestamp":"2026-05-11T17:10:32.678082Z","level":"info","event":"Task:<Task(BashOperator): dbt_run>","logger":"task.stdout"}
{"timestamp":"2026-05-11T17:10:32.680847Z","level":"info","event":"Failure caused by Bash command failed. The command returned a non-zero exit code 1.","logger":"task.stdout"}
