{"timestamp":"2026-05-06T14:18:57.936342Z","level":"info","event":"DAG bundles loaded: dags-folder, example_dags","logger":"airflow.dag_processing.bundles.manager.DagBundlesManager","filename":"manager.py","lineno":209}
{"timestamp":"2026-05-06T14:18:57.954255Z","level":"info","event":"Filling up the DagBag from /opt/airflow/dags/dbt_pipeline.py","logger":"airflow.dag_processing.dagbag.BundleDagBag","filename":"dagbag.py","lineno":469}
{"timestamp":"2026-05-06T14:18:58.177188Z","level":"warning","event":"The `airflow.operators.bash.BashOperator` attribute is deprecated. Please use `'airflow.providers.standard.operators.bash.BashOperator'`.","category":"UserWarning","filename":"/opt/airflow/dags/dbt_pipeline.py","lineno":2,"logger":"py.warnings"}
{"timestamp":"2026-05-06T14:18:58.530112Z","level":"info","event":"Task instance is in running state","logger":"task.stdout"}
{"timestamp":"2026-05-06T14:18:58.530751Z","level":"info","event":" Previous state of the Task instance: TaskInstanceState.QUEUED","logger":"task.stdout"}
{"timestamp":"2026-05-06T14:18:58.531321Z","level":"info","event":"Current task name:dbt_run","logger":"task.stdout"}
{"timestamp":"2026-05-06T14:18:58.531883Z","level":"info","event":"Dag name:hgc_transformaciones_dbt","logger":"task.stdout"}
{"timestamp":"2026-05-06T14:18:58.548125Z","level":"info","event":"Tmp dir root location: /tmp","logger":"airflow.task.hooks.airflow.providers.standard.hooks.subprocess.SubprocessHook","filename":"subprocess.py","lineno":78}
{"timestamp":"2026-05-06T14:18:58.556585Z","level":"info","event":"Running command: ['/usr/bin/bash', '-c', \"cd '/opt/airflow/dbt' && dbt clean && dbt deps && dbt run --profiles-dir .\"]","logger":"airflow.task.hooks.airflow.providers.standard.hooks.subprocess.SubprocessHook","filename":"subprocess.py","lineno":80}
{"timestamp":"2026-05-06T14:18:58.564960Z","level":"info","event":"Output:","logger":"airflow.task.hooks.airflow.providers.standard.hooks.subprocess.SubprocessHook","filename":"subprocess.py","lineno":92}
{"timestamp":"2026-05-06T14:19:05.006234Z","level":"info","event":"\u001b[0m14:19:05  Running with dbt=1.11.8","logger":"airflow.task.hooks.airflow.providers.standard.hooks.subprocess.SubprocessHook","filename":"subprocess.py","lineno":99}
{"timestamp":"2026-05-06T14:19:05.745493Z","level":"info","event":"\u001b[0m14:19:05  Checking /opt/airflow/dbt/target/*","logger":"airflow.task.hooks.airflow.providers.standard.hooks.subprocess.SubprocessHook","filename":"subprocess.py","lineno":99}
{"timestamp":"2026-05-06T14:19:06.243854Z","level":"info","event":"\u001b[0m14:19:06  Cleaned /opt/airflow/dbt/target/*","logger":"airflow.task.hooks.airflow.providers.standard.hooks.subprocess.SubprocessHook","filename":"subprocess.py","lineno":99}
{"timestamp":"2026-05-06T14:19:06.244256Z","level":"info","event":"\u001b[0m14:19:06  Checking /opt/airflow/dbt/dbt_packages/*","logger":"airflow.task.hooks.airflow.providers.standard.hooks.subprocess.SubprocessHook","filename":"subprocess.py","lineno":99}
{"timestamp":"2026-05-06T14:19:06.983984Z","level":"info","event":"\u001b[0m14:19:06  Cleaned /opt/airflow/dbt/dbt_packages/*","logger":"airflow.task.hooks.airflow.providers.standard.hooks.subprocess.SubprocessHook","filename":"subprocess.py","lineno":99}
{"timestamp":"2026-05-06T14:19:06.984660Z","level":"info","event":"\u001b[0m14:19:06  Finished cleaning all paths.","logger":"airflow.task.hooks.airflow.providers.standard.hooks.subprocess.SubprocessHook","filename":"subprocess.py","lineno":99}
{"timestamp":"2026-05-06T14:19:16.051066Z","level":"info","event":"\u001b[0m14:19:16  Running with dbt=1.11.8","logger":"airflow.task.hooks.airflow.providers.standard.hooks.subprocess.SubprocessHook","filename":"subprocess.py","lineno":99}
{"timestamp":"2026-05-06T14:19:18.907671Z","level":"info","event":"\u001b[0m14:19:18  Installing dbt-labs/dbt_utils","logger":"airflow.task.hooks.airflow.providers.standard.hooks.subprocess.SubprocessHook","filename":"subprocess.py","lineno":99}
{"timestamp":"2026-05-06T14:19:39.236458Z","level":"info","event":"\u001b[0m14:19:39  Installed from version 1.1.0","logger":"airflow.task.hooks.airflow.providers.standard.hooks.subprocess.SubprocessHook","filename":"subprocess.py","lineno":99}
{"timestamp":"2026-05-06T14:19:39.237520Z","level":"info","event":"\u001b[0m14:19:39  Updated version available: 1.3.3","logger":"airflow.task.hooks.airflow.providers.standard.hooks.subprocess.SubprocessHook","filename":"subprocess.py","lineno":99}
{"timestamp":"2026-05-06T14:19:39.239946Z","level":"info","event":"\u001b[0m14:19:39","logger":"airflow.task.hooks.airflow.providers.standard.hooks.subprocess.SubprocessHook","filename":"subprocess.py","lineno":99}
{"timestamp":"2026-05-06T14:19:39.241054Z","level":"info","event":"\u001b[0m14:19:39  Updates available for packages: ['dbt-labs/dbt_utils']","logger":"airflow.task.hooks.airflow.providers.standard.hooks.subprocess.SubprocessHook","filename":"subprocess.py","lineno":99}
{"timestamp":"2026-05-06T14:19:39.241251Z","level":"info","event":"Update your versions in packages.yml, then run dbt deps","logger":"airflow.task.hooks.airflow.providers.standard.hooks.subprocess.SubprocessHook","filename":"subprocess.py","lineno":99}
{"timestamp":"2026-05-06T14:19:53.121683Z","level":"info","event":"\u001b[0m14:19:53  Running with dbt=1.11.8","logger":"airflow.task.hooks.airflow.providers.standard.hooks.subprocess.SubprocessHook","filename":"subprocess.py","lineno":99}
{"timestamp":"2026-05-06T14:19:55.387538Z","level":"info","event":"/home/airflow/.local/lib/python3.13/site-packages/snowflake/connector/vendored/requests/__init__.py:113: RequestsDependencyWarning: urllib3 (2.6.3) or chardet (6.0.0.post1)/charset_normalizer (3.4.7) doesn't match a supported version!","logger":"airflow.task.hooks.airflow.providers.standard.hooks.subprocess.SubprocessHook","filename":"subprocess.py","lineno":99}
{"timestamp":"2026-05-06T14:19:55.387786Z","level":"info","event":"  warnings.warn(","logger":"airflow.task.hooks.airflow.providers.standard.hooks.subprocess.SubprocessHook","filename":"subprocess.py","lineno":99}
{"timestamp":"2026-05-06T14:19:56.411404Z","level":"info","event":"\u001b[0m14:19:56  Registered adapter: snowflake=1.11.4","logger":"airflow.task.hooks.airflow.providers.standard.hooks.subprocess.SubprocessHook","filename":"subprocess.py","lineno":99}
{"timestamp":"2026-05-06T14:19:56.744100Z","level":"info","event":"\u001b[0m14:19:56  Unable to do partial parsing because saved manifest not found. Starting full parse.","logger":"airflow.task.hooks.airflow.providers.standard.hooks.subprocess.SubprocessHook","filename":"subprocess.py","lineno":99}
{"timestamp":"2026-05-06T14:20:11.280037Z","level":"info","event":"\u001b[0m14:20:11  Found 91 models, 5 snapshots, 36 sources, 638 macros","logger":"airflow.task.hooks.airflow.providers.standard.hooks.subprocess.SubprocessHook","filename":"subprocess.py","lineno":99}
{"timestamp":"2026-05-06T14:20:11.306082Z","level":"info","event":"\u001b[0m14:20:11","logger":"airflow.task.hooks.airflow.providers.standard.hooks.subprocess.SubprocessHook","filename":"subprocess.py","lineno":99}
{"timestamp":"2026-05-06T14:20:11.308248Z","level":"info","event":"\u001b[0m14:20:11  Concurrency: 4 threads (target='dev')","logger":"airflow.task.hooks.airflow.providers.standard.hooks.subprocess.SubprocessHook","filename":"subprocess.py","lineno":99}
{"timestamp":"2026-05-06T14:20:11.310406Z","level":"info","event":"\u001b[0m14:20:11","logger":"airflow.task.hooks.airflow.providers.standard.hooks.subprocess.SubprocessHook","filename":"subprocess.py","lineno":99}
{"timestamp":"2026-05-06T14:20:17.297480Z","level":"info","event":"\u001b[0m14:20:17  1 of 91 START sql table model GOLD.dim_hora .................................... [RUN]","logger":"airflow.task.hooks.airflow.providers.standard.hooks.subprocess.SubprocessHook","filename":"subprocess.py","lineno":99}
{"timestamp":"2026-05-06T14:20:17.300151Z","level":"info","event":"\u001b[0m14:20:17  2 of 91 START sql view model SILVER.stg_csv__calendario ........................ [RUN]","logger":"airflow.task.hooks.airflow.providers.standard.hooks.subprocess.SubprocessHook","filename":"subprocess.py","lineno":99}
{"timestamp":"2026-05-06T14:20:17.302340Z","level":"info","event":"\u001b[0m14:20:17  4 of 91 START sql view model SILVER.stg_mariadb__costos_operativos ............. [RUN]","logger":"airflow.task.hooks.airflow.providers.standard.hooks.subprocess.SubprocessHook","filename":"subprocess.py","lineno":99}
{"timestamp":"2026-05-06T14:20:17.306461Z","level":"info","event":"\u001b[0m14:20:17  3 of 91 START sql view model SILVER.stg_csv__sucursales ........................ [RUN]","logger":"airflow.task.hooks.airflow.providers.standard.hooks.subprocess.SubprocessHook","filename":"subprocess.py","lineno":99}
{"timestamp":"2026-05-06T14:20:18.172253Z","level":"info","event":"\u001b[0m14:20:18  3 of 91 OK created sql view model SILVER.stg_csv__sucursales ................... [\u001b[32mSUCCESS 1\u001b[0m in 0.85s]","logger":"airflow.task.hooks.airflow.providers.standard.hooks.subprocess.SubprocessHook","filename":"subprocess.py","lineno":99}
{"timestamp":"2026-05-06T14:20:18.174962Z","level":"info","event":"\u001b[0m14:20:18  2 of 91 OK created sql view model SILVER.stg_csv__calendario ................... [\u001b[32mSUCCESS 1\u001b[0m in 0.86s]","logger":"airflow.task.hooks.airflow.providers.standard.hooks.subprocess.SubprocessHook","filename":"subprocess.py","lineno":99}
{"timestamp":"2026-05-06T14:20:18.186458Z","level":"info","event":"\u001b[0m14:20:18  5 of 91 START sql view model SILVER.stg_mariadb__facturas ...................... [RUN]","logger":"airflow.task.hooks.airflow.providers.standard.hooks.subprocess.SubprocessHook","filename":"subprocess.py","lineno":99}
{"timestamp":"2026-05-06T14:20:18.188884Z","level":"info","event":"\u001b[0m14:20:18  6 of 91 START sql view model SILVER.stg_mariadb__metodos_pago .................. [RUN]","logger":"airflow.task.hooks.airflow.providers.standard.hooks.subprocess.SubprocessHook","filename":"subprocess.py","lineno":99}
{"timestamp":"2026-05-06T14:20:18.477182Z","level":"info","event":"\u001b[0m14:20:18  4 of 91 OK created sql view model SILVER.stg_mariadb__costos_operativos ........ [\u001b[32mSUCCESS 1\u001b[0m in 1.16s]","logger":"airflow.task.hooks.airflow.providers.standard.hooks.subprocess.SubprocessHook","filename":"subprocess.py","lineno":99}
{"timestamp":"2026-05-06T14:20:18.485176Z","level":"info","event":"\u001b[0m14:20:18  7 of 91 START sql view model SILVER.stg_mariadb__transacciones_pago ............ [RUN]","logger":"airflow.task.hooks.airflow.providers.standard.hooks.subprocess.SubprocessHook","filename":"subprocess.py","lineno":99}
{"timestamp":"2026-05-06T14:20:18.617897Z","level":"info","event":"\u001b[0m14:20:18  6 of 91 OK created sql view model SILVER.stg_mariadb__metodos_pago ............. [\u001b[32mSUCCESS 1\u001b[0m in 0.42s]","logger":"airflow.task.hooks.airflow.providers.standard.hooks.subprocess.SubprocessHook","filename":"subprocess.py","lineno":99}
{"timestamp":"2026-05-06T14:20:18.623719Z","level":"info","event":"\u001b[0m14:20:18  8 of 91 START sql view model SILVER.stg_mongodb__campanas ...................... [RUN]","logger":"airflow.task.hooks.airflow.providers.standard.hooks.subprocess.SubprocessHook","filename":"subprocess.py","lineno":99}
{"timestamp":"2026-05-06T14:20:18.795972Z","level":"info","event":"\u001b[0m14:20:18  5 of 91 OK created sql view model SILVER.stg_mariadb__facturas ................. [\u001b[32mSUCCESS 1\u001b[0m in 0.60s]","logger":"airflow.task.hooks.airflow.providers.standard.hooks.subprocess.SubprocessHook","filename":"subprocess.py","lineno":99}
{"timestamp":"2026-05-06T14:20:18.804257Z","level":"info","event":"\u001b[0m14:20:18  9 of 91 START sql view model SILVER.stg_mongodb__clientes ...................... [RUN]","logger":"airflow.task.hooks.airflow.providers.standard.hooks.subprocess.SubprocessHook","filename":"subprocess.py","lineno":99}
{"timestamp":"2026-05-06T14:20:18.900523Z","level":"info","event":"\u001b[0m14:20:18  7 of 91 OK created sql view model SILVER.stg_mariadb__transacciones_pago ....... [\u001b[32mSUCCESS 1\u001b[0m in 0.41s]","logger":"airflow.task.hooks.airflow.providers.standard.hooks.subprocess.SubprocessHook","filename":"subprocess.py","lineno":99}
{"timestamp":"2026-05-06T14:20:18.906349Z","level":"info","event":"\u001b[0m14:20:18  10 of 91 START sql view model SILVER.stg_mongodb__cupones ...................... [RUN]","logger":"airflow.task.hooks.airflow.providers.standard.hooks.subprocess.SubprocessHook","filename":"subprocess.py","lineno":99}
{"timestamp":"2026-05-06T14:20:19.026029Z","level":"info","event":"\u001b[0m14:20:19  1 of 91 OK created sql table model GOLD.dim_hora ............................... [\u001b[32mSUCCESS 1440\u001b[0m in 1.72s]","logger":"airflow.task.hooks.airflow.providers.standard.hooks.subprocess.SubprocessHook","filename":"subprocess.py","lineno":99}
{"timestamp":"2026-05-06T14:20:19.031468Z","level":"info","event":"\u001b[0m14:20:19  11 of 91 START sql view model SILVER.stg_mongodb__cupones_redimidos ............ [RUN]","logger":"airflow.task.hooks.airflow.providers.standard.hooks.subprocess.SubprocessHook","filename":"subprocess.py","lineno":99}
{"timestamp":"2026-05-06T14:20:19.158799Z","level":"info","event":"\u001b[0m14:20:19  8 of 91 OK created sql view model SILVER.stg_mongodb__campanas ................. [\u001b[32mSUCCESS 1\u001b[0m in 0.53s]","logger":"airflow.task.hooks.airflow.providers.standard.hooks.subprocess.SubprocessHook","filename":"subprocess.py","lineno":99}
{"timestamp":"2026-05-06T14:20:19.165248Z","level":"info","event":"\u001b[0m14:20:19  12 of 91 START sql view model SILVER.stg_mongodb__programa_lealtad ............. [RUN]","logger":"airflow.task.hooks.airflow.providers.standard.hooks.subprocess.SubprocessHook","filename":"subprocess.py","lineno":99}
{"timestamp":"2026-05-06T14:20:19.334466Z","level":"info","event":"\u001b[0m14:20:19  9 of 91 OK created sql view model SILVER.stg_mongodb__clientes ................. [\u001b[32mSUCCESS 1\u001b[0m in 0.53s]","logger":"airflow.task.hooks.airflow.providers.standard.hooks.subprocess.SubprocessHook","filename":"subprocess.py","lineno":99}
{"timestamp":"2026-05-06T14:20:19.339524Z","level":"info","event":"\u001b[0m14:20:19  13 of 91 START sql view model SILVER.stg_mysql__almacenes ...................... [RUN]","logger":"airflow.task.hooks.airflow.providers.standard.hooks.subprocess.SubprocessHook","filename":"subprocess.py","lineno":99}
{"timestamp":"2026-05-06T14:20:19.399491Z","level":"info","event":"\u001b[0m14:20:19  10 of 91 OK created sql view model SILVER.stg_mongodb__cupones ................. [\u001b[32mSUCCESS 1\u001b[0m in 0.49s]","logger":"airflow.task.hooks.airflow.providers.standard.hooks.subprocess.SubprocessHook","filename":"subprocess.py","lineno":99}
{"timestamp":"2026-05-06T14:20:19.405814Z","level":"info","event":"\u001b[0m14:20:19  14 of 91 START sql view model SILVER.stg_mysql__detalle_oc ..................... [RUN]","logger":"airflow.task.hooks.airflow.providers.standard.hooks.subprocess.SubprocessHook","filename":"subprocess.py","lineno":99}
{"timestamp":"2026-05-06T14:20:19.605506Z","level":"info","event":"\u001b[0m14:20:19  11 of 91 OK created sql view model SILVER.stg_mongodb__cupones_redimidos ....... [\u001b[32mSUCCESS 1\u001b[0m in 0.57s]","logger":"airflow.task.hooks.airflow.providers.standard.hooks.subprocess.SubprocessHook","filename":"subprocess.py","lineno":99}
{"timestamp":"2026-05-06T14:20:19.611320Z","level":"info","event":"\u001b[0m14:20:19  15 of 91 START sql view model SILVER.stg_mysql__insumos ........................ [RUN]","logger":"airflow.task.hooks.airflow.providers.standard.hooks.subprocess.SubprocessHook","filename":"subprocess.py","lineno":99}
{"timestamp":"2026-05-06T14:20:19.650388Z","level":"info","event":"\u001b[0m14:20:19  12 of 91 OK created sql view model SILVER.stg_mongodb__programa_lealtad ........ [\u001b[32mSUCCESS 1\u001b[0m in 0.48s]","logger":"airflow.task.hooks.airflow.providers.standard.hooks.subprocess.SubprocessHook","filename":"subprocess.py","lineno":99}
{"timestamp":"2026-05-06T14:20:19.671380Z","level":"info","event":"\u001b[0m14:20:19  16 of 91 START sql view model SILVER.stg_mysql__movimientos_inventario ......... [RUN]","logger":"airflow.task.hooks.airflow.providers.standard.hooks.subprocess.SubprocessHook","filename":"subprocess.py","lineno":99}
{"timestamp":"2026-05-06T14:20:19.871442Z","level":"info","event":"\u001b[0m14:20:19  13 of 91 OK created sql view model SILVER.stg_mysql__almacenes ................. [\u001b[32mSUCCESS 1\u001b[0m in 0.53s]","logger":"airflow.task.hooks.airflow.providers.standard.hooks.subprocess.SubprocessHook","filename":"subprocess.py","lineno":99}
{"timestamp":"2026-05-06T14:20:19.879527Z","level":"info","event":"\u001b[0m14:20:19  17 of 91 START sql view model SILVER.stg_mysql__ordenes_compra ................. [RUN]","logger":"airflow.task.hooks.airflow.providers.standard.hooks.subprocess.SubprocessHook","filename":"subprocess.py","lineno":99}
{"timestamp":"2026-05-06T14:20:19.935858Z","level":"info","event":"\u001b[0m14:20:19  14 of 91 OK created sql view model SILVER.stg_mysql__detalle_oc ................ [\u001b[32mSUCCESS 1\u001b[0m in 0.52s]","logger":"airflow.task.hooks.airflow.providers.standard.hooks.subprocess.SubprocessHook","filename":"subprocess.py","lineno":99}
{"timestamp":"2026-05-06T14:20:19.943652Z","level":"info","event":"\u001b[0m14:20:19  18 of 91 START sql view model SILVER.stg_mysql__proveedores .................... [RUN]","logger":"airflow.task.hooks.airflow.providers.standard.hooks.subprocess.SubprocessHook","filename":"subprocess.py","lineno":99}
{"timestamp":"2026-05-06T14:20:20.170670Z","level":"info","event":"\u001b[0m14:20:20  15 of 91 OK created sql view model SILVER.stg_mysql__insumos ................... [\u001b[32mSUCCESS 1\u001b[0m in 0.56s]","logger":"airflow.task.hooks.airflow.providers.standard.hooks.subprocess.SubprocessHook","filename":"subprocess.py","lineno":99}
{"timestamp":"2026-05-06T14:20:20.174627Z","level":"info","event":"\u001b[0m14:20:20  19 of 91 START sql view model SILVER.stg_mysql__recetas_bom .................... [RUN]","logger":"airflow.task.hooks.airflow.providers.standard.hooks.subprocess.SubprocessHook","filename":"subprocess.py","lineno":99}
{"timestamp":"2026-05-06T14:20:20.224986Z","level":"info","event":"\u001b[0m14:20:20  16 of 91 OK created sql view model SILVER.stg_mysql__movimientos_inventario .... [\u001b[32mSUCCESS 1\u001b[0m in 0.55s]","logger":"airflow.task.hooks.airflow.providers.standard.hooks.subprocess.SubprocessHook","filename":"subprocess.py","lineno":99}
{"timestamp":"2026-05-06T14:20:20.232159Z","level":"info","event":"\u001b[0m14:20:20  20 of 91 START sql view model SILVER.stg_mysql__stock .......................... [RUN]","logger":"airflow.task.hooks.airflow.providers.standard.hooks.subprocess.SubprocessHook","filename":"subprocess.py","lineno":99}
{"timestamp":"2026-05-06T14:20:20.348463Z","level":"info","event":"\u001b[0m14:20:20  17 of 91 OK created sql view model SILVER.stg_mysql__ordenes_compra ............ [\u001b[32mSUCCESS 1\u001b[0m in 0.46s]","logger":"airflow.task.hooks.airflow.providers.standard.hooks.subprocess.SubprocessHook","filename":"subprocess.py","lineno":99}
{"timestamp":"2026-05-06T14:20:20.353425Z","level":"info","event":"\u001b[0m14:20:20  21 of 91 START sql view model SILVER.stg_postgres__canales_venta ............... [RUN]","logger":"airflow.task.hooks.airflow.providers.standard.hooks.subprocess.SubprocessHook","filename":"subprocess.py","lineno":99}
{"timestamp":"2026-05-06T14:20:20.391564Z","level":"info","event":"\u001b[0m14:20:20  18 of 91 OK created sql view model SILVER.stg_mysql__proveedores ............... [\u001b[32mSUCCESS 1\u001b[0m in 0.44s]","logger":"airflow.task.hooks.airflow.providers.standard.hooks.subprocess.SubprocessHook","filename":"subprocess.py","lineno":99}
{"timestamp":"2026-05-06T14:20:20.399739Z","level":"info","event":"\u001b[0m14:20:20  22 of 91 START sql view model SILVER.stg_postgres__categorias_producto ......... [RUN]","logger":"airflow.task.hooks.airflow.providers.standard.hooks.subprocess.SubprocessHook","filename":"subprocess.py","lineno":99}
{"timestamp":"2026-05-06T14:20:20.719366Z","level":"info","event":"\u001b[0m14:20:20  19 of 91 OK created sql view model SILVER.stg_mysql__recetas_bom ............... [\u001b[32mSUCCESS 1\u001b[0m in 0.54s]","logger":"airflow.task.hooks.airflow.providers.standard.hooks.subprocess.SubprocessHook","filename":"subprocess.py","lineno":99}
{"timestamp":"2026-05-06T14:20:20.727124Z","level":"info","event":"\u001b[0m14:20:20  23 of 91 START sql view model SILVER.stg_postgres__combo_detalle ............... [RUN]","logger":"airflow.task.hooks.airflow.providers.standard.hooks.subprocess.SubprocessHook","filename":"subprocess.py","lineno":99}
{"timestamp":"2026-05-06T14:20:20.763825Z","level":"info","event":"\u001b[0m14:20:20  20 of 91 OK created sql view model SILVER.stg_mysql__stock ..................... [\u001b[32mSUCCESS 1\u001b[0m in 0.53s]","logger":"airflow.task.hooks.airflow.providers.standard.hooks.subprocess.SubprocessHook","filename":"subprocess.py","lineno":99}
{"timestamp":"2026-05-06T14:20:20.769244Z","level":"info","event":"\u001b[0m14:20:20  24 of 91 START sql view model SILVER.stg_postgres__delivery_orden .............. [RUN]","logger":"airflow.task.hooks.airflow.providers.standard.hooks.subprocess.SubprocessHook","filename":"subprocess.py","lineno":99}
{"timestamp":"2026-05-06T14:20:20.827570Z","level":"info","event":"\u001b[0m14:20:20  21 of 91 OK created sql view model SILVER.stg_postgres__canales_venta .......... [\u001b[32mSUCCESS 1\u001b[0m in 0.46s]","logger":"airflow.task.hooks.airflow.providers.standard.hooks.subprocess.SubprocessHook","filename":"subprocess.py","lineno":99}
{"timestamp":"2026-05-06T14:20:20.835354Z","level":"info","event":"\u001b[0m14:20:20  25 of 91 START sql view model SILVER.stg_postgres__detalle_pedido .............. [RUN]","logger":"airflow.task.hooks.airflow.providers.standard.hooks.subprocess.SubprocessHook","filename":"subprocess.py","lineno":99}
{"timestamp":"2026-05-06T14:20:21.755584Z","level":"info","event":"\u001b[0m14:20:21  23 of 91 OK created sql view model SILVER.stg_postgres__combo_detalle .......... [\u001b[32mSUCCESS 1\u001b[0m in 0.48s]","logger":"airflow.task.hooks.airflow.providers.standard.hooks.subprocess.SubprocessHook","filename":"subprocess.py","lineno":99}
{"timestamp":"2026-05-06T14:20:21.766176Z","level":"info","event":"\u001b[0m14:20:21  24 of 91 OK created sql view model SILVER.stg_postgres__delivery_orden ......... [\u001b[32mSUCCESS 1\u001b[0m in 0.47s]","logger":"airflow.task.hooks.airflow.providers.standard.hooks.subprocess.SubprocessHook","filename":"subprocess.py","lineno":99}
{"timestamp":"2026-05-06T14:20:21.766856Z","level":"info","event":"\u001b[0m14:20:21  25 of 91 OK created sql view model SILVER.stg_postgres__detalle_pedido ......... [\u001b[32mSUCCESS 1\u001b[0m in 0.52s]","logger":"airflow.task.hooks.airflow.providers.standard.hooks.subprocess.SubprocessHook","filename":"subprocess.py","lineno":99}
{"timestamp":"2026-05-06T14:20:21.769084Z","level":"info","event":"\u001b[0m14:20:21  22 of 91 OK created sql view model SILVER.stg_postgres__categorias_producto .... [\u001b[32mSUCCESS 1\u001b[0m in 0.45s]","logger":"airflow.task.hooks.airflow.providers.standard.hooks.subprocess.SubprocessHook","filename":"subprocess.py","lineno":99}
{"timestamp":"2026-05-06T14:20:21.780997Z","level":"info","event":"\u001b[0m14:20:21  26 of 91 START sql view model SILVER.stg_postgres__estados_pedido .............. [RUN]","logger":"airflow.task.hooks.airflow.providers.standard.hooks.subprocess.SubprocessHook","filename":"subprocess.py","lineno":99}
{"timestamp":"2026-05-06T14:20:21.794646Z","level":"info","event":"\u001b[0m14:20:21  27 of 91 START sql view model SILVER.stg_postgres__pedido_cupon ................ [RUN]","logger":"airflow.task.hooks.airflow.providers.standard.hooks.subprocess.SubprocessHook","filename":"subprocess.py","lineno":99}
{"timestamp":"2026-05-06T14:20:21.797033Z","level":"info","event":"\u001b[0m14:20:21  28 of 91 START sql view model SILVER.stg_postgres__pedidos ..................... [RUN]","logger":"airflow.task.hooks.airflow.providers.standard.hooks.subprocess.SubprocessHook","filename":"subprocess.py","lineno":99}
{"timestamp":"2026-05-06T14:20:21.800396Z","level":"info","event":"\u001b[0m14:20:21  29 of 91 START sql view model SILVER.stg_postgres__plataformas_delivery ........ [RUN]","logger":"airflow.task.hooks.airflow.providers.standard.hooks.subprocess.SubprocessHook","filename":"subprocess.py","lineno":99}
{"timestamp":"2026-05-06T14:20:22.335351Z","level":"info","event":"\u001b[0m14:20:22  28 of 91 OK created sql view model SILVER.stg_postgres__pedidos ................ [\u001b[32mSUCCESS 1\u001b[0m in 0.53s]","logger":"airflow.task.hooks.airflow.providers.standard.hooks.subprocess.SubprocessHook","filename":"subprocess.py","lineno":99}
{"timestamp":"2026-05-06T14:20:22.340139Z","level":"info","event":"\u001b[0m14:20:22  30 of 91 START sql view model SILVER.stg_postgres__productos ................... [RUN]","logger":"airflow.task.hooks.airflow.providers.standard.hooks.subprocess.SubprocessHook","filename":"subprocess.py","lineno":99}
{"timestamp":"2026-05-06T14:20:22.370559Z","level":"info","event":"\u001b[0m14:20:22  26 of 91 OK created sql view model SILVER.stg_postgres__estados_pedido ......... [\u001b[32mSUCCESS 1\u001b[0m in 0.58s]","logger":"airflow.task.hooks.airflow.providers.standard.hooks.subprocess.SubprocessHook","filename":"subprocess.py","lineno":99}
{"timestamp":"2026-05-06T14:20:22.382125Z","level":"info","event":"\u001b[0m14:20:22  31 of 91 START sql view model SILVER.stg_sqlserver__asignacion_turnos .......... [RUN]","logger":"airflow.task.hooks.airflow.providers.standard.hooks.subprocess.SubprocessHook","filename":"subprocess.py","lineno":99}
{"timestamp":"2026-05-06T14:20:22.404557Z","level":"info","event":"\u001b[0m14:20:22  27 of 91 OK created sql view model SILVER.stg_postgres__pedido_cupon ........... [\u001b[32mSUCCESS 1\u001b[0m in 0.59s]","logger":"airflow.task.hooks.airflow.providers.standard.hooks.subprocess.SubprocessHook","filename":"subprocess.py","lineno":99}
{"timestamp":"2026-05-06T14:20:22.424153Z","level":"info","event":"\u001b[0m14:20:22  29 of 91 OK created sql view model SILVER.stg_postgres__plataformas_delivery ... [\u001b[32mSUCCESS 1\u001b[0m in 0.60s]","logger":"airflow.task.hooks.airflow.providers.standard.hooks.subprocess.SubprocessHook","filename":"subprocess.py","lineno":99}
{"timestamp":"2026-05-06T14:20:22.433484Z","level":"info","event":"\u001b[0m14:20:22  32 of 91 START sql view model SILVER.stg_sqlserver__asistencia ................. [RUN]","logger":"airflow.task.hooks.airflow.providers.standard.hooks.subprocess.SubprocessHook","filename":"subprocess.py","lineno":99}
{"timestamp":"2026-05-06T14:20:22.446662Z","level":"info","event":"\u001b[0m14:20:22  33 of 91 START sql view model SILVER.stg_sqlserver__cargos ..................... [RUN]","logger":"airflow.task.hooks.airflow.providers.standard.hooks.subprocess.SubprocessHook","filename":"subprocess.py","lineno":99}
{"timestamp":"2026-05-06T14:20:22.886356Z","level":"info","event":"\u001b[0m14:20:22  30 of 91 OK created sql view model SILVER.stg_postgres__productos .............. [\u001b[32mSUCCESS 1\u001b[0m in 0.54s]","logger":"airflow.task.hooks.airflow.providers.standard.hooks.subprocess.SubprocessHook","filename":"subprocess.py","lineno":99}
{"timestamp":"2026-05-06T14:20:22.891979Z","level":"info","event":"\u001b[0m14:20:22  34 of 91 START sql view model SILVER.stg_sqlserver__departamentos .............. [RUN]","logger":"airflow.task.hooks.airflow.providers.standard.hooks.subprocess.SubprocessHook","filename":"subprocess.py","lineno":99}
{"timestamp":"2026-05-06T14:20:22.926419Z","level":"info","event":"\u001b[0m14:20:22  32 of 91 OK created sql view model SILVER.stg_sqlserver__asistencia ............ [\u001b[32mSUCCESS 1\u001b[0m in 0.48s]","logger":"airflow.task.hooks.airflow.providers.standard.hooks.subprocess.SubprocessHook","filename":"subprocess.py","lineno":99}
{"timestamp":"2026-05-06T14:20:22.930017Z","level":"info","event":"\u001b[0m14:20:22  33 of 91 OK created sql view model SILVER.stg_sqlserver__cargos ................ [\u001b[32mSUCCESS 1\u001b[0m in 0.47s]","logger":"airflow.task.hooks.airflow.providers.standard.hooks.subprocess.SubprocessHook","filename":"subprocess.py","lineno":99}
{"timestamp":"2026-05-06T14:20:22.949512Z","level":"info","event":"\u001b[0m14:20:22  35 of 91 START sql view model SILVER.stg_sqlserver__empleados .................. [RUN]","logger":"airflow.task.hooks.airflow.providers.standard.hooks.subprocess.SubprocessHook","filename":"subprocess.py","lineno":99}
{"timestamp":"2026-05-06T14:20:22.951683Z","level":"info","event":"\u001b[0m14:20:22  36 of 91 START sql view model SILVER.stg_sqlserver__evaluacion_desempeno ....... [RUN]","logger":"airflow.task.hooks.airflow.providers.standard.hooks.subprocess.SubprocessHook","filename":"subprocess.py","lineno":99}
{"timestamp":"2026-05-06T14:20:22.998919Z","level":"info","event":"\u001b[0m14:20:22  31 of 91 OK created sql view model SILVER.stg_sqlserver__asignacion_turnos ..... [\u001b[32mSUCCESS 1\u001b[0m in 0.60s]","logger":"airflow.task.hooks.airflow.providers.standard.hooks.subprocess.SubprocessHook","filename":"subprocess.py","lineno":99}
{"timestamp":"2026-05-06T14:20:23.030642Z","level":"info","event":"\u001b[0m14:20:23  37 of 91 START sql view model SILVER.stg_sqlserver__turnos ..................... [RUN]","logger":"airflow.task.hooks.airflow.providers.standard.hooks.subprocess.SubprocessHook","filename":"subprocess.py","lineno":99}
{"timestamp":"2026-05-06T14:20:23.447853Z","level":"info","event":"\u001b[0m14:20:23  34 of 91 OK created sql view model SILVER.stg_sqlserver__departamentos ......... [\u001b[32mSUCCESS 1\u001b[0m in 0.55s]","logger":"airflow.task.hooks.airflow.providers.standard.hooks.subprocess.SubprocessHook","filename":"subprocess.py","lineno":99}
{"timestamp":"2026-05-06T14:20:23.453511Z","level":"info","event":"\u001b[0m14:20:23  38 of 91 START sql table model GOLD.dim_sucursal ............................... [RUN]","logger":"airflow.task.hooks.airflow.providers.standard.hooks.subprocess.SubprocessHook","filename":"subprocess.py","lineno":99}
{"timestamp":"2026-05-06T14:20:23.505928Z","level":"info","event":"\u001b[0m14:20:23  36 of 91 OK created sql view model SILVER.stg_sqlserver__evaluacion_desempeno .. [\u001b[32mSUCCESS 1\u001b[0m in 0.55s]","logger":"airflow.task.hooks.airflow.providers.standard.hooks.subprocess.SubprocessHook","filename":"subprocess.py","lineno":99}
{"timestamp":"2026-05-06T14:20:23.517304Z","level":"info","event":"\u001b[0m14:20:23  39 of 91 START sql table model GOLD.dim_tiempo ................................. [RUN]","logger":"airflow.task.hooks.airflow.providers.standard.hooks.subprocess.SubprocessHook","filename":"subprocess.py","lineno":99}
{"timestamp":"2026-05-06T14:20:23.529796Z","level":"info","event":"\u001b[0m14:20:23  37 of 91 OK created sql view model SILVER.stg_sqlserver__turnos ................ [\u001b[32mSUCCESS 1\u001b[0m in 0.49s]","logger":"airflow.task.hooks.airflow.providers.standard.hooks.subprocess.SubprocessHook","filename":"subprocess.py","lineno":99}
{"timestamp":"2026-05-06T14:20:23.545560Z","level":"info","event":"\u001b[0m14:20:23  35 of 91 OK created sql view model SILVER.stg_sqlserver__empleados ............. [\u001b[32mSUCCESS 1\u001b[0m in 0.58s]","logger":"airflow.task.hooks.airflow.providers.standard.hooks.subprocess.SubprocessHook","filename":"subprocess.py","lineno":99}
{"timestamp":"2026-05-06T14:20:23.562238Z","level":"info","event":"\u001b[0m14:20:23  40 of 91 START sql table model GOLD.dim_categoriacosto ......................... [RUN]","logger":"airflow.task.hooks.airflow.providers.standard.hooks.subprocess.SubprocessHook","filename":"subprocess.py","lineno":99}
{"timestamp":"2026-05-06T14:20:23.568938Z","level":"info","event":"\u001b[0m14:20:23  41 of 91 START sql table model GOLD.dim_metodopago ............................. [RUN]","logger":"airflow.task.hooks.airflow.providers.standard.hooks.subprocess.SubprocessHook","filename":"subprocess.py","lineno":99}
{"timestamp":"2026-05-06T14:20:24.645261Z","level":"info","event":"\u001b[0m14:20:24  38 of 91 OK created sql table model GOLD.dim_sucursal .......................... [\u001b[32mSUCCESS 12\u001b[0m in 1.19s]","logger":"airflow.task.hooks.airflow.providers.standard.hooks.subprocess.SubprocessHook","filename":"subprocess.py","lineno":99}
{"timestamp":"2026-05-06T14:20:24.651675Z","level":"info","event":"\u001b[0m14:20:24  42 of 91 START sql view model SILVER.int_clientes_enriquecidos ................. [RUN]","logger":"airflow.task.hooks.airflow.providers.standard.hooks.subprocess.SubprocessHook","filename":"subprocess.py","lineno":99}
{"timestamp":"2026-05-06T14:20:24.857896Z","level":"info","event":"\u001b[0m14:20:24  40 of 91 OK created sql table model GOLD.dim_categoriacosto .................... [\u001b[32mSUCCESS 2\u001b[0m in 1.29s]","logger":"airflow.task.hooks.airflow.providers.standard.hooks.subprocess.SubprocessHook","filename":"subprocess.py","lineno":99}
{"timestamp":"2026-05-06T14:20:24.863446Z","level":"info","event":"\u001b[0m14:20:24  43 of 91 START sql table model GOLD.dim_cupon .................................. [RUN]","logger":"airflow.task.hooks.airflow.providers.standard.hooks.subprocess.SubprocessHook","filename":"subprocess.py","lineno":99}
{"timestamp":"2026-05-06T14:20:25.166605Z","level":"info","event":"\u001b[0m14:20:25  42 of 91 OK created sql view model SILVER.int_clientes_enriquecidos ............ [\u001b[32mSUCCESS 1\u001b[0m in 0.51s]","logger":"airflow.task.hooks.airflow.providers.standard.hooks.subprocess.SubprocessHook","filename":"subprocess.py","lineno":99}
{"timestamp":"2026-05-06T14:20:25.174301Z","level":"info","event":"\u001b[0m14:20:25  44 of 91 START sql view model SILVER.int_almacenes_enriquecidos ................ [RUN]","logger":"airflow.task.hooks.airflow.providers.standard.hooks.subprocess.SubprocessHook","filename":"subprocess.py","lineno":99}
{"timestamp":"2026-05-06T14:20:25.198917Z","level":"info","event":"\u001b[0m14:20:25  41 of 91 OK created sql table model GOLD.dim_metodopago ........................ [\u001b[32mSUCCESS 4\u001b[0m in 1.62s]","logger":"airflow.task.hooks.airflow.providers.standard.hooks.subprocess.SubprocessHook","filename":"subprocess.py","lineno":99}
{"timestamp":"2026-05-06T14:20:25.207298Z","level":"info","event":"\u001b[0m14:20:25  45 of 91 START sql table model GOLD.dim_insumo ................................. [RUN]","logger":"airflow.task.hooks.airflow.providers.standard.hooks.subprocess.SubprocessHook","filename":"subprocess.py","lineno":99}
{"timestamp":"2026-05-06T14:20:25.538259Z","level":"info","event":"\u001b[0m14:20:25  39 of 91 OK created sql table model GOLD.dim_tiempo ............................ [\u001b[32mSUCCESS 4249\u001b[0m in 2.01s]","logger":"airflow.task.hooks.airflow.providers.standard.hooks.subprocess.SubprocessHook","filename":"subprocess.py","lineno":99}
{"timestamp":"2026-05-06T14:20:25.545955Z","level":"info","event":"\u001b[0m14:20:25  46 of 91 START sql table model GOLD.dim_tipomovimiento ......................... [RUN]","logger":"airflow.task.hooks.airflow.providers.standard.hooks.subprocess.SubprocessHook","filename":"subprocess.py","lineno":99}
{"timestamp":"2026-05-06T14:20:25.984959Z","level":"info","event":"\u001b[0m14:20:25  44 of 91 OK created sql view model SILVER.int_almacenes_enriquecidos ........... [\u001b[32mSUCCESS 1\u001b[0m in 0.80s]","logger":"airflow.task.hooks.airflow.providers.standard.hooks.subprocess.SubprocessHook","filename":"subprocess.py","lineno":99}
{"timestamp":"2026-05-06T14:20:25.994531Z","level":"info","event":"\u001b[0m14:20:25  47 of 91 START sql table model GOLD.dim_proveedor .............................. [RUN]","logger":"airflow.task.hooks.airflow.providers.standard.hooks.subprocess.SubprocessHook","filename":"subprocess.py","lineno":99}
{"timestamp":"2026-05-06T14:20:26.415301Z","level":"info","event":"\u001b[0m14:20:26  43 of 91 OK created sql table model GOLD.dim_cupon ............................. [\u001b[32mSUCCESS 3\u001b[0m in 1.55s]","logger":"airflow.task.hooks.airflow.providers.standard.hooks.subprocess.SubprocessHook","filename":"subprocess.py","lineno":99}
{"timestamp":"2026-05-06T14:20:26.430764Z","level":"info","event":"\u001b[0m14:20:26  45 of 91 OK created sql table model GOLD.dim_insumo ............................ [\u001b[32mSUCCESS 10\u001b[0m in 1.21s]","logger":"airflow.task.hooks.airflow.providers.standard.hooks.subprocess.SubprocessHook","filename":"subprocess.py","lineno":99}
{"timestamp":"2026-05-06T14:20:26.439340Z","level":"info","event":"\u001b[0m14:20:26  48 of 91 START sql view model SILVER.int_demanda_insumos ....................... [RUN]","logger":"airflow.task.hooks.airflow.providers.standard.hooks.subprocess.SubprocessHook","filename":"subprocess.py","lineno":99}
{"timestamp":"2026-05-06T14:20:26.447134Z","level":"info","event":"\u001b[0m14:20:26  49 of 91 START sql table model GOLD.dim_canalventa ............................. [RUN]","logger":"airflow.task.hooks.airflow.providers.standard.hooks.subprocess.SubprocessHook","filename":"subprocess.py","lineno":99}
{"timestamp":"2026-05-06T14:20:27.309477Z","level":"info","event":"\u001b[0m14:20:27  47 of 91 OK created sql table model GOLD.dim_proveedor ......................... [\u001b[32mSUCCESS 10\u001b[0m in 1.31s]","logger":"airflow.task.hooks.airflow.providers.standard.hooks.subprocess.SubprocessHook","filename":"subprocess.py","lineno":99}
{"timestamp":"2026-05-06T14:20:27.320273Z","level":"info","event":"\u001b[0m14:20:27  46 of 91 OK created sql table model GOLD.dim_tipomovimiento .................... [\u001b[32mSUCCESS 2\u001b[0m in 1.77s]","logger":"airflow.task.hooks.airflow.providers.standard.hooks.subprocess.SubprocessHook","filename":"subprocess.py","lineno":99}
{"timestamp":"2026-05-06T14:20:27.332607Z","level":"info","event":"\u001b[0m14:20:27  50 of 91 START sql table model GOLD.dim_estadopedido ........................... [RUN]","logger":"airflow.task.hooks.airflow.providers.standard.hooks.subprocess.SubprocessHook","filename":"subprocess.py","lineno":99}
{"timestamp":"2026-05-06T14:20:27.341662Z","level":"info","event":"\u001b[0m14:20:27  51 of 91 START sql table model GOLD.dim_plataformadelivery ..................... [RUN]","logger":"airflow.task.hooks.airflow.providers.standard.hooks.subprocess.SubprocessHook","filename":"subprocess.py","lineno":99}
{"timestamp":"2026-05-06T14:20:27.553842Z","level":"info","event":"\u001b[0m14:20:27  48 of 91 OK created sql view model SILVER.int_demanda_insumos .................. [\u001b[32mSUCCESS 1\u001b[0m in 1.11s]","logger":"airflow.task.hooks.airflow.providers.standard.hooks.subprocess.SubprocessHook","filename":"subprocess.py","lineno":99}
{"timestamp":"2026-05-06T14:20:27.563932Z","level":"info","event":"\u001b[0m14:20:27  52 of 91 START sql view model SILVER.int_productos_enriquecidos ................ [RUN]","logger":"airflow.task.hooks.airflow.providers.standard.hooks.subprocess.SubprocessHook","filename":"subprocess.py","lineno":99}
{"timestamp":"2026-05-06T14:20:27.810632Z","level":"info","event":"\u001b[0m14:20:27  49 of 91 OK created sql table model GOLD.dim_canalventa ........................ [\u001b[32mSUCCESS 5\u001b[0m in 1.35s]","logger":"airflow.task.hooks.airflow.providers.standard.hooks.subprocess.SubprocessHook","filename":"subprocess.py","lineno":99}
{"timestamp":"2026-05-06T14:20:27.823553Z","level":"info","event":"\u001b[0m14:20:27  53 of 91 START sql table model GOLD.dim_turno .................................. [RUN]","logger":"airflow.task.hooks.airflow.providers.standard.hooks.subprocess.SubprocessHook","filename":"subprocess.py","lineno":99}
{"timestamp":"2026-05-06T14:20:28.036722Z","level":"info","event":"\u001b[0m14:20:28  52 of 91 OK created sql view model SILVER.int_productos_enriquecidos ........... [\u001b[32mSUCCESS 1\u001b[0m in 0.47s]","logger":"airflow.task.hooks.airflow.providers.standard.hooks.subprocess.SubprocessHook","filename":"subprocess.py","lineno":99}
{"timestamp":"2026-05-06T14:20:28.044263Z","level":"info","event":"\u001b[0m14:20:28  54 of 91 START sql view model SILVER.int_empleados_enriquecidos ................ [RUN]","logger":"airflow.task.hooks.airflow.providers.standard.hooks.subprocess.SubprocessHook","filename":"subprocess.py","lineno":99}
{"timestamp":"2026-05-06T14:20:28.332318Z","level":"info","event":"\u001b[0m14:20:28  50 of 91 OK created sql table model GOLD.dim_estadopedido ...................... [\u001b[32mSUCCESS 4\u001b[0m in 0.99s]","logger":"airflow.task.hooks.airflow.providers.standard.hooks.subprocess.SubprocessHook","filename":"subprocess.py","lineno":99}
{"timestamp":"2026-05-06T14:20:28.338726Z","level":"info","event":"\u001b[0m14:20:28  55 of 91 START sql table model GOLD.fact_facturacion ........................... [RUN]","logger":"airflow.task.hooks.airflow.providers.standard.hooks.subprocess.SubprocessHook","filename":"subprocess.py","lineno":99}
{"timestamp":"2026-05-06T14:20:29.398099Z","level":"info","event":"\u001b[0m14:20:29  54 of 91 OK created sql view model SILVER.int_empleados_enriquecidos ........... [\u001b[32mSUCCESS 1\u001b[0m in 0.80s]","logger":"airflow.task.hooks.airflow.providers.standard.hooks.subprocess.SubprocessHook","filename":"subprocess.py","lineno":99}
{"timestamp":"2026-05-06T14:20:29.408378Z","level":"info","event":"\u001b[0m14:20:29  53 of 91 OK created sql table model GOLD.dim_turno ............................. [\u001b[32mSUCCESS 3\u001b[0m in 1.29s]","logger":"airflow.task.hooks.airflow.providers.standard.hooks.subprocess.SubprocessHook","filename":"subprocess.py","lineno":99}
{"timestamp":"2026-05-06T14:20:29.408757Z","level":"info","event":"\u001b[0m14:20:29  51 of 91 OK created sql table model GOLD.dim_plataformadelivery ................ [\u001b[32mSUCCESS 3\u001b[0m in 1.26s]","logger":"airflow.task.hooks.airflow.providers.standard.hooks.subprocess.SubprocessHook","filename":"subprocess.py","lineno":99}
{"timestamp":"2026-05-06T14:20:29.417049Z","level":"info","event":"\u001b[0m14:20:29  56 of 91 START sql table model GOLD.fact_costos_operativos ..................... [RUN]","logger":"airflow.task.hooks.airflow.providers.standard.hooks.subprocess.SubprocessHook","filename":"subprocess.py","lineno":99}
{"timestamp":"2026-05-06T14:20:29.426915Z","level":"info","event":"\u001b[0m14:20:29  57 of 91 START sql table model GOLD.dim_cliente ................................ [RUN]","logger":"airflow.task.hooks.airflow.providers.standard.hooks.subprocess.SubprocessHook","filename":"subprocess.py","lineno":99}
{"timestamp":"2026-05-06T14:20:29.429576Z","level":"info","event":"\u001b[0m14:20:29  58 of 91 START sql table model GOLD.fact_transacciones_pago .................... [RUN]","logger":"airflow.task.hooks.airflow.providers.standard.hooks.subprocess.SubprocessHook","filename":"subprocess.py","lineno":99}
{"timestamp":"2026-05-06T14:20:30.930080Z","level":"info","event":"\u001b[0m14:20:30  56 of 91 OK created sql table model GOLD.fact_costos_operativos ................ [\u001b[32mSUCCESS 1810\u001b[0m in 1.50s]","logger":"airflow.task.hooks.airflow.providers.standard.hooks.subprocess.SubprocessHook","filename":"subprocess.py","lineno":99}
{"timestamp":"2026-05-06T14:20:30.937743Z","level":"info","event":"\u001b[0m14:20:30  59 of 91 START sql table model GOLD.dim_almacen ................................ [RUN]","logger":"airflow.task.hooks.airflow.providers.standard.hooks.subprocess.SubprocessHook","filename":"subprocess.py","lineno":99}
{"timestamp":"2026-05-06T14:20:31.025494Z","level":"info","event":"\u001b[0m14:20:31  55 of 91 OK created sql table model GOLD.fact_facturacion ...................... [\u001b[32mSUCCESS 49493\u001b[0m in 2.68s]","logger":"airflow.task.hooks.airflow.providers.standard.hooks.subprocess.SubprocessHook","filename":"subprocess.py","lineno":99}
{"timestamp":"2026-05-06T14:20:31.033454Z","level":"info","event":"\u001b[0m14:20:31  60 of 91 START sql table model GOLD.fact_compras_detalle ....................... [RUN]","logger":"airflow.task.hooks.airflow.providers.standard.hooks.subprocess.SubprocessHook","filename":"subprocess.py","lineno":99}
{"timestamp":"2026-05-06T14:20:31.812770Z","level":"info","event":"\u001b[0m14:20:31  57 of 91 OK created sql table model GOLD.dim_cliente ........................... [\u001b[32mSUCCESS 300000\u001b[0m in 2.38s]","logger":"airflow.task.hooks.airflow.providers.standard.hooks.subprocess.SubprocessHook","filename":"subprocess.py","lineno":99}
{"timestamp":"2026-05-06T14:20:31.818001Z","level":"info","event":"\u001b[0m14:20:31  61 of 91 START sql table model features.feat_inventario_demanda ................ [RUN]","logger":"airflow.task.hooks.airflow.providers.standard.hooks.subprocess.SubprocessHook","filename":"subprocess.py","lineno":99}
{"timestamp":"2026-05-06T14:20:32.811383Z","level":"info","event":"\u001b[0m14:20:32  59 of 91 OK created sql table model GOLD.dim_almacen ........................... [\u001b[32mSUCCESS 24\u001b[0m in 1.87s]","logger":"airflow.task.hooks.airflow.providers.standard.hooks.subprocess.SubprocessHook","filename":"subprocess.py","lineno":99}
{"timestamp":"2026-05-06T14:20:32.814055Z","level":"info","event":"\u001b[0m14:20:32  58 of 91 OK created sql table model GOLD.fact_transacciones_pago ............... [\u001b[32mSUCCESS 3828721\u001b[0m in 3.37s]","logger":"airflow.task.hooks.airflow.providers.standard.hooks.subprocess.SubprocessHook","filename":"subprocess.py","lineno":99}
{"timestamp":"2026-05-06T14:20:32.829810Z","level":"info","event":"\u001b[0m14:20:32  62 of 91 START sql table model GOLD.dim_producto ............................... [RUN]","logger":"airflow.task.hooks.airflow.providers.standard.hooks.subprocess.SubprocessHook","filename":"subprocess.py","lineno":99}
{"timestamp":"2026-05-06T14:20:32.831674Z","level":"info","event":"\u001b[0m14:20:32  63 of 91 START sql table model GOLD.dim_empleado ............................... [RUN]","logger":"airflow.task.hooks.airflow.providers.standard.hooks.subprocess.SubprocessHook","filename":"subprocess.py","lineno":99}
{"timestamp":"2026-05-06T14:20:33.561736Z","level":"info","event":"\u001b[0m14:20:33  60 of 91 OK created sql table model GOLD.fact_compras_detalle .................. [\u001b[32mSUCCESS 6823\u001b[0m in 2.52s]","logger":"airflow.task.hooks.airflow.providers.standard.hooks.subprocess.SubprocessHook","filename":"subprocess.py","lineno":99}
{"timestamp":"2026-05-06T14:20:33.575337Z","level":"info","event":"\u001b[0m14:20:33  64 of 91 START sql table model GOLD.fact_delivery .............................. [RUN]","logger":"airflow.task.hooks.airflow.providers.standard.hooks.subprocess.SubprocessHook","filename":"subprocess.py","lineno":99}
{"timestamp":"2026-05-06T14:20:34.440206Z","level":"info","event":"\u001b[0m14:20:34  62 of 91 OK created sql table model GOLD.dim_producto .......................... [\u001b[32mSUCCESS 9\u001b[0m in 1.61s]","logger":"airflow.task.hooks.airflow.providers.standard.hooks.subprocess.SubprocessHook","filename":"subprocess.py","lineno":99}
{"timestamp":"2026-05-06T14:20:34.445579Z","level":"info","event":"\u001b[0m14:20:34  65 of 91 START sql table model GOLD.fact_estado_lealtad_mensual ................ [RUN]","logger":"airflow.task.hooks.airflow.providers.standard.hooks.subprocess.SubprocessHook","filename":"subprocess.py","lineno":99}
{"timestamp":"2026-05-06T14:20:34.472368Z","level":"info","event":"\u001b[0m14:20:34  63 of 91 OK created sql table model GOLD.dim_empleado .......................... [\u001b[32mSUCCESS 151\u001b[0m in 1.63s]","logger":"airflow.task.hooks.airflow.providers.standard.hooks.subprocess.SubprocessHook","filename":"subprocess.py","lineno":99}
{"timestamp":"2026-05-06T14:20:34.477047Z","level":"info","event":"\u001b[0m14:20:34  66 of 91 START sql table model GOLD.fact_redencion_cupones ..................... [RUN]","logger":"airflow.task.hooks.airflow.providers.standard.hooks.subprocess.SubprocessHook","filename":"subprocess.py","lineno":99}
{"timestamp":"2026-05-06T14:20:36.029272Z","level":"info","event":"\u001b[0m14:20:36  61 of 91 OK created sql table model features.feat_inventario_demanda ........... [\u001b[32mSUCCESS 24\u001b[0m in 4.21s]","logger":"airflow.task.hooks.airflow.providers.standard.hooks.subprocess.SubprocessHook","filename":"subprocess.py","lineno":99}
{"timestamp":"2026-05-06T14:20:36.033284Z","level":"info","event":"\u001b[0m14:20:36  67 of 91 START sql table model GOLD.fact_movimientos_inventario ................ [RUN]","logger":"airflow.task.hooks.airflow.providers.standard.hooks.subprocess.SubprocessHook","filename":"subprocess.py","lineno":99}
{"timestamp":"2026-05-06T14:20:36.384130Z","level":"info","event":"\u001b[0m14:20:36  64 of 91 OK created sql table model GOLD.fact_delivery ......................... [\u001b[32mSUCCESS 956432\u001b[0m in 2.80s]","logger":"airflow.task.hooks.airflow.providers.standard.hooks.subprocess.SubprocessHook","filename":"subprocess.py","lineno":99}
{"timestamp":"2026-05-06T14:20:36.395444Z","level":"info","event":"\u001b[0m14:20:36  65 of 91 OK created sql table model GOLD.fact_estado_lealtad_mensual ........... [\u001b[32mSUCCESS 120000\u001b[0m in 1.94s]","logger":"airflow.task.hooks.airflow.providers.standard.hooks.subprocess.SubprocessHook","filename":"subprocess.py","lineno":99}
{"timestamp":"2026-05-06T14:20:36.401533Z","level":"info","event":"\u001b[0m14:20:36  68 of 91 START sql table model GOLD.fact_stock_snapshot_diario ................. [RUN]","logger":"airflow.task.hooks.airflow.providers.standard.hooks.subprocess.SubprocessHook","filename":"subprocess.py","lineno":99}
{"timestamp":"2026-05-06T14:20:36.406043Z","level":"info","event":"\u001b[0m14:20:36  69 of 91 START sql table model GOLD.fact_asistencia_diaria ..................... [RUN]","logger":"airflow.task.hooks.airflow.providers.standard.hooks.subprocess.SubprocessHook","filename":"subprocess.py","lineno":99}
{"timestamp":"2026-05-06T14:20:36.917643Z","level":"info","event":"\u001b[0m14:20:36  66 of 91 OK created sql table model GOLD.fact_redencion_cupones ................ [\u001b[32mSUCCESS 573045\u001b[0m in 2.44s]","logger":"airflow.task.hooks.airflow.providers.standard.hooks.subprocess.SubprocessHook","filename":"subprocess.py","lineno":99}
{"timestamp":"2026-05-06T14:20:36.923043Z","level":"info","event":"\u001b[0m14:20:36  70 of 91 START sql table model GOLD.fact_evaluacion_desempeno .................. [RUN]","logger":"airflow.task.hooks.airflow.providers.standard.hooks.subprocess.SubprocessHook","filename":"subprocess.py","lineno":99}
{"timestamp":"2026-05-06T14:20:37.772973Z","level":"info","event":"\u001b[0m14:20:37  68 of 91 OK created sql table model GOLD.fact_stock_snapshot_diario ............ [\u001b[32mSUCCESS 18100\u001b[0m in 1.37s]","logger":"airflow.task.hooks.airflow.providers.standard.hooks.subprocess.SubprocessHook","filename":"subprocess.py","lineno":99}
{"timestamp":"2026-05-06T14:20:37.778088Z","level":"info","event":"\u001b[0m14:20:37  71 of 91 START sql table model GOLD.fact_ventas_detalle ........................ [RUN]","logger":"airflow.task.hooks.airflow.providers.standard.hooks.subprocess.SubprocessHook","filename":"subprocess.py","lineno":99}
{"timestamp":"2026-05-06T14:20:37.865920Z","level":"info","event":"\u001b[0m14:20:37  69 of 91 OK created sql table model GOLD.fact_asistencia_diaria ................ [\u001b[32mSUCCESS 1\u001b[0m in 1.46s]","logger":"airflow.task.hooks.airflow.providers.standard.hooks.subprocess.SubprocessHook","filename":"subprocess.py","lineno":99}
{"timestamp":"2026-05-06T14:20:37.871587Z","level":"info","event":"\u001b[0m14:20:37  72 of 91 START sql table model training_datasets.obt_inventory_optimization .... [RUN]","logger":"airflow.task.hooks.airflow.providers.standard.hooks.subprocess.SubprocessHook","filename":"subprocess.py","lineno":99}
{"timestamp":"2026-05-06T14:20:38.277473Z","level":"info","event":"\u001b[0m14:20:38  67 of 91 OK created sql table model GOLD.fact_movimientos_inventario ........... [\u001b[32mSUCCESS 7050347\u001b[0m in 2.24s]","logger":"airflow.task.hooks.airflow.providers.standard.hooks.subprocess.SubprocessHook","filename":"subprocess.py","lineno":99}
{"timestamp":"2026-05-06T14:20:38.294073Z","level":"info","event":"\u001b[0m14:20:38  70 of 91 OK created sql table model GOLD.fact_evaluacion_desempeno ............. [\u001b[32mSUCCESS 432\u001b[0m in 1.36s]","logger":"airflow.task.hooks.airflow.providers.standard.hooks.subprocess.SubprocessHook","filename":"subprocess.py","lineno":99}
{"timestamp":"2026-05-06T14:20:38.299131Z","level":"info","event":"\u001b[0m14:20:38  73 of 91 START sql table model features.feat_pedidos_entrega ................... [RUN]","logger":"airflow.task.hooks.airflow.providers.standard.hooks.subprocess.SubprocessHook","filename":"subprocess.py","lineno":99}
{"timestamp":"2026-05-06T14:20:38.303956Z","level":"info","event":"\u001b[0m14:20:38  74 of 91 START sql table model features.feat_empleados_perfil .................. [RUN]","logger":"airflow.task.hooks.airflow.providers.standard.hooks.subprocess.SubprocessHook","filename":"subprocess.py","lineno":99}
{"timestamp":"2026-05-06T14:20:39.047167Z","level":"info","event":"\u001b[0m14:20:39  72 of 91 OK created sql table model training_datasets.obt_inventory_optimization  [\u001b[32mSUCCESS 24\u001b[0m in 1.17s]","logger":"airflow.task.hooks.airflow.providers.standard.hooks.subprocess.SubprocessHook","filename":"subprocess.py","lineno":99}
{"timestamp":"2026-05-06T14:20:39.436869Z","level":"info","event":"\u001b[0m14:20:39  74 of 91 OK created sql table model features.feat_empleados_perfil ............. [\u001b[32mSUCCESS 151\u001b[0m in 1.12s]","logger":"airflow.task.hooks.airflow.providers.standard.hooks.subprocess.SubprocessHook","filename":"subprocess.py","lineno":99}
{"timestamp":"2026-05-06T14:20:39.449786Z","level":"info","event":"\u001b[0m14:20:39  75 of 91 START sql table model training_datasets.obt_employee_absenteeism ...... [RUN]","logger":"airflow.task.hooks.airflow.providers.standard.hooks.subprocess.SubprocessHook","filename":"subprocess.py","lineno":99}
{"timestamp":"2026-05-06T14:20:39.630521Z","level":"info","event":"\u001b[0m14:20:39  73 of 91 OK created sql table model features.feat_pedidos_entrega .............. [\u001b[32mSUCCESS 956432\u001b[0m in 1.33s]","logger":"airflow.task.hooks.airflow.providers.standard.hooks.subprocess.SubprocessHook","filename":"subprocess.py","lineno":99}
{"timestamp":"2026-05-06T14:20:39.639091Z","level":"info","event":"\u001b[0m14:20:39  76 of 91 START sql table model training_datasets.obt_delivery_time_prediction .. [RUN]","logger":"airflow.task.hooks.airflow.providers.standard.hooks.subprocess.SubprocessHook","filename":"subprocess.py","lineno":99}
{"timestamp":"2026-05-06T14:20:40.457213Z","level":"info","event":"\u001b[0m14:20:40  75 of 91 OK created sql table model training_datasets.obt_employee_absenteeism . [\u001b[32mSUCCESS 151\u001b[0m in 1.00s]","logger":"airflow.task.hooks.airflow.providers.standard.hooks.subprocess.SubprocessHook","filename":"subprocess.py","lineno":99}
{"timestamp":"2026-05-06T14:20:40.844369Z","level":"info","event":"\u001b[0m14:20:40  76 of 91 OK created sql table model training_datasets.obt_delivery_time_prediction  [\u001b[32mSUCCESS 956432\u001b[0m in 1.20s]","logger":"airflow.task.hooks.airflow.providers.standard.hooks.subprocess.SubprocessHook","filename":"subprocess.py","lineno":99}
{"timestamp":"2026-05-06T14:20:42.527671Z","level":"info","event":"\u001b[0m14:20:42  71 of 91 OK created sql table model GOLD.fact_ventas_detalle ................... [\u001b[32mSUCCESS 9571310\u001b[0m in 4.74s]","logger":"airflow.task.hooks.airflow.providers.standard.hooks.subprocess.SubprocessHook","filename":"subprocess.py","lineno":99}
{"timestamp":"2026-05-06T14:20:42.543291Z","level":"info","event":"\u001b[0m14:20:42  79 of 91 START sql view model SILVER.int_ventas_precios_diarios ................ [RUN]","logger":"airflow.task.hooks.airflow.providers.standard.hooks.subprocess.SubprocessHook","filename":"subprocess.py","lineno":99}
{"timestamp":"2026-05-06T14:20:42.545963Z","level":"info","event":"\u001b[0m14:20:42  77 of 91 START sql table model features.feat_clientes_comportamiento ........... [RUN]","logger":"airflow.task.hooks.airflow.providers.standard.hooks.subprocess.SubprocessHook","filename":"subprocess.py","lineno":99}
{"timestamp":"2026-05-06T14:20:42.548811Z","level":"info","event":"\u001b[0m14:20:42  80 of 91 START sql table model GOLD.mart_econometria_elasticidad_base .......... [RUN]","logger":"airflow.task.hooks.airflow.providers.standard.hooks.subprocess.SubprocessHook","filename":"subprocess.py","lineno":99}
{"timestamp":"2026-05-06T14:20:42.551775Z","level":"info","event":"\u001b[0m14:20:42  78 of 91 START sql view model SILVER.int_demanda_operativa ..................... [RUN]","logger":"airflow.task.hooks.airflow.providers.standard.hooks.subprocess.SubprocessHook","filename":"subprocess.py","lineno":99}
{"timestamp":"2026-05-06T14:20:43.171279Z","level":"info","event":"\u001b[0m14:20:43  78 of 91 OK created sql view model SILVER.int_demanda_operativa ................ [\u001b[32mSUCCESS 1\u001b[0m in 0.60s]","logger":"airflow.task.hooks.airflow.providers.standard.hooks.subprocess.SubprocessHook","filename":"subprocess.py","lineno":99}
{"timestamp":"2026-05-06T14:20:43.177830Z","level":"info","event":"\u001b[0m14:20:43  81 of 91 START sql table model GOLD.mart_sucursales_consolidado ................ [RUN]","logger":"airflow.task.hooks.airflow.providers.standard.hooks.subprocess.SubprocessHook","filename":"subprocess.py","lineno":99}
{"timestamp":"2026-05-06T14:20:43.218746Z","level":"info","event":"\u001b[0m14:20:43  79 of 91 OK created sql view model SILVER.int_ventas_precios_diarios ........... [\u001b[32mSUCCESS 1\u001b[0m in 0.66s]","logger":"airflow.task.hooks.airflow.providers.standard.hooks.subprocess.SubprocessHook","filename":"subprocess.py","lineno":99}
{"timestamp":"2026-05-06T14:20:43.228791Z","level":"info","event":"\u001b[0m14:20:43  82 of 91 START sql table model features.feat_demanda_operativa ................. [RUN]","logger":"airflow.task.hooks.airflow.providers.standard.hooks.subprocess.SubprocessHook","filename":"subprocess.py","lineno":99}
{"timestamp":"2026-05-06T14:20:44.574702Z","level":"info","event":"\u001b[0m14:20:44  80 of 91 OK created sql table model GOLD.mart_econometria_elasticidad_base ..... [\u001b[32mSUCCESS 276354\u001b[0m in 2.01s]","logger":"airflow.task.hooks.airflow.providers.standard.hooks.subprocess.SubprocessHook","filename":"subprocess.py","lineno":99}
{"timestamp":"2026-05-06T14:20:44.582739Z","level":"info","event":"\u001b[0m14:20:44  83 of 91 START sql table model features.feat_precio_elasticidad ................ [RUN]","logger":"airflow.task.hooks.airflow.providers.standard.hooks.subprocess.SubprocessHook","filename":"subprocess.py","lineno":99}
{"timestamp":"2026-05-06T14:20:45.010636Z","level":"info","event":"\u001b[0m14:20:45  82 of 91 OK created sql table model features.feat_demanda_operativa ............ [\u001b[32mSUCCESS 38241\u001b[0m in 1.77s]","logger":"airflow.task.hooks.airflow.providers.standard.hooks.subprocess.SubprocessHook","filename":"subprocess.py","lineno":99}
{"timestamp":"2026-05-06T14:20:45.035526Z","level":"info","event":"\u001b[0m14:20:45  77 of 91 OK created sql table model features.feat_clientes_comportamiento ...... [\u001b[32mSUCCESS 300000\u001b[0m in 2.47s]","logger":"airflow.task.hooks.airflow.providers.standard.hooks.subprocess.SubprocessHook","filename":"subprocess.py","lineno":99}
{"timestamp":"2026-05-06T14:20:45.038106Z","level":"info","event":"\u001b[0m14:20:45  84 of 91 START sql table model training_datasets.obt_price_elasticity .......... [RUN]","logger":"airflow.task.hooks.airflow.providers.standard.hooks.subprocess.SubprocessHook","filename":"subprocess.py","lineno":99}
{"timestamp":"2026-05-06T14:20:45.051601Z","level":"info","event":"\u001b[0m14:20:45  85 of 91 START sql table model training_datasets.obt_operational_demand ........ [RUN]","logger":"airflow.task.hooks.airflow.providers.standard.hooks.subprocess.SubprocessHook","filename":"subprocess.py","lineno":99}
{"timestamp":"2026-05-06T14:20:47.414551Z","level":"info","event":"\u001b[0m14:20:47  85 of 91 OK created sql table model training_datasets.obt_operational_demand ... [\u001b[32mSUCCESS 38241\u001b[0m in 1.00s]","logger":"airflow.task.hooks.airflow.providers.standard.hooks.subprocess.SubprocessHook","filename":"subprocess.py","lineno":99}
{"timestamp":"2026-05-06T14:20:47.416811Z","level":"info","event":"\u001b[0m14:20:47  83 of 91 OK created sql table model features.feat_precio_elasticidad ........... [\u001b[32mSUCCESS 9\u001b[0m in 1.93s]","logger":"airflow.task.hooks.airflow.providers.standard.hooks.subprocess.SubprocessHook","filename":"subprocess.py","lineno":99}
{"timestamp":"2026-05-06T14:20:47.420240Z","level":"info","event":"\u001b[0m14:20:47  84 of 91 OK created sql table model training_datasets.obt_price_elasticity ..... [\u001b[32mSUCCESS 38241\u001b[0m in 1.47s]","logger":"airflow.task.hooks.airflow.providers.standard.hooks.subprocess.SubprocessHook","filename":"subprocess.py","lineno":99}
{"timestamp":"2026-05-06T14:20:47.431814Z","level":"info","event":"\u001b[0m14:20:47  81 of 91 OK created sql table model GOLD.mart_sucursales_consolidado ........... [\u001b[32mSUCCESS 30706\u001b[0m in 2.17s]","logger":"airflow.task.hooks.airflow.providers.standard.hooks.subprocess.SubprocessHook","filename":"subprocess.py","lineno":99}
{"timestamp":"2026-05-06T14:20:47.448685Z","level":"info","event":"\u001b[0m14:20:47  86 of 91 START sql table model training_datasets.obt_churn_prediction .......... [RUN]","logger":"airflow.task.hooks.airflow.providers.standard.hooks.subprocess.SubprocessHook","filename":"subprocess.py","lineno":99}
{"timestamp":"2026-05-06T14:20:47.453342Z","level":"info","event":"\u001b[0m14:20:47  87 of 91 START sql table model training_datasets.obt_customer_lifetime_value ... [RUN]","logger":"airflow.task.hooks.airflow.providers.standard.hooks.subprocess.SubprocessHook","filename":"subprocess.py","lineno":99}
{"timestamp":"2026-05-06T14:20:47.455986Z","level":"info","event":"\u001b[0m14:20:47  88 of 91 START sql table model training_datasets.obt_customer_segmentation ..... [RUN]","logger":"airflow.task.hooks.airflow.providers.standard.hooks.subprocess.SubprocessHook","filename":"subprocess.py","lineno":99}
{"timestamp":"2026-05-06T14:20:47.464114Z","level":"info","event":"\u001b[0m14:20:47  89 of 91 START sql table model GOLD.mart_rentabilidad_diagnostica .............. [RUN]","logger":"airflow.task.hooks.airflow.providers.standard.hooks.subprocess.SubprocessHook","filename":"subprocess.py","lineno":99}
{"timestamp":"2026-05-06T14:20:48.592676Z","level":"info","event":"\u001b[0m14:20:48  88 of 91 OK created sql table model training_datasets.obt_customer_segmentation  [\u001b[32mSUCCESS 300000\u001b[0m in 1.12s]","logger":"airflow.task.hooks.airflow.providers.standard.hooks.subprocess.SubprocessHook","filename":"subprocess.py","lineno":99}
{"timestamp":"2026-05-06T14:20:48.635334Z","level":"info","event":"\u001b[0m14:20:48  87 of 91 OK created sql table model training_datasets.obt_customer_lifetime_value  [\u001b[32mSUCCESS 300000\u001b[0m in 1.17s]","logger":"airflow.task.hooks.airflow.providers.standard.hooks.subprocess.SubprocessHook","filename":"subprocess.py","lineno":99}
{"timestamp":"2026-05-06T14:20:48.670224Z","level":"info","event":"\u001b[0m14:20:48  86 of 91 OK created sql table model training_datasets.obt_churn_prediction ..... [\u001b[32mSUCCESS 300000\u001b[0m in 1.21s]","logger":"airflow.task.hooks.airflow.providers.standard.hooks.subprocess.SubprocessHook","filename":"subprocess.py","lineno":99}
{"timestamp":"2026-05-06T14:20:49.340130Z","level":"info","event":"\u001b[0m14:20:49  89 of 91 OK created sql table model GOLD.mart_rentabilidad_diagnostica ......... [\u001b[32mSUCCESS 30706\u001b[0m in 1.86s]","logger":"airflow.task.hooks.airflow.providers.standard.hooks.subprocess.SubprocessHook","filename":"subprocess.py","lineno":99}
{"timestamp":"2026-05-06T14:20:49.348114Z","level":"info","event":"\u001b[0m14:20:49  90 of 91 START sql table model GOLD.mart_ventas_historicas ..................... [RUN]","logger":"airflow.task.hooks.airflow.providers.standard.hooks.subprocess.SubprocessHook","filename":"subprocess.py","lineno":99}
{"timestamp":"2026-05-06T14:20:50.293822Z","level":"info","event":"\u001b[0m14:20:50  90 of 91 OK created sql table model GOLD.mart_ventas_historicas ................ [\u001b[32mSUCCESS 30706\u001b[0m in 0.94s]","logger":"airflow.task.hooks.airflow.providers.standard.hooks.subprocess.SubprocessHook","filename":"subprocess.py","lineno":99}
{"timestamp":"2026-05-06T14:20:50.299894Z","level":"info","event":"\u001b[0m14:20:50  91 of 91 START sql table model GOLD.mart_econometria_eficiencia_operativa ...... [RUN]","logger":"airflow.task.hooks.airflow.providers.standard.hooks.subprocess.SubprocessHook","filename":"subprocess.py","lineno":99}
{"timestamp":"2026-05-06T14:20:51.597817Z","level":"info","event":"\u001b[0m14:20:51  91 of 91 OK created sql table model GOLD.mart_econometria_eficiencia_operativa . [\u001b[32mSUCCESS 1013\u001b[0m in 1.29s]","logger":"airflow.task.hooks.airflow.providers.standard.hooks.subprocess.SubprocessHook","filename":"subprocess.py","lineno":99}
{"timestamp":"2026-05-06T14:20:53.254795Z","level":"info","event":"\u001b[0m14:20:53","logger":"airflow.task.hooks.airflow.providers.standard.hooks.subprocess.SubprocessHook","filename":"subprocess.py","lineno":99}
{"timestamp":"2026-05-06T14:20:53.256654Z","level":"info","event":"\u001b[0m14:20:53  Finished running 48 table models, 43 view models in 0 hours 0 minutes and 41.94 seconds (41.94s).","logger":"airflow.task.hooks.airflow.providers.standard.hooks.subprocess.SubprocessHook","filename":"subprocess.py","lineno":99}
{"timestamp":"2026-05-06T14:20:53.889148Z","level":"info","event":"\u001b[0m14:20:53","logger":"airflow.task.hooks.airflow.providers.standard.hooks.subprocess.SubprocessHook","filename":"subprocess.py","lineno":99}
{"timestamp":"2026-05-06T14:20:53.890294Z","level":"info","event":"\u001b[0m14:20:53  \u001b[32mCompleted successfully\u001b[0m","logger":"airflow.task.hooks.airflow.providers.standard.hooks.subprocess.SubprocessHook","filename":"subprocess.py","lineno":99}
{"timestamp":"2026-05-06T14:20:53.891605Z","level":"info","event":"\u001b[0m14:20:53","logger":"airflow.task.hooks.airflow.providers.standard.hooks.subprocess.SubprocessHook","filename":"subprocess.py","lineno":99}
{"timestamp":"2026-05-06T14:20:53.892990Z","level":"info","event":"\u001b[0m14:20:53  Done. PASS=91 WARN=0 ERROR=0 SKIP=0 NO-OP=0 TOTAL=91","logger":"airflow.task.hooks.airflow.providers.standard.hooks.subprocess.SubprocessHook","filename":"subprocess.py","lineno":99}
{"timestamp":"2026-05-06T14:20:58.628312Z","level":"info","event":"Command exited with return code 0","logger":"airflow.task.hooks.airflow.providers.standard.hooks.subprocess.SubprocessHook","filename":"subprocess.py","lineno":103}
{"timestamp":"2026-05-06T14:20:58.649576Z","level":"info","event":"Pushing xcom","ti":"RuntimeTaskInstance(id=UUID('019dfda2-d196-79d9-9965-da20adef120f'), task_id='dbt_run', dag_id='hgc_transformaciones_dbt', run_id='scheduled__2026-05-06T04:00:00+00:00', try_number=2, dag_version_id=UUID('019df9ac-5931-728f-9bd8-68304e0bdbe3'), map_index=-1, hostname='5f1cc9e47a17', context_carrier={'traceparent': '00-ef690027575f9cc2017e23d952d9b0bd-22da6ccb1cff4f47-01'}, task=<Task(BashOperator): dbt_run>, bundle_instance=LocalDagBundle(name=dags-folder), max_tries=1, start_date=datetime.datetime(2026, 5, 6, 14, 18, 31, 845174, tzinfo=datetime.timezone.utc), end_date=None, state=<TaskInstanceState.RUNNING: 'running'>, is_mapped=False, rendered_map_index=None, sentry_integration='')","logger":"task","filename":"task_runner.py","lineno":1724}
{"timestamp":"2026-05-06T14:20:59.053953Z","level":"info","event":"Task instance in success state","logger":"task.stdout"}
{"timestamp":"2026-05-06T14:20:59.054825Z","level":"info","event":" Previous state of the Task instance: TaskInstanceState.RUNNING","logger":"task.stdout"}
{"timestamp":"2026-05-06T14:20:59.057212Z","level":"info","event":"Task operator:<Task(BashOperator): dbt_run>","logger":"task.stdout"}
