{"timestamp":"2026-04-25T18:44:44.922267Z","level":"info","event":"DAG bundles loaded: dags-folder, example_dags","logger":"airflow.dag_processing.bundles.manager.DagBundlesManager","filename":"manager.py","lineno":209}
{"timestamp":"2026-04-25T18:44:44.933977Z","level":"info","event":"Filling up the DagBag from /opt/airflow/dags/dbt_pipeline.py","logger":"airflow.dag_processing.dagbag.BundleDagBag","filename":"dagbag.py","lineno":469}
{"timestamp":"2026-04-25T18:44:45.164557Z","level":"warning","event":"The `airflow.operators.bash.BashOperator` attribute is deprecated. Please use `'airflow.providers.standard.operators.bash.BashOperator'`.","category":"UserWarning","filename":"/opt/airflow/dags/dbt_pipeline.py","lineno":2,"logger":"py.warnings"}
{"timestamp":"2026-04-25T18:44:45.787170Z","level":"info","event":"Task instance is in running state","logger":"task.stdout"}
{"timestamp":"2026-04-25T18:44:45.789585Z","level":"info","event":" Previous state of the Task instance: TaskInstanceState.QUEUED","logger":"task.stdout"}
{"timestamp":"2026-04-25T18:44:45.790973Z","level":"info","event":"Current task name:dbt_run","logger":"task.stdout"}
{"timestamp":"2026-04-25T18:44:45.791974Z","level":"info","event":"Dag name:hgc_transformaciones_dbt","logger":"task.stdout"}
{"timestamp":"2026-04-25T18:44:45.800106Z","level":"info","event":"Tmp dir root location: /tmp","logger":"airflow.task.hooks.airflow.providers.standard.hooks.subprocess.SubprocessHook","filename":"subprocess.py","lineno":78}
{"timestamp":"2026-04-25T18:44:45.820692Z","level":"info","event":"Running command: ['/usr/bin/bash', '-c', \"cd '/opt/airflow/dbt' && dbt clean && dbt deps && dbt run --profiles-dir .\"]","logger":"airflow.task.hooks.airflow.providers.standard.hooks.subprocess.SubprocessHook","filename":"subprocess.py","lineno":80}
{"timestamp":"2026-04-25T18:44:45.829215Z","level":"info","event":"Output:","logger":"airflow.task.hooks.airflow.providers.standard.hooks.subprocess.SubprocessHook","filename":"subprocess.py","lineno":92}
{"timestamp":"2026-04-25T18:44:52.096616Z","level":"info","event":"\u001b[0m18:44:52  Running with dbt=1.11.8","logger":"airflow.task.hooks.airflow.providers.standard.hooks.subprocess.SubprocessHook","filename":"subprocess.py","lineno":99}
{"timestamp":"2026-04-25T18:44:52.756515Z","level":"info","event":"\u001b[0m18:44:52  Checking /opt/airflow/dbt/target/*","logger":"airflow.task.hooks.airflow.providers.standard.hooks.subprocess.SubprocessHook","filename":"subprocess.py","lineno":99}
{"timestamp":"2026-04-25T18:44:52.758049Z","level":"info","event":"\u001b[0m18:44:52  Cleaned /opt/airflow/dbt/target/*","logger":"airflow.task.hooks.airflow.providers.standard.hooks.subprocess.SubprocessHook","filename":"subprocess.py","lineno":99}
{"timestamp":"2026-04-25T18:44:52.758766Z","level":"info","event":"\u001b[0m18:44:52  Checking /opt/airflow/dbt/dbt_packages/*","logger":"airflow.task.hooks.airflow.providers.standard.hooks.subprocess.SubprocessHook","filename":"subprocess.py","lineno":99}
{"timestamp":"2026-04-25T18:44:52.760315Z","level":"info","event":"\u001b[0m18:44:52  Cleaned /opt/airflow/dbt/dbt_packages/*","logger":"airflow.task.hooks.airflow.providers.standard.hooks.subprocess.SubprocessHook","filename":"subprocess.py","lineno":99}
{"timestamp":"2026-04-25T18:44:52.761187Z","level":"info","event":"\u001b[0m18:44:52  Finished cleaning all paths.","logger":"airflow.task.hooks.airflow.providers.standard.hooks.subprocess.SubprocessHook","filename":"subprocess.py","lineno":99}
{"timestamp":"2026-04-25T18:45:02.630087Z","level":"info","event":"\u001b[0m18:45:02  Running with dbt=1.11.8","logger":"airflow.task.hooks.airflow.providers.standard.hooks.subprocess.SubprocessHook","filename":"subprocess.py","lineno":99}
{"timestamp":"2026-04-25T18:45:09.056998Z","level":"info","event":"\u001b[0m18:45:09  Installing dbt-labs/dbt_utils","logger":"airflow.task.hooks.airflow.providers.standard.hooks.subprocess.SubprocessHook","filename":"subprocess.py","lineno":99}
{"timestamp":"2026-04-25T18:45:25.728706Z","level":"info","event":"\u001b[0m18:45:25  Installed from version 1.1.0","logger":"airflow.task.hooks.airflow.providers.standard.hooks.subprocess.SubprocessHook","filename":"subprocess.py","lineno":99}
{"timestamp":"2026-04-25T18:45:25.730909Z","level":"info","event":"\u001b[0m18:45:25  Updated version available: 1.3.3","logger":"airflow.task.hooks.airflow.providers.standard.hooks.subprocess.SubprocessHook","filename":"subprocess.py","lineno":99}
{"timestamp":"2026-04-25T18:45:25.735356Z","level":"info","event":"\u001b[0m18:45:25","logger":"airflow.task.hooks.airflow.providers.standard.hooks.subprocess.SubprocessHook","filename":"subprocess.py","lineno":99}
{"timestamp":"2026-04-25T18:45:25.737457Z","level":"info","event":"\u001b[0m18:45:25  Updates available for packages: ['dbt-labs/dbt_utils']","logger":"airflow.task.hooks.airflow.providers.standard.hooks.subprocess.SubprocessHook","filename":"subprocess.py","lineno":99}
{"timestamp":"2026-04-25T18:45:25.737833Z","level":"info","event":"Update your versions in packages.yml, then run dbt deps","logger":"airflow.task.hooks.airflow.providers.standard.hooks.subprocess.SubprocessHook","filename":"subprocess.py","lineno":99}
{"timestamp":"2026-04-25T18:45:35.308633Z","level":"info","event":"\u001b[0m18:45:35  Running with dbt=1.11.8","logger":"airflow.task.hooks.airflow.providers.standard.hooks.subprocess.SubprocessHook","filename":"subprocess.py","lineno":99}
{"timestamp":"2026-04-25T18:45:51.525137Z","level":"info","event":"/home/airflow/.local/lib/python3.13/site-packages/snowflake/connector/vendored/requests/__init__.py:113: RequestsDependencyWarning: urllib3 (2.6.3) or chardet (6.0.0.post1)/charset_normalizer (3.4.7) doesn't match a supported version!","logger":"airflow.task.hooks.airflow.providers.standard.hooks.subprocess.SubprocessHook","filename":"subprocess.py","lineno":99}
{"timestamp":"2026-04-25T18:45:51.527066Z","level":"info","event":"  warnings.warn(","logger":"airflow.task.hooks.airflow.providers.standard.hooks.subprocess.SubprocessHook","filename":"subprocess.py","lineno":99}
{"timestamp":"2026-04-25T18:45:57.273306Z","level":"info","event":"\u001b[0m18:45:57  Registered adapter: snowflake=1.11.4","logger":"airflow.task.hooks.airflow.providers.standard.hooks.subprocess.SubprocessHook","filename":"subprocess.py","lineno":99}
{"timestamp":"2026-04-25T18:45:57.852906Z","level":"info","event":"\u001b[0m18:45:57  Unable to do partial parsing because saved manifest not found. Starting full parse.","logger":"airflow.task.hooks.airflow.providers.standard.hooks.subprocess.SubprocessHook","filename":"subprocess.py","lineno":99}
{"timestamp":"2026-04-25T18:46:08.748768Z","level":"info","event":"\u001b[0m18:46:08  Found 91 models, 5 snapshots, 36 sources, 638 macros","logger":"airflow.task.hooks.airflow.providers.standard.hooks.subprocess.SubprocessHook","filename":"subprocess.py","lineno":99}
{"timestamp":"2026-04-25T18:46:08.765547Z","level":"info","event":"\u001b[0m18:46:08","logger":"airflow.task.hooks.airflow.providers.standard.hooks.subprocess.SubprocessHook","filename":"subprocess.py","lineno":99}
{"timestamp":"2026-04-25T18:46:08.768820Z","level":"info","event":"\u001b[0m18:46:08  Concurrency: 4 threads (target='dev')","logger":"airflow.task.hooks.airflow.providers.standard.hooks.subprocess.SubprocessHook","filename":"subprocess.py","lineno":99}
{"timestamp":"2026-04-25T18:46:08.770338Z","level":"info","event":"\u001b[0m18:46:08","logger":"airflow.task.hooks.airflow.providers.standard.hooks.subprocess.SubprocessHook","filename":"subprocess.py","lineno":99}
{"timestamp":"2026-04-25T18:46:26.456061Z","level":"info","event":"\u001b[0m18:46:26  1 of 91 START sql table model GOLD.dim_hora .................................... [RUN]","logger":"airflow.task.hooks.airflow.providers.standard.hooks.subprocess.SubprocessHook","filename":"subprocess.py","lineno":99}
{"timestamp":"2026-04-25T18:46:26.458410Z","level":"info","event":"\u001b[0m18:46:26  3 of 91 START sql view model SILVER.stg_csv__sucursales ........................ [RUN]","logger":"airflow.task.hooks.airflow.providers.standard.hooks.subprocess.SubprocessHook","filename":"subprocess.py","lineno":99}
{"timestamp":"2026-04-25T18:46:26.461105Z","level":"info","event":"\u001b[0m18:46:26  4 of 91 START sql view model SILVER.stg_mariadb__costos_operativos ............. [RUN]","logger":"airflow.task.hooks.airflow.providers.standard.hooks.subprocess.SubprocessHook","filename":"subprocess.py","lineno":99}
{"timestamp":"2026-04-25T18:46:26.463580Z","level":"info","event":"\u001b[0m18:46:26  2 of 91 START sql view model SILVER.stg_csv__calendario ........................ [RUN]","logger":"airflow.task.hooks.airflow.providers.standard.hooks.subprocess.SubprocessHook","filename":"subprocess.py","lineno":99}
{"timestamp":"2026-04-25T18:46:28.982441Z","level":"info","event":"\u001b[0m18:46:28  4 of 91 OK created sql view model SILVER.stg_mariadb__costos_operativos ........ [\u001b[32mSUCCESS 1\u001b[0m in 1.18s]","logger":"airflow.task.hooks.airflow.providers.standard.hooks.subprocess.SubprocessHook","filename":"subprocess.py","lineno":99}
{"timestamp":"2026-04-25T18:46:28.985981Z","level":"info","event":"\u001b[0m18:46:28  2 of 91 OK created sql view model SILVER.stg_csv__calendario ................... [\u001b[32mSUCCESS 1\u001b[0m in 1.18s]","logger":"airflow.task.hooks.airflow.providers.standard.hooks.subprocess.SubprocessHook","filename":"subprocess.py","lineno":99}
{"timestamp":"2026-04-25T18:46:28.988877Z","level":"info","event":"\u001b[0m18:46:28  3 of 91 OK created sql view model SILVER.stg_csv__sucursales ................... [\u001b[32mSUCCESS 1\u001b[0m in 1.19s]","logger":"airflow.task.hooks.airflow.providers.standard.hooks.subprocess.SubprocessHook","filename":"subprocess.py","lineno":99}
{"timestamp":"2026-04-25T18:46:28.993073Z","level":"info","event":"\u001b[0m18:46:28  1 of 91 OK created sql table model GOLD.dim_hora ............................... [\u001b[32mSUCCESS 1440\u001b[0m in 1.85s]","logger":"airflow.task.hooks.airflow.providers.standard.hooks.subprocess.SubprocessHook","filename":"subprocess.py","lineno":99}
{"timestamp":"2026-04-25T18:46:29.014541Z","level":"info","event":"\u001b[0m18:46:29  5 of 91 START sql view model SILVER.stg_mariadb__facturas ...................... [RUN]","logger":"airflow.task.hooks.airflow.providers.standard.hooks.subprocess.SubprocessHook","filename":"subprocess.py","lineno":99}
{"timestamp":"2026-04-25T18:46:29.017197Z","level":"info","event":"\u001b[0m18:46:29  6 of 91 START sql view model SILVER.stg_mariadb__metodos_pago .................. [RUN]","logger":"airflow.task.hooks.airflow.providers.standard.hooks.subprocess.SubprocessHook","filename":"subprocess.py","lineno":99}
{"timestamp":"2026-04-25T18:46:29.020606Z","level":"info","event":"\u001b[0m18:46:29  7 of 91 START sql view model SILVER.stg_mariadb__transacciones_pago ............ [RUN]","logger":"airflow.task.hooks.airflow.providers.standard.hooks.subprocess.SubprocessHook","filename":"subprocess.py","lineno":99}
{"timestamp":"2026-04-25T18:46:29.022778Z","level":"info","event":"\u001b[0m18:46:29  8 of 91 START sql view model SILVER.stg_mongodb__campanas ...................... [RUN]","logger":"airflow.task.hooks.airflow.providers.standard.hooks.subprocess.SubprocessHook","filename":"subprocess.py","lineno":99}
{"timestamp":"2026-04-25T18:46:29.626307Z","level":"info","event":"\u001b[0m18:46:29  7 of 91 OK created sql view model SILVER.stg_mariadb__transacciones_pago ....... [\u001b[32mSUCCESS 1\u001b[0m in 0.59s]","logger":"airflow.task.hooks.airflow.providers.standard.hooks.subprocess.SubprocessHook","filename":"subprocess.py","lineno":99}
{"timestamp":"2026-04-25T18:46:29.636342Z","level":"info","event":"\u001b[0m18:46:29  9 of 91 START sql view model SILVER.stg_mongodb__clientes ...................... [RUN]","logger":"airflow.task.hooks.airflow.providers.standard.hooks.subprocess.SubprocessHook","filename":"subprocess.py","lineno":99}
{"timestamp":"2026-04-25T18:46:29.679294Z","level":"info","event":"\u001b[0m18:46:29  6 of 91 OK created sql view model SILVER.stg_mariadb__metodos_pago ............. [\u001b[32mSUCCESS 1\u001b[0m in 0.63s]","logger":"airflow.task.hooks.airflow.providers.standard.hooks.subprocess.SubprocessHook","filename":"subprocess.py","lineno":99}
{"timestamp":"2026-04-25T18:46:29.683106Z","level":"info","event":"\u001b[0m18:46:29  5 of 91 OK created sql view model SILVER.stg_mariadb__facturas ................. [\u001b[32mSUCCESS 1\u001b[0m in 0.65s]","logger":"airflow.task.hooks.airflow.providers.standard.hooks.subprocess.SubprocessHook","filename":"subprocess.py","lineno":99}
{"timestamp":"2026-04-25T18:46:29.699911Z","level":"info","event":"\u001b[0m18:46:29  8 of 91 OK created sql view model SILVER.stg_mongodb__campanas ................. [\u001b[32mSUCCESS 1\u001b[0m in 0.66s]","logger":"airflow.task.hooks.airflow.providers.standard.hooks.subprocess.SubprocessHook","filename":"subprocess.py","lineno":99}
{"timestamp":"2026-04-25T18:46:29.711815Z","level":"info","event":"\u001b[0m18:46:29  10 of 91 START sql view model SILVER.stg_mongodb__cupones ...................... [RUN]","logger":"airflow.task.hooks.airflow.providers.standard.hooks.subprocess.SubprocessHook","filename":"subprocess.py","lineno":99}
{"timestamp":"2026-04-25T18:46:29.715478Z","level":"info","event":"\u001b[0m18:46:29  11 of 91 START sql view model SILVER.stg_mongodb__cupones_redimidos ............ [RUN]","logger":"airflow.task.hooks.airflow.providers.standard.hooks.subprocess.SubprocessHook","filename":"subprocess.py","lineno":99}
{"timestamp":"2026-04-25T18:46:29.731163Z","level":"info","event":"\u001b[0m18:46:29  12 of 91 START sql view model SILVER.stg_mongodb__programa_lealtad ............. [RUN]","logger":"airflow.task.hooks.airflow.providers.standard.hooks.subprocess.SubprocessHook","filename":"subprocess.py","lineno":99}
{"timestamp":"2026-04-25T18:46:30.151113Z","level":"info","event":"\u001b[0m18:46:30  9 of 91 OK created sql view model SILVER.stg_mongodb__clientes ................. [\u001b[32mSUCCESS 1\u001b[0m in 0.51s]","logger":"airflow.task.hooks.airflow.providers.standard.hooks.subprocess.SubprocessHook","filename":"subprocess.py","lineno":99}
{"timestamp":"2026-04-25T18:46:30.155271Z","level":"info","event":"\u001b[0m18:46:30  13 of 91 START sql view model SILVER.stg_mysql__almacenes ...................... [RUN]","logger":"airflow.task.hooks.airflow.providers.standard.hooks.subprocess.SubprocessHook","filename":"subprocess.py","lineno":99}
{"timestamp":"2026-04-25T18:46:30.667237Z","level":"info","event":"\u001b[0m18:46:30  11 of 91 OK created sql view model SILVER.stg_mongodb__cupones_redimidos ....... [\u001b[32mSUCCESS 1\u001b[0m in 0.93s]","logger":"airflow.task.hooks.airflow.providers.standard.hooks.subprocess.SubprocessHook","filename":"subprocess.py","lineno":99}
{"timestamp":"2026-04-25T18:46:30.685841Z","level":"info","event":"\u001b[0m18:46:30  14 of 91 START sql view model SILVER.stg_mysql__detalle_oc ..................... [RUN]","logger":"airflow.task.hooks.airflow.providers.standard.hooks.subprocess.SubprocessHook","filename":"subprocess.py","lineno":99}
{"timestamp":"2026-04-25T18:46:30.695597Z","level":"info","event":"\u001b[0m18:46:30  12 of 91 OK created sql view model SILVER.stg_mongodb__programa_lealtad ........ [\u001b[32mSUCCESS 1\u001b[0m in 0.93s]","logger":"airflow.task.hooks.airflow.providers.standard.hooks.subprocess.SubprocessHook","filename":"subprocess.py","lineno":99}
{"timestamp":"2026-04-25T18:46:30.706560Z","level":"info","event":"\u001b[0m18:46:30  10 of 91 OK created sql view model SILVER.stg_mongodb__cupones ................. [\u001b[32mSUCCESS 1\u001b[0m in 0.97s]","logger":"airflow.task.hooks.airflow.providers.standard.hooks.subprocess.SubprocessHook","filename":"subprocess.py","lineno":99}
{"timestamp":"2026-04-25T18:46:30.727531Z","level":"info","event":"\u001b[0m18:46:30  13 of 91 OK created sql view model SILVER.stg_mysql__almacenes ................. [\u001b[32mSUCCESS 1\u001b[0m in 0.56s]","logger":"airflow.task.hooks.airflow.providers.standard.hooks.subprocess.SubprocessHook","filename":"subprocess.py","lineno":99}
{"timestamp":"2026-04-25T18:46:30.729717Z","level":"info","event":"\u001b[0m18:46:30  15 of 91 START sql view model SILVER.stg_mysql__insumos ........................ [RUN]","logger":"airflow.task.hooks.airflow.providers.standard.hooks.subprocess.SubprocessHook","filename":"subprocess.py","lineno":99}
{"timestamp":"2026-04-25T18:46:30.736748Z","level":"info","event":"\u001b[0m18:46:30  16 of 91 START sql view model SILVER.stg_mysql__movimientos_inventario ......... [RUN]","logger":"airflow.task.hooks.airflow.providers.standard.hooks.subprocess.SubprocessHook","filename":"subprocess.py","lineno":99}
{"timestamp":"2026-04-25T18:46:30.743377Z","level":"info","event":"\u001b[0m18:46:30  17 of 91 START sql view model SILVER.stg_mysql__ordenes_compra ................. [RUN]","logger":"airflow.task.hooks.airflow.providers.standard.hooks.subprocess.SubprocessHook","filename":"subprocess.py","lineno":99}
{"timestamp":"2026-04-25T18:46:31.719911Z","level":"info","event":"\u001b[0m18:46:31  17 of 91 OK created sql view model SILVER.stg_mysql__ordenes_compra ............ [\u001b[32mSUCCESS 1\u001b[0m in 0.94s]","logger":"airflow.task.hooks.airflow.providers.standard.hooks.subprocess.SubprocessHook","filename":"subprocess.py","lineno":99}
{"timestamp":"2026-04-25T18:46:31.732013Z","level":"info","event":"\u001b[0m18:46:31  14 of 91 OK created sql view model SILVER.stg_mysql__detalle_oc ................ [\u001b[32mSUCCESS 1\u001b[0m in 1.01s]","logger":"airflow.task.hooks.airflow.providers.standard.hooks.subprocess.SubprocessHook","filename":"subprocess.py","lineno":99}
{"timestamp":"2026-04-25T18:46:31.735422Z","level":"info","event":"\u001b[0m18:46:31  15 of 91 OK created sql view model SILVER.stg_mysql__insumos ................... [\u001b[32mSUCCESS 1\u001b[0m in 0.98s]","logger":"airflow.task.hooks.airflow.providers.standard.hooks.subprocess.SubprocessHook","filename":"subprocess.py","lineno":99}
{"timestamp":"2026-04-25T18:46:31.743418Z","level":"info","event":"\u001b[0m18:46:31  16 of 91 OK created sql view model SILVER.stg_mysql__movimientos_inventario .... [\u001b[32mSUCCESS 1\u001b[0m in 0.99s]","logger":"airflow.task.hooks.airflow.providers.standard.hooks.subprocess.SubprocessHook","filename":"subprocess.py","lineno":99}
{"timestamp":"2026-04-25T18:46:31.776666Z","level":"info","event":"\u001b[0m18:46:31  18 of 91 START sql view model SILVER.stg_mysql__proveedores .................... [RUN]","logger":"airflow.task.hooks.airflow.providers.standard.hooks.subprocess.SubprocessHook","filename":"subprocess.py","lineno":99}
{"timestamp":"2026-04-25T18:46:31.781834Z","level":"info","event":"\u001b[0m18:46:31  19 of 91 START sql view model SILVER.stg_mysql__recetas_bom .................... [RUN]","logger":"airflow.task.hooks.airflow.providers.standard.hooks.subprocess.SubprocessHook","filename":"subprocess.py","lineno":99}
{"timestamp":"2026-04-25T18:46:31.784621Z","level":"info","event":"\u001b[0m18:46:31  20 of 91 START sql view model SILVER.stg_mysql__stock .......................... [RUN]","logger":"airflow.task.hooks.airflow.providers.standard.hooks.subprocess.SubprocessHook","filename":"subprocess.py","lineno":99}
{"timestamp":"2026-04-25T18:46:31.792045Z","level":"info","event":"\u001b[0m18:46:31  21 of 91 START sql view model SILVER.stg_postgres__canales_venta ............... [RUN]","logger":"airflow.task.hooks.airflow.providers.standard.hooks.subprocess.SubprocessHook","filename":"subprocess.py","lineno":99}
{"timestamp":"2026-04-25T18:46:32.624335Z","level":"info","event":"\u001b[0m18:46:32  21 of 91 OK created sql view model SILVER.stg_postgres__canales_venta .......... [\u001b[32mSUCCESS 1\u001b[0m in 0.81s]","logger":"airflow.task.hooks.airflow.providers.standard.hooks.subprocess.SubprocessHook","filename":"subprocess.py","lineno":99}
{"timestamp":"2026-04-25T18:46:32.630859Z","level":"info","event":"\u001b[0m18:46:32  20 of 91 OK created sql view model SILVER.stg_mysql__stock ..................... [\u001b[32mSUCCESS 1\u001b[0m in 0.82s]","logger":"airflow.task.hooks.airflow.providers.standard.hooks.subprocess.SubprocessHook","filename":"subprocess.py","lineno":99}
{"timestamp":"2026-04-25T18:46:32.637929Z","level":"info","event":"\u001b[0m18:46:32  18 of 91 OK created sql view model SILVER.stg_mysql__proveedores ............... [\u001b[32mSUCCESS 1\u001b[0m in 0.84s]","logger":"airflow.task.hooks.airflow.providers.standard.hooks.subprocess.SubprocessHook","filename":"subprocess.py","lineno":99}
{"timestamp":"2026-04-25T18:46:32.641156Z","level":"info","event":"\u001b[0m18:46:32  19 of 91 OK created sql view model SILVER.stg_mysql__recetas_bom ............... [\u001b[32mSUCCESS 1\u001b[0m in 0.84s]","logger":"airflow.task.hooks.airflow.providers.standard.hooks.subprocess.SubprocessHook","filename":"subprocess.py","lineno":99}
{"timestamp":"2026-04-25T18:46:32.649405Z","level":"info","event":"\u001b[0m18:46:32  22 of 91 START sql view model SILVER.stg_postgres__categorias_producto ......... [RUN]","logger":"airflow.task.hooks.airflow.providers.standard.hooks.subprocess.SubprocessHook","filename":"subprocess.py","lineno":99}
{"timestamp":"2026-04-25T18:46:32.651781Z","level":"info","event":"\u001b[0m18:46:32  23 of 91 START sql view model SILVER.stg_postgres__combo_detalle ............... [RUN]","logger":"airflow.task.hooks.airflow.providers.standard.hooks.subprocess.SubprocessHook","filename":"subprocess.py","lineno":99}
{"timestamp":"2026-04-25T18:46:32.655445Z","level":"info","event":"\u001b[0m18:46:32  24 of 91 START sql view model SILVER.stg_postgres__delivery_orden .............. [RUN]","logger":"airflow.task.hooks.airflow.providers.standard.hooks.subprocess.SubprocessHook","filename":"subprocess.py","lineno":99}
{"timestamp":"2026-04-25T18:46:32.658256Z","level":"info","event":"\u001b[0m18:46:32  25 of 91 START sql view model SILVER.stg_postgres__detalle_pedido .............. [RUN]","logger":"airflow.task.hooks.airflow.providers.standard.hooks.subprocess.SubprocessHook","filename":"subprocess.py","lineno":99}
{"timestamp":"2026-04-25T18:46:34.209750Z","level":"info","event":"\u001b[0m18:46:34  23 of 91 OK created sql view model SILVER.stg_postgres__combo_detalle .......... [\u001b[32mSUCCESS 1\u001b[0m in 0.56s]","logger":"airflow.task.hooks.airflow.providers.standard.hooks.subprocess.SubprocessHook","filename":"subprocess.py","lineno":99}
{"timestamp":"2026-04-25T18:46:34.212788Z","level":"info","event":"\u001b[0m18:46:34  24 of 91 OK created sql view model SILVER.stg_postgres__delivery_orden ......... [\u001b[32mSUCCESS 1\u001b[0m in 0.58s]","logger":"airflow.task.hooks.airflow.providers.standard.hooks.subprocess.SubprocessHook","filename":"subprocess.py","lineno":99}
{"timestamp":"2026-04-25T18:46:34.219310Z","level":"info","event":"\u001b[0m18:46:34  25 of 91 OK created sql view model SILVER.stg_postgres__detalle_pedido ......... [\u001b[32mSUCCESS 1\u001b[0m in 0.58s]","logger":"airflow.task.hooks.airflow.providers.standard.hooks.subprocess.SubprocessHook","filename":"subprocess.py","lineno":99}
{"timestamp":"2026-04-25T18:46:34.222345Z","level":"info","event":"\u001b[0m18:46:34  22 of 91 OK created sql view model SILVER.stg_postgres__categorias_producto .... [\u001b[32mSUCCESS 1\u001b[0m in 0.54s]","logger":"airflow.task.hooks.airflow.providers.standard.hooks.subprocess.SubprocessHook","filename":"subprocess.py","lineno":99}
{"timestamp":"2026-04-25T18:46:34.237621Z","level":"info","event":"\u001b[0m18:46:34  26 of 91 START sql view model SILVER.stg_postgres__estados_pedido .............. [RUN]","logger":"airflow.task.hooks.airflow.providers.standard.hooks.subprocess.SubprocessHook","filename":"subprocess.py","lineno":99}
{"timestamp":"2026-04-25T18:46:34.245021Z","level":"info","event":"\u001b[0m18:46:34  27 of 91 START sql view model SILVER.stg_postgres__pedido_cupon ................ [RUN]","logger":"airflow.task.hooks.airflow.providers.standard.hooks.subprocess.SubprocessHook","filename":"subprocess.py","lineno":99}
{"timestamp":"2026-04-25T18:46:34.249505Z","level":"info","event":"\u001b[0m18:46:34  28 of 91 START sql view model SILVER.stg_postgres__pedidos ..................... [RUN]","logger":"airflow.task.hooks.airflow.providers.standard.hooks.subprocess.SubprocessHook","filename":"subprocess.py","lineno":99}
{"timestamp":"2026-04-25T18:46:34.252064Z","level":"info","event":"\u001b[0m18:46:34  29 of 91 START sql view model SILVER.stg_postgres__plataformas_delivery ........ [RUN]","logger":"airflow.task.hooks.airflow.providers.standard.hooks.subprocess.SubprocessHook","filename":"subprocess.py","lineno":99}
{"timestamp":"2026-04-25T18:46:34.835247Z","level":"info","event":"\u001b[0m18:46:34  26 of 91 OK created sql view model SILVER.stg_postgres__estados_pedido ......... [\u001b[32mSUCCESS 1\u001b[0m in 0.58s]","logger":"airflow.task.hooks.airflow.providers.standard.hooks.subprocess.SubprocessHook","filename":"subprocess.py","lineno":99}
{"timestamp":"2026-04-25T18:46:34.849361Z","level":"info","event":"\u001b[0m18:46:34  30 of 91 START sql view model SILVER.stg_postgres__productos ................... [RUN]","logger":"airflow.task.hooks.airflow.providers.standard.hooks.subprocess.SubprocessHook","filename":"subprocess.py","lineno":99}
{"timestamp":"2026-04-25T18:46:34.912729Z","level":"info","event":"\u001b[0m18:46:34  27 of 91 OK created sql view model SILVER.stg_postgres__pedido_cupon ........... [\u001b[32mSUCCESS 1\u001b[0m in 0.64s]","logger":"airflow.task.hooks.airflow.providers.standard.hooks.subprocess.SubprocessHook","filename":"subprocess.py","lineno":99}
{"timestamp":"2026-04-25T18:46:34.933345Z","level":"info","event":"\u001b[0m18:46:34  29 of 91 OK created sql view model SILVER.stg_postgres__plataformas_delivery ... [\u001b[32mSUCCESS 1\u001b[0m in 0.66s]","logger":"airflow.task.hooks.airflow.providers.standard.hooks.subprocess.SubprocessHook","filename":"subprocess.py","lineno":99}
{"timestamp":"2026-04-25T18:46:34.949335Z","level":"info","event":"\u001b[0m18:46:34  28 of 91 OK created sql view model SILVER.stg_postgres__pedidos ................ [\u001b[32mSUCCESS 1\u001b[0m in 0.68s]","logger":"airflow.task.hooks.airflow.providers.standard.hooks.subprocess.SubprocessHook","filename":"subprocess.py","lineno":99}
{"timestamp":"2026-04-25T18:46:34.965239Z","level":"info","event":"\u001b[0m18:46:34  31 of 91 START sql view model SILVER.stg_sqlserver__asignacion_turnos .......... [RUN]","logger":"airflow.task.hooks.airflow.providers.standard.hooks.subprocess.SubprocessHook","filename":"subprocess.py","lineno":99}
{"timestamp":"2026-04-25T18:46:34.968623Z","level":"info","event":"\u001b[0m18:46:34  32 of 91 START sql view model SILVER.stg_sqlserver__asistencia ................. [RUN]","logger":"airflow.task.hooks.airflow.providers.standard.hooks.subprocess.SubprocessHook","filename":"subprocess.py","lineno":99}
{"timestamp":"2026-04-25T18:46:34.987085Z","level":"info","event":"\u001b[0m18:46:34  33 of 91 START sql view model SILVER.stg_sqlserver__cargos ..................... [RUN]","logger":"airflow.task.hooks.airflow.providers.standard.hooks.subprocess.SubprocessHook","filename":"subprocess.py","lineno":99}
{"timestamp":"2026-04-25T18:46:35.463778Z","level":"info","event":"\u001b[0m18:46:35  30 of 91 OK created sql view model SILVER.stg_postgres__productos .............. [\u001b[32mSUCCESS 1\u001b[0m in 0.61s]","logger":"airflow.task.hooks.airflow.providers.standard.hooks.subprocess.SubprocessHook","filename":"subprocess.py","lineno":99}
{"timestamp":"2026-04-25T18:46:35.472638Z","level":"info","event":"\u001b[0m18:46:35  34 of 91 START sql view model SILVER.stg_sqlserver__departamentos .............. [RUN]","logger":"airflow.task.hooks.airflow.providers.standard.hooks.subprocess.SubprocessHook","filename":"subprocess.py","lineno":99}
{"timestamp":"2026-04-25T18:46:35.560496Z","level":"info","event":"\u001b[0m18:46:35  32 of 91 OK created sql view model SILVER.stg_sqlserver__asistencia ............ [\u001b[32mSUCCESS 1\u001b[0m in 0.57s]","logger":"airflow.task.hooks.airflow.providers.standard.hooks.subprocess.SubprocessHook","filename":"subprocess.py","lineno":99}
{"timestamp":"2026-04-25T18:46:35.581925Z","level":"info","event":"\u001b[0m18:46:35  35 of 91 START sql view model SILVER.stg_sqlserver__empleados .................. [RUN]","logger":"airflow.task.hooks.airflow.providers.standard.hooks.subprocess.SubprocessHook","filename":"subprocess.py","lineno":99}
{"timestamp":"2026-04-25T18:46:35.607875Z","level":"info","event":"\u001b[0m18:46:35  31 of 91 OK created sql view model SILVER.stg_sqlserver__asignacion_turnos ..... [\u001b[32mSUCCESS 1\u001b[0m in 0.61s]","logger":"airflow.task.hooks.airflow.providers.standard.hooks.subprocess.SubprocessHook","filename":"subprocess.py","lineno":99}
{"timestamp":"2026-04-25T18:46:35.626170Z","level":"info","event":"\u001b[0m18:46:35  33 of 91 OK created sql view model SILVER.stg_sqlserver__cargos ................ [\u001b[32mSUCCESS 1\u001b[0m in 0.60s]","logger":"airflow.task.hooks.airflow.providers.standard.hooks.subprocess.SubprocessHook","filename":"subprocess.py","lineno":99}
{"timestamp":"2026-04-25T18:46:35.659695Z","level":"info","event":"\u001b[0m18:46:35  36 of 91 START sql view model SILVER.stg_sqlserver__evaluacion_desempeno ....... [RUN]","logger":"airflow.task.hooks.airflow.providers.standard.hooks.subprocess.SubprocessHook","filename":"subprocess.py","lineno":99}
{"timestamp":"2026-04-25T18:46:35.662936Z","level":"info","event":"\u001b[0m18:46:35  37 of 91 START sql view model SILVER.stg_sqlserver__turnos ..................... [RUN]","logger":"airflow.task.hooks.airflow.providers.standard.hooks.subprocess.SubprocessHook","filename":"subprocess.py","lineno":99}
{"timestamp":"2026-04-25T18:46:35.967623Z","level":"info","event":"\u001b[0m18:46:35  34 of 91 OK created sql view model SILVER.stg_sqlserver__departamentos ......... [\u001b[32mSUCCESS 1\u001b[0m in 0.49s]","logger":"airflow.task.hooks.airflow.providers.standard.hooks.subprocess.SubprocessHook","filename":"subprocess.py","lineno":99}
{"timestamp":"2026-04-25T18:46:35.975481Z","level":"info","event":"\u001b[0m18:46:35  38 of 91 START sql table model GOLD.dim_categoriacosto ......................... [RUN]","logger":"airflow.task.hooks.airflow.providers.standard.hooks.subprocess.SubprocessHook","filename":"subprocess.py","lineno":99}
{"timestamp":"2026-04-25T18:46:36.152220Z","level":"info","event":"\u001b[0m18:46:36  36 of 91 OK created sql view model SILVER.stg_sqlserver__evaluacion_desempeno .. [\u001b[32mSUCCESS 1\u001b[0m in 0.47s]","logger":"airflow.task.hooks.airflow.providers.standard.hooks.subprocess.SubprocessHook","filename":"subprocess.py","lineno":99}
{"timestamp":"2026-04-25T18:46:36.155053Z","level":"info","event":"\u001b[0m18:46:36  37 of 91 OK created sql view model SILVER.stg_sqlserver__turnos ................ [\u001b[32mSUCCESS 1\u001b[0m in 0.48s]","logger":"airflow.task.hooks.airflow.providers.standard.hooks.subprocess.SubprocessHook","filename":"subprocess.py","lineno":99}
{"timestamp":"2026-04-25T18:46:36.186647Z","level":"info","event":"\u001b[0m18:46:36  39 of 91 START sql table model GOLD.dim_tiempo ................................. [RUN]","logger":"airflow.task.hooks.airflow.providers.standard.hooks.subprocess.SubprocessHook","filename":"subprocess.py","lineno":99}
{"timestamp":"2026-04-25T18:46:36.199668Z","level":"info","event":"\u001b[0m18:46:36  35 of 91 OK created sql view model SILVER.stg_sqlserver__empleados ............. [\u001b[32mSUCCESS 1\u001b[0m in 0.57s]","logger":"airflow.task.hooks.airflow.providers.standard.hooks.subprocess.SubprocessHook","filename":"subprocess.py","lineno":99}
{"timestamp":"2026-04-25T18:46:36.214959Z","level":"info","event":"\u001b[0m18:46:36  40 of 91 START sql table model GOLD.dim_sucursal ............................... [RUN]","logger":"airflow.task.hooks.airflow.providers.standard.hooks.subprocess.SubprocessHook","filename":"subprocess.py","lineno":99}
{"timestamp":"2026-04-25T18:46:36.259964Z","level":"info","event":"\u001b[0m18:46:36  41 of 91 START sql table model GOLD.dim_metodopago ............................. [RUN]","logger":"airflow.task.hooks.airflow.providers.standard.hooks.subprocess.SubprocessHook","filename":"subprocess.py","lineno":99}
{"timestamp":"2026-04-25T18:46:37.444417Z","level":"info","event":"\u001b[0m18:46:37  38 of 91 OK created sql table model GOLD.dim_categoriacosto .................... [\u001b[32mSUCCESS 2\u001b[0m in 1.46s]","logger":"airflow.task.hooks.airflow.providers.standard.hooks.subprocess.SubprocessHook","filename":"subprocess.py","lineno":99}
{"timestamp":"2026-04-25T18:46:37.446651Z","level":"info","event":"\u001b[0m18:46:37  39 of 91 OK created sql table model GOLD.dim_tiempo ............................ [\u001b[32mSUCCESS 4249\u001b[0m in 1.24s]","logger":"airflow.task.hooks.airflow.providers.standard.hooks.subprocess.SubprocessHook","filename":"subprocess.py","lineno":99}
{"timestamp":"2026-04-25T18:46:37.456023Z","level":"info","event":"\u001b[0m18:46:37  42 of 91 START sql view model SILVER.int_clientes_enriquecidos ................. [RUN]","logger":"airflow.task.hooks.airflow.providers.standard.hooks.subprocess.SubprocessHook","filename":"subprocess.py","lineno":99}
{"timestamp":"2026-04-25T18:46:37.457693Z","level":"info","event":"\u001b[0m18:46:37  43 of 91 START sql table model GOLD.dim_cupon .................................. [RUN]","logger":"airflow.task.hooks.airflow.providers.standard.hooks.subprocess.SubprocessHook","filename":"subprocess.py","lineno":99}
{"timestamp":"2026-04-25T18:46:37.581862Z","level":"info","event":"\u001b[0m18:46:37  41 of 91 OK created sql table model GOLD.dim_metodopago ........................ [\u001b[32mSUCCESS 4\u001b[0m in 1.30s]","logger":"airflow.task.hooks.airflow.providers.standard.hooks.subprocess.SubprocessHook","filename":"subprocess.py","lineno":99}
{"timestamp":"2026-04-25T18:46:37.592752Z","level":"info","event":"\u001b[0m18:46:37  40 of 91 OK created sql table model GOLD.dim_sucursal .......................... [\u001b[32mSUCCESS 12\u001b[0m in 1.34s]","logger":"airflow.task.hooks.airflow.providers.standard.hooks.subprocess.SubprocessHook","filename":"subprocess.py","lineno":99}
{"timestamp":"2026-04-25T18:46:37.599133Z","level":"info","event":"\u001b[0m18:46:37  44 of 91 START sql view model SILVER.int_almacenes_enriquecidos ................ [RUN]","logger":"airflow.task.hooks.airflow.providers.standard.hooks.subprocess.SubprocessHook","filename":"subprocess.py","lineno":99}
{"timestamp":"2026-04-25T18:46:37.604566Z","level":"info","event":"\u001b[0m18:46:37  45 of 91 START sql table model GOLD.dim_insumo ................................. [RUN]","logger":"airflow.task.hooks.airflow.providers.standard.hooks.subprocess.SubprocessHook","filename":"subprocess.py","lineno":99}
{"timestamp":"2026-04-25T18:46:38.371161Z","level":"info","event":"\u001b[0m18:46:38  42 of 91 OK created sql view model SILVER.int_clientes_enriquecidos ............ [\u001b[32mSUCCESS 1\u001b[0m in 0.90s]","logger":"airflow.task.hooks.airflow.providers.standard.hooks.subprocess.SubprocessHook","filename":"subprocess.py","lineno":99}
{"timestamp":"2026-04-25T18:46:38.374019Z","level":"info","event":"\u001b[0m18:46:38  44 of 91 OK created sql view model SILVER.int_almacenes_enriquecidos ........... [\u001b[32mSUCCESS 1\u001b[0m in 0.77s]","logger":"airflow.task.hooks.airflow.providers.standard.hooks.subprocess.SubprocessHook","filename":"subprocess.py","lineno":99}
{"timestamp":"2026-04-25T18:46:38.385900Z","level":"info","event":"\u001b[0m18:46:38  46 of 91 START sql table model GOLD.dim_tipomovimiento ......................... [RUN]","logger":"airflow.task.hooks.airflow.providers.standard.hooks.subprocess.SubprocessHook","filename":"subprocess.py","lineno":99}
{"timestamp":"2026-04-25T18:46:38.387888Z","level":"info","event":"\u001b[0m18:46:38  47 of 91 START sql table model GOLD.dim_canalventa ............................. [RUN]","logger":"airflow.task.hooks.airflow.providers.standard.hooks.subprocess.SubprocessHook","filename":"subprocess.py","lineno":99}
{"timestamp":"2026-04-25T18:46:38.688764Z","level":"info","event":"\u001b[0m18:46:38  45 of 91 OK created sql table model GOLD.dim_insumo ............................ [\u001b[32mSUCCESS 10\u001b[0m in 1.08s]","logger":"airflow.task.hooks.airflow.providers.standard.hooks.subprocess.SubprocessHook","filename":"subprocess.py","lineno":99}
{"timestamp":"2026-04-25T18:46:38.694682Z","level":"info","event":"\u001b[0m18:46:38  48 of 91 START sql table model GOLD.dim_proveedor .............................. [RUN]","logger":"airflow.task.hooks.airflow.providers.standard.hooks.subprocess.SubprocessHook","filename":"subprocess.py","lineno":99}
{"timestamp":"2026-04-25T18:46:39.233100Z","level":"info","event":"\u001b[0m18:46:39  43 of 91 OK created sql table model GOLD.dim_cupon ............................. [\u001b[32mSUCCESS 3\u001b[0m in 1.77s]","logger":"airflow.task.hooks.airflow.providers.standard.hooks.subprocess.SubprocessHook","filename":"subprocess.py","lineno":99}
{"timestamp":"2026-04-25T18:46:39.238453Z","level":"info","event":"\u001b[0m18:46:39  49 of 91 START sql view model SILVER.int_demanda_insumos ....................... [RUN]","logger":"airflow.task.hooks.airflow.providers.standard.hooks.subprocess.SubprocessHook","filename":"subprocess.py","lineno":99}
{"timestamp":"2026-04-25T18:46:39.370936Z","level":"info","event":"\u001b[0m18:46:39  47 of 91 OK created sql table model GOLD.dim_canalventa ........................ [\u001b[32mSUCCESS 5\u001b[0m in 0.98s]","logger":"airflow.task.hooks.airflow.providers.standard.hooks.subprocess.SubprocessHook","filename":"subprocess.py","lineno":99}
{"timestamp":"2026-04-25T18:46:39.377795Z","level":"info","event":"\u001b[0m18:46:39  50 of 91 START sql table model GOLD.dim_estadopedido ........................... [RUN]","logger":"airflow.task.hooks.airflow.providers.standard.hooks.subprocess.SubprocessHook","filename":"subprocess.py","lineno":99}
{"timestamp":"2026-04-25T18:46:39.577092Z","level":"info","event":"\u001b[0m18:46:39  48 of 91 OK created sql table model GOLD.dim_proveedor ......................... [\u001b[32mSUCCESS 10\u001b[0m in 0.88s]","logger":"airflow.task.hooks.airflow.providers.standard.hooks.subprocess.SubprocessHook","filename":"subprocess.py","lineno":99}
{"timestamp":"2026-04-25T18:46:39.584542Z","level":"info","event":"\u001b[0m18:46:39  51 of 91 START sql table model GOLD.dim_plataformadelivery ..................... [RUN]","logger":"airflow.task.hooks.airflow.providers.standard.hooks.subprocess.SubprocessHook","filename":"subprocess.py","lineno":99}
{"timestamp":"2026-04-25T18:46:39.823299Z","level":"info","event":"\u001b[0m18:46:39  46 of 91 OK created sql table model GOLD.dim_tipomovimiento .................... [\u001b[32mSUCCESS 2\u001b[0m in 1.43s]","logger":"airflow.task.hooks.airflow.providers.standard.hooks.subprocess.SubprocessHook","filename":"subprocess.py","lineno":99}
{"timestamp":"2026-04-25T18:46:39.829126Z","level":"info","event":"\u001b[0m18:46:39  52 of 91 START sql view model SILVER.int_productos_enriquecidos ................ [RUN]","logger":"airflow.task.hooks.airflow.providers.standard.hooks.subprocess.SubprocessHook","filename":"subprocess.py","lineno":99}
{"timestamp":"2026-04-25T18:46:40.113624Z","level":"info","event":"\u001b[0m18:46:40  49 of 91 OK created sql view model SILVER.int_demanda_insumos .................. [\u001b[32mSUCCESS 1\u001b[0m in 0.87s]","logger":"airflow.task.hooks.airflow.providers.standard.hooks.subprocess.SubprocessHook","filename":"subprocess.py","lineno":99}
{"timestamp":"2026-04-25T18:46:40.122804Z","level":"info","event":"\u001b[0m18:46:40  53 of 91 START sql table model GOLD.dim_turno .................................. [RUN]","logger":"airflow.task.hooks.airflow.providers.standard.hooks.subprocess.SubprocessHook","filename":"subprocess.py","lineno":99}
{"timestamp":"2026-04-25T18:46:40.385448Z","level":"info","event":"\u001b[0m18:46:40  52 of 91 OK created sql view model SILVER.int_productos_enriquecidos ........... [\u001b[32mSUCCESS 1\u001b[0m in 0.55s]","logger":"airflow.task.hooks.airflow.providers.standard.hooks.subprocess.SubprocessHook","filename":"subprocess.py","lineno":99}
{"timestamp":"2026-04-25T18:46:40.393703Z","level":"info","event":"\u001b[0m18:46:40  50 of 91 OK created sql table model GOLD.dim_estadopedido ...................... [\u001b[32mSUCCESS 4\u001b[0m in 1.01s]","logger":"airflow.task.hooks.airflow.providers.standard.hooks.subprocess.SubprocessHook","filename":"subprocess.py","lineno":99}
{"timestamp":"2026-04-25T18:46:40.399028Z","level":"info","event":"\u001b[0m18:46:40  54 of 91 START sql view model SILVER.int_empleados_enriquecidos ................ [RUN]","logger":"airflow.task.hooks.airflow.providers.standard.hooks.subprocess.SubprocessHook","filename":"subprocess.py","lineno":99}
{"timestamp":"2026-04-25T18:46:40.404480Z","level":"info","event":"\u001b[0m18:46:40  55 of 91 START sql table model GOLD.fact_costos_operativos ..................... [RUN]","logger":"airflow.task.hooks.airflow.providers.standard.hooks.subprocess.SubprocessHook","filename":"subprocess.py","lineno":99}
{"timestamp":"2026-04-25T18:46:41.640672Z","level":"info","event":"\u001b[0m18:46:41  54 of 91 OK created sql view model SILVER.int_empleados_enriquecidos ........... [\u001b[32mSUCCESS 1\u001b[0m in 0.57s]","logger":"airflow.task.hooks.airflow.providers.standard.hooks.subprocess.SubprocessHook","filename":"subprocess.py","lineno":99}
{"timestamp":"2026-04-25T18:46:41.643258Z","level":"info","event":"\u001b[0m18:46:41  53 of 91 OK created sql table model GOLD.dim_turno ............................. [\u001b[32mSUCCESS 3\u001b[0m in 0.91s]","logger":"airflow.task.hooks.airflow.providers.standard.hooks.subprocess.SubprocessHook","filename":"subprocess.py","lineno":99}
{"timestamp":"2026-04-25T18:46:41.650026Z","level":"info","event":"\u001b[0m18:46:41  51 of 91 OK created sql table model GOLD.dim_plataformadelivery ................ [\u001b[32mSUCCESS 3\u001b[0m in 1.21s]","logger":"airflow.task.hooks.airflow.providers.standard.hooks.subprocess.SubprocessHook","filename":"subprocess.py","lineno":99}
{"timestamp":"2026-04-25T18:46:41.652985Z","level":"info","event":"\u001b[0m18:46:41  55 of 91 OK created sql table model GOLD.fact_costos_operativos ................ [\u001b[32mSUCCESS 1810\u001b[0m in 1.07s]","logger":"airflow.task.hooks.airflow.providers.standard.hooks.subprocess.SubprocessHook","filename":"subprocess.py","lineno":99}
{"timestamp":"2026-04-25T18:46:41.666525Z","level":"info","event":"\u001b[0m18:46:41  56 of 91 START sql table model GOLD.fact_facturacion ........................... [RUN]","logger":"airflow.task.hooks.airflow.providers.standard.hooks.subprocess.SubprocessHook","filename":"subprocess.py","lineno":99}
{"timestamp":"2026-04-25T18:46:41.673655Z","level":"info","event":"\u001b[0m18:46:41  57 of 91 START sql table model GOLD.fact_transacciones_pago .................... [RUN]","logger":"airflow.task.hooks.airflow.providers.standard.hooks.subprocess.SubprocessHook","filename":"subprocess.py","lineno":99}
{"timestamp":"2026-04-25T18:46:41.677888Z","level":"info","event":"\u001b[0m18:46:41  58 of 91 START sql table model GOLD.dim_cliente ................................ [RUN]","logger":"airflow.task.hooks.airflow.providers.standard.hooks.subprocess.SubprocessHook","filename":"subprocess.py","lineno":99}
{"timestamp":"2026-04-25T18:46:41.680187Z","level":"info","event":"\u001b[0m18:46:41  59 of 91 START sql table model GOLD.dim_almacen ................................ [RUN]","logger":"airflow.task.hooks.airflow.providers.standard.hooks.subprocess.SubprocessHook","filename":"subprocess.py","lineno":99}
{"timestamp":"2026-04-25T18:46:42.979745Z","level":"info","event":"\u001b[0m18:46:42  59 of 91 OK created sql table model GOLD.dim_almacen ........................... [\u001b[32mSUCCESS 24\u001b[0m in 1.29s]","logger":"airflow.task.hooks.airflow.providers.standard.hooks.subprocess.SubprocessHook","filename":"subprocess.py","lineno":99}
{"timestamp":"2026-04-25T18:46:42.985247Z","level":"info","event":"\u001b[0m18:46:42  60 of 91 START sql table model GOLD.fact_compras_detalle ....................... [RUN]","logger":"airflow.task.hooks.airflow.providers.standard.hooks.subprocess.SubprocessHook","filename":"subprocess.py","lineno":99}
{"timestamp":"2026-04-25T18:46:43.667213Z","level":"info","event":"\u001b[0m18:46:43  58 of 91 OK created sql table model GOLD.dim_cliente ........................... [\u001b[32mSUCCESS 300000\u001b[0m in 1.98s]","logger":"airflow.task.hooks.airflow.providers.standard.hooks.subprocess.SubprocessHook","filename":"subprocess.py","lineno":99}
{"timestamp":"2026-04-25T18:46:43.674660Z","level":"info","event":"\u001b[0m18:46:43  61 of 91 START sql table model features.feat_inventario_demanda ................ [RUN]","logger":"airflow.task.hooks.airflow.providers.standard.hooks.subprocess.SubprocessHook","filename":"subprocess.py","lineno":99}
{"timestamp":"2026-04-25T18:46:43.752349Z","level":"info","event":"\u001b[0m18:46:43  56 of 91 OK created sql table model GOLD.fact_facturacion ...................... [\u001b[32mSUCCESS 49493\u001b[0m in 2.07s]","logger":"airflow.task.hooks.airflow.providers.standard.hooks.subprocess.SubprocessHook","filename":"subprocess.py","lineno":99}
{"timestamp":"2026-04-25T18:46:43.761807Z","level":"info","event":"\u001b[0m18:46:43  62 of 91 START sql table model GOLD.dim_producto ............................... [RUN]","logger":"airflow.task.hooks.airflow.providers.standard.hooks.subprocess.SubprocessHook","filename":"subprocess.py","lineno":99}
{"timestamp":"2026-04-25T18:46:43.963559Z","level":"info","event":"\u001b[0m18:46:43  57 of 91 OK created sql table model GOLD.fact_transacciones_pago ............... [\u001b[32mSUCCESS 3828721\u001b[0m in 2.28s]","logger":"airflow.task.hooks.airflow.providers.standard.hooks.subprocess.SubprocessHook","filename":"subprocess.py","lineno":99}
{"timestamp":"2026-04-25T18:46:43.969232Z","level":"info","event":"\u001b[0m18:46:43  63 of 91 START sql table model GOLD.dim_empleado ............................... [RUN]","logger":"airflow.task.hooks.airflow.providers.standard.hooks.subprocess.SubprocessHook","filename":"subprocess.py","lineno":99}
{"timestamp":"2026-04-25T18:46:44.597563Z","level":"info","event":"\u001b[0m18:46:44  60 of 91 OK created sql table model GOLD.fact_compras_detalle .................. [\u001b[32mSUCCESS 6823\u001b[0m in 1.61s]","logger":"airflow.task.hooks.airflow.providers.standard.hooks.subprocess.SubprocessHook","filename":"subprocess.py","lineno":99}
{"timestamp":"2026-04-25T18:46:44.605133Z","level":"info","event":"\u001b[0m18:46:44  64 of 91 START sql table model GOLD.fact_movimientos_inventario ................ [RUN]","logger":"airflow.task.hooks.airflow.providers.standard.hooks.subprocess.SubprocessHook","filename":"subprocess.py","lineno":99}
{"timestamp":"2026-04-25T18:46:45.012903Z","level":"info","event":"\u001b[0m18:46:45  62 of 91 OK created sql table model GOLD.dim_producto .......................... [\u001b[32mSUCCESS 9\u001b[0m in 1.25s]","logger":"airflow.task.hooks.airflow.providers.standard.hooks.subprocess.SubprocessHook","filename":"subprocess.py","lineno":99}
{"timestamp":"2026-04-25T18:46:45.017361Z","level":"info","event":"\u001b[0m18:46:45  65 of 91 START sql table model GOLD.fact_stock_snapshot_diario ................. [RUN]","logger":"airflow.task.hooks.airflow.providers.standard.hooks.subprocess.SubprocessHook","filename":"subprocess.py","lineno":99}
{"timestamp":"2026-04-25T18:46:45.277232Z","level":"info","event":"\u001b[0m18:46:45  63 of 91 OK created sql table model GOLD.dim_empleado .......................... [\u001b[32mSUCCESS 151\u001b[0m in 1.31s]","logger":"airflow.task.hooks.airflow.providers.standard.hooks.subprocess.SubprocessHook","filename":"subprocess.py","lineno":99}
{"timestamp":"2026-04-25T18:46:45.281585Z","level":"info","event":"\u001b[0m18:46:45  66 of 91 START sql table model GOLD.fact_delivery .............................. [RUN]","logger":"airflow.task.hooks.airflow.providers.standard.hooks.subprocess.SubprocessHook","filename":"subprocess.py","lineno":99}
{"timestamp":"2026-04-25T18:46:46.003424Z","level":"info","event":"\u001b[0m18:46:46  65 of 91 OK created sql table model GOLD.fact_stock_snapshot_diario ............ [\u001b[32mSUCCESS 18100\u001b[0m in 0.96s]","logger":"airflow.task.hooks.airflow.providers.standard.hooks.subprocess.SubprocessHook","filename":"subprocess.py","lineno":99}
{"timestamp":"2026-04-25T18:46:46.012174Z","level":"info","event":"\u001b[0m18:46:46  67 of 91 START sql table model GOLD.fact_estado_lealtad_mensual ................ [RUN]","logger":"airflow.task.hooks.airflow.providers.standard.hooks.subprocess.SubprocessHook","filename":"subprocess.py","lineno":99}
{"timestamp":"2026-04-25T18:46:47.104870Z","level":"info","event":"\u001b[0m18:46:47  64 of 91 OK created sql table model GOLD.fact_movimientos_inventario ........... [\u001b[32mSUCCESS 7050347\u001b[0m in 2.49s]","logger":"airflow.task.hooks.airflow.providers.standard.hooks.subprocess.SubprocessHook","filename":"subprocess.py","lineno":99}
{"timestamp":"2026-04-25T18:46:47.115459Z","level":"info","event":"\u001b[0m18:46:47  68 of 91 START sql table model GOLD.fact_redencion_cupones ..................... [RUN]","logger":"airflow.task.hooks.airflow.providers.standard.hooks.subprocess.SubprocessHook","filename":"subprocess.py","lineno":99}
{"timestamp":"2026-04-25T18:46:47.166959Z","level":"info","event":"\u001b[0m18:46:47  61 of 91 OK created sql table model features.feat_inventario_demanda ........... [\u001b[32mSUCCESS 24\u001b[0m in 3.49s]","logger":"airflow.task.hooks.airflow.providers.standard.hooks.subprocess.SubprocessHook","filename":"subprocess.py","lineno":99}
{"timestamp":"2026-04-25T18:46:47.174481Z","level":"info","event":"\u001b[0m18:46:47  69 of 91 START sql table model GOLD.fact_asistencia_diaria ..................... [RUN]","logger":"airflow.task.hooks.airflow.providers.standard.hooks.subprocess.SubprocessHook","filename":"subprocess.py","lineno":99}
{"timestamp":"2026-04-25T18:46:47.588306Z","level":"info","event":"\u001b[0m18:46:47  66 of 91 OK created sql table model GOLD.fact_delivery ......................... [\u001b[32mSUCCESS 956432\u001b[0m in 2.30s]","logger":"airflow.task.hooks.airflow.providers.standard.hooks.subprocess.SubprocessHook","filename":"subprocess.py","lineno":99}
{"timestamp":"2026-04-25T18:46:47.596112Z","level":"info","event":"\u001b[0m18:46:47  70 of 91 START sql table model GOLD.fact_evaluacion_desempeno .................. [RUN]","logger":"airflow.task.hooks.airflow.providers.standard.hooks.subprocess.SubprocessHook","filename":"subprocess.py","lineno":99}
{"timestamp":"2026-04-25T18:46:47.685840Z","level":"info","event":"\u001b[0m18:46:47  67 of 91 OK created sql table model GOLD.fact_estado_lealtad_mensual ........... [\u001b[32mSUCCESS 120000\u001b[0m in 1.67s]","logger":"airflow.task.hooks.airflow.providers.standard.hooks.subprocess.SubprocessHook","filename":"subprocess.py","lineno":99}
{"timestamp":"2026-04-25T18:46:47.693437Z","level":"info","event":"\u001b[0m18:46:47  71 of 91 START sql table model GOLD.fact_ventas_detalle ........................ [RUN]","logger":"airflow.task.hooks.airflow.providers.standard.hooks.subprocess.SubprocessHook","filename":"subprocess.py","lineno":99}
{"timestamp":"2026-04-25T18:46:48.518155Z","level":"info","event":"\u001b[0m18:46:48  69 of 91 OK created sql table model GOLD.fact_asistencia_diaria ................ [\u001b[32mSUCCESS 1\u001b[0m in 1.34s]","logger":"airflow.task.hooks.airflow.providers.standard.hooks.subprocess.SubprocessHook","filename":"subprocess.py","lineno":99}
{"timestamp":"2026-04-25T18:46:48.522299Z","level":"info","event":"\u001b[0m18:46:48  72 of 91 START sql table model training_datasets.obt_inventory_optimization .... [RUN]","logger":"airflow.task.hooks.airflow.providers.standard.hooks.subprocess.SubprocessHook","filename":"subprocess.py","lineno":99}
{"timestamp":"2026-04-25T18:46:48.796781Z","level":"info","event":"\u001b[0m18:46:48  70 of 91 OK created sql table model GOLD.fact_evaluacion_desempeno ............. [\u001b[32mSUCCESS 432\u001b[0m in 1.20s]","logger":"airflow.task.hooks.airflow.providers.standard.hooks.subprocess.SubprocessHook","filename":"subprocess.py","lineno":99}
{"timestamp":"2026-04-25T18:46:48.801763Z","level":"info","event":"\u001b[0m18:46:48  73 of 91 START sql table model features.feat_pedidos_entrega ................... [RUN]","logger":"airflow.task.hooks.airflow.providers.standard.hooks.subprocess.SubprocessHook","filename":"subprocess.py","lineno":99}
{"timestamp":"2026-04-25T18:46:49.187946Z","level":"info","event":"\u001b[0m18:46:49  68 of 91 OK created sql table model GOLD.fact_redencion_cupones ................ [\u001b[32mSUCCESS 573045\u001b[0m in 2.07s]","logger":"airflow.task.hooks.airflow.providers.standard.hooks.subprocess.SubprocessHook","filename":"subprocess.py","lineno":99}
{"timestamp":"2026-04-25T18:46:49.193077Z","level":"info","event":"\u001b[0m18:46:49  74 of 91 START sql table model features.feat_empleados_perfil .................. [RUN]","logger":"airflow.task.hooks.airflow.providers.standard.hooks.subprocess.SubprocessHook","filename":"subprocess.py","lineno":99}
{"timestamp":"2026-04-25T18:46:49.508201Z","level":"info","event":"\u001b[0m18:46:49  72 of 91 OK created sql table model training_datasets.obt_inventory_optimization  [\u001b[32mSUCCESS 24\u001b[0m in 0.98s]","logger":"airflow.task.hooks.airflow.providers.standard.hooks.subprocess.SubprocessHook","filename":"subprocess.py","lineno":99}
{"timestamp":"2026-04-25T18:46:49.895769Z","level":"info","event":"\u001b[0m18:46:49  73 of 91 OK created sql table model features.feat_pedidos_entrega .............. [\u001b[32mSUCCESS 956432\u001b[0m in 1.09s]","logger":"airflow.task.hooks.airflow.providers.standard.hooks.subprocess.SubprocessHook","filename":"subprocess.py","lineno":99}
{"timestamp":"2026-04-25T18:46:49.902895Z","level":"info","event":"\u001b[0m18:46:49  75 of 91 START sql table model training_datasets.obt_delivery_time_prediction .. [RUN]","logger":"airflow.task.hooks.airflow.providers.standard.hooks.subprocess.SubprocessHook","filename":"subprocess.py","lineno":99}
{"timestamp":"2026-04-25T18:46:51.029597Z","level":"info","event":"\u001b[0m18:46:51  75 of 91 OK created sql table model training_datasets.obt_delivery_time_prediction  [\u001b[32mSUCCESS 956432\u001b[0m in 1.12s]","logger":"airflow.task.hooks.airflow.providers.standard.hooks.subprocess.SubprocessHook","filename":"subprocess.py","lineno":99}
{"timestamp":"2026-04-25T18:46:51.031547Z","level":"info","event":"\u001b[0m18:46:51  74 of 91 OK created sql table model features.feat_empleados_perfil ............. [\u001b[32mSUCCESS 151\u001b[0m in 1.83s]","logger":"airflow.task.hooks.airflow.providers.standard.hooks.subprocess.SubprocessHook","filename":"subprocess.py","lineno":99}
{"timestamp":"2026-04-25T18:46:51.052143Z","level":"info","event":"\u001b[0m18:46:51  76 of 91 START sql table model training_datasets.obt_employee_absenteeism ...... [RUN]","logger":"airflow.task.hooks.airflow.providers.standard.hooks.subprocess.SubprocessHook","filename":"subprocess.py","lineno":99}
{"timestamp":"2026-04-25T18:46:51.868387Z","level":"info","event":"\u001b[0m18:46:51  71 of 91 OK created sql table model GOLD.fact_ventas_detalle ................... [\u001b[32mSUCCESS 9571310\u001b[0m in 4.17s]","logger":"airflow.task.hooks.airflow.providers.standard.hooks.subprocess.SubprocessHook","filename":"subprocess.py","lineno":99}
{"timestamp":"2026-04-25T18:46:51.880455Z","level":"info","event":"\u001b[0m18:46:51  78 of 91 START sql view model SILVER.int_demanda_operativa ..................... [RUN]","logger":"airflow.task.hooks.airflow.providers.standard.hooks.subprocess.SubprocessHook","filename":"subprocess.py","lineno":99}
{"timestamp":"2026-04-25T18:46:51.884405Z","level":"info","event":"\u001b[0m18:46:51  79 of 91 START sql view model SILVER.int_ventas_precios_diarios ................ [RUN]","logger":"airflow.task.hooks.airflow.providers.standard.hooks.subprocess.SubprocessHook","filename":"subprocess.py","lineno":99}
{"timestamp":"2026-04-25T18:46:51.886970Z","level":"info","event":"\u001b[0m18:46:51  77 of 91 START sql table model features.feat_clientes_comportamiento ........... [RUN]","logger":"airflow.task.hooks.airflow.providers.standard.hooks.subprocess.SubprocessHook","filename":"subprocess.py","lineno":99}
{"timestamp":"2026-04-25T18:46:51.972146Z","level":"info","event":"\u001b[0m18:46:51  76 of 91 OK created sql table model training_datasets.obt_employee_absenteeism . [\u001b[32mSUCCESS 151\u001b[0m in 0.91s]","logger":"airflow.task.hooks.airflow.providers.standard.hooks.subprocess.SubprocessHook","filename":"subprocess.py","lineno":99}
{"timestamp":"2026-04-25T18:46:51.979700Z","level":"info","event":"\u001b[0m18:46:51  80 of 91 START sql table model GOLD.mart_econometria_elasticidad_base .......... [RUN]","logger":"airflow.task.hooks.airflow.providers.standard.hooks.subprocess.SubprocessHook","filename":"subprocess.py","lineno":99}
{"timestamp":"2026-04-25T18:46:52.510934Z","level":"info","event":"\u001b[0m18:46:52  78 of 91 OK created sql view model SILVER.int_demanda_operativa ................ [\u001b[32mSUCCESS 1\u001b[0m in 0.60s]","logger":"airflow.task.hooks.airflow.providers.standard.hooks.subprocess.SubprocessHook","filename":"subprocess.py","lineno":99}
{"timestamp":"2026-04-25T18:46:52.513651Z","level":"info","event":"\u001b[0m18:46:52  79 of 91 OK created sql view model SILVER.int_ventas_precios_diarios ........... [\u001b[32mSUCCESS 1\u001b[0m in 0.61s]","logger":"airflow.task.hooks.airflow.providers.standard.hooks.subprocess.SubprocessHook","filename":"subprocess.py","lineno":99}
{"timestamp":"2026-04-25T18:46:52.527609Z","level":"info","event":"\u001b[0m18:46:52  81 of 91 START sql table model GOLD.mart_sucursales_consolidado ................ [RUN]","logger":"airflow.task.hooks.airflow.providers.standard.hooks.subprocess.SubprocessHook","filename":"subprocess.py","lineno":99}
{"timestamp":"2026-04-25T18:46:52.529860Z","level":"info","event":"\u001b[0m18:46:52  82 of 91 START sql table model features.feat_demanda_operativa ................. [RUN]","logger":"airflow.task.hooks.airflow.providers.standard.hooks.subprocess.SubprocessHook","filename":"subprocess.py","lineno":99}
{"timestamp":"2026-04-25T18:46:54.190353Z","level":"info","event":"\u001b[0m18:46:54  80 of 91 OK created sql table model GOLD.mart_econometria_elasticidad_base ..... [\u001b[32mSUCCESS 276354\u001b[0m in 2.21s]","logger":"airflow.task.hooks.airflow.providers.standard.hooks.subprocess.SubprocessHook","filename":"subprocess.py","lineno":99}
{"timestamp":"2026-04-25T18:46:54.198389Z","level":"info","event":"\u001b[0m18:46:54  83 of 91 START sql table model features.feat_precio_elasticidad ................ [RUN]","logger":"airflow.task.hooks.airflow.providers.standard.hooks.subprocess.SubprocessHook","filename":"subprocess.py","lineno":99}
{"timestamp":"2026-04-25T18:46:54.314468Z","level":"info","event":"\u001b[0m18:46:54  77 of 91 OK created sql table model features.feat_clientes_comportamiento ...... [\u001b[32mSUCCESS 300000\u001b[0m in 2.41s]","logger":"airflow.task.hooks.airflow.providers.standard.hooks.subprocess.SubprocessHook","filename":"subprocess.py","lineno":99}
{"timestamp":"2026-04-25T18:46:54.322809Z","level":"info","event":"\u001b[0m18:46:54  84 of 91 START sql table model training_datasets.obt_price_elasticity .......... [RUN]","logger":"airflow.task.hooks.airflow.providers.standard.hooks.subprocess.SubprocessHook","filename":"subprocess.py","lineno":99}
{"timestamp":"2026-04-25T18:46:54.370698Z","level":"info","event":"\u001b[0m18:46:54  82 of 91 OK created sql table model features.feat_demanda_operativa ............ [\u001b[32mSUCCESS 38241\u001b[0m in 1.83s]","logger":"airflow.task.hooks.airflow.providers.standard.hooks.subprocess.SubprocessHook","filename":"subprocess.py","lineno":99}
{"timestamp":"2026-04-25T18:46:54.391475Z","level":"info","event":"\u001b[0m18:46:54  85 of 91 START sql table model training_datasets.obt_churn_prediction .......... [RUN]","logger":"airflow.task.hooks.airflow.providers.standard.hooks.subprocess.SubprocessHook","filename":"subprocess.py","lineno":99}
{"timestamp":"2026-04-25T18:46:55.442180Z","level":"info","event":"\u001b[0m18:46:55  81 of 91 OK created sql table model GOLD.mart_sucursales_consolidado ........... [\u001b[32mSUCCESS 30706\u001b[0m in 2.00s]","logger":"airflow.task.hooks.airflow.providers.standard.hooks.subprocess.SubprocessHook","filename":"subprocess.py","lineno":99}
{"timestamp":"2026-04-25T18:46:55.448399Z","level":"info","event":"\u001b[0m18:46:55  86 of 91 START sql table model training_datasets.obt_customer_lifetime_value ... [RUN]","logger":"airflow.task.hooks.airflow.providers.standard.hooks.subprocess.SubprocessHook","filename":"subprocess.py","lineno":99}
{"timestamp":"2026-04-25T18:46:55.526678Z","level":"info","event":"\u001b[0m18:46:55  85 of 91 OK created sql table model training_datasets.obt_churn_prediction ..... [\u001b[32mSUCCESS 300000\u001b[0m in 1.13s]","logger":"airflow.task.hooks.airflow.providers.standard.hooks.subprocess.SubprocessHook","filename":"subprocess.py","lineno":99}
{"timestamp":"2026-04-25T18:46:55.533361Z","level":"info","event":"\u001b[0m18:46:55  87 of 91 START sql table model training_datasets.obt_customer_segmentation ..... [RUN]","logger":"airflow.task.hooks.airflow.providers.standard.hooks.subprocess.SubprocessHook","filename":"subprocess.py","lineno":99}
{"timestamp":"2026-04-25T18:46:55.621224Z","level":"info","event":"\u001b[0m18:46:55  84 of 91 OK created sql table model training_datasets.obt_price_elasticity ..... [\u001b[32mSUCCESS 38241\u001b[0m in 1.29s]","logger":"airflow.task.hooks.airflow.providers.standard.hooks.subprocess.SubprocessHook","filename":"subprocess.py","lineno":99}
{"timestamp":"2026-04-25T18:46:55.626058Z","level":"info","event":"\u001b[0m18:46:55  88 of 91 START sql table model training_datasets.obt_operational_demand ........ [RUN]","logger":"airflow.task.hooks.airflow.providers.standard.hooks.subprocess.SubprocessHook","filename":"subprocess.py","lineno":99}
{"timestamp":"2026-04-25T18:46:55.785499Z","level":"info","event":"\u001b[0m18:46:55  83 of 91 OK created sql table model features.feat_precio_elasticidad ........... [\u001b[32mSUCCESS 9\u001b[0m in 1.58s]","logger":"airflow.task.hooks.airflow.providers.standard.hooks.subprocess.SubprocessHook","filename":"subprocess.py","lineno":99}
{"timestamp":"2026-04-25T18:46:55.791806Z","level":"info","event":"\u001b[0m18:46:55  89 of 91 START sql table model GOLD.mart_rentabilidad_diagnostica .............. [RUN]","logger":"airflow.task.hooks.airflow.providers.standard.hooks.subprocess.SubprocessHook","filename":"subprocess.py","lineno":99}
{"timestamp":"2026-04-25T18:46:56.365825Z","level":"info","event":"\u001b[0m18:46:56  86 of 91 OK created sql table model training_datasets.obt_customer_lifetime_value  [\u001b[32mSUCCESS 300000\u001b[0m in 0.91s]","logger":"airflow.task.hooks.airflow.providers.standard.hooks.subprocess.SubprocessHook","filename":"subprocess.py","lineno":99}
{"timestamp":"2026-04-25T18:46:56.464522Z","level":"info","event":"\u001b[0m18:46:56  87 of 91 OK created sql table model training_datasets.obt_customer_segmentation  [\u001b[32mSUCCESS 300000\u001b[0m in 0.93s]","logger":"airflow.task.hooks.airflow.providers.standard.hooks.subprocess.SubprocessHook","filename":"subprocess.py","lineno":99}
{"timestamp":"2026-04-25T18:46:56.643717Z","level":"info","event":"\u001b[0m18:46:56  88 of 91 OK created sql table model training_datasets.obt_operational_demand ... [\u001b[32mSUCCESS 38241\u001b[0m in 1.01s]","logger":"airflow.task.hooks.airflow.providers.standard.hooks.subprocess.SubprocessHook","filename":"subprocess.py","lineno":99}
{"timestamp":"2026-04-25T18:46:57.262439Z","level":"info","event":"\u001b[0m18:46:57  89 of 91 OK created sql table model GOLD.mart_rentabilidad_diagnostica ......... [\u001b[32mSUCCESS 30706\u001b[0m in 1.47s]","logger":"airflow.task.hooks.airflow.providers.standard.hooks.subprocess.SubprocessHook","filename":"subprocess.py","lineno":99}
{"timestamp":"2026-04-25T18:46:57.277200Z","level":"info","event":"\u001b[0m18:46:57  90 of 91 START sql table model GOLD.mart_ventas_historicas ..................... [RUN]","logger":"airflow.task.hooks.airflow.providers.standard.hooks.subprocess.SubprocessHook","filename":"subprocess.py","lineno":99}
{"timestamp":"2026-04-25T18:46:58.322630Z","level":"info","event":"\u001b[0m18:46:58  90 of 91 OK created sql table model GOLD.mart_ventas_historicas ................ [\u001b[32mSUCCESS 30706\u001b[0m in 1.04s]","logger":"airflow.task.hooks.airflow.providers.standard.hooks.subprocess.SubprocessHook","filename":"subprocess.py","lineno":99}
{"timestamp":"2026-04-25T18:46:58.327295Z","level":"info","event":"\u001b[0m18:46:58  91 of 91 START sql table model GOLD.mart_econometria_eficiencia_operativa ...... [RUN]","logger":"airflow.task.hooks.airflow.providers.standard.hooks.subprocess.SubprocessHook","filename":"subprocess.py","lineno":99}
{"timestamp":"2026-04-25T18:47:00.039365Z","level":"info","event":"\u001b[0m18:47:00  91 of 91 OK created sql table model GOLD.mart_econometria_eficiencia_operativa . [\u001b[32mSUCCESS 1013\u001b[0m in 1.71s]","logger":"airflow.task.hooks.airflow.providers.standard.hooks.subprocess.SubprocessHook","filename":"subprocess.py","lineno":99}
{"timestamp":"2026-04-25T18:47:01.866592Z","level":"info","event":"\u001b[0m18:47:01","logger":"airflow.task.hooks.airflow.providers.standard.hooks.subprocess.SubprocessHook","filename":"subprocess.py","lineno":99}
{"timestamp":"2026-04-25T18:47:01.871291Z","level":"info","event":"\u001b[0m18:47:01  Finished running 48 table models, 43 view models in 0 hours 0 minutes and 53.09 seconds (53.09s).","logger":"airflow.task.hooks.airflow.providers.standard.hooks.subprocess.SubprocessHook","filename":"subprocess.py","lineno":99}
{"timestamp":"2026-04-25T18:47:02.761235Z","level":"info","event":"\u001b[0m18:47:02","logger":"airflow.task.hooks.airflow.providers.standard.hooks.subprocess.SubprocessHook","filename":"subprocess.py","lineno":99}
{"timestamp":"2026-04-25T18:47:02.769226Z","level":"info","event":"\u001b[0m18:47:02  \u001b[32mCompleted successfully\u001b[0m","logger":"airflow.task.hooks.airflow.providers.standard.hooks.subprocess.SubprocessHook","filename":"subprocess.py","lineno":99}
{"timestamp":"2026-04-25T18:47:02.771462Z","level":"info","event":"\u001b[0m18:47:02","logger":"airflow.task.hooks.airflow.providers.standard.hooks.subprocess.SubprocessHook","filename":"subprocess.py","lineno":99}
{"timestamp":"2026-04-25T18:47:02.772505Z","level":"info","event":"\u001b[0m18:47:02  Done. PASS=91 WARN=0 ERROR=0 SKIP=0 NO-OP=0 TOTAL=91","logger":"airflow.task.hooks.airflow.providers.standard.hooks.subprocess.SubprocessHook","filename":"subprocess.py","lineno":99}
{"timestamp":"2026-04-25T18:47:06.350598Z","level":"info","event":"Command exited with return code 0","logger":"airflow.task.hooks.airflow.providers.standard.hooks.subprocess.SubprocessHook","filename":"subprocess.py","lineno":103}
{"timestamp":"2026-04-25T18:47:06.559719Z","level":"info","event":"Pushing xcom","ti":"RuntimeTaskInstance(id=UUID('019dc5f0-93e5-760a-8812-fc027f65821f'), task_id='dbt_run', dag_id='hgc_transformaciones_dbt', run_id='manual__2026-04-25T18:39:08.194060+00:00', try_number=2, dag_version_id=UUID('019dc5f4-a1cf-70e5-b9f9-2952b3e9414a'), map_index=-1, hostname='5f1cc9e47a17', context_carrier={'traceparent': '00-6db46552532357b76740f06f94fdc655-794007193ae218dc-01'}, task=<Task(BashOperator): dbt_run>, bundle_instance=LocalDagBundle(name=dags-folder), max_tries=1, start_date=datetime.datetime(2026, 4, 25, 18, 44, 35, 306289, tzinfo=datetime.timezone.utc), end_date=None, state=<TaskInstanceState.RUNNING: 'running'>, is_mapped=False, rendered_map_index=None, sentry_integration='')","logger":"task","filename":"task_runner.py","lineno":1724}
{"timestamp":"2026-04-25T18:47:08.273089Z","level":"info","event":"Task instance in success state","logger":"task.stdout"}
{"timestamp":"2026-04-25T18:47:08.274206Z","level":"info","event":" Previous state of the Task instance: TaskInstanceState.RUNNING","logger":"task.stdout"}
{"timestamp":"2026-04-25T18:47:08.303480Z","level":"info","event":"Task operator:<Task(BashOperator): dbt_run>","logger":"task.stdout"}
