{"timestamp":"2026-05-07T15:06:40.399844Z","level":"info","event":"DAG bundles loaded: dags-folder, example_dags","logger":"airflow.dag_processing.bundles.manager.DagBundlesManager","filename":"manager.py","lineno":209}
{"timestamp":"2026-05-07T15:06:40.642248Z","level":"info","event":"Filling up the DagBag from /opt/airflow/dags/dbt_pipeline.py","logger":"airflow.dag_processing.dagbag.BundleDagBag","filename":"dagbag.py","lineno":469}
{"timestamp":"2026-05-07T15:06:41.356354Z","level":"warning","event":"The `airflow.operators.bash.BashOperator` attribute is deprecated. Please use `'airflow.providers.standard.operators.bash.BashOperator'`.","category":"UserWarning","filename":"/opt/airflow/dags/dbt_pipeline.py","lineno":2,"logger":"py.warnings"}
{"timestamp":"2026-05-07T15:06:43.179549Z","level":"info","event":"Task instance is in running state","logger":"task.stdout"}
{"timestamp":"2026-05-07T15:06:43.181250Z","level":"info","event":" Previous state of the Task instance: TaskInstanceState.QUEUED","logger":"task.stdout"}
{"timestamp":"2026-05-07T15:06:43.182216Z","level":"info","event":"Current task name:dbt_run","logger":"task.stdout"}
{"timestamp":"2026-05-07T15:06:43.183300Z","level":"info","event":"Dag name:hgc_transformaciones_dbt","logger":"task.stdout"}
{"timestamp":"2026-05-07T15:06:43.192900Z","level":"info","event":"Tmp dir root location: /tmp","logger":"airflow.task.hooks.airflow.providers.standard.hooks.subprocess.SubprocessHook","filename":"subprocess.py","lineno":78}
{"timestamp":"2026-05-07T15:06:43.265689Z","level":"info","event":"Running command: ['/usr/bin/bash', '-c', \"cd '/opt/airflow/dbt' && dbt clean && dbt deps && dbt run --profiles-dir .\"]","logger":"airflow.task.hooks.airflow.providers.standard.hooks.subprocess.SubprocessHook","filename":"subprocess.py","lineno":80}
{"timestamp":"2026-05-07T15:06:43.302847Z","level":"info","event":"Output:","logger":"airflow.task.hooks.airflow.providers.standard.hooks.subprocess.SubprocessHook","filename":"subprocess.py","lineno":92}
{"timestamp":"2026-05-07T15:07:24.499395Z","level":"info","event":"\u001b[0m15:07:24  Running with dbt=1.11.8","logger":"airflow.task.hooks.airflow.providers.standard.hooks.subprocess.SubprocessHook","filename":"subprocess.py","lineno":99}
{"timestamp":"2026-05-07T15:07:25.616157Z","level":"info","event":"\u001b[0m15:07:25  Checking /opt/airflow/dbt/target/*","logger":"airflow.task.hooks.airflow.providers.standard.hooks.subprocess.SubprocessHook","filename":"subprocess.py","lineno":99}
{"timestamp":"2026-05-07T15:07:27.193012Z","level":"info","event":"\u001b[0m15:07:27  Cleaned /opt/airflow/dbt/target/*","logger":"airflow.task.hooks.airflow.providers.standard.hooks.subprocess.SubprocessHook","filename":"subprocess.py","lineno":99}
{"timestamp":"2026-05-07T15:07:27.194057Z","level":"info","event":"\u001b[0m15:07:27  Checking /opt/airflow/dbt/dbt_packages/*","logger":"airflow.task.hooks.airflow.providers.standard.hooks.subprocess.SubprocessHook","filename":"subprocess.py","lineno":99}
{"timestamp":"2026-05-07T15:07:29.225732Z","level":"info","event":"\u001b[0m15:07:29  Cleaned /opt/airflow/dbt/dbt_packages/*","logger":"airflow.task.hooks.airflow.providers.standard.hooks.subprocess.SubprocessHook","filename":"subprocess.py","lineno":99}
{"timestamp":"2026-05-07T15:07:29.229735Z","level":"info","event":"\u001b[0m15:07:29  Finished cleaning all paths.","logger":"airflow.task.hooks.airflow.providers.standard.hooks.subprocess.SubprocessHook","filename":"subprocess.py","lineno":99}
{"timestamp":"2026-05-07T15:07:39.914680Z","level":"info","event":"\u001b[0m15:07:39  Running with dbt=1.11.8","logger":"airflow.task.hooks.airflow.providers.standard.hooks.subprocess.SubprocessHook","filename":"subprocess.py","lineno":99}
{"timestamp":"2026-05-07T15:07:42.522627Z","level":"info","event":"\u001b[0m15:07:42  Installing dbt-labs/dbt_utils","logger":"airflow.task.hooks.airflow.providers.standard.hooks.subprocess.SubprocessHook","filename":"subprocess.py","lineno":99}
{"timestamp":"2026-05-07T15:08:03.164500Z","level":"info","event":"\u001b[0m15:08:03  Installed from version 1.1.0","logger":"airflow.task.hooks.airflow.providers.standard.hooks.subprocess.SubprocessHook","filename":"subprocess.py","lineno":99}
{"timestamp":"2026-05-07T15:08:03.168430Z","level":"info","event":"\u001b[0m15:08:03  Updated version available: 1.3.3","logger":"airflow.task.hooks.airflow.providers.standard.hooks.subprocess.SubprocessHook","filename":"subprocess.py","lineno":99}
{"timestamp":"2026-05-07T15:08:03.173874Z","level":"info","event":"\u001b[0m15:08:03","logger":"airflow.task.hooks.airflow.providers.standard.hooks.subprocess.SubprocessHook","filename":"subprocess.py","lineno":99}
{"timestamp":"2026-05-07T15:08:03.180761Z","level":"info","event":"\u001b[0m15:08:03  Updates available for packages: ['dbt-labs/dbt_utils']","logger":"airflow.task.hooks.airflow.providers.standard.hooks.subprocess.SubprocessHook","filename":"subprocess.py","lineno":99}
{"timestamp":"2026-05-07T15:08:03.181011Z","level":"info","event":"Update your versions in packages.yml, then run dbt deps","logger":"airflow.task.hooks.airflow.providers.standard.hooks.subprocess.SubprocessHook","filename":"subprocess.py","lineno":99}
{"timestamp":"2026-05-07T15:08:12.048240Z","level":"info","event":"\u001b[0m15:08:12  Running with dbt=1.11.8","logger":"airflow.task.hooks.airflow.providers.standard.hooks.subprocess.SubprocessHook","filename":"subprocess.py","lineno":99}
{"timestamp":"2026-05-07T15:08:17.749100Z","level":"info","event":"/home/airflow/.local/lib/python3.13/site-packages/snowflake/connector/vendored/requests/__init__.py:113: RequestsDependencyWarning: urllib3 (2.6.3) or chardet (6.0.0.post1)/charset_normalizer (3.4.7) doesn't match a supported version!","logger":"airflow.task.hooks.airflow.providers.standard.hooks.subprocess.SubprocessHook","filename":"subprocess.py","lineno":99}
{"timestamp":"2026-05-07T15:08:17.754423Z","level":"info","event":"  warnings.warn(","logger":"airflow.task.hooks.airflow.providers.standard.hooks.subprocess.SubprocessHook","filename":"subprocess.py","lineno":99}
{"timestamp":"2026-05-07T15:08:19.843720Z","level":"info","event":"\u001b[0m15:08:19  Registered adapter: snowflake=1.11.4","logger":"airflow.task.hooks.airflow.providers.standard.hooks.subprocess.SubprocessHook","filename":"subprocess.py","lineno":99}
{"timestamp":"2026-05-07T15:08:20.386588Z","level":"info","event":"\u001b[0m15:08:20  Unable to do partial parsing because saved manifest not found. Starting full parse.","logger":"airflow.task.hooks.airflow.providers.standard.hooks.subprocess.SubprocessHook","filename":"subprocess.py","lineno":99}
{"timestamp":"2026-05-07T15:08:36.667707Z","level":"info","event":"\u001b[0m15:08:36  Found 91 models, 5 snapshots, 36 sources, 638 macros","logger":"airflow.task.hooks.airflow.providers.standard.hooks.subprocess.SubprocessHook","filename":"subprocess.py","lineno":99}
{"timestamp":"2026-05-07T15:08:36.692388Z","level":"info","event":"\u001b[0m15:08:36","logger":"airflow.task.hooks.airflow.providers.standard.hooks.subprocess.SubprocessHook","filename":"subprocess.py","lineno":99}
{"timestamp":"2026-05-07T15:08:36.694350Z","level":"info","event":"\u001b[0m15:08:36  Concurrency: 4 threads (target='dev')","logger":"airflow.task.hooks.airflow.providers.standard.hooks.subprocess.SubprocessHook","filename":"subprocess.py","lineno":99}
{"timestamp":"2026-05-07T15:08:36.696279Z","level":"info","event":"\u001b[0m15:08:36","logger":"airflow.task.hooks.airflow.providers.standard.hooks.subprocess.SubprocessHook","filename":"subprocess.py","lineno":99}
{"timestamp":"2026-05-07T15:08:50.289770Z","level":"info","event":"\u001b[0m15:08:50  3 of 91 START sql view model SILVER.stg_csv__sucursales ........................ [RUN]","logger":"airflow.task.hooks.airflow.providers.standard.hooks.subprocess.SubprocessHook","filename":"subprocess.py","lineno":99}
{"timestamp":"2026-05-07T15:08:50.294008Z","level":"info","event":"\u001b[0m15:08:50  4 of 91 START sql view model SILVER.stg_mariadb__costos_operativos ............. [RUN]","logger":"airflow.task.hooks.airflow.providers.standard.hooks.subprocess.SubprocessHook","filename":"subprocess.py","lineno":99}
{"timestamp":"2026-05-07T15:08:50.298525Z","level":"info","event":"\u001b[0m15:08:50  1 of 91 START sql table model GOLD.dim_hora .................................... [RUN]","logger":"airflow.task.hooks.airflow.providers.standard.hooks.subprocess.SubprocessHook","filename":"subprocess.py","lineno":99}
{"timestamp":"2026-05-07T15:08:50.301926Z","level":"info","event":"\u001b[0m15:08:50  2 of 91 START sql view model SILVER.stg_csv__calendario ........................ [RUN]","logger":"airflow.task.hooks.airflow.providers.standard.hooks.subprocess.SubprocessHook","filename":"subprocess.py","lineno":99}
{"timestamp":"2026-05-07T15:08:53.545797Z","level":"info","event":"\u001b[0m15:08:53  2 of 91 OK created sql view model SILVER.stg_csv__calendario ................... [\u001b[32mSUCCESS 1\u001b[0m in 2.02s]","logger":"airflow.task.hooks.airflow.providers.standard.hooks.subprocess.SubprocessHook","filename":"subprocess.py","lineno":99}
{"timestamp":"2026-05-07T15:08:53.561561Z","level":"info","event":"\u001b[0m15:08:53  4 of 91 OK created sql view model SILVER.stg_mariadb__costos_operativos ........ [\u001b[32mSUCCESS 1\u001b[0m in 2.04s]","logger":"airflow.task.hooks.airflow.providers.standard.hooks.subprocess.SubprocessHook","filename":"subprocess.py","lineno":99}
{"timestamp":"2026-05-07T15:08:53.561683Z","level":"info","event":"\u001b[0m15:08:53  3 of 91 OK created sql view model SILVER.stg_csv__sucursales ................... [\u001b[32mSUCCESS 1\u001b[0m in 2.06s]","logger":"airflow.task.hooks.airflow.providers.standard.hooks.subprocess.SubprocessHook","filename":"subprocess.py","lineno":99}
{"timestamp":"2026-05-07T15:08:53.561772Z","level":"info","event":"\u001b[0m15:08:53  1 of 91 OK created sql table model GOLD.dim_hora ............................... [\u001b[32mSUCCESS 1440\u001b[0m in 2.64s]","logger":"airflow.task.hooks.airflow.providers.standard.hooks.subprocess.SubprocessHook","filename":"subprocess.py","lineno":99}
{"timestamp":"2026-05-07T15:08:53.569156Z","level":"info","event":"\u001b[0m15:08:53  5 of 91 START sql view model SILVER.stg_mariadb__facturas ...................... [RUN]","logger":"airflow.task.hooks.airflow.providers.standard.hooks.subprocess.SubprocessHook","filename":"subprocess.py","lineno":99}
{"timestamp":"2026-05-07T15:08:53.591141Z","level":"info","event":"\u001b[0m15:08:53  6 of 91 START sql view model SILVER.stg_mariadb__metodos_pago .................. [RUN]","logger":"airflow.task.hooks.airflow.providers.standard.hooks.subprocess.SubprocessHook","filename":"subprocess.py","lineno":99}
{"timestamp":"2026-05-07T15:08:53.600489Z","level":"info","event":"\u001b[0m15:08:53  7 of 91 START sql view model SILVER.stg_mariadb__transacciones_pago ............ [RUN]","logger":"airflow.task.hooks.airflow.providers.standard.hooks.subprocess.SubprocessHook","filename":"subprocess.py","lineno":99}
{"timestamp":"2026-05-07T15:08:53.616952Z","level":"info","event":"\u001b[0m15:08:53  8 of 91 START sql view model SILVER.stg_mongodb__campanas ...................... [RUN]","logger":"airflow.task.hooks.airflow.providers.standard.hooks.subprocess.SubprocessHook","filename":"subprocess.py","lineno":99}
{"timestamp":"2026-05-07T15:08:54.255399Z","level":"info","event":"\u001b[0m15:08:54  8 of 91 OK created sql view model SILVER.stg_mongodb__campanas ................. [\u001b[32mSUCCESS 1\u001b[0m in 0.67s]","logger":"airflow.task.hooks.airflow.providers.standard.hooks.subprocess.SubprocessHook","filename":"subprocess.py","lineno":99}
{"timestamp":"2026-05-07T15:08:54.278844Z","level":"info","event":"\u001b[0m15:08:54  9 of 91 START sql view model SILVER.stg_mongodb__clientes ...................... [RUN]","logger":"airflow.task.hooks.airflow.providers.standard.hooks.subprocess.SubprocessHook","filename":"subprocess.py","lineno":99}
{"timestamp":"2026-05-07T15:08:54.284949Z","level":"info","event":"\u001b[0m15:08:54  7 of 91 OK created sql view model SILVER.stg_mariadb__transacciones_pago ....... [\u001b[32mSUCCESS 1\u001b[0m in 0.70s]","logger":"airflow.task.hooks.airflow.providers.standard.hooks.subprocess.SubprocessHook","filename":"subprocess.py","lineno":99}
{"timestamp":"2026-05-07T15:08:54.301014Z","level":"info","event":"\u001b[0m15:08:54  5 of 91 OK created sql view model SILVER.stg_mariadb__facturas ................. [\u001b[32mSUCCESS 1\u001b[0m in 0.72s]","logger":"airflow.task.hooks.airflow.providers.standard.hooks.subprocess.SubprocessHook","filename":"subprocess.py","lineno":99}
{"timestamp":"2026-05-07T15:08:54.316959Z","level":"info","event":"\u001b[0m15:08:54  10 of 91 START sql view model SILVER.stg_mongodb__cupones ...................... [RUN]","logger":"airflow.task.hooks.airflow.providers.standard.hooks.subprocess.SubprocessHook","filename":"subprocess.py","lineno":99}
{"timestamp":"2026-05-07T15:08:54.325211Z","level":"info","event":"\u001b[0m15:08:54  11 of 91 START sql view model SILVER.stg_mongodb__cupones_redimidos ............ [RUN]","logger":"airflow.task.hooks.airflow.providers.standard.hooks.subprocess.SubprocessHook","filename":"subprocess.py","lineno":99}
{"timestamp":"2026-05-07T15:08:54.409082Z","level":"info","event":"\u001b[0m15:08:54  6 of 91 OK created sql view model SILVER.stg_mariadb__metodos_pago ............. [\u001b[32mSUCCESS 1\u001b[0m in 0.82s]","logger":"airflow.task.hooks.airflow.providers.standard.hooks.subprocess.SubprocessHook","filename":"subprocess.py","lineno":99}
{"timestamp":"2026-05-07T15:08:54.438514Z","level":"info","event":"\u001b[0m15:08:54  12 of 91 START sql view model SILVER.stg_mongodb__programa_lealtad ............. [RUN]","logger":"airflow.task.hooks.airflow.providers.standard.hooks.subprocess.SubprocessHook","filename":"subprocess.py","lineno":99}
{"timestamp":"2026-05-07T15:08:54.919731Z","level":"info","event":"\u001b[0m15:08:54  10 of 91 OK created sql view model SILVER.stg_mongodb__cupones ................. [\u001b[32mSUCCESS 1\u001b[0m in 0.58s]","logger":"airflow.task.hooks.airflow.providers.standard.hooks.subprocess.SubprocessHook","filename":"subprocess.py","lineno":99}
{"timestamp":"2026-05-07T15:08:54.944032Z","level":"info","event":"\u001b[0m15:08:54  9 of 91 OK created sql view model SILVER.stg_mongodb__clientes ................. [\u001b[32mSUCCESS 1\u001b[0m in 0.65s]","logger":"airflow.task.hooks.airflow.providers.standard.hooks.subprocess.SubprocessHook","filename":"subprocess.py","lineno":99}
{"timestamp":"2026-05-07T15:08:54.950163Z","level":"info","event":"\u001b[0m15:08:54  11 of 91 OK created sql view model SILVER.stg_mongodb__cupones_redimidos ....... [\u001b[32mSUCCESS 1\u001b[0m in 0.61s]","logger":"airflow.task.hooks.airflow.providers.standard.hooks.subprocess.SubprocessHook","filename":"subprocess.py","lineno":99}
{"timestamp":"2026-05-07T15:08:54.955053Z","level":"info","event":"\u001b[0m15:08:54  13 of 91 START sql view model SILVER.stg_mysql__almacenes ...................... [RUN]","logger":"airflow.task.hooks.airflow.providers.standard.hooks.subprocess.SubprocessHook","filename":"subprocess.py","lineno":99}
{"timestamp":"2026-05-07T15:08:54.966913Z","level":"info","event":"\u001b[0m15:08:54  14 of 91 START sql view model SILVER.stg_mysql__detalle_oc ..................... [RUN]","logger":"airflow.task.hooks.airflow.providers.standard.hooks.subprocess.SubprocessHook","filename":"subprocess.py","lineno":99}
{"timestamp":"2026-05-07T15:08:54.971382Z","level":"info","event":"\u001b[0m15:08:54  15 of 91 START sql view model SILVER.stg_mysql__insumos ........................ [RUN]","logger":"airflow.task.hooks.airflow.providers.standard.hooks.subprocess.SubprocessHook","filename":"subprocess.py","lineno":99}
{"timestamp":"2026-05-07T15:08:55.025471Z","level":"info","event":"\u001b[0m15:08:55  12 of 91 OK created sql view model SILVER.stg_mongodb__programa_lealtad ........ [\u001b[32mSUCCESS 1\u001b[0m in 0.57s]","logger":"airflow.task.hooks.airflow.providers.standard.hooks.subprocess.SubprocessHook","filename":"subprocess.py","lineno":99}
{"timestamp":"2026-05-07T15:08:55.035062Z","level":"info","event":"\u001b[0m15:08:55  16 of 91 START sql view model SILVER.stg_mysql__movimientos_inventario ......... [RUN]","logger":"airflow.task.hooks.airflow.providers.standard.hooks.subprocess.SubprocessHook","filename":"subprocess.py","lineno":99}
{"timestamp":"2026-05-07T15:08:55.515385Z","level":"info","event":"\u001b[0m15:08:55  16 of 91 OK created sql view model SILVER.stg_mysql__movimientos_inventario .... [\u001b[32mSUCCESS 1\u001b[0m in 0.48s]","logger":"airflow.task.hooks.airflow.providers.standard.hooks.subprocess.SubprocessHook","filename":"subprocess.py","lineno":99}
{"timestamp":"2026-05-07T15:08:55.519698Z","level":"info","event":"\u001b[0m15:08:55  17 of 91 START sql view model SILVER.stg_mysql__ordenes_compra ................. [RUN]","logger":"airflow.task.hooks.airflow.providers.standard.hooks.subprocess.SubprocessHook","filename":"subprocess.py","lineno":99}
{"timestamp":"2026-05-07T15:08:55.584503Z","level":"info","event":"\u001b[0m15:08:55  13 of 91 OK created sql view model SILVER.stg_mysql__almacenes ................. [\u001b[32mSUCCESS 1\u001b[0m in 0.62s]","logger":"airflow.task.hooks.airflow.providers.standard.hooks.subprocess.SubprocessHook","filename":"subprocess.py","lineno":99}
{"timestamp":"2026-05-07T15:08:55.606868Z","level":"info","event":"\u001b[0m15:08:55  18 of 91 START sql view model SILVER.stg_mysql__proveedores .................... [RUN]","logger":"airflow.task.hooks.airflow.providers.standard.hooks.subprocess.SubprocessHook","filename":"subprocess.py","lineno":99}
{"timestamp":"2026-05-07T15:08:55.626077Z","level":"info","event":"\u001b[0m15:08:55  15 of 91 OK created sql view model SILVER.stg_mysql__insumos ................... [\u001b[32mSUCCESS 1\u001b[0m in 0.64s]","logger":"airflow.task.hooks.airflow.providers.standard.hooks.subprocess.SubprocessHook","filename":"subprocess.py","lineno":99}
{"timestamp":"2026-05-07T15:08:55.633355Z","level":"info","event":"\u001b[0m15:08:55  14 of 91 OK created sql view model SILVER.stg_mysql__detalle_oc ................ [\u001b[32mSUCCESS 1\u001b[0m in 0.65s]","logger":"airflow.task.hooks.airflow.providers.standard.hooks.subprocess.SubprocessHook","filename":"subprocess.py","lineno":99}
{"timestamp":"2026-05-07T15:08:55.641201Z","level":"info","event":"\u001b[0m15:08:55  19 of 91 START sql view model SILVER.stg_mysql__recetas_bom .................... [RUN]","logger":"airflow.task.hooks.airflow.providers.standard.hooks.subprocess.SubprocessHook","filename":"subprocess.py","lineno":99}
{"timestamp":"2026-05-07T15:08:55.642658Z","level":"info","event":"\u001b[0m15:08:55  20 of 91 START sql view model SILVER.stg_mysql__stock .......................... [RUN]","logger":"airflow.task.hooks.airflow.providers.standard.hooks.subprocess.SubprocessHook","filename":"subprocess.py","lineno":99}
{"timestamp":"2026-05-07T15:08:55.903680Z","level":"info","event":"\u001b[0m15:08:55  17 of 91 OK created sql view model SILVER.stg_mysql__ordenes_compra ............ [\u001b[32mSUCCESS 1\u001b[0m in 0.38s]","logger":"airflow.task.hooks.airflow.providers.standard.hooks.subprocess.SubprocessHook","filename":"subprocess.py","lineno":99}
{"timestamp":"2026-05-07T15:08:55.909680Z","level":"info","event":"\u001b[0m15:08:55  21 of 91 START sql view model SILVER.stg_postgres__canales_venta ............... [RUN]","logger":"airflow.task.hooks.airflow.providers.standard.hooks.subprocess.SubprocessHook","filename":"subprocess.py","lineno":99}
{"timestamp":"2026-05-07T15:08:56.112775Z","level":"info","event":"\u001b[0m15:08:56  18 of 91 OK created sql view model SILVER.stg_mysql__proveedores ............... [\u001b[32mSUCCESS 1\u001b[0m in 0.52s]","logger":"airflow.task.hooks.airflow.providers.standard.hooks.subprocess.SubprocessHook","filename":"subprocess.py","lineno":99}
{"timestamp":"2026-05-07T15:08:56.117896Z","level":"info","event":"\u001b[0m15:08:56  22 of 91 START sql view model SILVER.stg_postgres__categorias_producto ......... [RUN]","logger":"airflow.task.hooks.airflow.providers.standard.hooks.subprocess.SubprocessHook","filename":"subprocess.py","lineno":99}
{"timestamp":"2026-05-07T15:08:56.173815Z","level":"info","event":"\u001b[0m15:08:56  19 of 91 OK created sql view model SILVER.stg_mysql__recetas_bom ............... [\u001b[32mSUCCESS 1\u001b[0m in 0.52s]","logger":"airflow.task.hooks.airflow.providers.standard.hooks.subprocess.SubprocessHook","filename":"subprocess.py","lineno":99}
{"timestamp":"2026-05-07T15:08:56.176969Z","level":"info","event":"\u001b[0m15:08:56  20 of 91 OK created sql view model SILVER.stg_mysql__stock ..................... [\u001b[32mSUCCESS 1\u001b[0m in 0.53s]","logger":"airflow.task.hooks.airflow.providers.standard.hooks.subprocess.SubprocessHook","filename":"subprocess.py","lineno":99}
{"timestamp":"2026-05-07T15:08:56.187713Z","level":"info","event":"\u001b[0m15:08:56  23 of 91 START sql view model SILVER.stg_postgres__combo_detalle ............... [RUN]","logger":"airflow.task.hooks.airflow.providers.standard.hooks.subprocess.SubprocessHook","filename":"subprocess.py","lineno":99}
{"timestamp":"2026-05-07T15:08:56.189562Z","level":"info","event":"\u001b[0m15:08:56  24 of 91 START sql view model SILVER.stg_postgres__delivery_orden .............. [RUN]","logger":"airflow.task.hooks.airflow.providers.standard.hooks.subprocess.SubprocessHook","filename":"subprocess.py","lineno":99}
{"timestamp":"2026-05-07T15:08:56.454958Z","level":"info","event":"\u001b[0m15:08:56  21 of 91 OK created sql view model SILVER.stg_postgres__canales_venta .......... [\u001b[32mSUCCESS 1\u001b[0m in 0.54s]","logger":"airflow.task.hooks.airflow.providers.standard.hooks.subprocess.SubprocessHook","filename":"subprocess.py","lineno":99}
{"timestamp":"2026-05-07T15:08:56.459766Z","level":"info","event":"\u001b[0m15:08:56  25 of 91 START sql view model SILVER.stg_postgres__detalle_pedido .............. [RUN]","logger":"airflow.task.hooks.airflow.providers.standard.hooks.subprocess.SubprocessHook","filename":"subprocess.py","lineno":99}
{"timestamp":"2026-05-07T15:08:58.414242Z","level":"info","event":"\u001b[0m15:08:58  24 of 91 OK created sql view model SILVER.stg_postgres__delivery_orden ......... [\u001b[32mSUCCESS 1\u001b[0m in 0.94s]","logger":"airflow.task.hooks.airflow.providers.standard.hooks.subprocess.SubprocessHook","filename":"subprocess.py","lineno":99}
{"timestamp":"2026-05-07T15:08:58.418231Z","level":"info","event":"\u001b[0m15:08:58  22 of 91 OK created sql view model SILVER.stg_postgres__categorias_producto .... [\u001b[32mSUCCESS 1\u001b[0m in 1.08s]","logger":"airflow.task.hooks.airflow.providers.standard.hooks.subprocess.SubprocessHook","filename":"subprocess.py","lineno":99}
{"timestamp":"2026-05-07T15:08:58.425912Z","level":"info","event":"\u001b[0m15:08:58  25 of 91 OK created sql view model SILVER.stg_postgres__detalle_pedido ......... [\u001b[32mSUCCESS 1\u001b[0m in 0.83s]","logger":"airflow.task.hooks.airflow.providers.standard.hooks.subprocess.SubprocessHook","filename":"subprocess.py","lineno":99}
{"timestamp":"2026-05-07T15:08:58.428997Z","level":"info","event":"\u001b[0m15:08:58  23 of 91 OK created sql view model SILVER.stg_postgres__combo_detalle .......... [\u001b[32mSUCCESS 1\u001b[0m in 0.91s]","logger":"airflow.task.hooks.airflow.providers.standard.hooks.subprocess.SubprocessHook","filename":"subprocess.py","lineno":99}
{"timestamp":"2026-05-07T15:08:58.451051Z","level":"info","event":"\u001b[0m15:08:58  26 of 91 START sql view model SILVER.stg_postgres__estados_pedido .............. [RUN]","logger":"airflow.task.hooks.airflow.providers.standard.hooks.subprocess.SubprocessHook","filename":"subprocess.py","lineno":99}
{"timestamp":"2026-05-07T15:08:58.456964Z","level":"info","event":"\u001b[0m15:08:58  27 of 91 START sql view model SILVER.stg_postgres__pedido_cupon ................ [RUN]","logger":"airflow.task.hooks.airflow.providers.standard.hooks.subprocess.SubprocessHook","filename":"subprocess.py","lineno":99}
{"timestamp":"2026-05-07T15:08:58.461836Z","level":"info","event":"\u001b[0m15:08:58  28 of 91 START sql view model SILVER.stg_postgres__pedidos ..................... [RUN]","logger":"airflow.task.hooks.airflow.providers.standard.hooks.subprocess.SubprocessHook","filename":"subprocess.py","lineno":99}
{"timestamp":"2026-05-07T15:08:58.464044Z","level":"info","event":"\u001b[0m15:08:58  29 of 91 START sql view model SILVER.stg_postgres__plataformas_delivery ........ [RUN]","logger":"airflow.task.hooks.airflow.providers.standard.hooks.subprocess.SubprocessHook","filename":"subprocess.py","lineno":99}
{"timestamp":"2026-05-07T15:08:59.042899Z","level":"info","event":"\u001b[0m15:08:59  26 of 91 OK created sql view model SILVER.stg_postgres__estados_pedido ......... [\u001b[32mSUCCESS 1\u001b[0m in 0.58s]","logger":"airflow.task.hooks.airflow.providers.standard.hooks.subprocess.SubprocessHook","filename":"subprocess.py","lineno":99}
{"timestamp":"2026-05-07T15:08:59.051063Z","level":"info","event":"\u001b[0m15:08:59  30 of 91 START sql view model SILVER.stg_postgres__productos ................... [RUN]","logger":"airflow.task.hooks.airflow.providers.standard.hooks.subprocess.SubprocessHook","filename":"subprocess.py","lineno":99}
{"timestamp":"2026-05-07T15:08:59.162635Z","level":"info","event":"\u001b[0m15:08:59  27 of 91 OK created sql view model SILVER.stg_postgres__pedido_cupon ........... [\u001b[32mSUCCESS 1\u001b[0m in 0.69s]","logger":"airflow.task.hooks.airflow.providers.standard.hooks.subprocess.SubprocessHook","filename":"subprocess.py","lineno":99}
{"timestamp":"2026-05-07T15:08:59.169284Z","level":"info","event":"\u001b[0m15:08:59  31 of 91 START sql view model SILVER.stg_sqlserver__asignacion_turnos .......... [RUN]","logger":"airflow.task.hooks.airflow.providers.standard.hooks.subprocess.SubprocessHook","filename":"subprocess.py","lineno":99}
{"timestamp":"2026-05-07T15:08:59.203573Z","level":"info","event":"\u001b[0m15:08:59  28 of 91 OK created sql view model SILVER.stg_postgres__pedidos ................ [\u001b[32mSUCCESS 1\u001b[0m in 0.73s]","logger":"airflow.task.hooks.airflow.providers.standard.hooks.subprocess.SubprocessHook","filename":"subprocess.py","lineno":99}
{"timestamp":"2026-05-07T15:08:59.225274Z","level":"info","event":"\u001b[0m15:08:59  32 of 91 START sql view model SILVER.stg_sqlserver__asistencia ................. [RUN]","logger":"airflow.task.hooks.airflow.providers.standard.hooks.subprocess.SubprocessHook","filename":"subprocess.py","lineno":99}
{"timestamp":"2026-05-07T15:08:59.228480Z","level":"info","event":"\u001b[0m15:08:59  29 of 91 OK created sql view model SILVER.stg_postgres__plataformas_delivery ... [\u001b[32mSUCCESS 1\u001b[0m in 0.75s]","logger":"airflow.task.hooks.airflow.providers.standard.hooks.subprocess.SubprocessHook","filename":"subprocess.py","lineno":99}
{"timestamp":"2026-05-07T15:08:59.257911Z","level":"info","event":"\u001b[0m15:08:59  33 of 91 START sql view model SILVER.stg_sqlserver__cargos ..................... [RUN]","logger":"airflow.task.hooks.airflow.providers.standard.hooks.subprocess.SubprocessHook","filename":"subprocess.py","lineno":99}
{"timestamp":"2026-05-07T15:08:59.820315Z","level":"info","event":"\u001b[0m15:08:59  32 of 91 OK created sql view model SILVER.stg_sqlserver__asistencia ............ [\u001b[32mSUCCESS 1\u001b[0m in 0.59s]","logger":"airflow.task.hooks.airflow.providers.standard.hooks.subprocess.SubprocessHook","filename":"subprocess.py","lineno":99}
{"timestamp":"2026-05-07T15:08:59.838760Z","level":"info","event":"\u001b[0m15:08:59  34 of 91 START sql view model SILVER.stg_sqlserver__departamentos .............. [RUN]","logger":"airflow.task.hooks.airflow.providers.standard.hooks.subprocess.SubprocessHook","filename":"subprocess.py","lineno":99}
{"timestamp":"2026-05-07T15:08:59.867378Z","level":"info","event":"\u001b[0m15:08:59  31 of 91 OK created sql view model SILVER.stg_sqlserver__asignacion_turnos ..... [\u001b[32mSUCCESS 1\u001b[0m in 0.68s]","logger":"airflow.task.hooks.airflow.providers.standard.hooks.subprocess.SubprocessHook","filename":"subprocess.py","lineno":99}
{"timestamp":"2026-05-07T15:08:59.902618Z","level":"info","event":"\u001b[0m15:08:59  30 of 91 OK created sql view model SILVER.stg_postgres__productos .............. [\u001b[32mSUCCESS 1\u001b[0m in 0.84s]","logger":"airflow.task.hooks.airflow.providers.standard.hooks.subprocess.SubprocessHook","filename":"subprocess.py","lineno":99}
{"timestamp":"2026-05-07T15:08:59.907801Z","level":"info","event":"\u001b[0m15:08:59  35 of 91 START sql view model SILVER.stg_sqlserver__empleados .................. [RUN]","logger":"airflow.task.hooks.airflow.providers.standard.hooks.subprocess.SubprocessHook","filename":"subprocess.py","lineno":99}
{"timestamp":"2026-05-07T15:08:59.923411Z","level":"info","event":"\u001b[0m15:08:59  36 of 91 START sql view model SILVER.stg_sqlserver__evaluacion_desempeno ....... [RUN]","logger":"airflow.task.hooks.airflow.providers.standard.hooks.subprocess.SubprocessHook","filename":"subprocess.py","lineno":99}
{"timestamp":"2026-05-07T15:09:00.297222Z","level":"info","event":"\u001b[0m15:09:00  33 of 91 OK created sql view model SILVER.stg_sqlserver__cargos ................ [\u001b[32mSUCCESS 1\u001b[0m in 1.03s]","logger":"airflow.task.hooks.airflow.providers.standard.hooks.subprocess.SubprocessHook","filename":"subprocess.py","lineno":99}
{"timestamp":"2026-05-07T15:09:00.318362Z","level":"info","event":"\u001b[0m15:09:00  37 of 91 START sql view model SILVER.stg_sqlserver__turnos ..................... [RUN]","logger":"airflow.task.hooks.airflow.providers.standard.hooks.subprocess.SubprocessHook","filename":"subprocess.py","lineno":99}
{"timestamp":"2026-05-07T15:09:00.545989Z","level":"info","event":"\u001b[0m15:09:00  34 of 91 OK created sql view model SILVER.stg_sqlserver__departamentos ......... [\u001b[32mSUCCESS 1\u001b[0m in 0.69s]","logger":"airflow.task.hooks.airflow.providers.standard.hooks.subprocess.SubprocessHook","filename":"subprocess.py","lineno":99}
{"timestamp":"2026-05-07T15:09:00.561320Z","level":"info","event":"\u001b[0m15:09:00  38 of 91 START sql table model GOLD.dim_tiempo ................................. [RUN]","logger":"airflow.task.hooks.airflow.providers.standard.hooks.subprocess.SubprocessHook","filename":"subprocess.py","lineno":99}
{"timestamp":"2026-05-07T15:09:00.604807Z","level":"info","event":"\u001b[0m15:09:00  35 of 91 OK created sql view model SILVER.stg_sqlserver__empleados ............. [\u001b[32mSUCCESS 1\u001b[0m in 0.67s]","logger":"airflow.task.hooks.airflow.providers.standard.hooks.subprocess.SubprocessHook","filename":"subprocess.py","lineno":99}
{"timestamp":"2026-05-07T15:09:00.634910Z","level":"info","event":"\u001b[0m15:09:00  39 of 91 START sql table model GOLD.dim_categoriacosto ......................... [RUN]","logger":"airflow.task.hooks.airflow.providers.standard.hooks.subprocess.SubprocessHook","filename":"subprocess.py","lineno":99}
{"timestamp":"2026-05-07T15:09:00.687894Z","level":"info","event":"\u001b[0m15:09:00  36 of 91 OK created sql view model SILVER.stg_sqlserver__evaluacion_desempeno .. [\u001b[32mSUCCESS 1\u001b[0m in 0.74s]","logger":"airflow.task.hooks.airflow.providers.standard.hooks.subprocess.SubprocessHook","filename":"subprocess.py","lineno":99}
{"timestamp":"2026-05-07T15:09:00.733730Z","level":"info","event":"\u001b[0m15:09:00  40 of 91 START sql table model GOLD.dim_sucursal ............................... [RUN]","logger":"airflow.task.hooks.airflow.providers.standard.hooks.subprocess.SubprocessHook","filename":"subprocess.py","lineno":99}
{"timestamp":"2026-05-07T15:09:00.914687Z","level":"info","event":"\u001b[0m15:09:00  37 of 91 OK created sql view model SILVER.stg_sqlserver__turnos ................ [\u001b[32mSUCCESS 1\u001b[0m in 0.59s]","logger":"airflow.task.hooks.airflow.providers.standard.hooks.subprocess.SubprocessHook","filename":"subprocess.py","lineno":99}
{"timestamp":"2026-05-07T15:09:00.931562Z","level":"info","event":"\u001b[0m15:09:00  41 of 91 START sql table model GOLD.dim_metodopago ............................. [RUN]","logger":"airflow.task.hooks.airflow.providers.standard.hooks.subprocess.SubprocessHook","filename":"subprocess.py","lineno":99}
{"timestamp":"2026-05-07T15:09:02.253482Z","level":"info","event":"\u001b[0m15:09:02  40 of 91 OK created sql table model GOLD.dim_sucursal .......................... [\u001b[32mSUCCESS 12\u001b[0m in 1.51s]","logger":"airflow.task.hooks.airflow.providers.standard.hooks.subprocess.SubprocessHook","filename":"subprocess.py","lineno":99}
{"timestamp":"2026-05-07T15:09:02.264531Z","level":"info","event":"\u001b[0m15:09:02  42 of 91 START sql table model GOLD.dim_cupon .................................. [RUN]","logger":"airflow.task.hooks.airflow.providers.standard.hooks.subprocess.SubprocessHook","filename":"subprocess.py","lineno":99}
{"timestamp":"2026-05-07T15:09:02.331349Z","level":"info","event":"\u001b[0m15:09:02  38 of 91 OK created sql table model GOLD.dim_tiempo ............................ [\u001b[32mSUCCESS 4249\u001b[0m in 1.76s]","logger":"airflow.task.hooks.airflow.providers.standard.hooks.subprocess.SubprocessHook","filename":"subprocess.py","lineno":99}
{"timestamp":"2026-05-07T15:09:02.341948Z","level":"info","event":"\u001b[0m15:09:02  43 of 91 START sql view model SILVER.int_clientes_enriquecidos ................. [RUN]","logger":"airflow.task.hooks.airflow.providers.standard.hooks.subprocess.SubprocessHook","filename":"subprocess.py","lineno":99}
{"timestamp":"2026-05-07T15:09:02.554463Z","level":"info","event":"\u001b[0m15:09:02  39 of 91 OK created sql table model GOLD.dim_categoriacosto .................... [\u001b[32mSUCCESS 2\u001b[0m in 1.91s]","logger":"airflow.task.hooks.airflow.providers.standard.hooks.subprocess.SubprocessHook","filename":"subprocess.py","lineno":99}
{"timestamp":"2026-05-07T15:09:02.563239Z","level":"info","event":"\u001b[0m15:09:02  44 of 91 START sql table model GOLD.dim_tipomovimiento ......................... [RUN]","logger":"airflow.task.hooks.airflow.providers.standard.hooks.subprocess.SubprocessHook","filename":"subprocess.py","lineno":99}
{"timestamp":"2026-05-07T15:09:02.929742Z","level":"info","event":"\u001b[0m15:09:02  43 of 91 OK created sql view model SILVER.int_clientes_enriquecidos ............ [\u001b[32mSUCCESS 1\u001b[0m in 0.58s]","logger":"airflow.task.hooks.airflow.providers.standard.hooks.subprocess.SubprocessHook","filename":"subprocess.py","lineno":99}
{"timestamp":"2026-05-07T15:09:02.935788Z","level":"info","event":"\u001b[0m15:09:02  45 of 91 START sql view model SILVER.int_almacenes_enriquecidos ................ [RUN]","logger":"airflow.task.hooks.airflow.providers.standard.hooks.subprocess.SubprocessHook","filename":"subprocess.py","lineno":99}
{"timestamp":"2026-05-07T15:09:03.232245Z","level":"info","event":"\u001b[0m15:09:03  41 of 91 OK created sql table model GOLD.dim_metodopago ........................ [\u001b[32mSUCCESS 4\u001b[0m in 2.29s]","logger":"airflow.task.hooks.airflow.providers.standard.hooks.subprocess.SubprocessHook","filename":"subprocess.py","lineno":99}
{"timestamp":"2026-05-07T15:09:03.244087Z","level":"info","event":"\u001b[0m15:09:03  46 of 91 START sql table model GOLD.dim_insumo ................................. [RUN]","logger":"airflow.task.hooks.airflow.providers.standard.hooks.subprocess.SubprocessHook","filename":"subprocess.py","lineno":99}
{"timestamp":"2026-05-07T15:09:03.820692Z","level":"info","event":"\u001b[0m15:09:03  45 of 91 OK created sql view model SILVER.int_almacenes_enriquecidos ........... [\u001b[32mSUCCESS 1\u001b[0m in 0.88s]","logger":"airflow.task.hooks.airflow.providers.standard.hooks.subprocess.SubprocessHook","filename":"subprocess.py","lineno":99}
{"timestamp":"2026-05-07T15:09:03.826806Z","level":"info","event":"\u001b[0m15:09:03  47 of 91 START sql table model GOLD.dim_proveedor .............................. [RUN]","logger":"airflow.task.hooks.airflow.providers.standard.hooks.subprocess.SubprocessHook","filename":"subprocess.py","lineno":99}
{"timestamp":"2026-05-07T15:09:04.107433Z","level":"info","event":"\u001b[0m15:09:04  42 of 91 OK created sql table model GOLD.dim_cupon ............................. [\u001b[32mSUCCESS 3\u001b[0m in 1.84s]","logger":"airflow.task.hooks.airflow.providers.standard.hooks.subprocess.SubprocessHook","filename":"subprocess.py","lineno":99}
{"timestamp":"2026-05-07T15:09:04.114212Z","level":"info","event":"\u001b[0m15:09:04  48 of 91 START sql view model SILVER.int_demanda_insumos ....................... [RUN]","logger":"airflow.task.hooks.airflow.providers.standard.hooks.subprocess.SubprocessHook","filename":"subprocess.py","lineno":99}
{"timestamp":"2026-05-07T15:09:04.234848Z","level":"info","event":"\u001b[0m15:09:04  44 of 91 OK created sql table model GOLD.dim_tipomovimiento .................... [\u001b[32mSUCCESS 2\u001b[0m in 1.67s]","logger":"airflow.task.hooks.airflow.providers.standard.hooks.subprocess.SubprocessHook","filename":"subprocess.py","lineno":99}
{"timestamp":"2026-05-07T15:09:04.240704Z","level":"info","event":"\u001b[0m15:09:04  49 of 91 START sql table model GOLD.dim_canalventa ............................. [RUN]","logger":"airflow.task.hooks.airflow.providers.standard.hooks.subprocess.SubprocessHook","filename":"subprocess.py","lineno":99}
{"timestamp":"2026-05-07T15:09:04.356953Z","level":"info","event":"\u001b[0m15:09:04  46 of 91 OK created sql table model GOLD.dim_insumo ............................ [\u001b[32mSUCCESS 10\u001b[0m in 1.11s]","logger":"airflow.task.hooks.airflow.providers.standard.hooks.subprocess.SubprocessHook","filename":"subprocess.py","lineno":99}
{"timestamp":"2026-05-07T15:09:04.366597Z","level":"info","event":"\u001b[0m15:09:04  50 of 91 START sql table model GOLD.dim_estadopedido ........................... [RUN]","logger":"airflow.task.hooks.airflow.providers.standard.hooks.subprocess.SubprocessHook","filename":"subprocess.py","lineno":99}
{"timestamp":"2026-05-07T15:09:05.105426Z","level":"info","event":"\u001b[0m15:09:05  47 of 91 OK created sql table model GOLD.dim_proveedor ......................... [\u001b[32mSUCCESS 10\u001b[0m in 1.27s]","logger":"airflow.task.hooks.airflow.providers.standard.hooks.subprocess.SubprocessHook","filename":"subprocess.py","lineno":99}
{"timestamp":"2026-05-07T15:09:05.114588Z","level":"info","event":"\u001b[0m15:09:05  51 of 91 START sql table model GOLD.dim_plataformadelivery ..................... [RUN]","logger":"airflow.task.hooks.airflow.providers.standard.hooks.subprocess.SubprocessHook","filename":"subprocess.py","lineno":99}
{"timestamp":"2026-05-07T15:09:05.367991Z","level":"info","event":"\u001b[0m15:09:05  48 of 91 OK created sql view model SILVER.int_demanda_insumos .................. [\u001b[32mSUCCESS 1\u001b[0m in 1.25s]","logger":"airflow.task.hooks.airflow.providers.standard.hooks.subprocess.SubprocessHook","filename":"subprocess.py","lineno":99}
{"timestamp":"2026-05-07T15:09:05.374488Z","level":"info","event":"\u001b[0m15:09:05  52 of 91 START sql view model SILVER.int_productos_enriquecidos ................ [RUN]","logger":"airflow.task.hooks.airflow.providers.standard.hooks.subprocess.SubprocessHook","filename":"subprocess.py","lineno":99}
{"timestamp":"2026-05-07T15:09:05.474386Z","level":"info","event":"\u001b[0m15:09:05  49 of 91 OK created sql table model GOLD.dim_canalventa ........................ [\u001b[32mSUCCESS 5\u001b[0m in 1.23s]","logger":"airflow.task.hooks.airflow.providers.standard.hooks.subprocess.SubprocessHook","filename":"subprocess.py","lineno":99}
{"timestamp":"2026-05-07T15:09:05.481948Z","level":"info","event":"\u001b[0m15:09:05  53 of 91 START sql view model SILVER.int_empleados_enriquecidos ................ [RUN]","logger":"airflow.task.hooks.airflow.providers.standard.hooks.subprocess.SubprocessHook","filename":"subprocess.py","lineno":99}
{"timestamp":"2026-05-07T15:09:05.732291Z","level":"info","event":"\u001b[0m15:09:05  50 of 91 OK created sql table model GOLD.dim_estadopedido ...................... [\u001b[32mSUCCESS 4\u001b[0m in 1.35s]","logger":"airflow.task.hooks.airflow.providers.standard.hooks.subprocess.SubprocessHook","filename":"subprocess.py","lineno":99}
{"timestamp":"2026-05-07T15:09:05.741003Z","level":"info","event":"\u001b[0m15:09:05  54 of 91 START sql table model GOLD.dim_turno .................................. [RUN]","logger":"airflow.task.hooks.airflow.providers.standard.hooks.subprocess.SubprocessHook","filename":"subprocess.py","lineno":99}
{"timestamp":"2026-05-07T15:09:05.967980Z","level":"info","event":"\u001b[0m15:09:05  52 of 91 OK created sql view model SILVER.int_productos_enriquecidos ........... [\u001b[32mSUCCESS 1\u001b[0m in 0.58s]","logger":"airflow.task.hooks.airflow.providers.standard.hooks.subprocess.SubprocessHook","filename":"subprocess.py","lineno":99}
{"timestamp":"2026-05-07T15:09:05.974818Z","level":"info","event":"\u001b[0m15:09:05  55 of 91 START sql table model GOLD.fact_facturacion ........................... [RUN]","logger":"airflow.task.hooks.airflow.providers.standard.hooks.subprocess.SubprocessHook","filename":"subprocess.py","lineno":99}
{"timestamp":"2026-05-07T15:09:07.015696Z","level":"info","event":"\u001b[0m15:09:07  51 of 91 OK created sql table model GOLD.dim_plataformadelivery ................ [\u001b[32mSUCCESS 3\u001b[0m in 1.38s]","logger":"airflow.task.hooks.airflow.providers.standard.hooks.subprocess.SubprocessHook","filename":"subprocess.py","lineno":99}
{"timestamp":"2026-05-07T15:09:07.018608Z","level":"info","event":"\u001b[0m15:09:07  54 of 91 OK created sql table model GOLD.dim_turno ............................. [\u001b[32mSUCCESS 3\u001b[0m in 1.19s]","logger":"airflow.task.hooks.airflow.providers.standard.hooks.subprocess.SubprocessHook","filename":"subprocess.py","lineno":99}
{"timestamp":"2026-05-07T15:09:07.022476Z","level":"info","event":"\u001b[0m15:09:07  53 of 91 OK created sql view model SILVER.int_empleados_enriquecidos ........... [\u001b[32mSUCCESS 1\u001b[0m in 0.69s]","logger":"airflow.task.hooks.airflow.providers.standard.hooks.subprocess.SubprocessHook","filename":"subprocess.py","lineno":99}
{"timestamp":"2026-05-07T15:09:07.039692Z","level":"info","event":"\u001b[0m15:09:07  56 of 91 START sql table model GOLD.fact_costos_operativos ..................... [RUN]","logger":"airflow.task.hooks.airflow.providers.standard.hooks.subprocess.SubprocessHook","filename":"subprocess.py","lineno":99}
{"timestamp":"2026-05-07T15:09:07.043127Z","level":"info","event":"\u001b[0m15:09:07  57 of 91 START sql table model GOLD.dim_cliente ................................ [RUN]","logger":"airflow.task.hooks.airflow.providers.standard.hooks.subprocess.SubprocessHook","filename":"subprocess.py","lineno":99}
{"timestamp":"2026-05-07T15:09:07.045821Z","level":"info","event":"\u001b[0m15:09:07  58 of 91 START sql table model GOLD.fact_transacciones_pago .................... [RUN]","logger":"airflow.task.hooks.airflow.providers.standard.hooks.subprocess.SubprocessHook","filename":"subprocess.py","lineno":99}
{"timestamp":"2026-05-07T15:09:08.400130Z","level":"info","event":"\u001b[0m15:09:08  55 of 91 OK created sql table model GOLD.fact_facturacion ...................... [\u001b[32mSUCCESS 49493\u001b[0m in 2.42s]","logger":"airflow.task.hooks.airflow.providers.standard.hooks.subprocess.SubprocessHook","filename":"subprocess.py","lineno":99}
{"timestamp":"2026-05-07T15:09:08.416086Z","level":"info","event":"\u001b[0m15:09:08  59 of 91 START sql table model GOLD.dim_almacen ................................ [RUN]","logger":"airflow.task.hooks.airflow.providers.standard.hooks.subprocess.SubprocessHook","filename":"subprocess.py","lineno":99}
{"timestamp":"2026-05-07T15:09:08.915646Z","level":"info","event":"\u001b[0m15:09:08  56 of 91 OK created sql table model GOLD.fact_costos_operativos ................ [\u001b[32mSUCCESS 1810\u001b[0m in 1.86s]","logger":"airflow.task.hooks.airflow.providers.standard.hooks.subprocess.SubprocessHook","filename":"subprocess.py","lineno":99}
{"timestamp":"2026-05-07T15:09:08.924520Z","level":"info","event":"\u001b[0m15:09:08  60 of 91 START sql table model GOLD.fact_compras_detalle ....................... [RUN]","logger":"airflow.task.hooks.airflow.providers.standard.hooks.subprocess.SubprocessHook","filename":"subprocess.py","lineno":99}
{"timestamp":"2026-05-07T15:09:09.166658Z","level":"info","event":"\u001b[0m15:09:09  57 of 91 OK created sql table model GOLD.dim_cliente ........................... [\u001b[32mSUCCESS 300000\u001b[0m in 2.11s]","logger":"airflow.task.hooks.airflow.providers.standard.hooks.subprocess.SubprocessHook","filename":"subprocess.py","lineno":99}
{"timestamp":"2026-05-07T15:09:09.177625Z","level":"info","event":"\u001b[0m15:09:09  61 of 91 START sql table model features.feat_inventario_demanda ................ [RUN]","logger":"airflow.task.hooks.airflow.providers.standard.hooks.subprocess.SubprocessHook","filename":"subprocess.py","lineno":99}
{"timestamp":"2026-05-07T15:09:09.319571Z","level":"info","event":"\u001b[0m15:09:09  58 of 91 OK created sql table model GOLD.fact_transacciones_pago ............... [\u001b[32mSUCCESS 3828721\u001b[0m in 2.26s]","logger":"airflow.task.hooks.airflow.providers.standard.hooks.subprocess.SubprocessHook","filename":"subprocess.py","lineno":99}
{"timestamp":"2026-05-07T15:09:09.328000Z","level":"info","event":"\u001b[0m15:09:09  62 of 91 START sql table model GOLD.dim_producto ............................... [RUN]","logger":"airflow.task.hooks.airflow.providers.standard.hooks.subprocess.SubprocessHook","filename":"subprocess.py","lineno":99}
{"timestamp":"2026-05-07T15:09:09.952251Z","level":"info","event":"\u001b[0m15:09:09  59 of 91 OK created sql table model GOLD.dim_almacen ........................... [\u001b[32mSUCCESS 24\u001b[0m in 1.52s]","logger":"airflow.task.hooks.airflow.providers.standard.hooks.subprocess.SubprocessHook","filename":"subprocess.py","lineno":99}
{"timestamp":"2026-05-07T15:09:09.963994Z","level":"info","event":"\u001b[0m15:09:09  63 of 91 START sql table model GOLD.dim_empleado ............................... [RUN]","logger":"airflow.task.hooks.airflow.providers.standard.hooks.subprocess.SubprocessHook","filename":"subprocess.py","lineno":99}
{"timestamp":"2026-05-07T15:09:11.155031Z","level":"info","event":"\u001b[0m15:09:11  62 of 91 OK created sql table model GOLD.dim_producto .......................... [\u001b[32mSUCCESS 9\u001b[0m in 1.80s]","logger":"airflow.task.hooks.airflow.providers.standard.hooks.subprocess.SubprocessHook","filename":"subprocess.py","lineno":99}
{"timestamp":"2026-05-07T15:09:11.157025Z","level":"info","event":"\u001b[0m15:09:11  60 of 91 OK created sql table model GOLD.fact_compras_detalle .................. [\u001b[32mSUCCESS 6823\u001b[0m in 2.21s]","logger":"airflow.task.hooks.airflow.providers.standard.hooks.subprocess.SubprocessHook","filename":"subprocess.py","lineno":99}
{"timestamp":"2026-05-07T15:09:11.191477Z","level":"info","event":"\u001b[0m15:09:11  64 of 91 START sql table model GOLD.fact_delivery .............................. [RUN]","logger":"airflow.task.hooks.airflow.providers.standard.hooks.subprocess.SubprocessHook","filename":"subprocess.py","lineno":99}
{"timestamp":"2026-05-07T15:09:11.194716Z","level":"info","event":"\u001b[0m15:09:11  65 of 91 START sql table model GOLD.fact_estado_lealtad_mensual ................ [RUN]","logger":"airflow.task.hooks.airflow.providers.standard.hooks.subprocess.SubprocessHook","filename":"subprocess.py","lineno":99}
{"timestamp":"2026-05-07T15:09:12.053856Z","level":"info","event":"\u001b[0m15:09:12  63 of 91 OK created sql table model GOLD.dim_empleado .......................... [\u001b[32mSUCCESS 151\u001b[0m in 2.08s]","logger":"airflow.task.hooks.airflow.providers.standard.hooks.subprocess.SubprocessHook","filename":"subprocess.py","lineno":99}
{"timestamp":"2026-05-07T15:09:12.061551Z","level":"info","event":"\u001b[0m15:09:12  66 of 91 START sql table model GOLD.fact_redencion_cupones ..................... [RUN]","logger":"airflow.task.hooks.airflow.providers.standard.hooks.subprocess.SubprocessHook","filename":"subprocess.py","lineno":99}
{"timestamp":"2026-05-07T15:09:13.576045Z","level":"info","event":"\u001b[0m15:09:13  61 of 91 OK created sql table model features.feat_inventario_demanda ........... [\u001b[32mSUCCESS 24\u001b[0m in 4.39s]","logger":"airflow.task.hooks.airflow.providers.standard.hooks.subprocess.SubprocessHook","filename":"subprocess.py","lineno":99}
{"timestamp":"2026-05-07T15:09:13.581266Z","level":"info","event":"\u001b[0m15:09:13  67 of 91 START sql table model GOLD.fact_movimientos_inventario ................ [RUN]","logger":"airflow.task.hooks.airflow.providers.standard.hooks.subprocess.SubprocessHook","filename":"subprocess.py","lineno":99}
{"timestamp":"2026-05-07T15:09:13.666790Z","level":"info","event":"\u001b[0m15:09:13  65 of 91 OK created sql table model GOLD.fact_estado_lealtad_mensual ........... [\u001b[32mSUCCESS 120000\u001b[0m in 2.45s]","logger":"airflow.task.hooks.airflow.providers.standard.hooks.subprocess.SubprocessHook","filename":"subprocess.py","lineno":99}
{"timestamp":"2026-05-07T15:09:13.672095Z","level":"info","event":"\u001b[0m15:09:13  68 of 91 START sql table model GOLD.fact_stock_snapshot_diario ................. [RUN]","logger":"airflow.task.hooks.airflow.providers.standard.hooks.subprocess.SubprocessHook","filename":"subprocess.py","lineno":99}
{"timestamp":"2026-05-07T15:09:14.237834Z","level":"info","event":"\u001b[0m15:09:14  64 of 91 OK created sql table model GOLD.fact_delivery ......................... [\u001b[32mSUCCESS 956432\u001b[0m in 3.03s]","logger":"airflow.task.hooks.airflow.providers.standard.hooks.subprocess.SubprocessHook","filename":"subprocess.py","lineno":99}
{"timestamp":"2026-05-07T15:09:14.241942Z","level":"info","event":"\u001b[0m15:09:14  69 of 91 START sql table model GOLD.fact_asistencia_diaria ..................... [RUN]","logger":"airflow.task.hooks.airflow.providers.standard.hooks.subprocess.SubprocessHook","filename":"subprocess.py","lineno":99}
{"timestamp":"2026-05-07T15:09:14.501775Z","level":"info","event":"\u001b[0m15:09:14  66 of 91 OK created sql table model GOLD.fact_redencion_cupones ................ [\u001b[32mSUCCESS 573045\u001b[0m in 2.44s]","logger":"airflow.task.hooks.airflow.providers.standard.hooks.subprocess.SubprocessHook","filename":"subprocess.py","lineno":99}
{"timestamp":"2026-05-07T15:09:14.505659Z","level":"info","event":"\u001b[0m15:09:14  70 of 91 START sql table model GOLD.fact_evaluacion_desempeno .................. [RUN]","logger":"airflow.task.hooks.airflow.providers.standard.hooks.subprocess.SubprocessHook","filename":"subprocess.py","lineno":99}
{"timestamp":"2026-05-07T15:09:16.505787Z","level":"info","event":"\u001b[0m15:09:16  69 of 91 OK created sql table model GOLD.fact_asistencia_diaria ................ [\u001b[32mSUCCESS 1\u001b[0m in 2.24s]","logger":"airflow.task.hooks.airflow.providers.standard.hooks.subprocess.SubprocessHook","filename":"subprocess.py","lineno":99}
{"timestamp":"2026-05-07T15:09:16.555856Z","level":"info","event":"\u001b[0m15:09:16  71 of 91 START sql table model GOLD.fact_ventas_detalle ........................ [RUN]","logger":"airflow.task.hooks.airflow.providers.standard.hooks.subprocess.SubprocessHook","filename":"subprocess.py","lineno":99}
{"timestamp":"2026-05-07T15:09:16.570988Z","level":"info","event":"\u001b[0m15:09:16  70 of 91 OK created sql table model GOLD.fact_evaluacion_desempeno ............. [\u001b[32mSUCCESS 432\u001b[0m in 2.05s]","logger":"airflow.task.hooks.airflow.providers.standard.hooks.subprocess.SubprocessHook","filename":"subprocess.py","lineno":99}
{"timestamp":"2026-05-07T15:09:16.628670Z","level":"info","event":"\u001b[0m15:09:16  72 of 91 START sql table model training_datasets.obt_inventory_optimization .... [RUN]","logger":"airflow.task.hooks.airflow.providers.standard.hooks.subprocess.SubprocessHook","filename":"subprocess.py","lineno":99}
{"timestamp":"2026-05-07T15:09:16.751013Z","level":"info","event":"\u001b[0m15:09:16  68 of 91 OK created sql table model GOLD.fact_stock_snapshot_diario ............ [\u001b[32mSUCCESS 18100\u001b[0m in 3.07s]","logger":"airflow.task.hooks.airflow.providers.standard.hooks.subprocess.SubprocessHook","filename":"subprocess.py","lineno":99}
{"timestamp":"2026-05-07T15:09:16.762263Z","level":"info","event":"\u001b[0m15:09:16  73 of 91 START sql table model features.feat_pedidos_entrega ................... [RUN]","logger":"airflow.task.hooks.airflow.providers.standard.hooks.subprocess.SubprocessHook","filename":"subprocess.py","lineno":99}
{"timestamp":"2026-05-07T15:09:17.733356Z","level":"info","event":"\u001b[0m15:09:17  67 of 91 OK created sql table model GOLD.fact_movimientos_inventario ........... [\u001b[32mSUCCESS 7050347\u001b[0m in 4.14s]","logger":"airflow.task.hooks.airflow.providers.standard.hooks.subprocess.SubprocessHook","filename":"subprocess.py","lineno":99}
{"timestamp":"2026-05-07T15:09:17.742050Z","level":"info","event":"\u001b[0m15:09:17  74 of 91 START sql table model features.feat_empleados_perfil .................. [RUN]","logger":"airflow.task.hooks.airflow.providers.standard.hooks.subprocess.SubprocessHook","filename":"subprocess.py","lineno":99}
{"timestamp":"2026-05-07T15:09:18.064054Z","level":"info","event":"\u001b[0m15:09:18  72 of 91 OK created sql table model training_datasets.obt_inventory_optimization  [\u001b[32mSUCCESS 24\u001b[0m in 1.42s]","logger":"airflow.task.hooks.airflow.providers.standard.hooks.subprocess.SubprocessHook","filename":"subprocess.py","lineno":99}
{"timestamp":"2026-05-07T15:09:18.409608Z","level":"info","event":"\u001b[0m15:09:18  73 of 91 OK created sql table model features.feat_pedidos_entrega .............. [\u001b[32mSUCCESS 956432\u001b[0m in 1.64s]","logger":"airflow.task.hooks.airflow.providers.standard.hooks.subprocess.SubprocessHook","filename":"subprocess.py","lineno":99}
{"timestamp":"2026-05-07T15:09:18.421014Z","level":"info","event":"\u001b[0m15:09:18  75 of 91 START sql table model training_datasets.obt_delivery_time_prediction .. [RUN]","logger":"airflow.task.hooks.airflow.providers.standard.hooks.subprocess.SubprocessHook","filename":"subprocess.py","lineno":99}
{"timestamp":"2026-05-07T15:09:19.616925Z","level":"info","event":"\u001b[0m15:09:19  74 of 91 OK created sql table model features.feat_empleados_perfil ............. [\u001b[32mSUCCESS 151\u001b[0m in 1.79s]","logger":"airflow.task.hooks.airflow.providers.standard.hooks.subprocess.SubprocessHook","filename":"subprocess.py","lineno":99}
{"timestamp":"2026-05-07T15:09:19.621232Z","level":"info","event":"\u001b[0m15:09:19  76 of 91 START sql table model training_datasets.obt_employee_absenteeism ...... [RUN]","logger":"airflow.task.hooks.airflow.providers.standard.hooks.subprocess.SubprocessHook","filename":"subprocess.py","lineno":99}
{"timestamp":"2026-05-07T15:09:19.666068Z","level":"info","event":"\u001b[0m15:09:19  75 of 91 OK created sql table model training_datasets.obt_delivery_time_prediction  [\u001b[32mSUCCESS 956432\u001b[0m in 1.24s]","logger":"airflow.task.hooks.airflow.providers.standard.hooks.subprocess.SubprocessHook","filename":"subprocess.py","lineno":99}
{"timestamp":"2026-05-07T15:09:20.840462Z","level":"info","event":"\u001b[0m15:09:20  76 of 91 OK created sql table model training_datasets.obt_employee_absenteeism . [\u001b[32mSUCCESS 151\u001b[0m in 1.21s]","logger":"airflow.task.hooks.airflow.providers.standard.hooks.subprocess.SubprocessHook","filename":"subprocess.py","lineno":99}
{"timestamp":"2026-05-07T15:09:21.949297Z","level":"info","event":"\u001b[0m15:09:21  71 of 91 OK created sql table model GOLD.fact_ventas_detalle ................... [\u001b[32mSUCCESS 9571310\u001b[0m in 5.39s]","logger":"airflow.task.hooks.airflow.providers.standard.hooks.subprocess.SubprocessHook","filename":"subprocess.py","lineno":99}
{"timestamp":"2026-05-07T15:09:21.976967Z","level":"info","event":"\u001b[0m15:09:21  80 of 91 START sql table model GOLD.mart_econometria_elasticidad_base .......... [RUN]","logger":"airflow.task.hooks.airflow.providers.standard.hooks.subprocess.SubprocessHook","filename":"subprocess.py","lineno":99}
{"timestamp":"2026-05-07T15:09:21.987879Z","level":"info","event":"\u001b[0m15:09:21  77 of 91 START sql table model features.feat_clientes_comportamiento ........... [RUN]","logger":"airflow.task.hooks.airflow.providers.standard.hooks.subprocess.SubprocessHook","filename":"subprocess.py","lineno":99}
{"timestamp":"2026-05-07T15:09:21.991677Z","level":"info","event":"\u001b[0m15:09:21  79 of 91 START sql view model SILVER.int_ventas_precios_diarios ................ [RUN]","logger":"airflow.task.hooks.airflow.providers.standard.hooks.subprocess.SubprocessHook","filename":"subprocess.py","lineno":99}
{"timestamp":"2026-05-07T15:09:21.997435Z","level":"info","event":"\u001b[0m15:09:21  78 of 91 START sql view model SILVER.int_demanda_operativa ..................... [RUN]","logger":"airflow.task.hooks.airflow.providers.standard.hooks.subprocess.SubprocessHook","filename":"subprocess.py","lineno":99}
{"timestamp":"2026-05-07T15:09:22.642761Z","level":"info","event":"\u001b[0m15:09:22  79 of 91 OK created sql view model SILVER.int_ventas_precios_diarios ........... [\u001b[32mSUCCESS 1\u001b[0m in 0.63s]","logger":"airflow.task.hooks.airflow.providers.standard.hooks.subprocess.SubprocessHook","filename":"subprocess.py","lineno":99}
{"timestamp":"2026-05-07T15:09:22.650691Z","level":"info","event":"\u001b[0m15:09:22  81 of 91 START sql table model GOLD.mart_sucursales_consolidado ................ [RUN]","logger":"airflow.task.hooks.airflow.providers.standard.hooks.subprocess.SubprocessHook","filename":"subprocess.py","lineno":99}
{"timestamp":"2026-05-07T15:09:22.710962Z","level":"info","event":"\u001b[0m15:09:22  78 of 91 OK created sql view model SILVER.int_demanda_operativa ................ [\u001b[32mSUCCESS 1\u001b[0m in 0.70s]","logger":"airflow.task.hooks.airflow.providers.standard.hooks.subprocess.SubprocessHook","filename":"subprocess.py","lineno":99}
{"timestamp":"2026-05-07T15:09:22.721466Z","level":"info","event":"\u001b[0m15:09:22  82 of 91 START sql table model features.feat_precio_elasticidad ................ [RUN]","logger":"airflow.task.hooks.airflow.providers.standard.hooks.subprocess.SubprocessHook","filename":"subprocess.py","lineno":99}
{"timestamp":"2026-05-07T15:09:24.726743Z","level":"info","event":"\u001b[0m15:09:24  77 of 91 OK created sql table model features.feat_clientes_comportamiento ...... [\u001b[32mSUCCESS 300000\u001b[0m in 2.70s]","logger":"airflow.task.hooks.airflow.providers.standard.hooks.subprocess.SubprocessHook","filename":"subprocess.py","lineno":99}
{"timestamp":"2026-05-07T15:09:24.737510Z","level":"info","event":"\u001b[0m15:09:24  80 of 91 OK created sql table model GOLD.mart_econometria_elasticidad_base ..... [\u001b[32mSUCCESS 276354\u001b[0m in 2.71s]","logger":"airflow.task.hooks.airflow.providers.standard.hooks.subprocess.SubprocessHook","filename":"subprocess.py","lineno":99}
{"timestamp":"2026-05-07T15:09:24.764090Z","level":"info","event":"\u001b[0m15:09:24  82 of 91 OK created sql table model features.feat_precio_elasticidad ........... [\u001b[32mSUCCESS 9\u001b[0m in 2.03s]","logger":"airflow.task.hooks.airflow.providers.standard.hooks.subprocess.SubprocessHook","filename":"subprocess.py","lineno":99}
{"timestamp":"2026-05-07T15:09:24.772460Z","level":"info","event":"\u001b[0m15:09:24  83 of 91 START sql table model training_datasets.obt_price_elasticity .......... [RUN]","logger":"airflow.task.hooks.airflow.providers.standard.hooks.subprocess.SubprocessHook","filename":"subprocess.py","lineno":99}
{"timestamp":"2026-05-07T15:09:24.788996Z","level":"info","event":"\u001b[0m15:09:24  84 of 91 START sql table model features.feat_demanda_operativa ................. [RUN]","logger":"airflow.task.hooks.airflow.providers.standard.hooks.subprocess.SubprocessHook","filename":"subprocess.py","lineno":99}
{"timestamp":"2026-05-07T15:09:24.807554Z","level":"info","event":"\u001b[0m15:09:24  85 of 91 START sql table model training_datasets.obt_churn_prediction .......... [RUN]","logger":"airflow.task.hooks.airflow.providers.standard.hooks.subprocess.SubprocessHook","filename":"subprocess.py","lineno":99}
{"timestamp":"2026-05-07T15:09:26.041618Z","level":"info","event":"\u001b[0m15:09:26  81 of 91 OK created sql table model GOLD.mart_sucursales_consolidado ........... [\u001b[32mSUCCESS 30706\u001b[0m in 2.45s]","logger":"airflow.task.hooks.airflow.providers.standard.hooks.subprocess.SubprocessHook","filename":"subprocess.py","lineno":99}
{"timestamp":"2026-05-07T15:09:26.052747Z","level":"info","event":"\u001b[0m15:09:26  86 of 91 START sql table model training_datasets.obt_customer_lifetime_value ... [RUN]","logger":"airflow.task.hooks.airflow.providers.standard.hooks.subprocess.SubprocessHook","filename":"subprocess.py","lineno":99}
{"timestamp":"2026-05-07T15:09:26.326664Z","level":"info","event":"\u001b[0m15:09:26  83 of 91 OK created sql table model training_datasets.obt_price_elasticity ..... [\u001b[32mSUCCESS 38241\u001b[0m in 1.52s]","logger":"airflow.task.hooks.airflow.providers.standard.hooks.subprocess.SubprocessHook","filename":"subprocess.py","lineno":99}
{"timestamp":"2026-05-07T15:09:26.331005Z","level":"info","event":"\u001b[0m15:09:26  85 of 91 OK created sql table model training_datasets.obt_churn_prediction ..... [\u001b[32mSUCCESS 300000\u001b[0m in 1.49s]","logger":"airflow.task.hooks.airflow.providers.standard.hooks.subprocess.SubprocessHook","filename":"subprocess.py","lineno":99}
{"timestamp":"2026-05-07T15:09:26.347536Z","level":"info","event":"\u001b[0m15:09:26  87 of 91 START sql table model training_datasets.obt_customer_segmentation ..... [RUN]","logger":"airflow.task.hooks.airflow.providers.standard.hooks.subprocess.SubprocessHook","filename":"subprocess.py","lineno":99}
{"timestamp":"2026-05-07T15:09:26.350680Z","level":"info","event":"\u001b[0m15:09:26  88 of 91 START sql table model GOLD.mart_rentabilidad_diagnostica .............. [RUN]","logger":"airflow.task.hooks.airflow.providers.standard.hooks.subprocess.SubprocessHook","filename":"subprocess.py","lineno":99}
{"timestamp":"2026-05-07T15:09:26.503956Z","level":"info","event":"\u001b[0m15:09:26  84 of 91 OK created sql table model features.feat_demanda_operativa ............ [\u001b[32mSUCCESS 38241\u001b[0m in 1.70s]","logger":"airflow.task.hooks.airflow.providers.standard.hooks.subprocess.SubprocessHook","filename":"subprocess.py","lineno":99}
{"timestamp":"2026-05-07T15:09:26.514658Z","level":"info","event":"\u001b[0m15:09:26  89 of 91 START sql table model training_datasets.obt_operational_demand ........ [RUN]","logger":"airflow.task.hooks.airflow.providers.standard.hooks.subprocess.SubprocessHook","filename":"subprocess.py","lineno":99}
{"timestamp":"2026-05-07T15:09:27.260282Z","level":"info","event":"\u001b[0m15:09:27  86 of 91 OK created sql table model training_datasets.obt_customer_lifetime_value  [\u001b[32mSUCCESS 300000\u001b[0m in 1.20s]","logger":"airflow.task.hooks.airflow.providers.standard.hooks.subprocess.SubprocessHook","filename":"subprocess.py","lineno":99}
{"timestamp":"2026-05-07T15:09:27.516688Z","level":"info","event":"\u001b[0m15:09:27  87 of 91 OK created sql table model training_datasets.obt_customer_segmentation  [\u001b[32mSUCCESS 300000\u001b[0m in 1.15s]","logger":"airflow.task.hooks.airflow.providers.standard.hooks.subprocess.SubprocessHook","filename":"subprocess.py","lineno":99}
{"timestamp":"2026-05-07T15:09:27.909037Z","level":"info","event":"\u001b[0m15:09:27  89 of 91 OK created sql table model training_datasets.obt_operational_demand ... [\u001b[32mSUCCESS 38241\u001b[0m in 1.39s]","logger":"airflow.task.hooks.airflow.providers.standard.hooks.subprocess.SubprocessHook","filename":"subprocess.py","lineno":99}
{"timestamp":"2026-05-07T15:09:28.186912Z","level":"info","event":"\u001b[0m15:09:28  88 of 91 OK created sql table model GOLD.mart_rentabilidad_diagnostica ......... [\u001b[32mSUCCESS 30706\u001b[0m in 1.82s]","logger":"airflow.task.hooks.airflow.providers.standard.hooks.subprocess.SubprocessHook","filename":"subprocess.py","lineno":99}
{"timestamp":"2026-05-07T15:09:28.194522Z","level":"info","event":"\u001b[0m15:09:28  90 of 91 START sql table model GOLD.mart_ventas_historicas ..................... [RUN]","logger":"airflow.task.hooks.airflow.providers.standard.hooks.subprocess.SubprocessHook","filename":"subprocess.py","lineno":99}
{"timestamp":"2026-05-07T15:09:41.277848Z","level":"info","event":"\u001b[0m15:09:41  90 of 91 OK created sql table model GOLD.mart_ventas_historicas ................ [\u001b[32mSUCCESS 30706\u001b[0m in 13.07s]","logger":"airflow.task.hooks.airflow.providers.standard.hooks.subprocess.SubprocessHook","filename":"subprocess.py","lineno":99}
{"timestamp":"2026-05-07T15:09:41.285911Z","level":"info","event":"\u001b[0m15:09:41  91 of 91 START sql table model GOLD.mart_econometria_eficiencia_operativa ...... [RUN]","logger":"airflow.task.hooks.airflow.providers.standard.hooks.subprocess.SubprocessHook","filename":"subprocess.py","lineno":99}
{"timestamp":"2026-05-07T15:09:42.705941Z","level":"info","event":"\u001b[0m15:09:42  91 of 91 OK created sql table model GOLD.mart_econometria_eficiencia_operativa . [\u001b[32mSUCCESS 1013\u001b[0m in 1.41s]","logger":"airflow.task.hooks.airflow.providers.standard.hooks.subprocess.SubprocessHook","filename":"subprocess.py","lineno":99}
{"timestamp":"2026-05-07T15:09:44.752457Z","level":"info","event":"\u001b[0m15:09:44","logger":"airflow.task.hooks.airflow.providers.standard.hooks.subprocess.SubprocessHook","filename":"subprocess.py","lineno":99}
{"timestamp":"2026-05-07T15:09:44.756733Z","level":"info","event":"\u001b[0m15:09:44  Finished running 48 table models, 43 view models in 0 hours 1 minutes and 8.05 seconds (68.05s).","logger":"airflow.task.hooks.airflow.providers.standard.hooks.subprocess.SubprocessHook","filename":"subprocess.py","lineno":99}
{"timestamp":"2026-05-07T15:09:45.139572Z","level":"info","event":"\u001b[0m15:09:45","logger":"airflow.task.hooks.airflow.providers.standard.hooks.subprocess.SubprocessHook","filename":"subprocess.py","lineno":99}
{"timestamp":"2026-05-07T15:09:45.143929Z","level":"info","event":"\u001b[0m15:09:45  \u001b[32mCompleted successfully\u001b[0m","logger":"airflow.task.hooks.airflow.providers.standard.hooks.subprocess.SubprocessHook","filename":"subprocess.py","lineno":99}
{"timestamp":"2026-05-07T15:09:45.146896Z","level":"info","event":"\u001b[0m15:09:45","logger":"airflow.task.hooks.airflow.providers.standard.hooks.subprocess.SubprocessHook","filename":"subprocess.py","lineno":99}
{"timestamp":"2026-05-07T15:09:45.151703Z","level":"info","event":"\u001b[0m15:09:45  Done. PASS=91 WARN=0 ERROR=0 SKIP=0 NO-OP=0 TOTAL=91","logger":"airflow.task.hooks.airflow.providers.standard.hooks.subprocess.SubprocessHook","filename":"subprocess.py","lineno":99}
{"timestamp":"2026-05-07T15:09:49.980198Z","level":"info","event":"Command exited with return code 0","logger":"airflow.task.hooks.airflow.providers.standard.hooks.subprocess.SubprocessHook","filename":"subprocess.py","lineno":103}
{"timestamp":"2026-05-07T15:09:50.135944Z","level":"info","event":"Pushing xcom","ti":"RuntimeTaskInstance(id=UUID('019e02f4-1e10-7600-9d99-e331f6da9f8c'), task_id='dbt_run', dag_id='hgc_transformaciones_dbt', run_id='scheduled__2026-05-07T04:00:00+00:00', try_number=2, dag_version_id=UUID('019df9ac-5931-728f-9bd8-68304e0bdbe3'), map_index=-1, hostname='5f1cc9e47a17', context_carrier={'traceparent': '00-f0b49d850d1733166b84f87ce5c23647-2d525d4eec47e45c-01'}, task=<Task(BashOperator): dbt_run>, bundle_instance=LocalDagBundle(name=dags-folder), max_tries=1, start_date=datetime.datetime(2026, 5, 7, 15, 5, 34, 610330, tzinfo=datetime.timezone.utc), end_date=None, state=<TaskInstanceState.RUNNING: 'running'>, is_mapped=False, rendered_map_index=None, sentry_integration='')","logger":"task","filename":"task_runner.py","lineno":1724}
{"timestamp":"2026-05-07T15:09:52.850631Z","level":"info","event":"Task instance in success state","logger":"task.stdout"}
{"timestamp":"2026-05-07T15:09:52.851875Z","level":"info","event":" Previous state of the Task instance: TaskInstanceState.RUNNING","logger":"task.stdout"}
{"timestamp":"2026-05-07T15:09:52.904534Z","level":"info","event":"Task operator:<Task(BashOperator): dbt_run>","logger":"task.stdout"}
