{"timestamp":"2026-05-11T17:53:54.776169Z","level":"info","event":"DAG bundles loaded: dags-folder, example_dags","logger":"airflow.dag_processing.bundles.manager.DagBundlesManager","filename":"manager.py","lineno":209}
{"timestamp":"2026-05-11T17:53:54.848715Z","level":"info","event":"Filling up the DagBag from /opt/airflow/dags/dbt_pipeline.py","logger":"airflow.dag_processing.dagbag.BundleDagBag","filename":"dagbag.py","lineno":469}
{"timestamp":"2026-05-11T17:53:55.739100Z","level":"warning","event":"The `airflow.operators.bash.BashOperator` attribute is deprecated. Please use `'airflow.providers.standard.operators.bash.BashOperator'`.","category":"UserWarning","filename":"/opt/airflow/dags/dbt_pipeline.py","lineno":2,"logger":"py.warnings"}
{"timestamp":"2026-05-11T17:54:01.572384Z","level":"info","event":"Task instance is in running state","logger":"task.stdout"}
{"timestamp":"2026-05-11T17:54:01.599621Z","level":"info","event":" Previous state of the Task instance: TaskInstanceState.QUEUED","logger":"task.stdout"}
{"timestamp":"2026-05-11T17:54:01.606290Z","level":"info","event":"Current task name:dbt_snapshot","logger":"task.stdout"}
{"timestamp":"2026-05-11T17:54:01.629340Z","level":"info","event":"Dag name:hgc_transformaciones_dbt","logger":"task.stdout"}
{"timestamp":"2026-05-11T17:54:01.511770Z","level":"info","event":"Tmp dir root location: /tmp","logger":"airflow.task.hooks.airflow.providers.standard.hooks.subprocess.SubprocessHook","filename":"subprocess.py","lineno":78}
{"timestamp":"2026-05-11T17:54:01.826613Z","level":"info","event":"Running command: ['/usr/bin/bash', '-c', \"cd '/opt/airflow/dbt' && dbt snapshot --profiles-dir .\"]","logger":"airflow.task.hooks.airflow.providers.standard.hooks.subprocess.SubprocessHook","filename":"subprocess.py","lineno":80}
{"timestamp":"2026-05-11T17:54:01.856188Z","level":"info","event":"Output:","logger":"airflow.task.hooks.airflow.providers.standard.hooks.subprocess.SubprocessHook","filename":"subprocess.py","lineno":92}
{"timestamp":"2026-05-11T17:54:24.677460Z","level":"info","event":"\u001b[0m17:54:24  Running with dbt=1.11.8","logger":"airflow.task.hooks.airflow.providers.standard.hooks.subprocess.SubprocessHook","filename":"subprocess.py","lineno":99}
{"timestamp":"2026-05-11T17:54:33.136036Z","level":"info","event":"/home/airflow/.local/lib/python3.13/site-packages/snowflake/connector/vendored/requests/__init__.py:113: RequestsDependencyWarning: urllib3 (2.6.3) or chardet (6.0.0.post1)/charset_normalizer (3.4.7) doesn't match a supported version!","logger":"airflow.task.hooks.airflow.providers.standard.hooks.subprocess.SubprocessHook","filename":"subprocess.py","lineno":99}
{"timestamp":"2026-05-11T17:54:33.138997Z","level":"info","event":"  warnings.warn(","logger":"airflow.task.hooks.airflow.providers.standard.hooks.subprocess.SubprocessHook","filename":"subprocess.py","lineno":99}
{"timestamp":"2026-05-11T17:54:35.918198Z","level":"info","event":"\u001b[0m17:54:35  Registered adapter: snowflake=1.11.4","logger":"airflow.task.hooks.airflow.providers.standard.hooks.subprocess.SubprocessHook","filename":"subprocess.py","lineno":99}
{"timestamp":"2026-05-11T17:54:37.317189Z","level":"info","event":"\u001b[0m17:54:37  Unable to do partial parsing because saved manifest not found. Starting full parse.","logger":"airflow.task.hooks.airflow.providers.standard.hooks.subprocess.SubprocessHook","filename":"subprocess.py","lineno":99}
{"timestamp":"2026-05-11T17:55:00.723420Z","level":"info","event":"\u001b[0m17:55:00  Found 92 models, 5 snapshots, 36 sources, 638 macros","logger":"airflow.task.hooks.airflow.providers.standard.hooks.subprocess.SubprocessHook","filename":"subprocess.py","lineno":99}
{"timestamp":"2026-05-11T17:55:00.767003Z","level":"info","event":"\u001b[0m17:55:00","logger":"airflow.task.hooks.airflow.providers.standard.hooks.subprocess.SubprocessHook","filename":"subprocess.py","lineno":99}
{"timestamp":"2026-05-11T17:55:00.769852Z","level":"info","event":"\u001b[0m17:55:00  Concurrency: 4 threads (target='dev')","logger":"airflow.task.hooks.airflow.providers.standard.hooks.subprocess.SubprocessHook","filename":"subprocess.py","lineno":99}
{"timestamp":"2026-05-11T17:55:00.772452Z","level":"info","event":"\u001b[0m17:55:00","logger":"airflow.task.hooks.airflow.providers.standard.hooks.subprocess.SubprocessHook","filename":"subprocess.py","lineno":99}
{"timestamp":"2026-05-11T17:55:09.652851Z","level":"info","event":"\u001b[0m17:55:09  3 of 5 START snapshot snapshots.snp_insumo ..................................... [RUN]","logger":"airflow.task.hooks.airflow.providers.standard.hooks.subprocess.SubprocessHook","filename":"subprocess.py","lineno":99}
{"timestamp":"2026-05-11T17:55:09.687282Z","level":"info","event":"\u001b[0m17:55:09  4 of 5 START snapshot snapshots.snp_producto ................................... [RUN]","logger":"airflow.task.hooks.airflow.providers.standard.hooks.subprocess.SubprocessHook","filename":"subprocess.py","lineno":99}
{"timestamp":"2026-05-11T17:55:09.687512Z","level":"info","event":"\u001b[0m17:55:09  1 of 5 START snapshot snapshots.snp_cliente .................................... [RUN]","logger":"airflow.task.hooks.airflow.providers.standard.hooks.subprocess.SubprocessHook","filename":"subprocess.py","lineno":99}
{"timestamp":"2026-05-11T17:55:09.690374Z","level":"info","event":"\u001b[0m17:55:09  2 of 5 START snapshot snapshots.snp_empleado ................................... [RUN]","logger":"airflow.task.hooks.airflow.providers.standard.hooks.subprocess.SubprocessHook","filename":"subprocess.py","lineno":99}
{"timestamp":"2026-05-11T17:55:15.258259Z","level":"info","event":"\u001b[0m17:55:15  4 of 5 OK snapshotted snapshots.snp_producto ................................... [\u001b[32mSUCCESS 0\u001b[0m in 5.51s]","logger":"airflow.task.hooks.airflow.providers.standard.hooks.subprocess.SubprocessHook","filename":"subprocess.py","lineno":99}
{"timestamp":"2026-05-11T17:55:15.322584Z","level":"info","event":"\u001b[0m17:55:15  3 of 5 OK snapshotted snapshots.snp_insumo ..................................... [\u001b[32mSUCCESS 0\u001b[0m in 5.55s]","logger":"airflow.task.hooks.airflow.providers.standard.hooks.subprocess.SubprocessHook","filename":"subprocess.py","lineno":99}
{"timestamp":"2026-05-11T17:55:15.322853Z","level":"info","event":"\u001b[0m17:55:15  2 of 5 OK snapshotted snapshots.snp_empleado ................................... [\u001b[32mSUCCESS 0\u001b[0m in 5.52s]","logger":"airflow.task.hooks.airflow.providers.standard.hooks.subprocess.SubprocessHook","filename":"subprocess.py","lineno":99}
{"timestamp":"2026-05-11T17:55:15.327064Z","level":"info","event":"\u001b[0m17:55:15  5 of 5 START snapshot snapshots.snp_sucursal ................................... [RUN]","logger":"airflow.task.hooks.airflow.providers.standard.hooks.subprocess.SubprocessHook","filename":"subprocess.py","lineno":99}
{"timestamp":"2026-05-11T17:55:15.356011Z","level":"info","event":"\u001b[0m17:55:15  1 of 5 OK snapshotted snapshots.snp_cliente .................................... [\u001b[32mSUCCESS 0\u001b[0m in 5.67s]","logger":"airflow.task.hooks.airflow.providers.standard.hooks.subprocess.SubprocessHook","filename":"subprocess.py","lineno":99}
{"timestamp":"2026-05-11T17:55:19.368727Z","level":"info","event":"\u001b[0m17:55:19  5 of 5 OK snapshotted snapshots.snp_sucursal ................................... [\u001b[32mSUCCESS 0\u001b[0m in 4.02s]","logger":"airflow.task.hooks.airflow.providers.standard.hooks.subprocess.SubprocessHook","filename":"subprocess.py","lineno":99}
{"timestamp":"2026-05-11T17:55:20.423948Z","level":"info","event":"\u001b[0m17:55:20","logger":"airflow.task.hooks.airflow.providers.standard.hooks.subprocess.SubprocessHook","filename":"subprocess.py","lineno":99}
{"timestamp":"2026-05-11T17:55:20.429597Z","level":"info","event":"\u001b[0m17:55:20  Finished running 5 snapshots in 0 hours 0 minutes and 19.69 seconds (19.69s).","logger":"airflow.task.hooks.airflow.providers.standard.hooks.subprocess.SubprocessHook","filename":"subprocess.py","lineno":99}
{"timestamp":"2026-05-11T17:55:21.168478Z","level":"info","event":"\u001b[0m17:55:21","logger":"airflow.task.hooks.airflow.providers.standard.hooks.subprocess.SubprocessHook","filename":"subprocess.py","lineno":99}
{"timestamp":"2026-05-11T17:55:21.175978Z","level":"info","event":"\u001b[0m17:55:21  \u001b[32mCompleted successfully\u001b[0m","logger":"airflow.task.hooks.airflow.providers.standard.hooks.subprocess.SubprocessHook","filename":"subprocess.py","lineno":99}
{"timestamp":"2026-05-11T17:55:21.181930Z","level":"info","event":"\u001b[0m17:55:21","logger":"airflow.task.hooks.airflow.providers.standard.hooks.subprocess.SubprocessHook","filename":"subprocess.py","lineno":99}
{"timestamp":"2026-05-11T17:55:21.185684Z","level":"info","event":"\u001b[0m17:55:21  Done. PASS=5 WARN=0 ERROR=0 SKIP=0 NO-OP=0 TOTAL=5","logger":"airflow.task.hooks.airflow.providers.standard.hooks.subprocess.SubprocessHook","filename":"subprocess.py","lineno":99}
{"timestamp":"2026-05-11T17:55:56.784873Z","level":"info","event":"Command exited with return code 0","logger":"airflow.task.hooks.airflow.providers.standard.hooks.subprocess.SubprocessHook","filename":"subprocess.py","lineno":103}
{"timestamp":"2026-05-11T17:55:57.366806Z","level":"info","event":"Pushing xcom","ti":"RuntimeTaskInstance(id=UUID('019e182b-2d91-73d3-834f-5a68458fee93'), task_id='dbt_snapshot', dag_id='hgc_transformaciones_dbt', run_id='manual__2026-05-11T17:52:19.346090+00:00', try_number=1, dag_version_id=UUID('019e1815-6467-7caa-9be4-231baced0d2f'), map_index=-1, hostname='5f1cc9e47a17', context_carrier={'traceparent': '00-263ef80eec2935c62a82d33ce99d1a9c-169b8335af7cc66d-01'}, task=<Task(BashOperator): dbt_snapshot>, bundle_instance=LocalDagBundle(name=dags-folder), max_tries=1, start_date=datetime.datetime(2026, 5, 11, 17, 53, 39, 312264, tzinfo=datetime.timezone.utc), end_date=None, state=<TaskInstanceState.RUNNING: 'running'>, is_mapped=False, rendered_map_index=None, sentry_integration='')","logger":"task","filename":"task_runner.py","lineno":1724}
{"timestamp":"2026-05-11T17:56:06.060496Z","level":"info","event":"Task instance in success state","logger":"task.stdout"}
{"timestamp":"2026-05-11T17:56:06.065022Z","level":"info","event":" Previous state of the Task instance: TaskInstanceState.RUNNING","logger":"task.stdout"}
{"timestamp":"2026-05-11T17:56:06.115324Z","level":"info","event":"Task operator:<Task(BashOperator): dbt_snapshot>","logger":"task.stdout"}
