{"timestamp":"2026-05-11T17:39:30.351497Z","level":"info","event":"DAG bundles loaded: dags-folder, example_dags","logger":"airflow.dag_processing.bundles.manager.DagBundlesManager","filename":"manager.py","lineno":209}
{"timestamp":"2026-05-11T17:39:30.438880Z","level":"info","event":"Filling up the DagBag from /opt/airflow/dags/dbt_pipeline.py","logger":"airflow.dag_processing.dagbag.BundleDagBag","filename":"dagbag.py","lineno":469}
{"timestamp":"2026-05-11T17:39:31.497377Z","level":"warning","event":"The `airflow.operators.bash.BashOperator` attribute is deprecated. Please use `'airflow.providers.standard.operators.bash.BashOperator'`.","category":"UserWarning","filename":"/opt/airflow/dags/dbt_pipeline.py","lineno":2,"logger":"py.warnings"}
{"timestamp":"2026-05-11T17:39:32.503838Z","level":"info","event":"Task instance is in running state","logger":"task.stdout"}
{"timestamp":"2026-05-11T17:39:32.504824Z","level":"info","event":" Previous state of the Task instance: TaskInstanceState.QUEUED","logger":"task.stdout"}
{"timestamp":"2026-05-11T17:39:32.506071Z","level":"info","event":"Current task name:dbt_snapshot","logger":"task.stdout"}
{"timestamp":"2026-05-11T17:39:32.506849Z","level":"info","event":"Dag name:hgc_transformaciones_dbt","logger":"task.stdout"}
{"timestamp":"2026-05-11T17:39:32.465502Z","level":"info","event":"Tmp dir root location: /tmp","logger":"airflow.task.hooks.airflow.providers.standard.hooks.subprocess.SubprocessHook","filename":"subprocess.py","lineno":78}
{"timestamp":"2026-05-11T17:39:32.499398Z","level":"info","event":"Running command: ['/usr/bin/bash', '-c', \"cd '/opt/airflow/dbt' && dbt snapshot --profiles-dir .\"]","logger":"airflow.task.hooks.airflow.providers.standard.hooks.subprocess.SubprocessHook","filename":"subprocess.py","lineno":80}
{"timestamp":"2026-05-11T17:39:32.513927Z","level":"info","event":"Output:","logger":"airflow.task.hooks.airflow.providers.standard.hooks.subprocess.SubprocessHook","filename":"subprocess.py","lineno":92}
{"timestamp":"2026-05-11T17:39:50.098947Z","level":"info","event":"\u001b[0m17:39:50  Running with dbt=1.11.8","logger":"airflow.task.hooks.airflow.providers.standard.hooks.subprocess.SubprocessHook","filename":"subprocess.py","lineno":99}
{"timestamp":"2026-05-11T17:40:00.452135Z","level":"info","event":"/home/airflow/.local/lib/python3.13/site-packages/snowflake/connector/vendored/requests/__init__.py:113: RequestsDependencyWarning: urllib3 (2.6.3) or chardet (6.0.0.post1)/charset_normalizer (3.4.7) doesn't match a supported version!","logger":"airflow.task.hooks.airflow.providers.standard.hooks.subprocess.SubprocessHook","filename":"subprocess.py","lineno":99}
{"timestamp":"2026-05-11T17:40:00.502894Z","level":"info","event":"  warnings.warn(","logger":"airflow.task.hooks.airflow.providers.standard.hooks.subprocess.SubprocessHook","filename":"subprocess.py","lineno":99}
{"timestamp":"2026-05-11T17:40:03.843269Z","level":"info","event":"\u001b[0m17:40:03  Registered adapter: snowflake=1.11.4","logger":"airflow.task.hooks.airflow.providers.standard.hooks.subprocess.SubprocessHook","filename":"subprocess.py","lineno":99}
{"timestamp":"2026-05-11T17:40:04.949707Z","level":"info","event":"\u001b[0m17:40:04  Unable to do partial parsing because saved manifest not found. Starting full parse.","logger":"airflow.task.hooks.airflow.providers.standard.hooks.subprocess.SubprocessHook","filename":"subprocess.py","lineno":99}
{"timestamp":"2026-05-11T17:40:28.492984Z","level":"info","event":"\u001b[0m17:40:28  Found 94 models, 5 snapshots, 36 sources, 638 macros","logger":"airflow.task.hooks.airflow.providers.standard.hooks.subprocess.SubprocessHook","filename":"subprocess.py","lineno":99}
{"timestamp":"2026-05-11T17:40:28.541164Z","level":"info","event":"\u001b[0m17:40:28","logger":"airflow.task.hooks.airflow.providers.standard.hooks.subprocess.SubprocessHook","filename":"subprocess.py","lineno":99}
{"timestamp":"2026-05-11T17:40:28.547533Z","level":"info","event":"\u001b[0m17:40:28  Concurrency: 4 threads (target='dev')","logger":"airflow.task.hooks.airflow.providers.standard.hooks.subprocess.SubprocessHook","filename":"subprocess.py","lineno":99}
{"timestamp":"2026-05-11T17:40:28.551413Z","level":"info","event":"\u001b[0m17:40:28","logger":"airflow.task.hooks.airflow.providers.standard.hooks.subprocess.SubprocessHook","filename":"subprocess.py","lineno":99}
{"timestamp":"2026-05-11T17:40:35.633437Z","level":"info","event":"\u001b[0m17:40:35  2 of 5 START snapshot snapshots.snp_empleado ................................... [RUN]","logger":"airflow.task.hooks.airflow.providers.standard.hooks.subprocess.SubprocessHook","filename":"subprocess.py","lineno":99}
{"timestamp":"2026-05-11T17:40:35.636575Z","level":"info","event":"\u001b[0m17:40:35  4 of 5 START snapshot snapshots.snp_producto ................................... [RUN]","logger":"airflow.task.hooks.airflow.providers.standard.hooks.subprocess.SubprocessHook","filename":"subprocess.py","lineno":99}
{"timestamp":"2026-05-11T17:40:35.641610Z","level":"info","event":"\u001b[0m17:40:35  1 of 5 START snapshot snapshots.snp_cliente .................................... [RUN]","logger":"airflow.task.hooks.airflow.providers.standard.hooks.subprocess.SubprocessHook","filename":"subprocess.py","lineno":99}
{"timestamp":"2026-05-11T17:40:35.645997Z","level":"info","event":"\u001b[0m17:40:35  3 of 5 START snapshot snapshots.snp_insumo ..................................... [RUN]","logger":"airflow.task.hooks.airflow.providers.standard.hooks.subprocess.SubprocessHook","filename":"subprocess.py","lineno":99}
{"timestamp":"2026-05-11T17:40:43.297033Z","level":"info","event":"\u001b[0m17:40:43  1 of 5 OK snapshotted snapshots.snp_cliente .................................... [\u001b[32mSUCCESS 0\u001b[0m in 7.63s]","logger":"airflow.task.hooks.airflow.providers.standard.hooks.subprocess.SubprocessHook","filename":"subprocess.py","lineno":99}
{"timestamp":"2026-05-11T17:40:43.306107Z","level":"info","event":"\u001b[0m17:40:43  5 of 5 START snapshot snapshots.snp_sucursal ................................... [RUN]","logger":"airflow.task.hooks.airflow.providers.standard.hooks.subprocess.SubprocessHook","filename":"subprocess.py","lineno":99}
{"timestamp":"2026-05-11T17:40:43.363829Z","level":"info","event":"\u001b[0m17:40:43  3 of 5 OK snapshotted snapshots.snp_insumo ..................................... [\u001b[32mSUCCESS 0\u001b[0m in 7.70s]","logger":"airflow.task.hooks.airflow.providers.standard.hooks.subprocess.SubprocessHook","filename":"subprocess.py","lineno":99}
{"timestamp":"2026-05-11T17:40:44.404302Z","level":"info","event":"\u001b[0m17:40:44  2 of 5 OK snapshotted snapshots.snp_empleado ................................... [\u001b[32mSUCCESS 0\u001b[0m in 8.75s]","logger":"airflow.task.hooks.airflow.providers.standard.hooks.subprocess.SubprocessHook","filename":"subprocess.py","lineno":99}
{"timestamp":"2026-05-11T17:40:45.356598Z","level":"info","event":"\u001b[0m17:40:45  4 of 5 OK snapshotted snapshots.snp_producto ................................... [\u001b[32mSUCCESS 0\u001b[0m in 9.70s]","logger":"airflow.task.hooks.airflow.providers.standard.hooks.subprocess.SubprocessHook","filename":"subprocess.py","lineno":99}
{"timestamp":"2026-05-11T17:40:48.676851Z","level":"info","event":"\u001b[0m17:40:48  5 of 5 OK snapshotted snapshots.snp_sucursal ................................... [\u001b[32mSUCCESS 0\u001b[0m in 5.35s]","logger":"airflow.task.hooks.airflow.providers.standard.hooks.subprocess.SubprocessHook","filename":"subprocess.py","lineno":99}
{"timestamp":"2026-05-11T17:40:50.191564Z","level":"info","event":"\u001b[0m17:40:50","logger":"airflow.task.hooks.airflow.providers.standard.hooks.subprocess.SubprocessHook","filename":"subprocess.py","lineno":99}
{"timestamp":"2026-05-11T17:40:50.195740Z","level":"info","event":"\u001b[0m17:40:50  Finished running 5 snapshots in 0 hours 0 minutes and 21.63 seconds (21.63s).","logger":"airflow.task.hooks.airflow.providers.standard.hooks.subprocess.SubprocessHook","filename":"subprocess.py","lineno":99}
{"timestamp":"2026-05-11T17:40:51.597298Z","level":"info","event":"\u001b[0m17:40:51","logger":"airflow.task.hooks.airflow.providers.standard.hooks.subprocess.SubprocessHook","filename":"subprocess.py","lineno":99}
{"timestamp":"2026-05-11T17:40:51.628063Z","level":"info","event":"\u001b[0m17:40:51  \u001b[32mCompleted successfully\u001b[0m","logger":"airflow.task.hooks.airflow.providers.standard.hooks.subprocess.SubprocessHook","filename":"subprocess.py","lineno":99}
{"timestamp":"2026-05-11T17:40:51.651323Z","level":"info","event":"\u001b[0m17:40:51","logger":"airflow.task.hooks.airflow.providers.standard.hooks.subprocess.SubprocessHook","filename":"subprocess.py","lineno":99}
{"timestamp":"2026-05-11T17:40:51.668743Z","level":"info","event":"\u001b[0m17:40:51  Done. PASS=5 WARN=0 ERROR=0 SKIP=0 NO-OP=0 TOTAL=5","logger":"airflow.task.hooks.airflow.providers.standard.hooks.subprocess.SubprocessHook","filename":"subprocess.py","lineno":99}
{"timestamp":"2026-05-11T17:41:15.770614Z","level":"info","event":"Command exited with return code 0","logger":"airflow.task.hooks.airflow.providers.standard.hooks.subprocess.SubprocessHook","filename":"subprocess.py","lineno":103}
{"timestamp":"2026-05-11T17:41:15.948197Z","level":"info","event":"Pushing xcom","ti":"RuntimeTaskInstance(id=UUID('019e181e-2c53-71f9-a84f-e1c6abc0405d'), task_id='dbt_snapshot', dag_id='hgc_transformaciones_dbt', run_id='manual__2026-05-11T17:38:08.535171+00:00', try_number=1, dag_version_id=UUID('019e1815-6467-7caa-9be4-231baced0d2f'), map_index=-1, hostname='5f1cc9e47a17', context_carrier={'traceparent': '00-7390485212abe849a68189438773c023-0ec8f12a6a681718-01'}, task=<Task(BashOperator): dbt_snapshot>, bundle_instance=LocalDagBundle(name=dags-folder), max_tries=1, start_date=datetime.datetime(2026, 5, 11, 17, 39, 9, 642841, tzinfo=datetime.timezone.utc), end_date=None, state=<TaskInstanceState.RUNNING: 'running'>, is_mapped=False, rendered_map_index=None, sentry_integration='')","logger":"task","filename":"task_runner.py","lineno":1724}
{"timestamp":"2026-05-11T17:41:20.998928Z","level":"info","event":"Task instance in success state","logger":"task.stdout"}
{"timestamp":"2026-05-11T17:41:21.000640Z","level":"info","event":" Previous state of the Task instance: TaskInstanceState.RUNNING","logger":"task.stdout"}
{"timestamp":"2026-05-11T17:41:21.163867Z","level":"info","event":"Task operator:<Task(BashOperator): dbt_snapshot>","logger":"task.stdout"}
