{"timestamp":"2026-05-05T19:51:16.919568Z","level":"info","event":"DAG bundles loaded: dags-folder, example_dags","logger":"airflow.dag_processing.bundles.manager.DagBundlesManager","filename":"manager.py","lineno":209}
{"timestamp":"2026-05-05T19:51:16.961325Z","level":"info","event":"Filling up the DagBag from /opt/airflow/dags/dbt_pipeline.py","logger":"airflow.dag_processing.dagbag.BundleDagBag","filename":"dagbag.py","lineno":469}
{"timestamp":"2026-05-05T19:51:17.972829Z","level":"warning","event":"The `airflow.operators.bash.BashOperator` attribute is deprecated. Please use `'airflow.providers.standard.operators.bash.BashOperator'`.","category":"UserWarning","filename":"/opt/airflow/dags/dbt_pipeline.py","lineno":2,"logger":"py.warnings"}
{"timestamp":"2026-05-05T19:51:19.182029Z","level":"info","event":"Task instance is in running state","logger":"task.stdout"}
{"timestamp":"2026-05-05T19:51:19.183285Z","level":"info","event":" Previous state of the Task instance: TaskInstanceState.QUEUED","logger":"task.stdout"}
{"timestamp":"2026-05-05T19:51:19.184925Z","level":"info","event":"Current task name:dbt_run","logger":"task.stdout"}
{"timestamp":"2026-05-05T19:51:19.186006Z","level":"info","event":"Dag name:hgc_transformaciones_dbt","logger":"task.stdout"}
{"timestamp":"2026-05-05T19:51:19.224611Z","level":"info","event":"Tmp dir root location: /tmp","logger":"airflow.task.hooks.airflow.providers.standard.hooks.subprocess.SubprocessHook","filename":"subprocess.py","lineno":78}
{"timestamp":"2026-05-05T19:51:19.338172Z","level":"info","event":"Running command: ['/usr/bin/bash', '-c', \"cd '/opt/airflow/dbt' && dbt clean && dbt deps && dbt run --profiles-dir .\"]","logger":"airflow.task.hooks.airflow.providers.standard.hooks.subprocess.SubprocessHook","filename":"subprocess.py","lineno":80}
{"timestamp":"2026-05-05T19:51:19.359325Z","level":"info","event":"Output:","logger":"airflow.task.hooks.airflow.providers.standard.hooks.subprocess.SubprocessHook","filename":"subprocess.py","lineno":92}
{"timestamp":"2026-05-05T19:51:31.481860Z","level":"info","event":"\u001b[0m19:51:31  Running with dbt=1.11.8","logger":"airflow.task.hooks.airflow.providers.standard.hooks.subprocess.SubprocessHook","filename":"subprocess.py","lineno":99}
{"timestamp":"2026-05-05T19:51:32.399618Z","level":"info","event":"\u001b[0m19:51:32  Checking /opt/airflow/dbt/dbt_packages/*","logger":"airflow.task.hooks.airflow.providers.standard.hooks.subprocess.SubprocessHook","filename":"subprocess.py","lineno":99}
{"timestamp":"2026-05-05T19:51:32.510226Z","level":"info","event":"\u001b[0m19:51:32  Cleaned /opt/airflow/dbt/dbt_packages/*","logger":"airflow.task.hooks.airflow.providers.standard.hooks.subprocess.SubprocessHook","filename":"subprocess.py","lineno":99}
{"timestamp":"2026-05-05T19:51:32.511241Z","level":"info","event":"\u001b[0m19:51:32  Checking /opt/airflow/dbt/target/*","logger":"airflow.task.hooks.airflow.providers.standard.hooks.subprocess.SubprocessHook","filename":"subprocess.py","lineno":99}
{"timestamp":"2026-05-05T19:51:32.512851Z","level":"info","event":"\u001b[0m19:51:32  Cleaned /opt/airflow/dbt/target/*","logger":"airflow.task.hooks.airflow.providers.standard.hooks.subprocess.SubprocessHook","filename":"subprocess.py","lineno":99}
{"timestamp":"2026-05-05T19:51:32.513444Z","level":"info","event":"\u001b[0m19:51:32  Finished cleaning all paths.","logger":"airflow.task.hooks.airflow.providers.standard.hooks.subprocess.SubprocessHook","filename":"subprocess.py","lineno":99}
{"timestamp":"2026-05-05T19:53:02.800174Z","level":"info","event":"\u001b[0m19:53:02  Running with dbt=1.11.8","logger":"airflow.task.hooks.airflow.providers.standard.hooks.subprocess.SubprocessHook","filename":"subprocess.py","lineno":99}
{"timestamp":"2026-05-05T19:53:08.011748Z","level":"info","event":"\u001b[0m19:53:08  Installing dbt-labs/dbt_utils","logger":"airflow.task.hooks.airflow.providers.standard.hooks.subprocess.SubprocessHook","filename":"subprocess.py","lineno":99}
{"timestamp":"2026-05-05T19:53:19.194664Z","level":"info","event":"\u001b[0m19:53:19  Installed from version 1.1.0","logger":"airflow.task.hooks.airflow.providers.standard.hooks.subprocess.SubprocessHook","filename":"subprocess.py","lineno":99}
{"timestamp":"2026-05-05T19:53:19.196702Z","level":"info","event":"\u001b[0m19:53:19  Updated version available: 1.3.3","logger":"airflow.task.hooks.airflow.providers.standard.hooks.subprocess.SubprocessHook","filename":"subprocess.py","lineno":99}
{"timestamp":"2026-05-05T19:53:19.204572Z","level":"info","event":"\u001b[0m19:53:19","logger":"airflow.task.hooks.airflow.providers.standard.hooks.subprocess.SubprocessHook","filename":"subprocess.py","lineno":99}
{"timestamp":"2026-05-05T19:53:19.210889Z","level":"info","event":"\u001b[0m19:53:19  Updates available for packages: ['dbt-labs/dbt_utils']","logger":"airflow.task.hooks.airflow.providers.standard.hooks.subprocess.SubprocessHook","filename":"subprocess.py","lineno":99}
{"timestamp":"2026-05-05T19:53:19.212124Z","level":"info","event":"Update your versions in packages.yml, then run dbt deps","logger":"airflow.task.hooks.airflow.providers.standard.hooks.subprocess.SubprocessHook","filename":"subprocess.py","lineno":99}
{"timestamp":"2026-05-05T19:53:28.538999Z","level":"info","event":"\u001b[0m19:53:28  Running with dbt=1.11.8","logger":"airflow.task.hooks.airflow.providers.standard.hooks.subprocess.SubprocessHook","filename":"subprocess.py","lineno":99}
{"timestamp":"2026-05-05T19:53:31.851043Z","level":"info","event":"/home/airflow/.local/lib/python3.13/site-packages/snowflake/connector/vendored/requests/__init__.py:113: RequestsDependencyWarning: urllib3 (2.6.3) or chardet (6.0.0.post1)/charset_normalizer (3.4.7) doesn't match a supported version!","logger":"airflow.task.hooks.airflow.providers.standard.hooks.subprocess.SubprocessHook","filename":"subprocess.py","lineno":99}
{"timestamp":"2026-05-05T19:53:31.851645Z","level":"info","event":"  warnings.warn(","logger":"airflow.task.hooks.airflow.providers.standard.hooks.subprocess.SubprocessHook","filename":"subprocess.py","lineno":99}
{"timestamp":"2026-05-05T19:53:33.030200Z","level":"info","event":"\u001b[0m19:53:33  Registered adapter: snowflake=1.11.4","logger":"airflow.task.hooks.airflow.providers.standard.hooks.subprocess.SubprocessHook","filename":"subprocess.py","lineno":99}
{"timestamp":"2026-05-05T19:53:33.488268Z","level":"info","event":"\u001b[0m19:53:33  Unable to do partial parsing because saved manifest not found. Starting full parse.","logger":"airflow.task.hooks.airflow.providers.standard.hooks.subprocess.SubprocessHook","filename":"subprocess.py","lineno":99}
{"timestamp":"2026-05-05T19:53:45.187127Z","level":"info","event":"\u001b[0m19:53:45  Found 91 models, 5 snapshots, 36 sources, 638 macros","logger":"airflow.task.hooks.airflow.providers.standard.hooks.subprocess.SubprocessHook","filename":"subprocess.py","lineno":99}
{"timestamp":"2026-05-05T19:53:45.198736Z","level":"info","event":"\u001b[0m19:53:45","logger":"airflow.task.hooks.airflow.providers.standard.hooks.subprocess.SubprocessHook","filename":"subprocess.py","lineno":99}
{"timestamp":"2026-05-05T19:53:45.203854Z","level":"info","event":"\u001b[0m19:53:45  Concurrency: 4 threads (target='dev')","logger":"airflow.task.hooks.airflow.providers.standard.hooks.subprocess.SubprocessHook","filename":"subprocess.py","lineno":99}
{"timestamp":"2026-05-05T19:53:45.205336Z","level":"info","event":"\u001b[0m19:53:45","logger":"airflow.task.hooks.airflow.providers.standard.hooks.subprocess.SubprocessHook","filename":"subprocess.py","lineno":99}
{"timestamp":"2026-05-05T19:53:52.987615Z","level":"info","event":"\u001b[0m19:53:52  3 of 91 START sql view model SILVER.stg_csv__sucursales ........................ [RUN]","logger":"airflow.task.hooks.airflow.providers.standard.hooks.subprocess.SubprocessHook","filename":"subprocess.py","lineno":99}
{"timestamp":"2026-05-05T19:53:52.989295Z","level":"info","event":"\u001b[0m19:53:52  1 of 91 START sql table model GOLD.dim_hora .................................... [RUN]","logger":"airflow.task.hooks.airflow.providers.standard.hooks.subprocess.SubprocessHook","filename":"subprocess.py","lineno":99}
{"timestamp":"2026-05-05T19:53:52.991624Z","level":"info","event":"\u001b[0m19:53:52  4 of 91 START sql view model SILVER.stg_mariadb__costos_operativos ............. [RUN]","logger":"airflow.task.hooks.airflow.providers.standard.hooks.subprocess.SubprocessHook","filename":"subprocess.py","lineno":99}
{"timestamp":"2026-05-05T19:53:52.993544Z","level":"info","event":"\u001b[0m19:53:52  2 of 91 START sql view model SILVER.stg_csv__calendario ........................ [RUN]","logger":"airflow.task.hooks.airflow.providers.standard.hooks.subprocess.SubprocessHook","filename":"subprocess.py","lineno":99}
{"timestamp":"2026-05-05T19:53:53.721680Z","level":"info","event":"\u001b[0m19:53:53  2 of 91 OK created sql view model SILVER.stg_csv__calendario ................... [\u001b[32mSUCCESS 1\u001b[0m in 0.72s]","logger":"airflow.task.hooks.airflow.providers.standard.hooks.subprocess.SubprocessHook","filename":"subprocess.py","lineno":99}
{"timestamp":"2026-05-05T19:53:53.726002Z","level":"info","event":"\u001b[0m19:53:53  5 of 91 START sql view model SILVER.stg_mariadb__facturas ...................... [RUN]","logger":"airflow.task.hooks.airflow.providers.standard.hooks.subprocess.SubprocessHook","filename":"subprocess.py","lineno":99}
{"timestamp":"2026-05-05T19:53:53.745361Z","level":"info","event":"\u001b[0m19:53:53  4 of 91 OK created sql view model SILVER.stg_mariadb__costos_operativos ........ [\u001b[32mSUCCESS 1\u001b[0m in 0.74s]","logger":"airflow.task.hooks.airflow.providers.standard.hooks.subprocess.SubprocessHook","filename":"subprocess.py","lineno":99}
{"timestamp":"2026-05-05T19:53:53.753544Z","level":"info","event":"\u001b[0m19:53:53  3 of 91 OK created sql view model SILVER.stg_csv__sucursales ................... [\u001b[32mSUCCESS 1\u001b[0m in 0.75s]","logger":"airflow.task.hooks.airflow.providers.standard.hooks.subprocess.SubprocessHook","filename":"subprocess.py","lineno":99}
{"timestamp":"2026-05-05T19:53:53.770447Z","level":"info","event":"\u001b[0m19:53:53  6 of 91 START sql view model SILVER.stg_mariadb__metodos_pago .................. [RUN]","logger":"airflow.task.hooks.airflow.providers.standard.hooks.subprocess.SubprocessHook","filename":"subprocess.py","lineno":99}
{"timestamp":"2026-05-05T19:53:53.778329Z","level":"info","event":"\u001b[0m19:53:53  7 of 91 START sql view model SILVER.stg_mariadb__transacciones_pago ............ [RUN]","logger":"airflow.task.hooks.airflow.providers.standard.hooks.subprocess.SubprocessHook","filename":"subprocess.py","lineno":99}
{"timestamp":"2026-05-05T19:53:54.252295Z","level":"info","event":"\u001b[0m19:53:54  5 of 91 OK created sql view model SILVER.stg_mariadb__facturas ................. [\u001b[32mSUCCESS 1\u001b[0m in 0.52s]","logger":"airflow.task.hooks.airflow.providers.standard.hooks.subprocess.SubprocessHook","filename":"subprocess.py","lineno":99}
{"timestamp":"2026-05-05T19:53:54.257589Z","level":"info","event":"\u001b[0m19:53:54  8 of 91 START sql view model SILVER.stg_mongodb__campanas ...................... [RUN]","logger":"airflow.task.hooks.airflow.providers.standard.hooks.subprocess.SubprocessHook","filename":"subprocess.py","lineno":99}
{"timestamp":"2026-05-05T19:53:54.286785Z","level":"info","event":"\u001b[0m19:53:54  7 of 91 OK created sql view model SILVER.stg_mariadb__transacciones_pago ....... [\u001b[32mSUCCESS 1\u001b[0m in 0.50s]","logger":"airflow.task.hooks.airflow.providers.standard.hooks.subprocess.SubprocessHook","filename":"subprocess.py","lineno":99}
{"timestamp":"2026-05-05T19:53:54.298956Z","level":"info","event":"\u001b[0m19:53:54  9 of 91 START sql view model SILVER.stg_mongodb__clientes ...................... [RUN]","logger":"airflow.task.hooks.airflow.providers.standard.hooks.subprocess.SubprocessHook","filename":"subprocess.py","lineno":99}
{"timestamp":"2026-05-05T19:53:54.358080Z","level":"info","event":"\u001b[0m19:53:54  6 of 91 OK created sql view model SILVER.stg_mariadb__metodos_pago ............. [\u001b[32mSUCCESS 1\u001b[0m in 0.57s]","logger":"airflow.task.hooks.airflow.providers.standard.hooks.subprocess.SubprocessHook","filename":"subprocess.py","lineno":99}
{"timestamp":"2026-05-05T19:53:54.373818Z","level":"info","event":"\u001b[0m19:53:54  10 of 91 START sql view model SILVER.stg_mongodb__cupones ...................... [RUN]","logger":"airflow.task.hooks.airflow.providers.standard.hooks.subprocess.SubprocessHook","filename":"subprocess.py","lineno":99}
{"timestamp":"2026-05-05T19:53:54.528468Z","level":"info","event":"\u001b[0m19:53:54  1 of 91 OK created sql table model GOLD.dim_hora ............................... [\u001b[32mSUCCESS 1440\u001b[0m in 1.53s]","logger":"airflow.task.hooks.airflow.providers.standard.hooks.subprocess.SubprocessHook","filename":"subprocess.py","lineno":99}
{"timestamp":"2026-05-05T19:53:54.534096Z","level":"info","event":"\u001b[0m19:53:54  11 of 91 START sql view model SILVER.stg_mongodb__cupones_redimidos ............ [RUN]","logger":"airflow.task.hooks.airflow.providers.standard.hooks.subprocess.SubprocessHook","filename":"subprocess.py","lineno":99}
{"timestamp":"2026-05-05T19:53:54.805403Z","level":"info","event":"\u001b[0m19:53:54  8 of 91 OK created sql view model SILVER.stg_mongodb__campanas ................. [\u001b[32mSUCCESS 1\u001b[0m in 0.54s]","logger":"airflow.task.hooks.airflow.providers.standard.hooks.subprocess.SubprocessHook","filename":"subprocess.py","lineno":99}
{"timestamp":"2026-05-05T19:53:54.810984Z","level":"info","event":"\u001b[0m19:53:54  12 of 91 START sql view model SILVER.stg_mongodb__programa_lealtad ............. [RUN]","logger":"airflow.task.hooks.airflow.providers.standard.hooks.subprocess.SubprocessHook","filename":"subprocess.py","lineno":99}
{"timestamp":"2026-05-05T19:53:54.839654Z","level":"info","event":"\u001b[0m19:53:54  9 of 91 OK created sql view model SILVER.stg_mongodb__clientes ................. [\u001b[32mSUCCESS 1\u001b[0m in 0.53s]","logger":"airflow.task.hooks.airflow.providers.standard.hooks.subprocess.SubprocessHook","filename":"subprocess.py","lineno":99}
{"timestamp":"2026-05-05T19:53:54.851821Z","level":"info","event":"\u001b[0m19:53:54  10 of 91 OK created sql view model SILVER.stg_mongodb__cupones ................. [\u001b[32mSUCCESS 1\u001b[0m in 0.47s]","logger":"airflow.task.hooks.airflow.providers.standard.hooks.subprocess.SubprocessHook","filename":"subprocess.py","lineno":99}
{"timestamp":"2026-05-05T19:53:54.858658Z","level":"info","event":"\u001b[0m19:53:54  13 of 91 START sql view model SILVER.stg_mysql__almacenes ...................... [RUN]","logger":"airflow.task.hooks.airflow.providers.standard.hooks.subprocess.SubprocessHook","filename":"subprocess.py","lineno":99}
{"timestamp":"2026-05-05T19:53:54.865548Z","level":"info","event":"\u001b[0m19:53:54  14 of 91 START sql view model SILVER.stg_mysql__detalle_oc ..................... [RUN]","logger":"airflow.task.hooks.airflow.providers.standard.hooks.subprocess.SubprocessHook","filename":"subprocess.py","lineno":99}
{"timestamp":"2026-05-05T19:53:55.064111Z","level":"info","event":"\u001b[0m19:53:55  11 of 91 OK created sql view model SILVER.stg_mongodb__cupones_redimidos ....... [\u001b[32mSUCCESS 1\u001b[0m in 0.52s]","logger":"airflow.task.hooks.airflow.providers.standard.hooks.subprocess.SubprocessHook","filename":"subprocess.py","lineno":99}
{"timestamp":"2026-05-05T19:53:55.072040Z","level":"info","event":"\u001b[0m19:53:55  15 of 91 START sql view model SILVER.stg_mysql__insumos ........................ [RUN]","logger":"airflow.task.hooks.airflow.providers.standard.hooks.subprocess.SubprocessHook","filename":"subprocess.py","lineno":99}
{"timestamp":"2026-05-05T19:53:55.340734Z","level":"info","event":"\u001b[0m19:53:55  12 of 91 OK created sql view model SILVER.stg_mongodb__programa_lealtad ........ [\u001b[32mSUCCESS 1\u001b[0m in 0.53s]","logger":"airflow.task.hooks.airflow.providers.standard.hooks.subprocess.SubprocessHook","filename":"subprocess.py","lineno":99}
{"timestamp":"2026-05-05T19:53:55.347699Z","level":"info","event":"\u001b[0m19:53:55  16 of 91 START sql view model SILVER.stg_mysql__movimientos_inventario ......... [RUN]","logger":"airflow.task.hooks.airflow.providers.standard.hooks.subprocess.SubprocessHook","filename":"subprocess.py","lineno":99}
{"timestamp":"2026-05-05T19:53:55.368354Z","level":"info","event":"\u001b[0m19:53:55  13 of 91 OK created sql view model SILVER.stg_mysql__almacenes ................. [\u001b[32mSUCCESS 1\u001b[0m in 0.50s]","logger":"airflow.task.hooks.airflow.providers.standard.hooks.subprocess.SubprocessHook","filename":"subprocess.py","lineno":99}
{"timestamp":"2026-05-05T19:53:55.395369Z","level":"info","event":"\u001b[0m19:53:55  14 of 91 OK created sql view model SILVER.stg_mysql__detalle_oc ................ [\u001b[32mSUCCESS 1\u001b[0m in 0.52s]","logger":"airflow.task.hooks.airflow.providers.standard.hooks.subprocess.SubprocessHook","filename":"subprocess.py","lineno":99}
{"timestamp":"2026-05-05T19:53:55.398430Z","level":"info","event":"\u001b[0m19:53:55  17 of 91 START sql view model SILVER.stg_mysql__ordenes_compra ................. [RUN]","logger":"airflow.task.hooks.airflow.providers.standard.hooks.subprocess.SubprocessHook","filename":"subprocess.py","lineno":99}
{"timestamp":"2026-05-05T19:53:55.412417Z","level":"info","event":"\u001b[0m19:53:55  18 of 91 START sql view model SILVER.stg_mysql__proveedores .................... [RUN]","logger":"airflow.task.hooks.airflow.providers.standard.hooks.subprocess.SubprocessHook","filename":"subprocess.py","lineno":99}
{"timestamp":"2026-05-05T19:53:55.565455Z","level":"info","event":"\u001b[0m19:53:55  15 of 91 OK created sql view model SILVER.stg_mysql__insumos ................... [\u001b[32mSUCCESS 1\u001b[0m in 0.48s]","logger":"airflow.task.hooks.airflow.providers.standard.hooks.subprocess.SubprocessHook","filename":"subprocess.py","lineno":99}
{"timestamp":"2026-05-05T19:53:55.583525Z","level":"info","event":"\u001b[0m19:53:55  19 of 91 START sql view model SILVER.stg_mysql__recetas_bom .................... [RUN]","logger":"airflow.task.hooks.airflow.providers.standard.hooks.subprocess.SubprocessHook","filename":"subprocess.py","lineno":99}
{"timestamp":"2026-05-05T19:53:55.982784Z","level":"info","event":"\u001b[0m19:53:55  16 of 91 OK created sql view model SILVER.stg_mysql__movimientos_inventario .... [\u001b[32mSUCCESS 1\u001b[0m in 0.60s]","logger":"airflow.task.hooks.airflow.providers.standard.hooks.subprocess.SubprocessHook","filename":"subprocess.py","lineno":99}
{"timestamp":"2026-05-05T19:53:55.997261Z","level":"info","event":"\u001b[0m19:53:55  17 of 91 OK created sql view model SILVER.stg_mysql__ordenes_compra ............ [\u001b[32mSUCCESS 1\u001b[0m in 0.57s]","logger":"airflow.task.hooks.airflow.providers.standard.hooks.subprocess.SubprocessHook","filename":"subprocess.py","lineno":99}
{"timestamp":"2026-05-05T19:53:56.154028Z","level":"info","event":"\u001b[0m19:53:56  18 of 91 OK created sql view model SILVER.stg_mysql__proveedores ............... [\u001b[32mSUCCESS 1\u001b[0m in 0.62s]","logger":"airflow.task.hooks.airflow.providers.standard.hooks.subprocess.SubprocessHook","filename":"subprocess.py","lineno":99}
{"timestamp":"2026-05-05T19:53:56.196558Z","level":"info","event":"\u001b[0m19:53:56  20 of 91 START sql view model SILVER.stg_mysql__stock .......................... [RUN]","logger":"airflow.task.hooks.airflow.providers.standard.hooks.subprocess.SubprocessHook","filename":"subprocess.py","lineno":99}
{"timestamp":"2026-05-05T19:53:56.224144Z","level":"info","event":"\u001b[0m19:53:56  21 of 91 START sql view model SILVER.stg_postgres__canales_venta ............... [RUN]","logger":"airflow.task.hooks.airflow.providers.standard.hooks.subprocess.SubprocessHook","filename":"subprocess.py","lineno":99}
{"timestamp":"2026-05-05T19:53:56.276138Z","level":"info","event":"\u001b[0m19:53:56  22 of 91 START sql view model SILVER.stg_postgres__categorias_producto ......... [RUN]","logger":"airflow.task.hooks.airflow.providers.standard.hooks.subprocess.SubprocessHook","filename":"subprocess.py","lineno":99}
{"timestamp":"2026-05-05T19:53:56.326044Z","level":"info","event":"\u001b[0m19:53:56  19 of 91 OK created sql view model SILVER.stg_mysql__recetas_bom ............... [\u001b[32mSUCCESS 1\u001b[0m in 0.70s]","logger":"airflow.task.hooks.airflow.providers.standard.hooks.subprocess.SubprocessHook","filename":"subprocess.py","lineno":99}
{"timestamp":"2026-05-05T19:53:56.409622Z","level":"info","event":"\u001b[0m19:53:56  23 of 91 START sql view model SILVER.stg_postgres__combo_detalle ............... [RUN]","logger":"airflow.task.hooks.airflow.providers.standard.hooks.subprocess.SubprocessHook","filename":"subprocess.py","lineno":99}
{"timestamp":"2026-05-05T19:53:56.950503Z","level":"info","event":"\u001b[0m19:53:56  21 of 91 OK created sql view model SILVER.stg_postgres__canales_venta .......... [\u001b[32mSUCCESS 1\u001b[0m in 0.72s]","logger":"airflow.task.hooks.airflow.providers.standard.hooks.subprocess.SubprocessHook","filename":"subprocess.py","lineno":99}
{"timestamp":"2026-05-05T19:53:56.965730Z","level":"info","event":"\u001b[0m19:53:56  24 of 91 START sql view model SILVER.stg_postgres__delivery_orden .............. [RUN]","logger":"airflow.task.hooks.airflow.providers.standard.hooks.subprocess.SubprocessHook","filename":"subprocess.py","lineno":99}
{"timestamp":"2026-05-05T19:53:57.043756Z","level":"info","event":"\u001b[0m19:53:57  20 of 91 OK created sql view model SILVER.stg_mysql__stock ..................... [\u001b[32mSUCCESS 1\u001b[0m in 0.79s]","logger":"airflow.task.hooks.airflow.providers.standard.hooks.subprocess.SubprocessHook","filename":"subprocess.py","lineno":99}
{"timestamp":"2026-05-05T19:53:57.081131Z","level":"info","event":"\u001b[0m19:53:57  25 of 91 START sql view model SILVER.stg_postgres__detalle_pedido .............. [RUN]","logger":"airflow.task.hooks.airflow.providers.standard.hooks.subprocess.SubprocessHook","filename":"subprocess.py","lineno":99}
{"timestamp":"2026-05-05T19:53:58.139193Z","level":"info","event":"\u001b[0m19:53:58  23 of 91 OK created sql view model SILVER.stg_postgres__combo_detalle .......... [\u001b[32mSUCCESS 1\u001b[0m in 0.87s]","logger":"airflow.task.hooks.airflow.providers.standard.hooks.subprocess.SubprocessHook","filename":"subprocess.py","lineno":99}
{"timestamp":"2026-05-05T19:53:58.143188Z","level":"info","event":"\u001b[0m19:53:58  24 of 91 OK created sql view model SILVER.stg_postgres__delivery_orden ......... [\u001b[32mSUCCESS 1\u001b[0m in 0.63s]","logger":"airflow.task.hooks.airflow.providers.standard.hooks.subprocess.SubprocessHook","filename":"subprocess.py","lineno":99}
{"timestamp":"2026-05-05T19:53:58.154612Z","level":"info","event":"\u001b[0m19:53:58  25 of 91 OK created sql view model SILVER.stg_postgres__detalle_pedido ......... [\u001b[32mSUCCESS 1\u001b[0m in 0.55s]","logger":"airflow.task.hooks.airflow.providers.standard.hooks.subprocess.SubprocessHook","filename":"subprocess.py","lineno":99}
{"timestamp":"2026-05-05T19:53:58.161319Z","level":"info","event":"\u001b[0m19:53:58  22 of 91 OK created sql view model SILVER.stg_postgres__categorias_producto .... [\u001b[32mSUCCESS 1\u001b[0m in 0.88s]","logger":"airflow.task.hooks.airflow.providers.standard.hooks.subprocess.SubprocessHook","filename":"subprocess.py","lineno":99}
{"timestamp":"2026-05-05T19:53:58.188571Z","level":"info","event":"\u001b[0m19:53:58  26 of 91 START sql view model SILVER.stg_postgres__estados_pedido .............. [RUN]","logger":"airflow.task.hooks.airflow.providers.standard.hooks.subprocess.SubprocessHook","filename":"subprocess.py","lineno":99}
{"timestamp":"2026-05-05T19:53:58.195354Z","level":"info","event":"\u001b[0m19:53:58  27 of 91 START sql view model SILVER.stg_postgres__pedido_cupon ................ [RUN]","logger":"airflow.task.hooks.airflow.providers.standard.hooks.subprocess.SubprocessHook","filename":"subprocess.py","lineno":99}
{"timestamp":"2026-05-05T19:53:58.201133Z","level":"info","event":"\u001b[0m19:53:58  28 of 91 START sql view model SILVER.stg_postgres__pedidos ..................... [RUN]","logger":"airflow.task.hooks.airflow.providers.standard.hooks.subprocess.SubprocessHook","filename":"subprocess.py","lineno":99}
{"timestamp":"2026-05-05T19:53:58.209131Z","level":"info","event":"\u001b[0m19:53:58  29 of 91 START sql view model SILVER.stg_postgres__plataformas_delivery ........ [RUN]","logger":"airflow.task.hooks.airflow.providers.standard.hooks.subprocess.SubprocessHook","filename":"subprocess.py","lineno":99}
{"timestamp":"2026-05-05T19:53:58.964515Z","level":"info","event":"\u001b[0m19:53:58  27 of 91 OK created sql view model SILVER.stg_postgres__pedido_cupon ........... [\u001b[32mSUCCESS 1\u001b[0m in 0.74s]","logger":"airflow.task.hooks.airflow.providers.standard.hooks.subprocess.SubprocessHook","filename":"subprocess.py","lineno":99}
{"timestamp":"2026-05-05T19:53:58.984002Z","level":"info","event":"\u001b[0m19:53:58  26 of 91 OK created sql view model SILVER.stg_postgres__estados_pedido ......... [\u001b[32mSUCCESS 1\u001b[0m in 0.77s]","logger":"airflow.task.hooks.airflow.providers.standard.hooks.subprocess.SubprocessHook","filename":"subprocess.py","lineno":99}
{"timestamp":"2026-05-05T19:53:59.008919Z","level":"info","event":"\u001b[0m19:53:59  28 of 91 OK created sql view model SILVER.stg_postgres__pedidos ................ [\u001b[32mSUCCESS 1\u001b[0m in 0.77s]","logger":"airflow.task.hooks.airflow.providers.standard.hooks.subprocess.SubprocessHook","filename":"subprocess.py","lineno":99}
{"timestamp":"2026-05-05T19:53:59.012191Z","level":"info","event":"\u001b[0m19:53:59  30 of 91 START sql view model SILVER.stg_postgres__productos ................... [RUN]","logger":"airflow.task.hooks.airflow.providers.standard.hooks.subprocess.SubprocessHook","filename":"subprocess.py","lineno":99}
{"timestamp":"2026-05-05T19:53:59.031555Z","level":"info","event":"\u001b[0m19:53:59  31 of 91 START sql view model SILVER.stg_sqlserver__asignacion_turnos .......... [RUN]","logger":"airflow.task.hooks.airflow.providers.standard.hooks.subprocess.SubprocessHook","filename":"subprocess.py","lineno":99}
{"timestamp":"2026-05-05T19:53:59.035113Z","level":"info","event":"\u001b[0m19:53:59  29 of 91 OK created sql view model SILVER.stg_postgres__plataformas_delivery ... [\u001b[32mSUCCESS 1\u001b[0m in 0.80s]","logger":"airflow.task.hooks.airflow.providers.standard.hooks.subprocess.SubprocessHook","filename":"subprocess.py","lineno":99}
{"timestamp":"2026-05-05T19:53:59.062853Z","level":"info","event":"\u001b[0m19:53:59  32 of 91 START sql view model SILVER.stg_sqlserver__asistencia ................. [RUN]","logger":"airflow.task.hooks.airflow.providers.standard.hooks.subprocess.SubprocessHook","filename":"subprocess.py","lineno":99}
{"timestamp":"2026-05-05T19:53:59.109600Z","level":"info","event":"\u001b[0m19:53:59  33 of 91 START sql view model SILVER.stg_sqlserver__cargos ..................... [RUN]","logger":"airflow.task.hooks.airflow.providers.standard.hooks.subprocess.SubprocessHook","filename":"subprocess.py","lineno":99}
{"timestamp":"2026-05-05T19:53:59.759018Z","level":"info","event":"\u001b[0m19:53:59  31 of 91 OK created sql view model SILVER.stg_sqlserver__asignacion_turnos ..... [\u001b[32mSUCCESS 1\u001b[0m in 0.69s]","logger":"airflow.task.hooks.airflow.providers.standard.hooks.subprocess.SubprocessHook","filename":"subprocess.py","lineno":99}
{"timestamp":"2026-05-05T19:53:59.782431Z","level":"info","event":"\u001b[0m19:53:59  33 of 91 OK created sql view model SILVER.stg_sqlserver__cargos ................ [\u001b[32mSUCCESS 1\u001b[0m in 0.65s]","logger":"airflow.task.hooks.airflow.providers.standard.hooks.subprocess.SubprocessHook","filename":"subprocess.py","lineno":99}
{"timestamp":"2026-05-05T19:53:59.790223Z","level":"info","event":"\u001b[0m19:53:59  30 of 91 OK created sql view model SILVER.stg_postgres__productos .............. [\u001b[32mSUCCESS 1\u001b[0m in 0.75s]","logger":"airflow.task.hooks.airflow.providers.standard.hooks.subprocess.SubprocessHook","filename":"subprocess.py","lineno":99}
{"timestamp":"2026-05-05T19:53:59.795925Z","level":"info","event":"\u001b[0m19:53:59  34 of 91 START sql view model SILVER.stg_sqlserver__departamentos .............. [RUN]","logger":"airflow.task.hooks.airflow.providers.standard.hooks.subprocess.SubprocessHook","filename":"subprocess.py","lineno":99}
{"timestamp":"2026-05-05T19:53:59.812630Z","level":"info","event":"\u001b[0m19:53:59  35 of 91 START sql view model SILVER.stg_sqlserver__empleados .................. [RUN]","logger":"airflow.task.hooks.airflow.providers.standard.hooks.subprocess.SubprocessHook","filename":"subprocess.py","lineno":99}
{"timestamp":"2026-05-05T19:53:59.819117Z","level":"info","event":"\u001b[0m19:53:59  36 of 91 START sql view model SILVER.stg_sqlserver__evaluacion_desempeno ....... [RUN]","logger":"airflow.task.hooks.airflow.providers.standard.hooks.subprocess.SubprocessHook","filename":"subprocess.py","lineno":99}
{"timestamp":"2026-05-05T19:53:59.895540Z","level":"info","event":"\u001b[0m19:53:59  32 of 91 OK created sql view model SILVER.stg_sqlserver__asistencia ............ [\u001b[32mSUCCESS 1\u001b[0m in 0.79s]","logger":"airflow.task.hooks.airflow.providers.standard.hooks.subprocess.SubprocessHook","filename":"subprocess.py","lineno":99}
{"timestamp":"2026-05-05T19:53:59.924161Z","level":"info","event":"\u001b[0m19:53:59  37 of 91 START sql view model SILVER.stg_sqlserver__turnos ..................... [RUN]","logger":"airflow.task.hooks.airflow.providers.standard.hooks.subprocess.SubprocessHook","filename":"subprocess.py","lineno":99}
{"timestamp":"2026-05-05T19:54:00.366796Z","level":"info","event":"\u001b[0m19:54:00  34 of 91 OK created sql view model SILVER.stg_sqlserver__departamentos ......... [\u001b[32mSUCCESS 1\u001b[0m in 0.55s]","logger":"airflow.task.hooks.airflow.providers.standard.hooks.subprocess.SubprocessHook","filename":"subprocess.py","lineno":99}
{"timestamp":"2026-05-05T19:54:00.375132Z","level":"info","event":"\u001b[0m19:54:00  38 of 91 START sql table model GOLD.dim_tiempo ................................. [RUN]","logger":"airflow.task.hooks.airflow.providers.standard.hooks.subprocess.SubprocessHook","filename":"subprocess.py","lineno":99}
{"timestamp":"2026-05-05T19:54:00.485003Z","level":"info","event":"\u001b[0m19:54:00  35 of 91 OK created sql view model SILVER.stg_sqlserver__empleados ............. [\u001b[32mSUCCESS 1\u001b[0m in 0.66s]","logger":"airflow.task.hooks.airflow.providers.standard.hooks.subprocess.SubprocessHook","filename":"subprocess.py","lineno":99}
{"timestamp":"2026-05-05T19:54:00.502075Z","level":"info","event":"\u001b[0m19:54:00  36 of 91 OK created sql view model SILVER.stg_sqlserver__evaluacion_desempeno .. [\u001b[32mSUCCESS 1\u001b[0m in 0.66s]","logger":"airflow.task.hooks.airflow.providers.standard.hooks.subprocess.SubprocessHook","filename":"subprocess.py","lineno":99}
{"timestamp":"2026-05-05T19:54:00.514156Z","level":"info","event":"\u001b[0m19:54:00  39 of 91 START sql table model GOLD.dim_categoriacosto ......................... [RUN]","logger":"airflow.task.hooks.airflow.providers.standard.hooks.subprocess.SubprocessHook","filename":"subprocess.py","lineno":99}
{"timestamp":"2026-05-05T19:54:00.532209Z","level":"info","event":"\u001b[0m19:54:00  40 of 91 START sql table model GOLD.dim_sucursal ............................... [RUN]","logger":"airflow.task.hooks.airflow.providers.standard.hooks.subprocess.SubprocessHook","filename":"subprocess.py","lineno":99}
{"timestamp":"2026-05-05T19:54:00.558624Z","level":"info","event":"\u001b[0m19:54:00  37 of 91 OK created sql view model SILVER.stg_sqlserver__turnos ................ [\u001b[32mSUCCESS 1\u001b[0m in 0.61s]","logger":"airflow.task.hooks.airflow.providers.standard.hooks.subprocess.SubprocessHook","filename":"subprocess.py","lineno":99}
{"timestamp":"2026-05-05T19:54:00.581879Z","level":"info","event":"\u001b[0m19:54:00  41 of 91 START sql table model GOLD.dim_metodopago ............................. [RUN]","logger":"airflow.task.hooks.airflow.providers.standard.hooks.subprocess.SubprocessHook","filename":"subprocess.py","lineno":99}
{"timestamp":"2026-05-05T19:54:00.975328Z","level":"info","event":"\u001b[0m19:54:00  40 of 91 ERROR creating sql table model GOLD.dim_sucursal ...................... [\u001b[31mERROR\u001b[0m in 0.43s]","logger":"airflow.task.hooks.airflow.providers.standard.hooks.subprocess.SubprocessHook","filename":"subprocess.py","lineno":99}
{"timestamp":"2026-05-05T19:54:00.982730Z","level":"info","event":"\u001b[0m19:54:00  42 of 91 START sql view model SILVER.int_clientes_enriquecidos ................. [RUN]","logger":"airflow.task.hooks.airflow.providers.standard.hooks.subprocess.SubprocessHook","filename":"subprocess.py","lineno":99}
{"timestamp":"2026-05-05T19:54:01.340679Z","level":"info","event":"\u001b[0m19:54:01  42 of 91 ERROR creating sql view model SILVER.int_clientes_enriquecidos ........ [\u001b[31mERROR\u001b[0m in 0.35s]","logger":"airflow.task.hooks.airflow.providers.standard.hooks.subprocess.SubprocessHook","filename":"subprocess.py","lineno":99}
{"timestamp":"2026-05-05T19:54:01.351134Z","level":"info","event":"\u001b[0m19:54:01  43 of 91 START sql table model GOLD.dim_cupon .................................. [RUN]","logger":"airflow.task.hooks.airflow.providers.standard.hooks.subprocess.SubprocessHook","filename":"subprocess.py","lineno":99}
{"timestamp":"2026-05-05T19:54:01.954968Z","level":"info","event":"\u001b[0m19:54:01  39 of 91 OK created sql table model GOLD.dim_categoriacosto .................... [\u001b[32mSUCCESS 2\u001b[0m in 1.43s]","logger":"airflow.task.hooks.airflow.providers.standard.hooks.subprocess.SubprocessHook","filename":"subprocess.py","lineno":99}
{"timestamp":"2026-05-05T19:54:01.965683Z","level":"info","event":"\u001b[0m19:54:01  44 of 91 START sql view model SILVER.int_almacenes_enriquecidos ................ [RUN]","logger":"airflow.task.hooks.airflow.providers.standard.hooks.subprocess.SubprocessHook","filename":"subprocess.py","lineno":99}
{"timestamp":"2026-05-05T19:54:01.985192Z","level":"info","event":"\u001b[0m19:54:01  38 of 91 OK created sql table model GOLD.dim_tiempo ............................ [\u001b[32mSUCCESS 4249\u001b[0m in 1.60s]","logger":"airflow.task.hooks.airflow.providers.standard.hooks.subprocess.SubprocessHook","filename":"subprocess.py","lineno":99}
{"timestamp":"2026-05-05T19:54:02.001883Z","level":"info","event":"\u001b[0m19:54:02  45 of 91 START sql table model GOLD.dim_insumo ................................. [RUN]","logger":"airflow.task.hooks.airflow.providers.standard.hooks.subprocess.SubprocessHook","filename":"subprocess.py","lineno":99}
{"timestamp":"2026-05-05T19:54:02.102858Z","level":"info","event":"\u001b[0m19:54:02  41 of 91 OK created sql table model GOLD.dim_metodopago ........................ [\u001b[32mSUCCESS 4\u001b[0m in 1.51s]","logger":"airflow.task.hooks.airflow.providers.standard.hooks.subprocess.SubprocessHook","filename":"subprocess.py","lineno":99}
{"timestamp":"2026-05-05T19:54:02.113166Z","level":"info","event":"\u001b[0m19:54:02  46 of 91 START sql table model GOLD.dim_tipomovimiento ......................... [RUN]","logger":"airflow.task.hooks.airflow.providers.standard.hooks.subprocess.SubprocessHook","filename":"subprocess.py","lineno":99}
{"timestamp":"2026-05-05T19:54:02.360735Z","level":"info","event":"\u001b[0m19:54:02  45 of 91 ERROR creating sql table model GOLD.dim_insumo ........................ [\u001b[31mERROR\u001b[0m in 0.35s]","logger":"airflow.task.hooks.airflow.providers.standard.hooks.subprocess.SubprocessHook","filename":"subprocess.py","lineno":99}
{"timestamp":"2026-05-05T19:54:02.370580Z","level":"info","event":"\u001b[0m19:54:02  47 of 91 START sql table model GOLD.dim_proveedor .............................. [RUN]","logger":"airflow.task.hooks.airflow.providers.standard.hooks.subprocess.SubprocessHook","filename":"subprocess.py","lineno":99}
{"timestamp":"2026-05-05T19:54:02.578586Z","level":"info","event":"\u001b[0m19:54:02  44 of 91 OK created sql view model SILVER.int_almacenes_enriquecidos ........... [\u001b[32mSUCCESS 1\u001b[0m in 0.60s]","logger":"airflow.task.hooks.airflow.providers.standard.hooks.subprocess.SubprocessHook","filename":"subprocess.py","lineno":99}
{"timestamp":"2026-05-05T19:54:02.583859Z","level":"info","event":"\u001b[0m19:54:02  48 of 91 START sql table model GOLD.dim_canalventa ............................. [RUN]","logger":"airflow.task.hooks.airflow.providers.standard.hooks.subprocess.SubprocessHook","filename":"subprocess.py","lineno":99}
{"timestamp":"2026-05-05T19:54:02.682106Z","level":"info","event":"\u001b[0m19:54:02  43 of 91 OK created sql table model GOLD.dim_cupon ............................. [\u001b[32mSUCCESS 3\u001b[0m in 1.32s]","logger":"airflow.task.hooks.airflow.providers.standard.hooks.subprocess.SubprocessHook","filename":"subprocess.py","lineno":99}
{"timestamp":"2026-05-05T19:54:02.687951Z","level":"info","event":"\u001b[0m19:54:02  49 of 91 START sql view model SILVER.int_demanda_insumos ....................... [RUN]","logger":"airflow.task.hooks.airflow.providers.standard.hooks.subprocess.SubprocessHook","filename":"subprocess.py","lineno":99}
{"timestamp":"2026-05-05T19:54:03.498171Z","level":"info","event":"\u001b[0m19:54:03  49 of 91 OK created sql view model SILVER.int_demanda_insumos .................. [\u001b[32mSUCCESS 1\u001b[0m in 0.81s]","logger":"airflow.task.hooks.airflow.providers.standard.hooks.subprocess.SubprocessHook","filename":"subprocess.py","lineno":99}
{"timestamp":"2026-05-05T19:54:03.503729Z","level":"info","event":"\u001b[0m19:54:03  50 of 91 START sql table model GOLD.dim_estadopedido ........................... [RUN]","logger":"airflow.task.hooks.airflow.providers.standard.hooks.subprocess.SubprocessHook","filename":"subprocess.py","lineno":99}
{"timestamp":"2026-05-05T19:54:03.560337Z","level":"info","event":"\u001b[0m19:54:03  47 of 91 OK created sql table model GOLD.dim_proveedor ......................... [\u001b[32mSUCCESS 10\u001b[0m in 1.18s]","logger":"airflow.task.hooks.airflow.providers.standard.hooks.subprocess.SubprocessHook","filename":"subprocess.py","lineno":99}
{"timestamp":"2026-05-05T19:54:03.567021Z","level":"info","event":"\u001b[0m19:54:03  51 of 91 START sql table model GOLD.dim_plataformadelivery ..................... [RUN]","logger":"airflow.task.hooks.airflow.providers.standard.hooks.subprocess.SubprocessHook","filename":"subprocess.py","lineno":99}
{"timestamp":"2026-05-05T19:54:03.634014Z","level":"info","event":"\u001b[0m19:54:03  48 of 91 OK created sql table model GOLD.dim_canalventa ........................ [\u001b[32mSUCCESS 5\u001b[0m in 1.03s]","logger":"airflow.task.hooks.airflow.providers.standard.hooks.subprocess.SubprocessHook","filename":"subprocess.py","lineno":99}
{"timestamp":"2026-05-05T19:54:03.655549Z","level":"info","event":"\u001b[0m19:54:03  46 of 91 OK created sql table model GOLD.dim_tipomovimiento .................... [\u001b[32mSUCCESS 2\u001b[0m in 1.53s]","logger":"airflow.task.hooks.airflow.providers.standard.hooks.subprocess.SubprocessHook","filename":"subprocess.py","lineno":99}
{"timestamp":"2026-05-05T19:54:03.657930Z","level":"info","event":"\u001b[0m19:54:03  52 of 91 START sql view model SILVER.int_productos_enriquecidos ................ [RUN]","logger":"airflow.task.hooks.airflow.providers.standard.hooks.subprocess.SubprocessHook","filename":"subprocess.py","lineno":99}
{"timestamp":"2026-05-05T19:54:03.682696Z","level":"info","event":"\u001b[0m19:54:03  53 of 91 START sql view model SILVER.int_empleados_enriquecidos ................ [RUN]","logger":"airflow.task.hooks.airflow.providers.standard.hooks.subprocess.SubprocessHook","filename":"subprocess.py","lineno":99}
{"timestamp":"2026-05-05T19:54:04.071451Z","level":"info","event":"\u001b[0m19:54:04  52 of 91 ERROR creating sql view model SILVER.int_productos_enriquecidos ....... [\u001b[31mERROR\u001b[0m in 0.39s]","logger":"airflow.task.hooks.airflow.providers.standard.hooks.subprocess.SubprocessHook","filename":"subprocess.py","lineno":99}
{"timestamp":"2026-05-05T19:54:04.092258Z","level":"info","event":"\u001b[0m19:54:04  54 of 91 START sql table model GOLD.dim_turno .................................. [RUN]","logger":"airflow.task.hooks.airflow.providers.standard.hooks.subprocess.SubprocessHook","filename":"subprocess.py","lineno":99}
{"timestamp":"2026-05-05T19:54:04.103238Z","level":"info","event":"\u001b[0m19:54:04  53 of 91 ERROR creating sql view model SILVER.int_empleados_enriquecidos ....... [\u001b[31mERROR\u001b[0m in 0.40s]","logger":"airflow.task.hooks.airflow.providers.standard.hooks.subprocess.SubprocessHook","filename":"subprocess.py","lineno":99}
{"timestamp":"2026-05-05T19:54:04.136057Z","level":"info","event":"\u001b[0m19:54:04  55 of 91 SKIP relation GOLD.fact_facturacion ................................... [\u001b[33mSKIP\u001b[0m]","logger":"airflow.task.hooks.airflow.providers.standard.hooks.subprocess.SubprocessHook","filename":"subprocess.py","lineno":99}
{"timestamp":"2026-05-05T19:54:04.148263Z","level":"info","event":"\u001b[0m19:54:04  56 of 91 SKIP relation GOLD.dim_cliente ........................................ [\u001b[33mSKIP\u001b[0m]","logger":"airflow.task.hooks.airflow.providers.standard.hooks.subprocess.SubprocessHook","filename":"subprocess.py","lineno":99}
{"timestamp":"2026-05-05T19:54:04.164121Z","level":"info","event":"\u001b[0m19:54:04  57 of 91 SKIP relation GOLD.fact_costos_operativos ............................. [\u001b[33mSKIP\u001b[0m]","logger":"airflow.task.hooks.airflow.providers.standard.hooks.subprocess.SubprocessHook","filename":"subprocess.py","lineno":99}
{"timestamp":"2026-05-05T19:54:04.180836Z","level":"info","event":"\u001b[0m19:54:04  58 of 91 SKIP relation GOLD.fact_transacciones_pago ............................ [\u001b[33mSKIP\u001b[0m]","logger":"airflow.task.hooks.airflow.providers.standard.hooks.subprocess.SubprocessHook","filename":"subprocess.py","lineno":99}
{"timestamp":"2026-05-05T19:54:04.223757Z","level":"info","event":"\u001b[0m19:54:04  59 of 91 START sql table model GOLD.dim_almacen ................................ [RUN]","logger":"airflow.task.hooks.airflow.providers.standard.hooks.subprocess.SubprocessHook","filename":"subprocess.py","lineno":99}
{"timestamp":"2026-05-05T19:54:05.612317Z","level":"info","event":"\u001b[0m19:54:05  51 of 91 OK created sql table model GOLD.dim_plataformadelivery ................ [\u001b[32mSUCCESS 3\u001b[0m in 1.20s]","logger":"airflow.task.hooks.airflow.providers.standard.hooks.subprocess.SubprocessHook","filename":"subprocess.py","lineno":99}
{"timestamp":"2026-05-05T19:54:05.618265Z","level":"info","event":"\u001b[0m19:54:05  50 of 91 OK created sql table model GOLD.dim_estadopedido ...................... [\u001b[32mSUCCESS 4\u001b[0m in 1.18s]","logger":"airflow.task.hooks.airflow.providers.standard.hooks.subprocess.SubprocessHook","filename":"subprocess.py","lineno":99}
{"timestamp":"2026-05-05T19:54:05.630832Z","level":"info","event":"\u001b[0m19:54:05  60 of 91 START sql table model features.feat_inventario_demanda ................ [RUN]","logger":"airflow.task.hooks.airflow.providers.standard.hooks.subprocess.SubprocessHook","filename":"subprocess.py","lineno":99}
{"timestamp":"2026-05-05T19:54:05.632755Z","level":"info","event":"\u001b[0m19:54:05  61 of 91 SKIP relation GOLD.fact_compras_detalle ............................... [\u001b[33mSKIP\u001b[0m]","logger":"airflow.task.hooks.airflow.providers.standard.hooks.subprocess.SubprocessHook","filename":"subprocess.py","lineno":99}
{"timestamp":"2026-05-05T19:54:05.657631Z","level":"info","event":"\u001b[0m19:54:05  62 of 91 SKIP relation GOLD.dim_producto ....................................... [\u001b[33mSKIP\u001b[0m]","logger":"airflow.task.hooks.airflow.providers.standard.hooks.subprocess.SubprocessHook","filename":"subprocess.py","lineno":99}
{"timestamp":"2026-05-05T19:54:05.664632Z","level":"info","event":"\u001b[0m19:54:05  63 of 91 SKIP relation GOLD.dim_empleado ....................................... [\u001b[33mSKIP\u001b[0m]","logger":"airflow.task.hooks.airflow.providers.standard.hooks.subprocess.SubprocessHook","filename":"subprocess.py","lineno":99}
{"timestamp":"2026-05-05T19:54:05.674383Z","level":"info","event":"\u001b[0m19:54:05  64 of 91 SKIP relation GOLD.fact_estado_lealtad_mensual ........................ [\u001b[33mSKIP\u001b[0m]","logger":"airflow.task.hooks.airflow.providers.standard.hooks.subprocess.SubprocessHook","filename":"subprocess.py","lineno":99}
{"timestamp":"2026-05-05T19:54:05.683405Z","level":"info","event":"\u001b[0m19:54:05  65 of 91 SKIP relation GOLD.fact_redencion_cupones ............................. [\u001b[33mSKIP\u001b[0m]","logger":"airflow.task.hooks.airflow.providers.standard.hooks.subprocess.SubprocessHook","filename":"subprocess.py","lineno":99}
{"timestamp":"2026-05-05T19:54:05.693808Z","level":"info","event":"\u001b[0m19:54:05  66 of 91 SKIP relation GOLD.fact_delivery ...................................... [\u001b[33mSKIP\u001b[0m]","logger":"airflow.task.hooks.airflow.providers.standard.hooks.subprocess.SubprocessHook","filename":"subprocess.py","lineno":99}
{"timestamp":"2026-05-05T19:54:05.701424Z","level":"info","event":"\u001b[0m19:54:05  67 of 91 SKIP relation GOLD.fact_evaluacion_desempeno .......................... [\u001b[33mSKIP\u001b[0m]","logger":"airflow.task.hooks.airflow.providers.standard.hooks.subprocess.SubprocessHook","filename":"subprocess.py","lineno":99}
{"timestamp":"2026-05-05T19:54:05.713466Z","level":"info","event":"\u001b[0m19:54:05  68 of 91 SKIP relation GOLD.fact_ventas_detalle ................................ [\u001b[33mSKIP\u001b[0m]","logger":"airflow.task.hooks.airflow.providers.standard.hooks.subprocess.SubprocessHook","filename":"subprocess.py","lineno":99}
{"timestamp":"2026-05-05T19:54:05.722761Z","level":"info","event":"\u001b[0m19:54:05  69 of 91 SKIP relation features.feat_pedidos_entrega ........................... [\u001b[33mSKIP\u001b[0m]","logger":"airflow.task.hooks.airflow.providers.standard.hooks.subprocess.SubprocessHook","filename":"subprocess.py","lineno":99}
{"timestamp":"2026-05-05T19:54:05.746221Z","level":"info","event":"\u001b[0m19:54:05  70 of 91 SKIP relation features.feat_clientes_comportamiento ................... [\u001b[33mSKIP\u001b[0m]","logger":"airflow.task.hooks.airflow.providers.standard.hooks.subprocess.SubprocessHook","filename":"subprocess.py","lineno":99}
{"timestamp":"2026-05-05T19:54:05.795117Z","level":"info","event":"\u001b[0m19:54:05  54 of 91 OK created sql table model GOLD.dim_turno ............................. [\u001b[32mSUCCESS 3\u001b[0m in 1.65s]","logger":"airflow.task.hooks.airflow.providers.standard.hooks.subprocess.SubprocessHook","filename":"subprocess.py","lineno":99}
{"timestamp":"2026-05-05T19:54:05.815172Z","level":"info","event":"\u001b[0m19:54:05  71 of 91 SKIP relation SILVER.int_demanda_operativa ............................ [\u001b[33mSKIP\u001b[0m]","logger":"airflow.task.hooks.airflow.providers.standard.hooks.subprocess.SubprocessHook","filename":"subprocess.py","lineno":99}
{"timestamp":"2026-05-05T19:54:05.847784Z","level":"info","event":"\u001b[0m19:54:05  72 of 91 SKIP relation SILVER.int_ventas_precios_diarios ....................... [\u001b[33mSKIP\u001b[0m]","logger":"airflow.task.hooks.airflow.providers.standard.hooks.subprocess.SubprocessHook","filename":"subprocess.py","lineno":99}
{"timestamp":"2026-05-05T19:54:05.851589Z","level":"info","event":"\u001b[0m19:54:05  59 of 91 OK created sql table model GOLD.dim_almacen ........................... [\u001b[32mSUCCESS 24\u001b[0m in 1.61s]","logger":"airflow.task.hooks.airflow.providers.standard.hooks.subprocess.SubprocessHook","filename":"subprocess.py","lineno":99}
{"timestamp":"2026-05-05T19:54:05.855725Z","level":"info","event":"\u001b[0m19:54:05  73 of 91 SKIP relation GOLD.mart_econometria_elasticidad_base .................. [\u001b[33mSKIP\u001b[0m]","logger":"airflow.task.hooks.airflow.providers.standard.hooks.subprocess.SubprocessHook","filename":"subprocess.py","lineno":99}
{"timestamp":"2026-05-05T19:54:05.873773Z","level":"info","event":"\u001b[0m19:54:05  74 of 91 SKIP relation training_datasets.obt_delivery_time_prediction .......... [\u001b[33mSKIP\u001b[0m]","logger":"airflow.task.hooks.airflow.providers.standard.hooks.subprocess.SubprocessHook","filename":"subprocess.py","lineno":99}
{"timestamp":"2026-05-05T19:54:05.896215Z","level":"info","event":"\u001b[0m19:54:05  75 of 91 SKIP relation training_datasets.obt_churn_prediction .................. [\u001b[33mSKIP\u001b[0m]","logger":"airflow.task.hooks.airflow.providers.standard.hooks.subprocess.SubprocessHook","filename":"subprocess.py","lineno":99}
{"timestamp":"2026-05-05T19:54:05.899809Z","level":"info","event":"\u001b[0m19:54:05  76 of 91 SKIP relation training_datasets.obt_customer_lifetime_value ........... [\u001b[33mSKIP\u001b[0m]","logger":"airflow.task.hooks.airflow.providers.standard.hooks.subprocess.SubprocessHook","filename":"subprocess.py","lineno":99}
{"timestamp":"2026-05-05T19:54:05.905792Z","level":"info","event":"\u001b[0m19:54:05  77 of 91 SKIP relation training_datasets.obt_customer_segmentation ............. [\u001b[33mSKIP\u001b[0m]","logger":"airflow.task.hooks.airflow.providers.standard.hooks.subprocess.SubprocessHook","filename":"subprocess.py","lineno":99}
{"timestamp":"2026-05-05T19:54:05.966882Z","level":"info","event":"\u001b[0m19:54:05  78 of 91 SKIP relation GOLD.fact_asistencia_diaria ............................. [\u001b[33mSKIP\u001b[0m]","logger":"airflow.task.hooks.airflow.providers.standard.hooks.subprocess.SubprocessHook","filename":"subprocess.py","lineno":99}
{"timestamp":"2026-05-05T19:54:05.970451Z","level":"info","event":"\u001b[0m19:54:05  79 of 91 SKIP relation features.feat_demanda_operativa ......................... [\u001b[33mSKIP\u001b[0m]","logger":"airflow.task.hooks.airflow.providers.standard.hooks.subprocess.SubprocessHook","filename":"subprocess.py","lineno":99}
{"timestamp":"2026-05-05T19:54:05.982094Z","level":"info","event":"\u001b[0m19:54:05  80 of 91 SKIP relation features.feat_precio_elasticidad ........................ [\u001b[33mSKIP\u001b[0m]","logger":"airflow.task.hooks.airflow.providers.standard.hooks.subprocess.SubprocessHook","filename":"subprocess.py","lineno":99}
{"timestamp":"2026-05-05T19:54:06.000173Z","level":"info","event":"\u001b[0m19:54:05  81 of 91 SKIP relation training_datasets.obt_price_elasticity .................. [\u001b[33mSKIP\u001b[0m]","logger":"airflow.task.hooks.airflow.providers.standard.hooks.subprocess.SubprocessHook","filename":"subprocess.py","lineno":99}
{"timestamp":"2026-05-05T19:54:06.005428Z","level":"info","event":"\u001b[0m19:54:06  82 of 91 SKIP relation GOLD.fact_movimientos_inventario ........................ [\u001b[33mSKIP\u001b[0m]","logger":"airflow.task.hooks.airflow.providers.standard.hooks.subprocess.SubprocessHook","filename":"subprocess.py","lineno":99}
{"timestamp":"2026-05-05T19:54:06.018346Z","level":"info","event":"\u001b[0m19:54:06  83 of 91 SKIP relation GOLD.fact_stock_snapshot_diario ......................... [\u001b[33mSKIP\u001b[0m]","logger":"airflow.task.hooks.airflow.providers.standard.hooks.subprocess.SubprocessHook","filename":"subprocess.py","lineno":99}
{"timestamp":"2026-05-05T19:54:06.029217Z","level":"info","event":"\u001b[0m19:54:06  84 of 91 SKIP relation training_datasets.obt_operational_demand ................ [\u001b[33mSKIP\u001b[0m]","logger":"airflow.task.hooks.airflow.providers.standard.hooks.subprocess.SubprocessHook","filename":"subprocess.py","lineno":99}
{"timestamp":"2026-05-05T19:54:06.031648Z","level":"info","event":"\u001b[0m19:54:06  85 of 91 SKIP relation features.feat_empleados_perfil .......................... [\u001b[33mSKIP\u001b[0m]","logger":"airflow.task.hooks.airflow.providers.standard.hooks.subprocess.SubprocessHook","filename":"subprocess.py","lineno":99}
{"timestamp":"2026-05-05T19:54:06.041095Z","level":"info","event":"\u001b[0m19:54:06  86 of 91 SKIP relation GOLD.mart_sucursales_consolidado ........................ [\u001b[33mSKIP\u001b[0m]","logger":"airflow.task.hooks.airflow.providers.standard.hooks.subprocess.SubprocessHook","filename":"subprocess.py","lineno":99}
{"timestamp":"2026-05-05T19:54:06.050201Z","level":"info","event":"\u001b[0m19:54:06  87 of 91 SKIP relation training_datasets.obt_employee_absenteeism .............. [\u001b[33mSKIP\u001b[0m]","logger":"airflow.task.hooks.airflow.providers.standard.hooks.subprocess.SubprocessHook","filename":"subprocess.py","lineno":99}
{"timestamp":"2026-05-05T19:54:06.051993Z","level":"info","event":"\u001b[0m19:54:06  88 of 91 SKIP relation GOLD.mart_rentabilidad_diagnostica ...................... [\u001b[33mSKIP\u001b[0m]","logger":"airflow.task.hooks.airflow.providers.standard.hooks.subprocess.SubprocessHook","filename":"subprocess.py","lineno":99}
{"timestamp":"2026-05-05T19:54:06.062291Z","level":"info","event":"\u001b[0m19:54:06  89 of 91 SKIP relation GOLD.mart_ventas_historicas ............................. [\u001b[33mSKIP\u001b[0m]","logger":"airflow.task.hooks.airflow.providers.standard.hooks.subprocess.SubprocessHook","filename":"subprocess.py","lineno":99}
{"timestamp":"2026-05-05T19:54:06.070388Z","level":"info","event":"\u001b[0m19:54:06  90 of 91 SKIP relation GOLD.mart_econometria_eficiencia_operativa .............. [\u001b[33mSKIP\u001b[0m]","logger":"airflow.task.hooks.airflow.providers.standard.hooks.subprocess.SubprocessHook","filename":"subprocess.py","lineno":99}
{"timestamp":"2026-05-05T19:54:10.906112Z","level":"info","event":"\u001b[0m19:54:10  60 of 91 OK created sql table model features.feat_inventario_demanda ........... [\u001b[32mSUCCESS 24\u001b[0m in 5.26s]","logger":"airflow.task.hooks.airflow.providers.standard.hooks.subprocess.SubprocessHook","filename":"subprocess.py","lineno":99}
{"timestamp":"2026-05-05T19:54:10.931150Z","level":"info","event":"\u001b[0m19:54:10  91 of 91 START sql table model training_datasets.obt_inventory_optimization .... [RUN]","logger":"airflow.task.hooks.airflow.providers.standard.hooks.subprocess.SubprocessHook","filename":"subprocess.py","lineno":99}
{"timestamp":"2026-05-05T19:54:12.264703Z","level":"info","event":"\u001b[0m19:54:12  91 of 91 OK created sql table model training_datasets.obt_inventory_optimization  [\u001b[32mSUCCESS 24\u001b[0m in 1.33s]","logger":"airflow.task.hooks.airflow.providers.standard.hooks.subprocess.SubprocessHook","filename":"subprocess.py","lineno":99}
{"timestamp":"2026-05-05T19:54:14.176679Z","level":"info","event":"\u001b[0m19:54:14","logger":"airflow.task.hooks.airflow.providers.standard.hooks.subprocess.SubprocessHook","filename":"subprocess.py","lineno":99}
{"timestamp":"2026-05-05T19:54:14.188101Z","level":"info","event":"\u001b[0m19:54:14  Finished running 48 table models, 43 view models in 0 hours 0 minutes and 28.96 seconds (28.96s).","logger":"airflow.task.hooks.airflow.providers.standard.hooks.subprocess.SubprocessHook","filename":"subprocess.py","lineno":99}
{"timestamp":"2026-05-05T19:54:15.011759Z","level":"info","event":"\u001b[0m19:54:15","logger":"airflow.task.hooks.airflow.providers.standard.hooks.subprocess.SubprocessHook","filename":"subprocess.py","lineno":99}
{"timestamp":"2026-05-05T19:54:15.015458Z","level":"info","event":"\u001b[0m19:54:15  \u001b[31mCompleted with 5 errors, 0 partial successes, and 0 warnings:\u001b[0m","logger":"airflow.task.hooks.airflow.providers.standard.hooks.subprocess.SubprocessHook","filename":"subprocess.py","lineno":99}
{"timestamp":"2026-05-05T19:54:15.017827Z","level":"info","event":"\u001b[0m19:54:15","logger":"airflow.task.hooks.airflow.providers.standard.hooks.subprocess.SubprocessHook","filename":"subprocess.py","lineno":99}
{"timestamp":"2026-05-05T19:54:15.020166Z","level":"info","event":"\u001b[0m19:54:15  \u001b[31mFailure in model dim_sucursal (models/marts/core/dim_sucursal.sql)\u001b[0m","logger":"airflow.task.hooks.airflow.providers.standard.hooks.subprocess.SubprocessHook","filename":"subprocess.py","lineno":99}
{"timestamp":"2026-05-05T19:54:15.022618Z","level":"info","event":"\u001b[0m19:54:15    Database Error in model dim_sucursal (models/marts/core/dim_sucursal.sql)","logger":"airflow.task.hooks.airflow.providers.standard.hooks.subprocess.SubprocessHook","filename":"subprocess.py","lineno":99}
{"timestamp":"2026-05-05T19:54:15.030728Z","level":"info","event":"  002003 (42S02): SQL compilation error:","logger":"airflow.task.hooks.airflow.providers.standard.hooks.subprocess.SubprocessHook","filename":"subprocess.py","lineno":99}
{"timestamp":"2026-05-05T19:54:15.031108Z","level":"info","event":"  Object 'HGC_DW.SNAPSHOTS.SNP_SUCURSAL' does not exist or not authorized.","logger":"airflow.task.hooks.airflow.providers.standard.hooks.subprocess.SubprocessHook","filename":"subprocess.py","lineno":99}
{"timestamp":"2026-05-05T19:54:15.031252Z","level":"info","event":"  compiled code at target/run/my_new_project/models/marts/core/dim_sucursal.sql","logger":"airflow.task.hooks.airflow.providers.standard.hooks.subprocess.SubprocessHook","filename":"subprocess.py","lineno":99}
{"timestamp":"2026-05-05T19:54:15.078190Z","level":"info","event":"\u001b[0m19:54:15","logger":"airflow.task.hooks.airflow.providers.standard.hooks.subprocess.SubprocessHook","filename":"subprocess.py","lineno":99}
{"timestamp":"2026-05-05T19:54:15.078697Z","level":"info","event":"\u001b[0m19:54:15    compiled code at target/compiled/my_new_project/models/marts/core/dim_sucursal.sql","logger":"airflow.task.hooks.airflow.providers.standard.hooks.subprocess.SubprocessHook","filename":"subprocess.py","lineno":99}
{"timestamp":"2026-05-05T19:54:15.078906Z","level":"info","event":"\u001b[0m19:54:15","logger":"airflow.task.hooks.airflow.providers.standard.hooks.subprocess.SubprocessHook","filename":"subprocess.py","lineno":99}
{"timestamp":"2026-05-05T19:54:15.079040Z","level":"info","event":"\u001b[0m19:54:15  \u001b[31mFailure in model int_clientes_enriquecidos (models/intermediate/int_clientes_enriquecidos.sql)\u001b[0m","logger":"airflow.task.hooks.airflow.providers.standard.hooks.subprocess.SubprocessHook","filename":"subprocess.py","lineno":99}
{"timestamp":"2026-05-05T19:54:15.079171Z","level":"info","event":"\u001b[0m19:54:15    Database Error in model int_clientes_enriquecidos (models/intermediate/int_clientes_enriquecidos.sql)","logger":"airflow.task.hooks.airflow.providers.standard.hooks.subprocess.SubprocessHook","filename":"subprocess.py","lineno":99}
{"timestamp":"2026-05-05T19:54:15.079301Z","level":"info","event":"  002003 (42S02): SQL compilation error:","logger":"airflow.task.hooks.airflow.providers.standard.hooks.subprocess.SubprocessHook","filename":"subprocess.py","lineno":99}
{"timestamp":"2026-05-05T19:54:15.079489Z","level":"info","event":"  Object 'HGC_DW.SNAPSHOTS.SNP_CLIENTE' does not exist or not authorized.","logger":"airflow.task.hooks.airflow.providers.standard.hooks.subprocess.SubprocessHook","filename":"subprocess.py","lineno":99}
{"timestamp":"2026-05-05T19:54:15.079634Z","level":"info","event":"  compiled code at target/run/my_new_project/models/intermediate/int_clientes_enriquecidos.sql","logger":"airflow.task.hooks.airflow.providers.standard.hooks.subprocess.SubprocessHook","filename":"subprocess.py","lineno":99}
{"timestamp":"2026-05-05T19:54:15.079765Z","level":"info","event":"\u001b[0m19:54:15","logger":"airflow.task.hooks.airflow.providers.standard.hooks.subprocess.SubprocessHook","filename":"subprocess.py","lineno":99}
{"timestamp":"2026-05-05T19:54:15.079898Z","level":"info","event":"\u001b[0m19:54:15    compiled code at target/compiled/my_new_project/models/intermediate/int_clientes_enriquecidos.sql","logger":"airflow.task.hooks.airflow.providers.standard.hooks.subprocess.SubprocessHook","filename":"subprocess.py","lineno":99}
{"timestamp":"2026-05-05T19:54:15.080482Z","level":"info","event":"\u001b[0m19:54:15","logger":"airflow.task.hooks.airflow.providers.standard.hooks.subprocess.SubprocessHook","filename":"subprocess.py","lineno":99}
{"timestamp":"2026-05-05T19:54:15.080753Z","level":"info","event":"\u001b[0m19:54:15  \u001b[31mFailure in model dim_insumo (models/marts/core/dim_insumo.sql)\u001b[0m","logger":"airflow.task.hooks.airflow.providers.standard.hooks.subprocess.SubprocessHook","filename":"subprocess.py","lineno":99}
{"timestamp":"2026-05-05T19:54:15.082439Z","level":"info","event":"\u001b[0m19:54:15    Database Error in model dim_insumo (models/marts/core/dim_insumo.sql)","logger":"airflow.task.hooks.airflow.providers.standard.hooks.subprocess.SubprocessHook","filename":"subprocess.py","lineno":99}
{"timestamp":"2026-05-05T19:54:15.082982Z","level":"info","event":"  002003 (42S02): SQL compilation error:","logger":"airflow.task.hooks.airflow.providers.standard.hooks.subprocess.SubprocessHook","filename":"subprocess.py","lineno":99}
{"timestamp":"2026-05-05T19:54:15.083397Z","level":"info","event":"  Object 'HGC_DW.SNAPSHOTS.SNP_INSUMO' does not exist or not authorized.","logger":"airflow.task.hooks.airflow.providers.standard.hooks.subprocess.SubprocessHook","filename":"subprocess.py","lineno":99}
{"timestamp":"2026-05-05T19:54:15.083590Z","level":"info","event":"  compiled code at target/run/my_new_project/models/marts/core/dim_insumo.sql","logger":"airflow.task.hooks.airflow.providers.standard.hooks.subprocess.SubprocessHook","filename":"subprocess.py","lineno":99}
{"timestamp":"2026-05-05T19:54:15.086554Z","level":"info","event":"\u001b[0m19:54:15","logger":"airflow.task.hooks.airflow.providers.standard.hooks.subprocess.SubprocessHook","filename":"subprocess.py","lineno":99}
{"timestamp":"2026-05-05T19:54:15.093482Z","level":"info","event":"\u001b[0m19:54:15    compiled code at target/compiled/my_new_project/models/marts/core/dim_insumo.sql","logger":"airflow.task.hooks.airflow.providers.standard.hooks.subprocess.SubprocessHook","filename":"subprocess.py","lineno":99}
{"timestamp":"2026-05-05T19:54:15.097248Z","level":"info","event":"\u001b[0m19:54:15","logger":"airflow.task.hooks.airflow.providers.standard.hooks.subprocess.SubprocessHook","filename":"subprocess.py","lineno":99}
{"timestamp":"2026-05-05T19:54:15.100696Z","level":"info","event":"\u001b[0m19:54:15  \u001b[31mFailure in model int_productos_enriquecidos (models/intermediate/int_productos_enriquecidos.sql)\u001b[0m","logger":"airflow.task.hooks.airflow.providers.standard.hooks.subprocess.SubprocessHook","filename":"subprocess.py","lineno":99}
{"timestamp":"2026-05-05T19:54:15.111122Z","level":"info","event":"\u001b[0m19:54:15    Database Error in model int_productos_enriquecidos (models/intermediate/int_productos_enriquecidos.sql)","logger":"airflow.task.hooks.airflow.providers.standard.hooks.subprocess.SubprocessHook","filename":"subprocess.py","lineno":99}
{"timestamp":"2026-05-05T19:54:15.111430Z","level":"info","event":"  002003 (42S02): SQL compilation error:","logger":"airflow.task.hooks.airflow.providers.standard.hooks.subprocess.SubprocessHook","filename":"subprocess.py","lineno":99}
{"timestamp":"2026-05-05T19:54:15.111602Z","level":"info","event":"  Object 'HGC_DW.SNAPSHOTS.SNP_PRODUCTO' does not exist or not authorized.","logger":"airflow.task.hooks.airflow.providers.standard.hooks.subprocess.SubprocessHook","filename":"subprocess.py","lineno":99}
{"timestamp":"2026-05-05T19:54:15.111747Z","level":"info","event":"  compiled code at target/run/my_new_project/models/intermediate/int_productos_enriquecidos.sql","logger":"airflow.task.hooks.airflow.providers.standard.hooks.subprocess.SubprocessHook","filename":"subprocess.py","lineno":99}
{"timestamp":"2026-05-05T19:54:15.114940Z","level":"info","event":"\u001b[0m19:54:15","logger":"airflow.task.hooks.airflow.providers.standard.hooks.subprocess.SubprocessHook","filename":"subprocess.py","lineno":99}
{"timestamp":"2026-05-05T19:54:15.118220Z","level":"info","event":"\u001b[0m19:54:15    compiled code at target/compiled/my_new_project/models/intermediate/int_productos_enriquecidos.sql","logger":"airflow.task.hooks.airflow.providers.standard.hooks.subprocess.SubprocessHook","filename":"subprocess.py","lineno":99}
{"timestamp":"2026-05-05T19:54:15.121930Z","level":"info","event":"\u001b[0m19:54:15","logger":"airflow.task.hooks.airflow.providers.standard.hooks.subprocess.SubprocessHook","filename":"subprocess.py","lineno":99}
{"timestamp":"2026-05-05T19:54:15.131423Z","level":"info","event":"\u001b[0m19:54:15  \u001b[31mFailure in model int_empleados_enriquecidos (models/intermediate/int_empleados_enriquecidos.sql)\u001b[0m","logger":"airflow.task.hooks.airflow.providers.standard.hooks.subprocess.SubprocessHook","filename":"subprocess.py","lineno":99}
{"timestamp":"2026-05-05T19:54:15.135594Z","level":"info","event":"\u001b[0m19:54:15    Database Error in model int_empleados_enriquecidos (models/intermediate/int_empleados_enriquecidos.sql)","logger":"airflow.task.hooks.airflow.providers.standard.hooks.subprocess.SubprocessHook","filename":"subprocess.py","lineno":99}
{"timestamp":"2026-05-05T19:54:15.135931Z","level":"info","event":"  002003 (42S02): SQL compilation error:","logger":"airflow.task.hooks.airflow.providers.standard.hooks.subprocess.SubprocessHook","filename":"subprocess.py","lineno":99}
{"timestamp":"2026-05-05T19:54:15.136107Z","level":"info","event":"  Object 'HGC_DW.SNAPSHOTS.SNP_EMPLEADO' does not exist or not authorized.","logger":"airflow.task.hooks.airflow.providers.standard.hooks.subprocess.SubprocessHook","filename":"subprocess.py","lineno":99}
{"timestamp":"2026-05-05T19:54:15.136238Z","level":"info","event":"  compiled code at target/run/my_new_project/models/intermediate/int_empleados_enriquecidos.sql","logger":"airflow.task.hooks.airflow.providers.standard.hooks.subprocess.SubprocessHook","filename":"subprocess.py","lineno":99}
{"timestamp":"2026-05-05T19:54:15.138698Z","level":"info","event":"\u001b[0m19:54:15","logger":"airflow.task.hooks.airflow.providers.standard.hooks.subprocess.SubprocessHook","filename":"subprocess.py","lineno":99}
{"timestamp":"2026-05-05T19:54:15.147052Z","level":"info","event":"\u001b[0m19:54:15    compiled code at target/compiled/my_new_project/models/intermediate/int_empleados_enriquecidos.sql","logger":"airflow.task.hooks.airflow.providers.standard.hooks.subprocess.SubprocessHook","filename":"subprocess.py","lineno":99}
{"timestamp":"2026-05-05T19:54:15.150367Z","level":"info","event":"\u001b[0m19:54:15","logger":"airflow.task.hooks.airflow.providers.standard.hooks.subprocess.SubprocessHook","filename":"subprocess.py","lineno":99}
{"timestamp":"2026-05-05T19:54:15.154697Z","level":"info","event":"\u001b[0m19:54:15  Done. PASS=52 WARN=0 ERROR=5 SKIP=34 NO-OP=0 TOTAL=91","logger":"airflow.task.hooks.airflow.providers.standard.hooks.subprocess.SubprocessHook","filename":"subprocess.py","lineno":99}
{"timestamp":"2026-05-05T19:54:19.507971Z","level":"info","event":"Command exited with return code 1","logger":"airflow.task.hooks.airflow.providers.standard.hooks.subprocess.SubprocessHook","filename":"subprocess.py","lineno":103}
{"timestamp":"2026-05-05T19:54:19.751377Z","level":"error","event":"Task failed with exception","logger":"task","filename":"task_runner.py","lineno":1325,"error_detail":[{"exc_type":"AirflowException","exc_value":"Bash command failed. The command returned a non-zero exit code 1.","exc_notes":[],"syntax_error":null,"is_cause":false,"frames":[{"filename":"/home/airflow/.local/lib/python3.13/site-packages/airflow/sdk/execution_time/task_runner.py","lineno":1263,"name":"run"},{"filename":"/home/airflow/.local/lib/python3.13/site-packages/airflow/sdk/execution_time/task_runner.py","lineno":1678,"name":"_execute_task"},{"filename":"/home/airflow/.local/lib/python3.13/site-packages/airflow/sdk/bases/operator.py","lineno":443,"name":"wrapper"},{"filename":"/home/airflow/.local/lib/python3.13/site-packages/airflow/providers/standard/operators/bash.py","lineno":226,"name":"execute"}],"is_group":false,"exceptions":[]}]}
{"timestamp":"2026-05-05T19:54:19.913932Z","level":"info","event":"Task instance in failure state","logger":"task.stdout"}
{"timestamp":"2026-05-05T19:54:20.028682Z","level":"info","event":"Task start","logger":"task.stdout"}
{"timestamp":"2026-05-05T19:54:20.045591Z","level":"info","event":"Task:<Task(BashOperator): dbt_run>","logger":"task.stdout"}
{"timestamp":"2026-05-05T19:54:20.058907Z","level":"info","event":"Failure caused by Bash command failed. The command returned a non-zero exit code 1.","logger":"task.stdout"}
